172.23.66.100;2023-08-24 14:16:00.934979;l><head><title>Document Error: Access Denied</title></head>
		<body><h2>Access Error: Access Denied</h2>
		<p>Access Denied
Secure access is required.</p></body></html>
;l><head><title>Document Error: Access Denied</title></head>
		<body><h2>Access Error: Access Denied</h2>
		<p>Access Denied
Secure access is required.</p></body></html>

172.23.66.100;2023-08-25 09:30:30.229947;l><head><title>Document Error: Access Denied</title></head>
		<body><h2>Access Error: Access Denied</h2>
		<p>Access Denied
Secure access is required.</p></body></html>
;l><head><title>Document Error: Access Denied</title></head>
		<body><h2>Access Error: Access Denied</h2>
		<p>Access Denied
Secure access is required.</p></body></html>

172.23.66.100;2023-08-25 09:43:17.550482;l><head><title>Document Error: Access Denied</title></head>
		<body><h2>Access Error: Access Denied</h2>
		<p>Access Denied
Secure access is required.</p></body></html>
;l><head><title>Document Error: Access Denied</title></head>
		<body><h2>Access Error: Access Denied</h2>
		<p>Access Denied
Secure access is required.</p></body></html>

172.23.66.100;2023-08-25 10:18:34.726779;l><head><title>Document Error: Access Denied</title></head>
		<body><h2>Access Error: Access Denied</h2>
		<p>Access Denied
Secure access is required.</p></body></html>
;l><head><title>Document Error: Access Denied</title></head>
		<body><h2>Access Error: Access Denied</h2>
		<p>Access Denied
Secure access is required.</p></body></html>

172.23.66.100;2023-08-29 08:00:08.319583;l><head><title>Document Error: Access Denied</title></head>
		<body><h2>Access Error: Access Denied</h2>
		<p>Access Denied
Secure access is required.</p></body></html>
;l><head><title>Document Error: Access Denied</title></head>
		<body><h2>Access Error: Access Denied</h2>
		<p>Access Denied
Secure access is required.</p></body></html>

172.23.66.100;2023-08-29 08:04:21.806614;l><head><title>Document Error: Access Denied</title></head>
		<body><h2>Access Error: Access Denied</h2>
		<p>Access Denied
Secure access is required.</p></body></html>
;l><head><title>Document Error: Access Denied</title></head>
		<body><h2>Access Error: Access Denied</h2>
		<p>Access Denied
Secure access is required.</p></body></html>

172.23.66.100;2023-08-29 08:06:38.483664;l><head><title>Document Error: Access Denied</title></head>
		<body><h2>Access Error: Access Denied</h2>
		<p>Access Denied
Secure access is required.</p></body></html>
;l><head><title>Document Error: Access Denied</title></head>
		<body><h2>Access Error: Access Denied</h2>
		<p>Access Denied
Secure access is required.</p></body></html>

172.23.66.100;2023-08-29 08:09:02.618346;l><head><title>Document Error: Access Denied</title></head>
		<body><h2>Access Error: Access Denied</h2>
		<p>Access Denied
Secure access is required.</p></body></html>
;l><head><title>Document Error: Access Denied</title></head>
		<body><h2>Access Error: Access Denied</h2>
		<p>Access Denied
Secure access is required.</p></body></html>

172.23.66.100;2023-08-29 12:00:07.026922;l><head><title>Document Error: Access Denied</title></head>
		<body><h2>Access Error: Access Denied</h2>
		<p>Access Denied
Secure access is required.</p></body></html>
;l><head><title>Document Error: Access Denied</title></head>
		<body><h2>Access Error: Access Denied</h2>
		<p>Access Denied
Secure access is required.</p></body></html>

172.23.66.100;2023-08-30 11:00:07.911468;l><head><title>Document Error: Access Denied</title></head>
		<body><h2>Access Error: Access Denied</h2>
		<p>Access Denied
Secure access is required.</p></body></html>
;l><head><title>Document Error: Access Denied</title></head>
		<body><h2>Access Error: Access Denied</h2>
		<p>Access Denied
Secure access is required.</p></body></html>

172.23.66.100;2023-08-30 11:00:58.911775;l><head><title>Document Error: Access Denied</title></head>
		<body><h2>Access Error: Access Denied</h2>
		<p>Access Denied
Secure access is required.</p></body></html>
;l><head><title>Document Error: Access Denied</title></head>
		<body><h2>Access Error: Access Denied</h2>
		<p>Access Denied
Secure access is required.</p></body></html>

172.23.66.100;2023-08-30 11:05:11.522667;l><head><title>Document Error: Access Denied</title></head>
		<body><h2>Access Error: Access Denied</h2>
		<p>Access Denied
Secure access is required.</p></body></html>
;l><head><title>Document Error: Access Denied</title></head>
		<body><h2>Access Error: Access Denied</h2>
		<p>Access Denied
Secure access is required.</p></body></html>

172.23.66.100;2023-08-30 11:05:49.799342;l><head><title>Document Error: Access Denied</title></head>
		<body><h2>Access Error: Access Denied</h2>
		<p>Access Denied
Secure access is required.</p></body></html>
;l><head><title>Document Error: Access Denied</title></head>
		<body><h2>Access Error: Access Denied</h2>
		<p>Access Denied
Secure access is required.</p></body></html>

172.23.66.100;2023-08-30 11:11:20.680295;l><head><title>Document Error: Access Denied</title></head>
		<body><h2>Access Error: Access Denied</h2>
		<p>Access Denied
Secure access is required.</p></body></html>
;l><head><title>Document Error: Access Denied</title></head>
		<body><h2>Access Error: Access Denied</h2>
		<p>Access Denied
Secure access is required.</p></body></html>

172.23.66.100;2023-08-30 11:11:50.293133;l><head><title>Document Error: Access Denied</title></head>
		<body><h2>Access Error: Access Denied</h2>
		<p>Access Denied
Secure access is required.</p></body></html>
;l><head><title>Document Error: Access Denied</title></head>
		<body><h2>Access Error: Access Denied</h2>
		<p>Access Denied
Secure access is required.</p></body></html>

172.23.66.100;2023-08-30 11:18:53.884522;l><head><title>Document Error: Access Denied</title></head>
		<body><h2>Access Error: Access Denied</h2>
		<p>Access Denied
Secure access is required.</p></body></html>
;l><head><title>Document Error: Access Denied</title></head>
		<body><h2>Access Error: Access Denied</h2>
		<p>Access Denied
Secure access is required.</p></body></html>

172.23.66.100;2023-08-30 11:23:32.676991;l><head><title>Document Error: Access Denied</title></head>
		<body><h2>Access Error: Access Denied</h2>
		<p>Access Denied
Secure access is required.</p></body></html>
;l><head><title>Document Error: Access Denied</title></head>
		<body><h2>Access Error: Access Denied</h2>
		<p>Access Denied
Secure access is required.</p></body></html>

172.23.66.100;2023-08-30 11:24:35.681257;l><head><title>Document Error: Access Denied</title></head>
		<body><h2>Access Error: Access Denied</h2>
		<p>Access Denied
Secure access is required.</p></body></html>
;l><head><title>Document Error: Access Denied</title></head>
		<body><h2>Access Error: Access Denied</h2>
		<p>Access Denied
Secure access is required.</p></body></html>

