172.23.73.26;2023-08-30 11:15:45.377405;l version="1.0" encoding="iso-8859-1"?>
<!DOCTYPE html PUBLIC "-//W3C//DTD XHTML 1.0 Transitional//EN"
         "http://www.w3.org/TR/xhtml1/DTD/xhtml1-transitional.dtd">
<html xmlns="http://www.w3.org/1999/xhtml" xml:lang="en" lang="en">
 <head>
  <title>401 - Unauthorized</title>
 </head>
 <body>
  <h1>401 - Unauthorized</h1>
 </body>
</html>;l version="1.0" encoding="iso-8859-1"?>
<!DOCTYPE html PUBLIC "-//W3C//DTD XHTML 1.0 Transitional//EN"
         "http://www.w3.org/TR/xhtml1/DTD/xhtml1-transitional.dtd">
<html xmlns="http://www.w3.org/1999/xhtml" xml:lang="en" lang="en">
 <head>
  <title>401 - Unauthorized</title>
 </head>
 <body>
  <h1>401 - Unauthorized</h1>
 </body>
</html>
172.23.73.26;2023-08-31 11:38:19.993183;l version="1.0" encoding="iso-8859-1"?>
<!DOCTYPE html PUBLIC "-//W3C//DTD XHTML 1.0 Transitional//EN"
         "http://www.w3.org/TR/xhtml1/DTD/xhtml1-transitional.dtd">
<html xmlns="http://www.w3.org/1999/xhtml" xml:lang="en" lang="en">
 <head>
  <title>401 - Unauthorized</title>
 </head>
 <body>
  <h1>401 - Unauthorized</h1>
 </body>
</html>;l version="1.0" encoding="iso-8859-1"?>
<!DOCTYPE html PUBLIC "-//W3C//DTD XHTML 1.0 Transitional//EN"
         "http://www.w3.org/TR/xhtml1/DTD/xhtml1-transitional.dtd">
<html xmlns="http://www.w3.org/1999/xhtml" xml:lang="en" lang="en">
 <head>
  <title>401 - Unauthorized</title>
 </head>
 <body>
  <h1>401 - Unauthorized</h1>
 </body>
</html>
172.23.73.26;2023-08-31 11:42:12.162854;l version="1.0" encoding="iso-8859-1"?>
<!DOCTYPE html PUBLIC "-//W3C//DTD XHTML 1.0 Transitional//EN"
         "http://www.w3.org/TR/xhtml1/DTD/xhtml1-transitional.dtd">
<html xmlns="http://www.w3.org/1999/xhtml" xml:lang="en" lang="en">
 <head>
  <title>401 - Unauthorized</title>
 </head>
 <body>
  <h1>401 - Unauthorized</h1>
 </body>
</html>;l version="1.0" encoding="iso-8859-1"?>
<!DOCTYPE html PUBLIC "-//W3C//DTD XHTML 1.0 Transitional//EN"
         "http://www.w3.org/TR/xhtml1/DTD/xhtml1-transitional.dtd">
<html xmlns="http://www.w3.org/1999/xhtml" xml:lang="en" lang="en">
 <head>
  <title>401 - Unauthorized</title>
 </head>
 <body>
  <h1>401 - Unauthorized</h1>
 </body>
</html>
172.23.73.26;2023-08-31 11:43:05.604376;l version="1.0" encoding="iso-8859-1"?>
<!DOCTYPE html PUBLIC "-//W3C//DTD XHTML 1.0 Transitional//EN"
         "http://www.w3.org/TR/xhtml1/DTD/xhtml1-transitional.dtd">
<html xmlns="http://www.w3.org/1999/xhtml" xml:lang="en" lang="en">
 <head>
  <title>401 - Unauthorized</title>
 </head>
 <body>
  <h1>401 - Unauthorized</h1>
 </body>
</html>;l version="1.0" encoding="iso-8859-1"?>
<!DOCTYPE html PUBLIC "-//W3C//DTD XHTML 1.0 Transitional//EN"
         "http://www.w3.org/TR/xhtml1/DTD/xhtml1-transitional.dtd">
<html xmlns="http://www.w3.org/1999/xhtml" xml:lang="en" lang="en">
 <head>
  <title>401 - Unauthorized</title>
 </head>
 <body>
  <h1>401 - Unauthorized</h1>
 </body>
</html>
172.23.73.26;2023-08-31 11:50:52.980373;l version="1.0" encoding="iso-8859-1"?>
<!DOCTYPE html PUBLIC "-//W3C//DTD XHTML 1.0 Transitional//EN"
         "http://www.w3.org/TR/xhtml1/DTD/xhtml1-transitional.dtd">
<html xmlns="http://www.w3.org/1999/xhtml" xml:lang="en" lang="en">
 <head>
  <title>401 - Unauthorized</title>
 </head>
 <body>
  <h1>401 - Unauthorized</h1>
 </body>
</html>;l version="1.0" encoding="iso-8859-1"?>
<!DOCTYPE html PUBLIC "-//W3C//DTD XHTML 1.0 Transitional//EN"
         "http://www.w3.org/TR/xhtml1/DTD/xhtml1-transitional.dtd">
<html xmlns="http://www.w3.org/1999/xhtml" xml:lang="en" lang="en">
 <head>
  <title>401 - Unauthorized</title>
 </head>
 <body>
  <h1>401 - Unauthorized</h1>
 </body>
</html>
172.23.73.26;2023-08-31 11:51:05.362439;l version="1.0" encoding="iso-8859-1"?>
<!DOCTYPE html PUBLIC "-//W3C//DTD XHTML 1.0 Transitional//EN"
         "http://www.w3.org/TR/xhtml1/DTD/xhtml1-transitional.dtd">
<html xmlns="http://www.w3.org/1999/xhtml" xml:lang="en" lang="en">
 <head>
  <title>401 - Unauthorized</title>
 </head>
 <body>
  <h1>401 - Unauthorized</h1>
 </body>
</html>;l version="1.0" encoding="iso-8859-1"?>
<!DOCTYPE html PUBLIC "-//W3C//DTD XHTML 1.0 Transitional//EN"
         "http://www.w3.org/TR/xhtml1/DTD/xhtml1-transitional.dtd">
<html xmlns="http://www.w3.org/1999/xhtml" xml:lang="en" lang="en">
 <head>
  <title>401 - Unauthorized</title>
 </head>
 <body>
  <h1>401 - Unauthorized</h1>
 </body>
</html>
172.23.73.26;2023-08-31 15:02:55.091424;Erro;Erro;
172.23.73.26;2023-08-31 15:03:38.590491;Erro;Erro;
172.23.73.26;2023-09-05 10:38:33.880733;l version="1.0" encoding="iso-8859-1"?>
<!DOCTYPE html PUBLIC "-//W3C//DTD XHTML 1.0 Transitional//EN"
         "http://www.w3.org/TR/xhtml1/DTD/xhtml1-transitional.dtd">
<html xmlns="http://www.w3.org/1999/xhtml" xml:lang="en" lang="en">
 <head>
  <title>401 - Unauthorized</title>
 </head>
 <body>
  <h1>401 - Unauthorized</h1>
 </body>
</html>;l version="1.0" encoding="iso-8859-1"?>
<!DOCTYPE html PUBLIC "-//W3C//DTD XHTML 1.0 Transitional//EN"
         "http://www.w3.org/TR/xhtml1/DTD/xhtml1-transitional.dtd">
<html xmlns="http://www.w3.org/1999/xhtml" xml:lang="en" lang="en">
 <head>
  <title>401 - Unauthorized</title>
 </head>
 <body>
  <h1>401 - Unauthorized</h1>
 </body>
</html>
172.23.73.26;2023-09-05 10:39:13.195761;l version="1.0" encoding="iso-8859-1"?>
<!DOCTYPE html PUBLIC "-//W3C//DTD XHTML 1.0 Transitional//EN"
         "http://www.w3.org/TR/xhtml1/DTD/xhtml1-transitional.dtd">
<html xmlns="http://www.w3.org/1999/xhtml" xml:lang="en" lang="en">
 <head>
  <title>401 - Unauthorized</title>
 </head>
 <body>
  <h1>401 - Unauthorized</h1>
 </body>
</html>;l version="1.0" encoding="iso-8859-1"?>
<!DOCTYPE html PUBLIC "-//W3C//DTD XHTML 1.0 Transitional//EN"
         "http://www.w3.org/TR/xhtml1/DTD/xhtml1-transitional.dtd">
<html xmlns="http://www.w3.org/1999/xhtml" xml:lang="en" lang="en">
 <head>
  <title>401 - Unauthorized</title>
 </head>
 <body>
  <h1>401 - Unauthorized</h1>
 </body>
</html>
172.23.73.26;2023-10-09 10:24:28.283209;l version="1.0" encoding="iso-8859-1"?>
<!DOCTYPE html PUBLIC "-//W3C//DTD XHTML 1.0 Transitional//EN"
         "http://www.w3.org/TR/xhtml1/DTD/xhtml1-transitional.dtd">
<html xmlns="http://www.w3.org/1999/xhtml" xml:lang="en" lang="en">
 <head>
  <title>401 - Unauthorized</title>
 </head>
 <body>
  <h1>401 - Unauthorized</h1>
 </body>
</html>;l version="1.0" encoding="iso-8859-1"?>
<!DOCTYPE html PUBLIC "-//W3C//DTD XHTML 1.0 Transitional//EN"
         "http://www.w3.org/TR/xhtml1/DTD/xhtml1-transitional.dtd">
<html xmlns="http://www.w3.org/1999/xhtml" xml:lang="en" lang="en">
 <head>
  <title>401 - Unauthorized</title>
 </head>
 <body>
  <h1>401 - Unauthorized</h1>
 </body>
</html>
172.23.73.26;2023-10-09 10:25:10.361254;l version="1.0" encoding="iso-8859-1"?>
<!DOCTYPE html PUBLIC "-//W3C//DTD XHTML 1.0 Transitional//EN"
         "http://www.w3.org/TR/xhtml1/DTD/xhtml1-transitional.dtd">
<html xmlns="http://www.w3.org/1999/xhtml" xml:lang="en" lang="en">
 <head>
  <title>401 - Unauthorized</title>
 </head>
 <body>
  <h1>401 - Unauthorized</h1>
 </body>
</html>;l version="1.0" encoding="iso-8859-1"?>
<!DOCTYPE html PUBLIC "-//W3C//DTD XHTML 1.0 Transitional//EN"
         "http://www.w3.org/TR/xhtml1/DTD/xhtml1-transitional.dtd">
<html xmlns="http://www.w3.org/1999/xhtml" xml:lang="en" lang="en">
 <head>
  <title>401 - Unauthorized</title>
 </head>
 <body>
  <h1>401 - Unauthorized</h1>
 </body>
</html>
172.23.73.26;2023-10-09 10:25:51.648898;l version="1.0" encoding="iso-8859-1"?>
<!DOCTYPE html PUBLIC "-//W3C//DTD XHTML 1.0 Transitional//EN"
         "http://www.w3.org/TR/xhtml1/DTD/xhtml1-transitional.dtd">
<html xmlns="http://www.w3.org/1999/xhtml" xml:lang="en" lang="en">
 <head>
  <title>401 - Unauthorized</title>
 </head>
 <body>
  <h1>401 - Unauthorized</h1>
 </body>
</html>;l version="1.0" encoding="iso-8859-1"?>
<!DOCTYPE html PUBLIC "-//W3C//DTD XHTML 1.0 Transitional//EN"
         "http://www.w3.org/TR/xhtml1/DTD/xhtml1-transitional.dtd">
<html xmlns="http://www.w3.org/1999/xhtml" xml:lang="en" lang="en">
 <head>
  <title>401 - Unauthorized</title>
 </head>
 <body>
  <h1>401 - Unauthorized</h1>
 </body>
</html>
172.23.73.26;2023-10-09 10:26:34.275957;l version="1.0" encoding="iso-8859-1"?>
<!DOCTYPE html PUBLIC "-//W3C//DTD XHTML 1.0 Transitional//EN"
         "http://www.w3.org/TR/xhtml1/DTD/xhtml1-transitional.dtd">
<html xmlns="http://www.w3.org/1999/xhtml" xml:lang="en" lang="en">
 <head>
  <title>401 - Unauthorized</title>
 </head>
 <body>
  <h1>401 - Unauthorized</h1>
 </body>
</html>;l version="1.0" encoding="iso-8859-1"?>
<!DOCTYPE html PUBLIC "-//W3C//DTD XHTML 1.0 Transitional//EN"
         "http://www.w3.org/TR/xhtml1/DTD/xhtml1-transitional.dtd">
<html xmlns="http://www.w3.org/1999/xhtml" xml:lang="en" lang="en">
 <head>
  <title>401 - Unauthorized</title>
 </head>
 <body>
  <h1>401 - Unauthorized</h1>
 </body>
</html>
172.23.73.26;2023-10-09 10:27:16.733378;l version="1.0" encoding="iso-8859-1"?>
<!DOCTYPE html PUBLIC "-//W3C//DTD XHTML 1.0 Transitional//EN"
         "http://www.w3.org/TR/xhtml1/DTD/xhtml1-transitional.dtd">
<html xmlns="http://www.w3.org/1999/xhtml" xml:lang="en" lang="en">
 <head>
  <title>401 - Unauthorized</title>
 </head>
 <body>
  <h1>401 - Unauthorized</h1>
 </body>
</html>;l version="1.0" encoding="iso-8859-1"?>
<!DOCTYPE html PUBLIC "-//W3C//DTD XHTML 1.0 Transitional//EN"
         "http://www.w3.org/TR/xhtml1/DTD/xhtml1-transitional.dtd">
<html xmlns="http://www.w3.org/1999/xhtml" xml:lang="en" lang="en">
 <head>
  <title>401 - Unauthorized</title>
 </head>
 <body>
  <h1>401 - Unauthorized</h1>
 </body>
</html>
172.23.73.26;2023-10-09 10:28:02.136261;l version="1.0" encoding="iso-8859-1"?>
<!DOCTYPE html PUBLIC "-//W3C//DTD XHTML 1.0 Transitional//EN"
         "http://www.w3.org/TR/xhtml1/DTD/xhtml1-transitional.dtd">
<html xmlns="http://www.w3.org/1999/xhtml" xml:lang="en" lang="en">
 <head>
  <title>401 - Unauthorized</title>
 </head>
 <body>
  <h1>401 - Unauthorized</h1>
 </body>
</html>;l version="1.0" encoding="iso-8859-1"?>
<!DOCTYPE html PUBLIC "-//W3C//DTD XHTML 1.0 Transitional//EN"
         "http://www.w3.org/TR/xhtml1/DTD/xhtml1-transitional.dtd">
<html xmlns="http://www.w3.org/1999/xhtml" xml:lang="en" lang="en">
 <head>
  <title>401 - Unauthorized</title>
 </head>
 <body>
  <h1>401 - Unauthorized</h1>
 </body>
</html>
172.23.73.26;2023-10-09 10:28:45.734829;l version="1.0" encoding="iso-8859-1"?>
<!DOCTYPE html PUBLIC "-//W3C//DTD XHTML 1.0 Transitional//EN"
         "http://www.w3.org/TR/xhtml1/DTD/xhtml1-transitional.dtd">
<html xmlns="http://www.w3.org/1999/xhtml" xml:lang="en" lang="en">
 <head>
  <title>401 - Unauthorized</title>
 </head>
 <body>
  <h1>401 - Unauthorized</h1>
 </body>
</html>;l version="1.0" encoding="iso-8859-1"?>
<!DOCTYPE html PUBLIC "-//W3C//DTD XHTML 1.0 Transitional//EN"
         "http://www.w3.org/TR/xhtml1/DTD/xhtml1-transitional.dtd">
<html xmlns="http://www.w3.org/1999/xhtml" xml:lang="en" lang="en">
 <head>
  <title>401 - Unauthorized</title>
 </head>
 <body>
  <h1>401 - Unauthorized</h1>
 </body>
</html>
172.23.73.26;2023-10-09 10:29:32.245452;l version="1.0" encoding="iso-8859-1"?>
<!DOCTYPE html PUBLIC "-//W3C//DTD XHTML 1.0 Transitional//EN"
         "http://www.w3.org/TR/xhtml1/DTD/xhtml1-transitional.dtd">
<html xmlns="http://www.w3.org/1999/xhtml" xml:lang="en" lang="en">
 <head>
  <title>401 - Unauthorized</title>
 </head>
 <body>
  <h1>401 - Unauthorized</h1>
 </body>
</html>;l version="1.0" encoding="iso-8859-1"?>
<!DOCTYPE html PUBLIC "-//W3C//DTD XHTML 1.0 Transitional//EN"
         "http://www.w3.org/TR/xhtml1/DTD/xhtml1-transitional.dtd">
<html xmlns="http://www.w3.org/1999/xhtml" xml:lang="en" lang="en">
 <head>
  <title>401 - Unauthorized</title>
 </head>
 <body>
  <h1>401 - Unauthorized</h1>
 </body>
</html>
172.23.73.26;2023-10-09 10:30:16.654953;l version="1.0" encoding="iso-8859-1"?>
<!DOCTYPE html PUBLIC "-//W3C//DTD XHTML 1.0 Transitional//EN"
         "http://www.w3.org/TR/xhtml1/DTD/xhtml1-transitional.dtd">
<html xmlns="http://www.w3.org/1999/xhtml" xml:lang="en" lang="en">
 <head>
  <title>401 - Unauthorized</title>
 </head>
 <body>
  <h1>401 - Unauthorized</h1>
 </body>
</html>;l version="1.0" encoding="iso-8859-1"?>
<!DOCTYPE html PUBLIC "-//W3C//DTD XHTML 1.0 Transitional//EN"
         "http://www.w3.org/TR/xhtml1/DTD/xhtml1-transitional.dtd">
<html xmlns="http://www.w3.org/1999/xhtml" xml:lang="en" lang="en">
 <head>
  <title>401 - Unauthorized</title>
 </head>
 <body>
  <h1>401 - Unauthorized</h1>
 </body>
</html>
172.23.73.26;2023-10-09 10:31:02.781198;l version="1.0" encoding="iso-8859-1"?>
<!DOCTYPE html PUBLIC "-//W3C//DTD XHTML 1.0 Transitional//EN"
         "http://www.w3.org/TR/xhtml1/DTD/xhtml1-transitional.dtd">
<html xmlns="http://www.w3.org/1999/xhtml" xml:lang="en" lang="en">
 <head>
  <title>401 - Unauthorized</title>
 </head>
 <body>
  <h1>401 - Unauthorized</h1>
 </body>
</html>;l version="1.0" encoding="iso-8859-1"?>
<!DOCTYPE html PUBLIC "-//W3C//DTD XHTML 1.0 Transitional//EN"
         "http://www.w3.org/TR/xhtml1/DTD/xhtml1-transitional.dtd">
<html xmlns="http://www.w3.org/1999/xhtml" xml:lang="en" lang="en">
 <head>
  <title>401 - Unauthorized</title>
 </head>
 <body>
  <h1>401 - Unauthorized</h1>
 </body>
</html>
172.23.73.26;2023-10-09 10:31:46.367724;l version="1.0" encoding="iso-8859-1"?>
<!DOCTYPE html PUBLIC "-//W3C//DTD XHTML 1.0 Transitional//EN"
         "http://www.w3.org/TR/xhtml1/DTD/xhtml1-transitional.dtd">
<html xmlns="http://www.w3.org/1999/xhtml" xml:lang="en" lang="en">
 <head>
  <title>401 - Unauthorized</title>
 </head>
 <body>
  <h1>401 - Unauthorized</h1>
 </body>
</html>;l version="1.0" encoding="iso-8859-1"?>
<!DOCTYPE html PUBLIC "-//W3C//DTD XHTML 1.0 Transitional//EN"
         "http://www.w3.org/TR/xhtml1/DTD/xhtml1-transitional.dtd">
<html xmlns="http://www.w3.org/1999/xhtml" xml:lang="en" lang="en">
 <head>
  <title>401 - Unauthorized</title>
 </head>
 <body>
  <h1>401 - Unauthorized</h1>
 </body>
</html>
172.23.73.26;2023-10-09 10:32:33.505271;l version="1.0" encoding="iso-8859-1"?>
<!DOCTYPE html PUBLIC "-//W3C//DTD XHTML 1.0 Transitional//EN"
         "http://www.w3.org/TR/xhtml1/DTD/xhtml1-transitional.dtd">
<html xmlns="http://www.w3.org/1999/xhtml" xml:lang="en" lang="en">
 <head>
  <title>401 - Unauthorized</title>
 </head>
 <body>
  <h1>401 - Unauthorized</h1>
 </body>
</html>;l version="1.0" encoding="iso-8859-1"?>
<!DOCTYPE html PUBLIC "-//W3C//DTD XHTML 1.0 Transitional//EN"
         "http://www.w3.org/TR/xhtml1/DTD/xhtml1-transitional.dtd">
<html xmlns="http://www.w3.org/1999/xhtml" xml:lang="en" lang="en">
 <head>
  <title>401 - Unauthorized</title>
 </head>
 <body>
  <h1>401 - Unauthorized</h1>
 </body>
</html>
172.23.73.26;2023-10-09 10:33:16.560022;l version="1.0" encoding="iso-8859-1"?>
<!DOCTYPE html PUBLIC "-//W3C//DTD XHTML 1.0 Transitional//EN"
         "http://www.w3.org/TR/xhtml1/DTD/xhtml1-transitional.dtd">
<html xmlns="http://www.w3.org/1999/xhtml" xml:lang="en" lang="en">
 <head>
  <title>401 - Unauthorized</title>
 </head>
 <body>
  <h1>401 - Unauthorized</h1>
 </body>
</html>;l version="1.0" encoding="iso-8859-1"?>
<!DOCTYPE html PUBLIC "-//W3C//DTD XHTML 1.0 Transitional//EN"
         "http://www.w3.org/TR/xhtml1/DTD/xhtml1-transitional.dtd">
<html xmlns="http://www.w3.org/1999/xhtml" xml:lang="en" lang="en">
 <head>
  <title>401 - Unauthorized</title>
 </head>
 <body>
  <h1>401 - Unauthorized</h1>
 </body>
</html>
172.23.73.26;2023-10-09 10:34:02.005262;l version="1.0" encoding="iso-8859-1"?>
<!DOCTYPE html PUBLIC "-//W3C//DTD XHTML 1.0 Transitional//EN"
         "http://www.w3.org/TR/xhtml1/DTD/xhtml1-transitional.dtd">
<html xmlns="http://www.w3.org/1999/xhtml" xml:lang="en" lang="en">
 <head>
  <title>401 - Unauthorized</title>
 </head>
 <body>
  <h1>401 - Unauthorized</h1>
 </body>
</html>;l version="1.0" encoding="iso-8859-1"?>
<!DOCTYPE html PUBLIC "-//W3C//DTD XHTML 1.0 Transitional//EN"
         "http://www.w3.org/TR/xhtml1/DTD/xhtml1-transitional.dtd">
<html xmlns="http://www.w3.org/1999/xhtml" xml:lang="en" lang="en">
 <head>
  <title>401 - Unauthorized</title>
 </head>
 <body>
  <h1>401 - Unauthorized</h1>
 </body>
</html>
172.23.73.26;2023-10-09 10:34:46.452635;l version="1.0" encoding="iso-8859-1"?>
<!DOCTYPE html PUBLIC "-//W3C//DTD XHTML 1.0 Transitional//EN"
         "http://www.w3.org/TR/xhtml1/DTD/xhtml1-transitional.dtd">
<html xmlns="http://www.w3.org/1999/xhtml" xml:lang="en" lang="en">
 <head>
  <title>401 - Unauthorized</title>
 </head>
 <body>
  <h1>401 - Unauthorized</h1>
 </body>
</html>;l version="1.0" encoding="iso-8859-1"?>
<!DOCTYPE html PUBLIC "-//W3C//DTD XHTML 1.0 Transitional//EN"
         "http://www.w3.org/TR/xhtml1/DTD/xhtml1-transitional.dtd">
<html xmlns="http://www.w3.org/1999/xhtml" xml:lang="en" lang="en">
 <head>
  <title>401 - Unauthorized</title>
 </head>
 <body>
  <h1>401 - Unauthorized</h1>
 </body>
</html>
172.23.73.26;2023-10-09 10:35:32.839615;l version="1.0" encoding="iso-8859-1"?>
<!DOCTYPE html PUBLIC "-//W3C//DTD XHTML 1.0 Transitional//EN"
         "http://www.w3.org/TR/xhtml1/DTD/xhtml1-transitional.dtd">
<html xmlns="http://www.w3.org/1999/xhtml" xml:lang="en" lang="en">
 <head>
  <title>401 - Unauthorized</title>
 </head>
 <body>
  <h1>401 - Unauthorized</h1>
 </body>
</html>;l version="1.0" encoding="iso-8859-1"?>
<!DOCTYPE html PUBLIC "-//W3C//DTD XHTML 1.0 Transitional//EN"
         "http://www.w3.org/TR/xhtml1/DTD/xhtml1-transitional.dtd">
<html xmlns="http://www.w3.org/1999/xhtml" xml:lang="en" lang="en">
 <head>
  <title>401 - Unauthorized</title>
 </head>
 <body>
  <h1>401 - Unauthorized</h1>
 </body>
</html>
172.23.73.26;2023-10-09 10:36:16.711431;l version="1.0" encoding="iso-8859-1"?>
<!DOCTYPE html PUBLIC "-//W3C//DTD XHTML 1.0 Transitional//EN"
         "http://www.w3.org/TR/xhtml1/DTD/xhtml1-transitional.dtd">
<html xmlns="http://www.w3.org/1999/xhtml" xml:lang="en" lang="en">
 <head>
  <title>401 - Unauthorized</title>
 </head>
 <body>
  <h1>401 - Unauthorized</h1>
 </body>
</html>;l version="1.0" encoding="iso-8859-1"?>
<!DOCTYPE html PUBLIC "-//W3C//DTD XHTML 1.0 Transitional//EN"
         "http://www.w3.org/TR/xhtml1/DTD/xhtml1-transitional.dtd">
<html xmlns="http://www.w3.org/1999/xhtml" xml:lang="en" lang="en">
 <head>
  <title>401 - Unauthorized</title>
 </head>
 <body>
  <h1>401 - Unauthorized</h1>
 </body>
</html>
172.23.73.26;2023-10-09 10:37:01.707879;l version="1.0" encoding="iso-8859-1"?>
<!DOCTYPE html PUBLIC "-//W3C//DTD XHTML 1.0 Transitional//EN"
         "http://www.w3.org/TR/xhtml1/DTD/xhtml1-transitional.dtd">
<html xmlns="http://www.w3.org/1999/xhtml" xml:lang="en" lang="en">
 <head>
  <title>401 - Unauthorized</title>
 </head>
 <body>
  <h1>401 - Unauthorized</h1>
 </body>
</html>;l version="1.0" encoding="iso-8859-1"?>
<!DOCTYPE html PUBLIC "-//W3C//DTD XHTML 1.0 Transitional//EN"
         "http://www.w3.org/TR/xhtml1/DTD/xhtml1-transitional.dtd">
<html xmlns="http://www.w3.org/1999/xhtml" xml:lang="en" lang="en">
 <head>
  <title>401 - Unauthorized</title>
 </head>
 <body>
  <h1>401 - Unauthorized</h1>
 </body>
</html>
172.23.73.26;2023-10-09 10:37:46.599994;l version="1.0" encoding="iso-8859-1"?>
<!DOCTYPE html PUBLIC "-//W3C//DTD XHTML 1.0 Transitional//EN"
         "http://www.w3.org/TR/xhtml1/DTD/xhtml1-transitional.dtd">
<html xmlns="http://www.w3.org/1999/xhtml" xml:lang="en" lang="en">
 <head>
  <title>401 - Unauthorized</title>
 </head>
 <body>
  <h1>401 - Unauthorized</h1>
 </body>
</html>;l version="1.0" encoding="iso-8859-1"?>
<!DOCTYPE html PUBLIC "-//W3C//DTD XHTML 1.0 Transitional//EN"
         "http://www.w3.org/TR/xhtml1/DTD/xhtml1-transitional.dtd">
<html xmlns="http://www.w3.org/1999/xhtml" xml:lang="en" lang="en">
 <head>
  <title>401 - Unauthorized</title>
 </head>
 <body>
  <h1>401 - Unauthorized</h1>
 </body>
</html>
172.23.73.26;2023-10-09 10:38:33.612241;l version="1.0" encoding="iso-8859-1"?>
<!DOCTYPE html PUBLIC "-//W3C//DTD XHTML 1.0 Transitional//EN"
         "http://www.w3.org/TR/xhtml1/DTD/xhtml1-transitional.dtd">
<html xmlns="http://www.w3.org/1999/xhtml" xml:lang="en" lang="en">
 <head>
  <title>401 - Unauthorized</title>
 </head>
 <body>
  <h1>401 - Unauthorized</h1>
 </body>
</html>;l version="1.0" encoding="iso-8859-1"?>
<!DOCTYPE html PUBLIC "-//W3C//DTD XHTML 1.0 Transitional//EN"
         "http://www.w3.org/TR/xhtml1/DTD/xhtml1-transitional.dtd">
<html xmlns="http://www.w3.org/1999/xhtml" xml:lang="en" lang="en">
 <head>
  <title>401 - Unauthorized</title>
 </head>
 <body>
  <h1>401 - Unauthorized</h1>
 </body>
</html>
172.23.73.26;2023-10-09 10:39:15.477207;l version="1.0" encoding="iso-8859-1"?>
<!DOCTYPE html PUBLIC "-//W3C//DTD XHTML 1.0 Transitional//EN"
         "http://www.w3.org/TR/xhtml1/DTD/xhtml1-transitional.dtd">
<html xmlns="http://www.w3.org/1999/xhtml" xml:lang="en" lang="en">
 <head>
  <title>401 - Unauthorized</title>
 </head>
 <body>
  <h1>401 - Unauthorized</h1>
 </body>
</html>;l version="1.0" encoding="iso-8859-1"?>
<!DOCTYPE html PUBLIC "-//W3C//DTD XHTML 1.0 Transitional//EN"
         "http://www.w3.org/TR/xhtml1/DTD/xhtml1-transitional.dtd">
<html xmlns="http://www.w3.org/1999/xhtml" xml:lang="en" lang="en">
 <head>
  <title>401 - Unauthorized</title>
 </head>
 <body>
  <h1>401 - Unauthorized</h1>
 </body>
</html>
172.23.73.26;2023-10-09 10:40:02.421347;l version="1.0" encoding="iso-8859-1"?>
<!DOCTYPE html PUBLIC "-//W3C//DTD XHTML 1.0 Transitional//EN"
         "http://www.w3.org/TR/xhtml1/DTD/xhtml1-transitional.dtd">
<html xmlns="http://www.w3.org/1999/xhtml" xml:lang="en" lang="en">
 <head>
  <title>401 - Unauthorized</title>
 </head>
 <body>
  <h1>401 - Unauthorized</h1>
 </body>
</html>;l version="1.0" encoding="iso-8859-1"?>
<!DOCTYPE html PUBLIC "-//W3C//DTD XHTML 1.0 Transitional//EN"
         "http://www.w3.org/TR/xhtml1/DTD/xhtml1-transitional.dtd">
<html xmlns="http://www.w3.org/1999/xhtml" xml:lang="en" lang="en">
 <head>
  <title>401 - Unauthorized</title>
 </head>
 <body>
  <h1>401 - Unauthorized</h1>
 </body>
</html>
172.23.73.26;2023-10-09 10:40:46.184602;l version="1.0" encoding="iso-8859-1"?>
<!DOCTYPE html PUBLIC "-//W3C//DTD XHTML 1.0 Transitional//EN"
         "http://www.w3.org/TR/xhtml1/DTD/xhtml1-transitional.dtd">
<html xmlns="http://www.w3.org/1999/xhtml" xml:lang="en" lang="en">
 <head>
  <title>401 - Unauthorized</title>
 </head>
 <body>
  <h1>401 - Unauthorized</h1>
 </body>
</html>;l version="1.0" encoding="iso-8859-1"?>
<!DOCTYPE html PUBLIC "-//W3C//DTD XHTML 1.0 Transitional//EN"
         "http://www.w3.org/TR/xhtml1/DTD/xhtml1-transitional.dtd">
<html xmlns="http://www.w3.org/1999/xhtml" xml:lang="en" lang="en">
 <head>
  <title>401 - Unauthorized</title>
 </head>
 <body>
  <h1>401 - Unauthorized</h1>
 </body>
</html>
172.23.73.26;2023-10-09 10:41:33.482791;l version="1.0" encoding="iso-8859-1"?>
<!DOCTYPE html PUBLIC "-//W3C//DTD XHTML 1.0 Transitional//EN"
         "http://www.w3.org/TR/xhtml1/DTD/xhtml1-transitional.dtd">
<html xmlns="http://www.w3.org/1999/xhtml" xml:lang="en" lang="en">
 <head>
  <title>401 - Unauthorized</title>
 </head>
 <body>
  <h1>401 - Unauthorized</h1>
 </body>
</html>;l version="1.0" encoding="iso-8859-1"?>
<!DOCTYPE html PUBLIC "-//W3C//DTD XHTML 1.0 Transitional//EN"
         "http://www.w3.org/TR/xhtml1/DTD/xhtml1-transitional.dtd">
<html xmlns="http://www.w3.org/1999/xhtml" xml:lang="en" lang="en">
 <head>
  <title>401 - Unauthorized</title>
 </head>
 <body>
  <h1>401 - Unauthorized</h1>
 </body>
</html>
172.23.73.26;2023-10-09 10:44:26.704546;Erro;Erro;
172.23.73.26;2023-10-09 10:45:11.756547;Erro;Erro;
172.23.73.26;2023-10-09 10:45:56.820536;Erro;Erro;
172.23.73.26;2023-10-09 10:46:39.816896;Erro;Erro;
172.23.73.26;2023-10-09 10:47:24.888575;Erro;Erro;
172.23.73.26;2023-10-09 10:47:49.470165;l version="1.0" encoding="iso-8859-1"?>
<!DOCTYPE html PUBLIC "-//W3C//DTD XHTML 1.0 Transitional//EN"
         "http://www.w3.org/TR/xhtml1/DTD/xhtml1-transitional.dtd">
<html xmlns="http://www.w3.org/1999/xhtml" xml:lang="en" lang="en">
 <head>
  <title>401 - Unauthorized</title>
 </head>
 <body>
  <h1>401 - Unauthorized</h1>
 </body>
</html>;l version="1.0" encoding="iso-8859-1"?>
<!DOCTYPE html PUBLIC "-//W3C//DTD XHTML 1.0 Transitional//EN"
         "http://www.w3.org/TR/xhtml1/DTD/xhtml1-transitional.dtd">
<html xmlns="http://www.w3.org/1999/xhtml" xml:lang="en" lang="en">
 <head>
  <title>401 - Unauthorized</title>
 </head>
 <body>
  <h1>401 - Unauthorized</h1>
 </body>
</html>
172.23.73.26;2023-10-09 10:47:58.938935;l version="1.0" encoding="iso-8859-1"?>
<!DOCTYPE html PUBLIC "-//W3C//DTD XHTML 1.0 Transitional//EN"
         "http://www.w3.org/TR/xhtml1/DTD/xhtml1-transitional.dtd">
<html xmlns="http://www.w3.org/1999/xhtml" xml:lang="en" lang="en">
 <head>
  <title>401 - Unauthorized</title>
 </head>
 <body>
  <h1>401 - Unauthorized</h1>
 </body>
</html>;l version="1.0" encoding="iso-8859-1"?>
<!DOCTYPE html PUBLIC "-//W3C//DTD XHTML 1.0 Transitional//EN"
         "http://www.w3.org/TR/xhtml1/DTD/xhtml1-transitional.dtd">
<html xmlns="http://www.w3.org/1999/xhtml" xml:lang="en" lang="en">
 <head>
  <title>401 - Unauthorized</title>
 </head>
 <body>
  <h1>401 - Unauthorized</h1>
 </body>
</html>
172.23.73.26;2023-10-09 10:48:07.900383;Erro;Erro;
172.23.73.26;2023-10-09 10:48:14.233318;l version="1.0" encoding="iso-8859-1"?>
<!DOCTYPE html PUBLIC "-//W3C//DTD XHTML 1.0 Transitional//EN"
         "http://www.w3.org/TR/xhtml1/DTD/xhtml1-transitional.dtd">
<html xmlns="http://www.w3.org/1999/xhtml" xml:lang="en" lang="en">
 <head>
  <title>401 - Unauthorized</title>
 </head>
 <body>
  <h1>401 - Unauthorized</h1>
 </body>
</html>;l version="1.0" encoding="iso-8859-1"?>
<!DOCTYPE html PUBLIC "-//W3C//DTD XHTML 1.0 Transitional//EN"
         "http://www.w3.org/TR/xhtml1/DTD/xhtml1-transitional.dtd">
<html xmlns="http://www.w3.org/1999/xhtml" xml:lang="en" lang="en">
 <head>
  <title>401 - Unauthorized</title>
 </head>
 <body>
  <h1>401 - Unauthorized</h1>
 </body>
</html>
172.23.73.26;2023-10-09 10:51:08.116547;Erro;Erro;
172.23.73.26;2023-10-09 10:51:55.212544;Erro;Erro;
172.23.73.26;2023-10-09 10:52:38.232564;Erro;Erro;
172.23.73.26;2023-10-09 10:53:23.280551;Erro;Erro;
172.23.73.26;2023-10-09 10:54:06.288932;Erro;Erro;
172.23.73.26;2023-10-09 10:54:16.277935;l version="1.0" encoding="iso-8859-1"?>
<!DOCTYPE html PUBLIC "-//W3C//DTD XHTML 1.0 Transitional//EN"
         "http://www.w3.org/TR/xhtml1/DTD/xhtml1-transitional.dtd">
<html xmlns="http://www.w3.org/1999/xhtml" xml:lang="en" lang="en">
 <head>
  <title>401 - Unauthorized</title>
 </head>
 <body>
  <h1>401 - Unauthorized</h1>
 </body>
</html>;l version="1.0" encoding="iso-8859-1"?>
<!DOCTYPE html PUBLIC "-//W3C//DTD XHTML 1.0 Transitional//EN"
         "http://www.w3.org/TR/xhtml1/DTD/xhtml1-transitional.dtd">
<html xmlns="http://www.w3.org/1999/xhtml" xml:lang="en" lang="en">
 <head>
  <title>401 - Unauthorized</title>
 </head>
 <body>
  <h1>401 - Unauthorized</h1>
 </body>
</html>
172.23.73.26;2023-10-09 10:54:30.874481;l version="1.0" encoding="iso-8859-1"?>
<!DOCTYPE html PUBLIC "-//W3C//DTD XHTML 1.0 Transitional//EN"
         "http://www.w3.org/TR/xhtml1/DTD/xhtml1-transitional.dtd">
<html xmlns="http://www.w3.org/1999/xhtml" xml:lang="en" lang="en">
 <head>
  <title>401 - Unauthorized</title>
 </head>
 <body>
  <h1>401 - Unauthorized</h1>
 </body>
</html>;l version="1.0" encoding="iso-8859-1"?>
<!DOCTYPE html PUBLIC "-//W3C//DTD XHTML 1.0 Transitional//EN"
         "http://www.w3.org/TR/xhtml1/DTD/xhtml1-transitional.dtd">
<html xmlns="http://www.w3.org/1999/xhtml" xml:lang="en" lang="en">
 <head>
  <title>401 - Unauthorized</title>
 </head>
 <body>
  <h1>401 - Unauthorized</h1>
 </body>
</html>
172.23.73.26;2023-10-09 10:54:53.392665;Erro;Erro;
172.23.73.26;2023-10-09 10:54:56.441237;l version="1.0" encoding="iso-8859-1"?>
<!DOCTYPE html PUBLIC "-//W3C//DTD XHTML 1.0 Transitional//EN"
         "http://www.w3.org/TR/xhtml1/DTD/xhtml1-transitional.dtd">
<html xmlns="http://www.w3.org/1999/xhtml" xml:lang="en" lang="en">
 <head>
  <title>401 - Unauthorized</title>
 </head>
 <body>
  <h1>401 - Unauthorized</h1>
 </body>
</html>;l version="1.0" encoding="iso-8859-1"?>
<!DOCTYPE html PUBLIC "-//W3C//DTD XHTML 1.0 Transitional//EN"
         "http://www.w3.org/TR/xhtml1/DTD/xhtml1-transitional.dtd">
<html xmlns="http://www.w3.org/1999/xhtml" xml:lang="en" lang="en">
 <head>
  <title>401 - Unauthorized</title>
 </head>
 <body>
  <h1>401 - Unauthorized</h1>
 </body>
</html>
172.23.73.26;2023-10-09 10:55:43.045198;l version="1.0" encoding="iso-8859-1"?>
<!DOCTYPE html PUBLIC "-//W3C//DTD XHTML 1.0 Transitional//EN"
         "http://www.w3.org/TR/xhtml1/DTD/xhtml1-transitional.dtd">
<html xmlns="http://www.w3.org/1999/xhtml" xml:lang="en" lang="en">
 <head>
  <title>401 - Unauthorized</title>
 </head>
 <body>
  <h1>401 - Unauthorized</h1>
 </body>
</html>;l version="1.0" encoding="iso-8859-1"?>
<!DOCTYPE html PUBLIC "-//W3C//DTD XHTML 1.0 Transitional//EN"
         "http://www.w3.org/TR/xhtml1/DTD/xhtml1-transitional.dtd">
<html xmlns="http://www.w3.org/1999/xhtml" xml:lang="en" lang="en">
 <head>
  <title>401 - Unauthorized</title>
 </head>
 <body>
  <h1>401 - Unauthorized</h1>
 </body>
</html>
172.23.73.26;2023-10-09 10:56:27.231869;l version="1.0" encoding="iso-8859-1"?>
<!DOCTYPE html PUBLIC "-//W3C//DTD XHTML 1.0 Transitional//EN"
         "http://www.w3.org/TR/xhtml1/DTD/xhtml1-transitional.dtd">
<html xmlns="http://www.w3.org/1999/xhtml" xml:lang="en" lang="en">
 <head>
  <title>401 - Unauthorized</title>
 </head>
 <body>
  <h1>401 - Unauthorized</h1>
 </body>
</html>;l version="1.0" encoding="iso-8859-1"?>
<!DOCTYPE html PUBLIC "-//W3C//DTD XHTML 1.0 Transitional//EN"
         "http://www.w3.org/TR/xhtml1/DTD/xhtml1-transitional.dtd">
<html xmlns="http://www.w3.org/1999/xhtml" xml:lang="en" lang="en">
 <head>
  <title>401 - Unauthorized</title>
 </head>
 <body>
  <h1>401 - Unauthorized</h1>
 </body>
</html>
172.23.73.26;2023-10-09 10:57:13.122530;l version="1.0" encoding="iso-8859-1"?>
<!DOCTYPE html PUBLIC "-//W3C//DTD XHTML 1.0 Transitional//EN"
         "http://www.w3.org/TR/xhtml1/DTD/xhtml1-transitional.dtd">
<html xmlns="http://www.w3.org/1999/xhtml" xml:lang="en" lang="en">
 <head>
  <title>401 - Unauthorized</title>
 </head>
 <body>
  <h1>401 - Unauthorized</h1>
 </body>
</html>;l version="1.0" encoding="iso-8859-1"?>
<!DOCTYPE html PUBLIC "-//W3C//DTD XHTML 1.0 Transitional//EN"
         "http://www.w3.org/TR/xhtml1/DTD/xhtml1-transitional.dtd">
<html xmlns="http://www.w3.org/1999/xhtml" xml:lang="en" lang="en">
 <head>
  <title>401 - Unauthorized</title>
 </head>
 <body>
  <h1>401 - Unauthorized</h1>
 </body>
</html>
172.23.73.26;2023-10-09 10:57:56.263992;l version="1.0" encoding="iso-8859-1"?>
<!DOCTYPE html PUBLIC "-//W3C//DTD XHTML 1.0 Transitional//EN"
         "http://www.w3.org/TR/xhtml1/DTD/xhtml1-transitional.dtd">
<html xmlns="http://www.w3.org/1999/xhtml" xml:lang="en" lang="en">
 <head>
  <title>401 - Unauthorized</title>
 </head>
 <body>
  <h1>401 - Unauthorized</h1>
 </body>
</html>;l version="1.0" encoding="iso-8859-1"?>
<!DOCTYPE html PUBLIC "-//W3C//DTD XHTML 1.0 Transitional//EN"
         "http://www.w3.org/TR/xhtml1/DTD/xhtml1-transitional.dtd">
<html xmlns="http://www.w3.org/1999/xhtml" xml:lang="en" lang="en">
 <head>
  <title>401 - Unauthorized</title>
 </head>
 <body>
  <h1>401 - Unauthorized</h1>
 </body>
</html>
172.23.73.26;2023-10-09 10:58:42.701285;l version="1.0" encoding="iso-8859-1"?>
<!DOCTYPE html PUBLIC "-//W3C//DTD XHTML 1.0 Transitional//EN"
         "http://www.w3.org/TR/xhtml1/DTD/xhtml1-transitional.dtd">
<html xmlns="http://www.w3.org/1999/xhtml" xml:lang="en" lang="en">
 <head>
  <title>401 - Unauthorized</title>
 </head>
 <body>
  <h1>401 - Unauthorized</h1>
 </body>
</html>;l version="1.0" encoding="iso-8859-1"?>
<!DOCTYPE html PUBLIC "-//W3C//DTD XHTML 1.0 Transitional//EN"
         "http://www.w3.org/TR/xhtml1/DTD/xhtml1-transitional.dtd">
<html xmlns="http://www.w3.org/1999/xhtml" xml:lang="en" lang="en">
 <head>
  <title>401 - Unauthorized</title>
 </head>
 <body>
  <h1>401 - Unauthorized</h1>
 </body>
</html>
172.23.73.26;2023-10-09 10:59:26.097162;l version="1.0" encoding="iso-8859-1"?>
<!DOCTYPE html PUBLIC "-//W3C//DTD XHTML 1.0 Transitional//EN"
         "http://www.w3.org/TR/xhtml1/DTD/xhtml1-transitional.dtd">
<html xmlns="http://www.w3.org/1999/xhtml" xml:lang="en" lang="en">
 <head>
  <title>401 - Unauthorized</title>
 </head>
 <body>
  <h1>401 - Unauthorized</h1>
 </body>
</html>;l version="1.0" encoding="iso-8859-1"?>
<!DOCTYPE html PUBLIC "-//W3C//DTD XHTML 1.0 Transitional//EN"
         "http://www.w3.org/TR/xhtml1/DTD/xhtml1-transitional.dtd">
<html xmlns="http://www.w3.org/1999/xhtml" xml:lang="en" lang="en">
 <head>
  <title>401 - Unauthorized</title>
 </head>
 <body>
  <h1>401 - Unauthorized</h1>
 </body>
</html>
172.23.73.26;2023-10-09 11:00:12.306741;l version="1.0" encoding="iso-8859-1"?>
<!DOCTYPE html PUBLIC "-//W3C//DTD XHTML 1.0 Transitional//EN"
         "http://www.w3.org/TR/xhtml1/DTD/xhtml1-transitional.dtd">
<html xmlns="http://www.w3.org/1999/xhtml" xml:lang="en" lang="en">
 <head>
  <title>401 - Unauthorized</title>
 </head>
 <body>
  <h1>401 - Unauthorized</h1>
 </body>
</html>;l version="1.0" encoding="iso-8859-1"?>
<!DOCTYPE html PUBLIC "-//W3C//DTD XHTML 1.0 Transitional//EN"
         "http://www.w3.org/TR/xhtml1/DTD/xhtml1-transitional.dtd">
<html xmlns="http://www.w3.org/1999/xhtml" xml:lang="en" lang="en">
 <head>
  <title>401 - Unauthorized</title>
 </head>
 <body>
  <h1>401 - Unauthorized</h1>
 </body>
</html>
172.23.73.26;2023-10-09 11:00:56.337046;l version="1.0" encoding="iso-8859-1"?>
<!DOCTYPE html PUBLIC "-//W3C//DTD XHTML 1.0 Transitional//EN"
         "http://www.w3.org/TR/xhtml1/DTD/xhtml1-transitional.dtd">
<html xmlns="http://www.w3.org/1999/xhtml" xml:lang="en" lang="en">
 <head>
  <title>401 - Unauthorized</title>
 </head>
 <body>
  <h1>401 - Unauthorized</h1>
 </body>
</html>;l version="1.0" encoding="iso-8859-1"?>
<!DOCTYPE html PUBLIC "-//W3C//DTD XHTML 1.0 Transitional//EN"
         "http://www.w3.org/TR/xhtml1/DTD/xhtml1-transitional.dtd">
<html xmlns="http://www.w3.org/1999/xhtml" xml:lang="en" lang="en">
 <head>
  <title>401 - Unauthorized</title>
 </head>
 <body>
  <h1>401 - Unauthorized</h1>
 </body>
</html>
172.23.73.26;2023-10-09 11:01:42.581204;l version="1.0" encoding="iso-8859-1"?>
<!DOCTYPE html PUBLIC "-//W3C//DTD XHTML 1.0 Transitional//EN"
         "http://www.w3.org/TR/xhtml1/DTD/xhtml1-transitional.dtd">
<html xmlns="http://www.w3.org/1999/xhtml" xml:lang="en" lang="en">
 <head>
  <title>401 - Unauthorized</title>
 </head>
 <body>
  <h1>401 - Unauthorized</h1>
 </body>
</html>;l version="1.0" encoding="iso-8859-1"?>
<!DOCTYPE html PUBLIC "-//W3C//DTD XHTML 1.0 Transitional//EN"
         "http://www.w3.org/TR/xhtml1/DTD/xhtml1-transitional.dtd">
<html xmlns="http://www.w3.org/1999/xhtml" xml:lang="en" lang="en">
 <head>
  <title>401 - Unauthorized</title>
 </head>
 <body>
  <h1>401 - Unauthorized</h1>
 </body>
</html>
172.23.73.26;2023-10-09 11:02:25.243402;l version="1.0" encoding="iso-8859-1"?>
<!DOCTYPE html PUBLIC "-//W3C//DTD XHTML 1.0 Transitional//EN"
         "http://www.w3.org/TR/xhtml1/DTD/xhtml1-transitional.dtd">
<html xmlns="http://www.w3.org/1999/xhtml" xml:lang="en" lang="en">
 <head>
  <title>401 - Unauthorized</title>
 </head>
 <body>
  <h1>401 - Unauthorized</h1>
 </body>
</html>;l version="1.0" encoding="iso-8859-1"?>
<!DOCTYPE html PUBLIC "-//W3C//DTD XHTML 1.0 Transitional//EN"
         "http://www.w3.org/TR/xhtml1/DTD/xhtml1-transitional.dtd">
<html xmlns="http://www.w3.org/1999/xhtml" xml:lang="en" lang="en">
 <head>
  <title>401 - Unauthorized</title>
 </head>
 <body>
  <h1>401 - Unauthorized</h1>
 </body>
</html>
172.23.73.26;2023-10-09 11:03:12.772461;l version="1.0" encoding="iso-8859-1"?>
<!DOCTYPE html PUBLIC "-//W3C//DTD XHTML 1.0 Transitional//EN"
         "http://www.w3.org/TR/xhtml1/DTD/xhtml1-transitional.dtd">
<html xmlns="http://www.w3.org/1999/xhtml" xml:lang="en" lang="en">
 <head>
  <title>401 - Unauthorized</title>
 </head>
 <body>
  <h1>401 - Unauthorized</h1>
 </body>
</html>;l version="1.0" encoding="iso-8859-1"?>
<!DOCTYPE html PUBLIC "-//W3C//DTD XHTML 1.0 Transitional//EN"
         "http://www.w3.org/TR/xhtml1/DTD/xhtml1-transitional.dtd">
<html xmlns="http://www.w3.org/1999/xhtml" xml:lang="en" lang="en">
 <head>
  <title>401 - Unauthorized</title>
 </head>
 <body>
  <h1>401 - Unauthorized</h1>
 </body>
</html>
172.23.73.26;2023-10-09 11:03:55.581229;l version="1.0" encoding="iso-8859-1"?>
<!DOCTYPE html PUBLIC "-//W3C//DTD XHTML 1.0 Transitional//EN"
         "http://www.w3.org/TR/xhtml1/DTD/xhtml1-transitional.dtd">
<html xmlns="http://www.w3.org/1999/xhtml" xml:lang="en" lang="en">
 <head>
  <title>401 - Unauthorized</title>
 </head>
 <body>
  <h1>401 - Unauthorized</h1>
 </body>
</html>;l version="1.0" encoding="iso-8859-1"?>
<!DOCTYPE html PUBLIC "-//W3C//DTD XHTML 1.0 Transitional//EN"
         "http://www.w3.org/TR/xhtml1/DTD/xhtml1-transitional.dtd">
<html xmlns="http://www.w3.org/1999/xhtml" xml:lang="en" lang="en">
 <head>
  <title>401 - Unauthorized</title>
 </head>
 <body>
  <h1>401 - Unauthorized</h1>
 </body>
</html>
172.23.73.26;2023-10-09 11:04:42.269279;l version="1.0" encoding="iso-8859-1"?>
<!DOCTYPE html PUBLIC "-//W3C//DTD XHTML 1.0 Transitional//EN"
         "http://www.w3.org/TR/xhtml1/DTD/xhtml1-transitional.dtd">
<html xmlns="http://www.w3.org/1999/xhtml" xml:lang="en" lang="en">
 <head>
  <title>401 - Unauthorized</title>
 </head>
 <body>
  <h1>401 - Unauthorized</h1>
 </body>
</html>;l version="1.0" encoding="iso-8859-1"?>
<!DOCTYPE html PUBLIC "-//W3C//DTD XHTML 1.0 Transitional//EN"
         "http://www.w3.org/TR/xhtml1/DTD/xhtml1-transitional.dtd">
<html xmlns="http://www.w3.org/1999/xhtml" xml:lang="en" lang="en">
 <head>
  <title>401 - Unauthorized</title>
 </head>
 <body>
  <h1>401 - Unauthorized</h1>
 </body>
</html>
172.23.73.26;2023-10-09 11:05:25.331494;l version="1.0" encoding="iso-8859-1"?>
<!DOCTYPE html PUBLIC "-//W3C//DTD XHTML 1.0 Transitional//EN"
         "http://www.w3.org/TR/xhtml1/DTD/xhtml1-transitional.dtd">
<html xmlns="http://www.w3.org/1999/xhtml" xml:lang="en" lang="en">
 <head>
  <title>401 - Unauthorized</title>
 </head>
 <body>
  <h1>401 - Unauthorized</h1>
 </body>
</html>;l version="1.0" encoding="iso-8859-1"?>
<!DOCTYPE html PUBLIC "-//W3C//DTD XHTML 1.0 Transitional//EN"
         "http://www.w3.org/TR/xhtml1/DTD/xhtml1-transitional.dtd">
<html xmlns="http://www.w3.org/1999/xhtml" xml:lang="en" lang="en">
 <head>
  <title>401 - Unauthorized</title>
 </head>
 <body>
  <h1>401 - Unauthorized</h1>
 </body>
</html>
172.23.73.26;2023-10-09 11:06:12.694129;l version="1.0" encoding="iso-8859-1"?>
<!DOCTYPE html PUBLIC "-//W3C//DTD XHTML 1.0 Transitional//EN"
         "http://www.w3.org/TR/xhtml1/DTD/xhtml1-transitional.dtd">
<html xmlns="http://www.w3.org/1999/xhtml" xml:lang="en" lang="en">
 <head>
  <title>401 - Unauthorized</title>
 </head>
 <body>
  <h1>401 - Unauthorized</h1>
 </body>
</html>;l version="1.0" encoding="iso-8859-1"?>
<!DOCTYPE html PUBLIC "-//W3C//DTD XHTML 1.0 Transitional//EN"
         "http://www.w3.org/TR/xhtml1/DTD/xhtml1-transitional.dtd">
<html xmlns="http://www.w3.org/1999/xhtml" xml:lang="en" lang="en">
 <head>
  <title>401 - Unauthorized</title>
 </head>
 <body>
  <h1>401 - Unauthorized</h1>
 </body>
</html>
172.23.73.26;2023-10-09 11:06:55.417258;l version="1.0" encoding="iso-8859-1"?>
<!DOCTYPE html PUBLIC "-//W3C//DTD XHTML 1.0 Transitional//EN"
         "http://www.w3.org/TR/xhtml1/DTD/xhtml1-transitional.dtd">
<html xmlns="http://www.w3.org/1999/xhtml" xml:lang="en" lang="en">
 <head>
  <title>401 - Unauthorized</title>
 </head>
 <body>
  <h1>401 - Unauthorized</h1>
 </body>
</html>;l version="1.0" encoding="iso-8859-1"?>
<!DOCTYPE html PUBLIC "-//W3C//DTD XHTML 1.0 Transitional//EN"
         "http://www.w3.org/TR/xhtml1/DTD/xhtml1-transitional.dtd">
<html xmlns="http://www.w3.org/1999/xhtml" xml:lang="en" lang="en">
 <head>
  <title>401 - Unauthorized</title>
 </head>
 <body>
  <h1>401 - Unauthorized</h1>
 </body>
</html>
172.23.73.26;2023-10-09 11:07:42.037211;l version="1.0" encoding="iso-8859-1"?>
<!DOCTYPE html PUBLIC "-//W3C//DTD XHTML 1.0 Transitional//EN"
         "http://www.w3.org/TR/xhtml1/DTD/xhtml1-transitional.dtd">
<html xmlns="http://www.w3.org/1999/xhtml" xml:lang="en" lang="en">
 <head>
  <title>401 - Unauthorized</title>
 </head>
 <body>
  <h1>401 - Unauthorized</h1>
 </body>
</html>;l version="1.0" encoding="iso-8859-1"?>
<!DOCTYPE html PUBLIC "-//W3C//DTD XHTML 1.0 Transitional//EN"
         "http://www.w3.org/TR/xhtml1/DTD/xhtml1-transitional.dtd">
<html xmlns="http://www.w3.org/1999/xhtml" xml:lang="en" lang="en">
 <head>
  <title>401 - Unauthorized</title>
 </head>
 <body>
  <h1>401 - Unauthorized</h1>
 </body>
</html>
172.23.73.26;2023-10-09 11:08:25.051754;l version="1.0" encoding="iso-8859-1"?>
<!DOCTYPE html PUBLIC "-//W3C//DTD XHTML 1.0 Transitional//EN"
         "http://www.w3.org/TR/xhtml1/DTD/xhtml1-transitional.dtd">
<html xmlns="http://www.w3.org/1999/xhtml" xml:lang="en" lang="en">
 <head>
  <title>401 - Unauthorized</title>
 </head>
 <body>
  <h1>401 - Unauthorized</h1>
 </body>
</html>;l version="1.0" encoding="iso-8859-1"?>
<!DOCTYPE html PUBLIC "-//W3C//DTD XHTML 1.0 Transitional//EN"
         "http://www.w3.org/TR/xhtml1/DTD/xhtml1-transitional.dtd">
<html xmlns="http://www.w3.org/1999/xhtml" xml:lang="en" lang="en">
 <head>
  <title>401 - Unauthorized</title>
 </head>
 <body>
  <h1>401 - Unauthorized</h1>
 </body>
</html>
172.23.73.26;2023-10-09 11:09:11.953372;l version="1.0" encoding="iso-8859-1"?>
<!DOCTYPE html PUBLIC "-//W3C//DTD XHTML 1.0 Transitional//EN"
         "http://www.w3.org/TR/xhtml1/DTD/xhtml1-transitional.dtd">
<html xmlns="http://www.w3.org/1999/xhtml" xml:lang="en" lang="en">
 <head>
  <title>401 - Unauthorized</title>
 </head>
 <body>
  <h1>401 - Unauthorized</h1>
 </body>
</html>;l version="1.0" encoding="iso-8859-1"?>
<!DOCTYPE html PUBLIC "-//W3C//DTD XHTML 1.0 Transitional//EN"
         "http://www.w3.org/TR/xhtml1/DTD/xhtml1-transitional.dtd">
<html xmlns="http://www.w3.org/1999/xhtml" xml:lang="en" lang="en">
 <head>
  <title>401 - Unauthorized</title>
 </head>
 <body>
  <h1>401 - Unauthorized</h1>
 </body>
</html>
172.23.73.26;2023-10-09 11:12:05.588572;Erro;Erro;
172.23.73.26;2023-10-09 11:12:52.688542;Erro;Erro;
172.23.73.26;2023-10-09 11:13:35.700583;Erro;Erro;
172.23.73.26;2023-10-09 11:14:22.792562;Erro;Erro;
172.23.73.26;2023-10-09 11:15:05.800569;Erro;Erro;
172.23.73.26;2023-10-09 11:15:50.860544;Erro;Erro;
172.23.73.26;2023-10-09 11:16:33.872816;Erro;Erro;
172.23.73.26;2023-10-09 11:17:18.932596;Erro;Erro;
172.23.73.26;2023-10-09 11:18:01.940576;Erro;Erro;
172.23.73.26;2023-10-09 11:18:49.036855;Erro;Erro;
172.23.73.26;2023-10-09 11:19:32.064584;Erro;Erro;
172.23.73.26;2023-10-09 11:20:19.152642;Erro;Erro;
172.23.73.26;2023-10-09 11:21:02.172587;Erro;Erro;
172.23.73.26;2023-10-09 11:21:51.312575;Erro;Erro;
172.23.73.26;2023-10-09 11:22:34.328550;Erro;Erro;
172.23.73.26;2023-10-09 11:23:19.368557;Erro;Erro;
172.23.73.26;2023-10-09 11:24:02.396410;Erro;Erro;
172.23.73.26;2023-10-09 11:24:47.432881;Erro;Erro;
172.23.73.26;2023-10-09 11:25:30.456600;Erro;Erro;
172.23.73.26;2023-10-09 11:26:17.552617;Erro;Erro;
172.23.73.26;2023-10-10 11:54:49.092963;l version="1.0" encoding="iso-8859-1"?>
<!DOCTYPE html PUBLIC "-//W3C//DTD XHTML 1.0 Transitional//EN"
         "http://www.w3.org/TR/xhtml1/DTD/xhtml1-transitional.dtd">
<html xmlns="http://www.w3.org/1999/xhtml" xml:lang="en" lang="en">
 <head>
  <title>401 - Unauthorized</title>
 </head>
 <body>
  <h1>401 - Unauthorized</h1>
 </body>
</html>;l version="1.0" encoding="iso-8859-1"?>
<!DOCTYPE html PUBLIC "-//W3C//DTD XHTML 1.0 Transitional//EN"
         "http://www.w3.org/TR/xhtml1/DTD/xhtml1-transitional.dtd">
<html xmlns="http://www.w3.org/1999/xhtml" xml:lang="en" lang="en">
 <head>
  <title>401 - Unauthorized</title>
 </head>
 <body>
  <h1>401 - Unauthorized</h1>
 </body>
</html>
172.23.73.26;2023-10-10 11:55:30.213241;l version="1.0" encoding="iso-8859-1"?>
<!DOCTYPE html PUBLIC "-//W3C//DTD XHTML 1.0 Transitional//EN"
         "http://www.w3.org/TR/xhtml1/DTD/xhtml1-transitional.dtd">
<html xmlns="http://www.w3.org/1999/xhtml" xml:lang="en" lang="en">
 <head>
  <title>401 - Unauthorized</title>
 </head>
 <body>
  <h1>401 - Unauthorized</h1>
 </body>
</html>;l version="1.0" encoding="iso-8859-1"?>
<!DOCTYPE html PUBLIC "-//W3C//DTD XHTML 1.0 Transitional//EN"
         "http://www.w3.org/TR/xhtml1/DTD/xhtml1-transitional.dtd">
<html xmlns="http://www.w3.org/1999/xhtml" xml:lang="en" lang="en">
 <head>
  <title>401 - Unauthorized</title>
 </head>
 <body>
  <h1>401 - Unauthorized</h1>
 </body>
</html>
172.23.73.26;2023-10-10 11:56:12.276059;l version="1.0" encoding="iso-8859-1"?>
<!DOCTYPE html PUBLIC "-//W3C//DTD XHTML 1.0 Transitional//EN"
         "http://www.w3.org/TR/xhtml1/DTD/xhtml1-transitional.dtd">
<html xmlns="http://www.w3.org/1999/xhtml" xml:lang="en" lang="en">
 <head>
  <title>401 - Unauthorized</title>
 </head>
 <body>
  <h1>401 - Unauthorized</h1>
 </body>
</html>;l version="1.0" encoding="iso-8859-1"?>
<!DOCTYPE html PUBLIC "-//W3C//DTD XHTML 1.0 Transitional//EN"
         "http://www.w3.org/TR/xhtml1/DTD/xhtml1-transitional.dtd">
<html xmlns="http://www.w3.org/1999/xhtml" xml:lang="en" lang="en">
 <head>
  <title>401 - Unauthorized</title>
 </head>
 <body>
  <h1>401 - Unauthorized</h1>
 </body>
</html>
172.23.73.26;2023-10-10 11:59:04.668545;Erro;Erro;
172.23.73.26;2023-10-10 11:59:47.660543;Erro;Erro;
172.23.73.26;2023-10-10 12:00:28.625707;Erro;Erro;
172.23.73.26;2023-10-10 12:01:15.720615;Erro;Erro;
172.23.73.26;2023-10-10 12:01:56.692572;Erro;Erro;
172.23.73.26;2023-10-10 12:02:43.788547;Erro;Erro;
172.23.73.26;2023-10-10 12:03:26.792887;Erro;Erro;
172.23.73.26;2023-10-10 12:04:11.864571;Erro;Erro;
172.23.73.26;2023-10-10 12:04:54.868560;Erro;Erro;
172.23.73.26;2023-10-10 12:05:39.932543;Erro;Erro;
172.23.73.26;2023-10-10 12:06:22.932525;Erro;Erro;
172.23.73.26;2023-10-10 12:07:07.976567;Erro;Erro;
172.23.73.26;2023-10-10 12:07:48.948567;Erro;Erro;
172.23.73.26;2023-10-10 12:08:34.000543;Erro;Erro;
172.23.73.26;2023-10-10 12:09:14.956879;Erro;Erro;
172.23.73.26;2023-10-10 12:10:00.016787;Erro;Erro;
172.23.73.26;2023-10-10 12:10:45.080531;Erro;Erro;
172.23.73.26;2023-10-10 12:11:30.124806;Erro;Erro;
172.23.73.26;2023-10-10 12:12:15.196576;Erro;Erro;
172.23.73.26;2023-10-10 12:12:58.188838;Erro;Erro;
172.23.73.26;2023-10-10 12:13:43.252569;Erro;Erro;
172.23.73.26;2023-10-10 12:14:26.264556;Erro;Erro;
172.23.73.26;2023-10-10 12:15:13.352565;Erro;Erro;
172.23.73.26;2023-10-10 12:15:54.336623;Erro;Erro;
172.23.73.26;2023-10-10 12:16:41.420591;Erro;Erro;
172.23.73.26;2023-10-10 12:17:22.376567;Erro;Erro;
172.23.73.26;2023-10-10 12:18:07.460516;Erro;Erro;
172.23.73.26;2023-10-10 12:18:50.448544;Erro;Erro;
172.23.73.26;2023-10-10 12:19:33.456548;Erro;Erro;
172.23.73.26;2023-10-10 12:20:16.460544;Erro;Erro;
172.23.73.26;2023-10-10 12:20:59.476605;Erro;Erro;
172.23.73.26;2023-10-10 12:21:46.612528;Erro;Erro;
172.23.73.26;2023-10-10 12:22:27.540602;Erro;Erro;
172.23.73.26;2023-10-10 12:23:14.660567;Erro;Erro;
172.23.73.26;2023-10-10 12:23:57.660610;Erro;Erro;
172.23.73.26;2023-10-10 12:24:44.751270;Erro;Erro;
172.23.73.26;2023-10-10 12:25:27.772637;Erro;Erro;
172.23.73.26;2023-10-10 12:26:14.856564;Erro;Erro;
172.23.73.26;2023-10-10 12:26:57.876616;Erro;Erro;
172.23.73.26;2023-10-10 12:27:42.964597;Erro;Erro;
172.23.73.26;2023-10-10 12:28:27.976906;Erro;Erro;
172.23.73.26;2023-10-10 12:29:13.048554;Erro;Erro;
172.23.73.26;2023-10-10 12:29:58.117480;Erro;Erro;
172.23.73.26;2023-10-10 12:30:43.164554;Erro;Erro;
172.23.73.26;2023-10-10 12:31:26.176589;Erro;Erro;
172.23.73.26;2023-10-10 12:32:13.257679;Erro;Erro;
172.23.73.26;2023-10-10 12:32:56.284584;Erro;Erro;
172.23.73.26;2023-10-10 12:33:43.372547;Erro;Erro;
172.23.73.26;2023-10-10 12:34:26.376566;Erro;Erro;
172.23.73.26;2023-10-10 12:35:11.440809;Erro;Erro;
172.23.73.26;2023-10-10 12:35:56.488973;Erro;Erro;
172.23.73.26;2023-10-10 12:36:41.564594;Erro;Erro;
172.23.73.26;2023-10-10 12:37:24.560818;Erro;Erro;
172.23.73.26;2023-10-10 12:38:11.656564;Erro;Erro;
172.23.73.26;2023-10-10 12:38:54.676584;Erro;Erro;
172.23.73.26;2023-10-10 12:39:41.768563;Erro;Erro;
                                                   172.23.73.26;2023-10-23 10:12:58.620582;Erro;Erro;
172.23.73.26;2023-10-23 10:13:39.584584;Erro;Erro;
172.23.73.26;2023-10-23 10:14:22.596585;Erro;Erro;
172.23.73.26;2023-10-23 10:15:05.604585;Erro;Erro;
172.23.73.26;2023-10-23 10:15:48.608585;Erro;Erro;
172.23.73.26;2023-10-23 10:16:33.660585;Erro;Erro;
172.23.73.26;2023-10-23 10:17:16.672581;Erro;Erro;
172.23.73.26;2023-10-23 10:18:03.772576;Erro;Erro;
172.23.73.26;2023-10-23 10:18:46.796583;Erro;Erro;
172.23.73.26;2023-10-23 10:19:31.852602;Erro;Erro;
172.23.73.26;2023-10-23 10:20:16.912622;Erro;Erro;
172.23.73.26;2023-10-23 10:21:01.948598;Erro;Erro;
172.23.73.26;2023-10-23 10:21:47.008600;Erro;Erro;
172.23.73.26;2023-10-23 10:22:30.024668;Erro;Erro;
172.23.73.26;2023-10-23 10:23:15.080588;Erro;Erro;
172.23.73.26;2023-10-23 10:23:58.089401;Erro;Erro;
172.23.73.26;2023-10-23 10:24:45.184589;Erro;Erro;
172.23.73.26;2023-10-23 10:25:28.188908;Erro;Erro;
172.23.73.26;2023-10-23 10:26:13.272575;Erro;Erro;
172.23.73.26;2023-10-23 10:26:56.252592;Erro;Erro;
172.23.73.26;2023-10-23 10:27:43.356591;Erro;Erro;
172.23.73.26;2023-10-23 10:28:24.316597;Erro;Erro;
172.23.73.26;2023-10-23 10:29:11.428590;Erro;Erro;
172.23.73.26;2023-10-23 10:29:54.429372;Erro;Erro;
172.23.73.26;2023-10-23 10:30:37.452600;Erro;Erro;
172.23.73.26;2023-10-23 10:31:20.460604;Erro;Erro;
172.23.73.26;2023-10-23 10:32:09.612582;Erro;Erro;
172.23.73.26;2023-10-23 10:32:52.612708;Erro;Erro;
