172.23.73.225;2023-08-31 11:40:39.451852;Erro;Erro;
172.23.73.225;2023-08-31 11:45:42.807920;Erro;Erro;
172.23.73.225;2023-08-31 15:02:22.812405;Erro;Erro;
172.23.73.225;2023-08-31 15:03:48.823559;Erro;Erro;
172.23.73.225;2023-09-05 10:38:41.860825;CTYPE html>
<html lang="en">
<head>
<meta charset="utf-8">
<title>Error</title>
</head>
<body>
<pre>Cannot GET /CACHEDIR3070837190/xml/dynamic/merge.xml</pre>
</body>
</html>;CTYPE html>
<html lang="en">
<head>
<meta charset="utf-8">
<title>Error</title>
</head>
<body>
<pre>Cannot GET /CACHEDIR3070837190/xml/dynamic/merge.xml</pre>
</body>
</html>
172.23.73.225;2023-09-05 10:40:04.451593;CTYPE html>
<html lang="en">
<head>
<meta charset="utf-8">
<title>Error</title>
</head>
<body>
<pre>Cannot GET /CACHEDIR3070837190/xml/dynamic/merge.xml</pre>
</body>
</html>;CTYPE html>
<html lang="en">
<head>
<meta charset="utf-8">
<title>Error</title>
</head>
<body>
<pre>Cannot GET /CACHEDIR3070837190/xml/dynamic/merge.xml</pre>
</body>
</html>
172.23.73.225;2023-10-09 10:24:38.639460;CTYPE html>
<html lang="en">
<head>
<meta charset="utf-8">
<title>Error</title>
</head>
<body>
<pre>Cannot GET /CACHEDIR3070837190/xml/dynamic/merge.xml</pre>
</body>
</html>;CTYPE html>
<html lang="en">
<head>
<meta charset="utf-8">
<title>Error</title>
</head>
<body>
<pre>Cannot GET /CACHEDIR3070837190/xml/dynamic/merge.xml</pre>
</body>
</html>
172.23.73.225;2023-10-09 10:25:20.271726;CTYPE html>
<html lang="en">
<head>
<meta charset="utf-8">
<title>Error</title>
</head>
<body>
<pre>Cannot GET /CACHEDIR3070837190/xml/dynamic/merge.xml</pre>
</body>
</html>;CTYPE html>
<html lang="en">
<head>
<meta charset="utf-8">
<title>Error</title>
</head>
<body>
<pre>Cannot GET /CACHEDIR3070837190/xml/dynamic/merge.xml</pre>
</body>
</html>
172.23.73.225;2023-10-09 10:26:04.500838;CTYPE html>
<html lang="en">
<head>
<meta charset="utf-8">
<title>Error</title>
</head>
<body>
<pre>Cannot GET /CACHEDIR3070837190/xml/dynamic/merge.xml</pre>
</body>
</html>;CTYPE html>
<html lang="en">
<head>
<meta charset="utf-8">
<title>Error</title>
</head>
<body>
<pre>Cannot GET /CACHEDIR3070837190/xml/dynamic/merge.xml</pre>
</body>
</html>
172.23.73.225;2023-10-09 10:26:45.233377;CTYPE html>
<html lang="en">
<head>
<meta charset="utf-8">
<title>Error</title>
</head>
<body>
<pre>Cannot GET /CACHEDIR3070837190/xml/dynamic/merge.xml</pre>
</body>
</html>;CTYPE html>
<html lang="en">
<head>
<meta charset="utf-8">
<title>Error</title>
</head>
<body>
<pre>Cannot GET /CACHEDIR3070837190/xml/dynamic/merge.xml</pre>
</body>
</html>
172.23.73.225;2023-10-09 10:27:28.469595;CTYPE html>
<html lang="en">
<head>
<meta charset="utf-8">
<title>Error</title>
</head>
<body>
<pre>Cannot GET /CACHEDIR3070837190/xml/dynamic/merge.xml</pre>
</body>
</html>;CTYPE html>
<html lang="en">
<head>
<meta charset="utf-8">
<title>Error</title>
</head>
<body>
<pre>Cannot GET /CACHEDIR3070837190/xml/dynamic/merge.xml</pre>
</body>
</html>
172.23.73.225;2023-10-09 10:28:15.168028;CTYPE html>
<html lang="en">
<head>
<meta charset="utf-8">
<title>Error</title>
</head>
<body>
<pre>Cannot GET /CACHEDIR3070837190/xml/dynamic/merge.xml</pre>
</body>
</html>;CTYPE html>
<html lang="en">
<head>
<meta charset="utf-8">
<title>Error</title>
</head>
<body>
<pre>Cannot GET /CACHEDIR3070837190/xml/dynamic/merge.xml</pre>
</body>
</html>
172.23.73.225;2023-10-09 10:28:57.226038;CTYPE html>
<html lang="en">
<head>
<meta charset="utf-8">
<title>Error</title>
</head>
<body>
<pre>Cannot GET /CACHEDIR3070837190/xml/dynamic/merge.xml</pre>
</body>
</html>;CTYPE html>
<html lang="en">
<head>
<meta charset="utf-8">
<title>Error</title>
</head>
<body>
<pre>Cannot GET /CACHEDIR3070837190/xml/dynamic/merge.xml</pre>
</body>
</html>
172.23.73.225;2023-10-09 10:29:45.116827;CTYPE html>
<html lang="en">
<head>
<meta charset="utf-8">
<title>Error</title>
</head>
<body>
<pre>Cannot GET /CACHEDIR3070837190/xml/dynamic/merge.xml</pre>
</body>
</html>;CTYPE html>
<html lang="en">
<head>
<meta charset="utf-8">
<title>Error</title>
</head>
<body>
<pre>Cannot GET /CACHEDIR3070837190/xml/dynamic/merge.xml</pre>
</body>
</html>
172.23.73.225;2023-10-09 10:30:28.047728;CTYPE html>
<html lang="en">
<head>
<meta charset="utf-8">
<title>Error</title>
</head>
<body>
<pre>Cannot GET /CACHEDIR3070837190/xml/dynamic/merge.xml</pre>
</body>
</html>;CTYPE html>
<html lang="en">
<head>
<meta charset="utf-8">
<title>Error</title>
</head>
<body>
<pre>Cannot GET /CACHEDIR3070837190/xml/dynamic/merge.xml</pre>
</body>
</html>
172.23.73.225;2023-10-09 10:31:15.691962;CTYPE html>
<html lang="en">
<head>
<meta charset="utf-8">
<title>Error</title>
</head>
<body>
<pre>Cannot GET /CACHEDIR3070837190/xml/dynamic/merge.xml</pre>
</body>
</html>;CTYPE html>
<html lang="en">
<head>
<meta charset="utf-8">
<title>Error</title>
</head>
<body>
<pre>Cannot GET /CACHEDIR3070837190/xml/dynamic/merge.xml</pre>
</body>
</html>
172.23.73.225;2023-10-09 10:31:58.033485;CTYPE html>
<html lang="en">
<head>
<meta charset="utf-8">
<title>Error</title>
</head>
<body>
<pre>Cannot GET /CACHEDIR3070837190/xml/dynamic/merge.xml</pre>
</body>
</html>;CTYPE html>
<html lang="en">
<head>
<meta charset="utf-8">
<title>Error</title>
</head>
<body>
<pre>Cannot GET /CACHEDIR3070837190/xml/dynamic/merge.xml</pre>
</body>
</html>
172.23.73.225;2023-10-09 10:32:45.077228;CTYPE html>
<html lang="en">
<head>
<meta charset="utf-8">
<title>Error</title>
</head>
<body>
<pre>Cannot GET /CACHEDIR3070837190/xml/dynamic/merge.xml</pre>
</body>
</html>;CTYPE html>
<html lang="en">
<head>
<meta charset="utf-8">
<title>Error</title>
</head>
<body>
<pre>Cannot GET /CACHEDIR3070837190/xml/dynamic/merge.xml</pre>
</body>
</html>
172.23.73.225;2023-10-09 10:33:27.898225;CTYPE html>
<html lang="en">
<head>
<meta charset="utf-8">
<title>Error</title>
</head>
<body>
<pre>Cannot GET /CACHEDIR3070837190/xml/dynamic/merge.xml</pre>
</body>
</html>;CTYPE html>
<html lang="en">
<head>
<meta charset="utf-8">
<title>Error</title>
</head>
<body>
<pre>Cannot GET /CACHEDIR3070837190/xml/dynamic/merge.xml</pre>
</body>
</html>
172.23.73.225;2023-10-09 10:34:15.141910;CTYPE html>
<html lang="en">
<head>
<meta charset="utf-8">
<title>Error</title>
</head>
<body>
<pre>Cannot GET /CACHEDIR3070837190/xml/dynamic/merge.xml</pre>
</body>
</html>;CTYPE html>
<html lang="en">
<head>
<meta charset="utf-8">
<title>Error</title>
</head>
<body>
<pre>Cannot GET /CACHEDIR3070837190/xml/dynamic/merge.xml</pre>
</body>
</html>
172.23.73.225;2023-10-09 10:34:57.709080;CTYPE html>
<html lang="en">
<head>
<meta charset="utf-8">
<title>Error</title>
</head>
<body>
<pre>Cannot GET /CACHEDIR3070837190/xml/dynamic/merge.xml</pre>
</body>
</html>;CTYPE html>
<html lang="en">
<head>
<meta charset="utf-8">
<title>Error</title>
</head>
<body>
<pre>Cannot GET /CACHEDIR3070837190/xml/dynamic/merge.xml</pre>
</body>
</html>
172.23.73.225;2023-10-09 10:35:44.986190;CTYPE html>
<html lang="en">
<head>
<meta charset="utf-8">
<title>Error</title>
</head>
<body>
<pre>Cannot GET /CACHEDIR3070837190/xml/dynamic/merge.xml</pre>
</body>
</html>;CTYPE html>
<html lang="en">
<head>
<meta charset="utf-8">
<title>Error</title>
</head>
<body>
<pre>Cannot GET /CACHEDIR3070837190/xml/dynamic/merge.xml</pre>
</body>
</html>
172.23.73.225;2023-10-09 10:36:28.382251;CTYPE html>
<html lang="en">
<head>
<meta charset="utf-8">
<title>Error</title>
</head>
<body>
<pre>Cannot GET /CACHEDIR3070837190/xml/dynamic/merge.xml</pre>
</body>
</html>;CTYPE html>
<html lang="en">
<head>
<meta charset="utf-8">
<title>Error</title>
</head>
<body>
<pre>Cannot GET /CACHEDIR3070837190/xml/dynamic/merge.xml</pre>
</body>
</html>
172.23.73.225;2023-10-09 10:37:16.950178;CTYPE html>
<html lang="en">
<head>
<meta charset="utf-8">
<title>Error</title>
</head>
<body>
<pre>Cannot GET /CACHEDIR3070837190/xml/dynamic/merge.xml</pre>
</body>
</html>;CTYPE html>
<html lang="en">
<head>
<meta charset="utf-8">
<title>Error</title>
</head>
<body>
<pre>Cannot GET /CACHEDIR3070837190/xml/dynamic/merge.xml</pre>
</body>
</html>
172.23.73.225;2023-10-09 10:37:58.725661;CTYPE html>
<html lang="en">
<head>
<meta charset="utf-8">
<title>Error</title>
</head>
<body>
<pre>Cannot GET /CACHEDIR3070837190/xml/dynamic/merge.xml</pre>
</body>
</html>;CTYPE html>
<html lang="en">
<head>
<meta charset="utf-8">
<title>Error</title>
</head>
<body>
<pre>Cannot GET /CACHEDIR3070837190/xml/dynamic/merge.xml</pre>
</body>
</html>
172.23.73.225;2023-10-09 10:38:44.830068;CTYPE html>
<html lang="en">
<head>
<meta charset="utf-8">
<title>Error</title>
</head>
<body>
<pre>Cannot GET /CACHEDIR3070837190/xml/dynamic/merge.xml</pre>
</body>
</html>;CTYPE html>
<html lang="en">
<head>
<meta charset="utf-8">
<title>Error</title>
</head>
<body>
<pre>Cannot GET /CACHEDIR3070837190/xml/dynamic/merge.xml</pre>
</body>
</html>
172.23.73.225;2023-10-09 10:39:27.816025;CTYPE html>
<html lang="en">
<head>
<meta charset="utf-8">
<title>Error</title>
</head>
<body>
<pre>Cannot GET /CACHEDIR3070837190/xml/dynamic/merge.xml</pre>
</body>
</html>;CTYPE html>
<html lang="en">
<head>
<meta charset="utf-8">
<title>Error</title>
</head>
<body>
<pre>Cannot GET /CACHEDIR3070837190/xml/dynamic/merge.xml</pre>
</body>
</html>
172.23.73.225;2023-10-09 10:40:15.100518;CTYPE html>
<html lang="en">
<head>
<meta charset="utf-8">
<title>Error</title>
</head>
<body>
<pre>Cannot GET /CACHEDIR3070837190/xml/dynamic/merge.xml</pre>
</body>
</html>;CTYPE html>
<html lang="en">
<head>
<meta charset="utf-8">
<title>Error</title>
</head>
<body>
<pre>Cannot GET /CACHEDIR3070837190/xml/dynamic/merge.xml</pre>
</body>
</html>
172.23.73.225;2023-10-09 10:40:58.107228;CTYPE html>
<html lang="en">
<head>
<meta charset="utf-8">
<title>Error</title>
</head>
<body>
<pre>Cannot GET /CACHEDIR3070837190/xml/dynamic/merge.xml</pre>
</body>
</html>;CTYPE html>
<html lang="en">
<head>
<meta charset="utf-8">
<title>Error</title>
</head>
<body>
<pre>Cannot GET /CACHEDIR3070837190/xml/dynamic/merge.xml</pre>
</body>
</html>
172.23.73.225;2023-10-09 10:41:45.225897;CTYPE html>
<html lang="en">
<head>
<meta charset="utf-8">
<title>Error</title>
</head>
<body>
<pre>Cannot GET /CACHEDIR3070837190/xml/dynamic/merge.xml</pre>
</body>
</html>;CTYPE html>
<html lang="en">
<head>
<meta charset="utf-8">
<title>Error</title>
</head>
<body>
<pre>Cannot GET /CACHEDIR3070837190/xml/dynamic/merge.xml</pre>
</body>
</html>
172.23.73.225;2023-10-09 10:42:27.817894;CTYPE html>
<html lang="en">
<head>
<meta charset="utf-8">
<title>Error</title>
</head>
<body>
<pre>Cannot GET /CACHEDIR3070837190/xml/dynamic/merge.xml</pre>
</body>
</html>;CTYPE html>
<html lang="en">
<head>
<meta charset="utf-8">
<title>Error</title>
</head>
<body>
<pre>Cannot GET /CACHEDIR3070837190/xml/dynamic/merge.xml</pre>
</body>
</html>
172.23.73.225;2023-10-09 10:43:14.946857;CTYPE html>
<html lang="en">
<head>
<meta charset="utf-8">
<title>Error</title>
</head>
<body>
<pre>Cannot GET /CACHEDIR3070837190/xml/dynamic/merge.xml</pre>
</body>
</html>;CTYPE html>
<html lang="en">
<head>
<meta charset="utf-8">
<title>Error</title>
</head>
<body>
<pre>Cannot GET /CACHEDIR3070837190/xml/dynamic/merge.xml</pre>
</body>
</html>
172.23.73.225;2023-10-09 10:43:57.923789;CTYPE html>
<html lang="en">
<head>
<meta charset="utf-8">
<title>Error</title>
</head>
<body>
<pre>Cannot GET /CACHEDIR3070837190/xml/dynamic/merge.xml</pre>
</body>
</html>;CTYPE html>
<html lang="en">
<head>
<meta charset="utf-8">
<title>Error</title>
</head>
<body>
<pre>Cannot GET /CACHEDIR3070837190/xml/dynamic/merge.xml</pre>
</body>
</html>
172.23.73.225;2023-10-09 10:44:43.470308;CTYPE html>
<html lang="en">
<head>
<meta charset="utf-8">
<title>Error</title>
</head>
<body>
<pre>Cannot GET /CACHEDIR3070837190/xml/dynamic/merge.xml</pre>
</body>
</html>;CTYPE html>
<html lang="en">
<head>
<meta charset="utf-8">
<title>Error</title>
</head>
<body>
<pre>Cannot GET /CACHEDIR3070837190/xml/dynamic/merge.xml</pre>
</body>
</html>
172.23.73.225;2023-10-09 10:45:26.461378;CTYPE html>
<html lang="en">
<head>
<meta charset="utf-8">
<title>Error</title>
</head>
<body>
<pre>Cannot GET /CACHEDIR3070837190/xml/dynamic/merge.xml</pre>
</body>
</html>;CTYPE html>
<html lang="en">
<head>
<meta charset="utf-8">
<title>Error</title>
</head>
<body>
<pre>Cannot GET /CACHEDIR3070837190/xml/dynamic/merge.xml</pre>
</body>
</html>
172.23.73.225;2023-10-09 10:46:13.045874;CTYPE html>
<html lang="en">
<head>
<meta charset="utf-8">
<title>Error</title>
</head>
<body>
<pre>Cannot GET /CACHEDIR3070837190/xml/dynamic/merge.xml</pre>
</body>
</html>;CTYPE html>
<html lang="en">
<head>
<meta charset="utf-8">
<title>Error</title>
</head>
<body>
<pre>Cannot GET /CACHEDIR3070837190/xml/dynamic/merge.xml</pre>
</body>
</html>
172.23.73.225;2023-10-09 10:46:56.092305;CTYPE html>
<html lang="en">
<head>
<meta charset="utf-8">
<title>Error</title>
</head>
<body>
<pre>Cannot GET /CACHEDIR3070837190/xml/dynamic/merge.xml</pre>
</body>
</html>;CTYPE html>
<html lang="en">
<head>
<meta charset="utf-8">
<title>Error</title>
</head>
<body>
<pre>Cannot GET /CACHEDIR3070837190/xml/dynamic/merge.xml</pre>
</body>
</html>
172.23.73.225;2023-10-09 10:47:42.963632;CTYPE html>
<html lang="en">
<head>
<meta charset="utf-8">
<title>Error</title>
</head>
<body>
<pre>Cannot GET /CACHEDIR3070837190/xml/dynamic/merge.xml</pre>
</body>
</html>;CTYPE html>
<html lang="en">
<head>
<meta charset="utf-8">
<title>Error</title>
</head>
<body>
<pre>Cannot GET /CACHEDIR3070837190/xml/dynamic/merge.xml</pre>
</body>
</html>
172.23.73.225;2023-10-09 10:48:25.825914;CTYPE html>
<html lang="en">
<head>
<meta charset="utf-8">
<title>Error</title>
</head>
<body>
<pre>Cannot GET /CACHEDIR3070837190/xml/dynamic/merge.xml</pre>
</body>
</html>;CTYPE html>
<html lang="en">
<head>
<meta charset="utf-8">
<title>Error</title>
</head>
<body>
<pre>Cannot GET /CACHEDIR3070837190/xml/dynamic/merge.xml</pre>
</body>
</html>
172.23.73.225;2023-10-09 10:49:13.114359;CTYPE html>
<html lang="en">
<head>
<meta charset="utf-8">
<title>Error</title>
</head>
<body>
<pre>Cannot GET /CACHEDIR3070837190/xml/dynamic/merge.xml</pre>
</body>
</html>;CTYPE html>
<html lang="en">
<head>
<meta charset="utf-8">
<title>Error</title>
</head>
<body>
<pre>Cannot GET /CACHEDIR3070837190/xml/dynamic/merge.xml</pre>
</body>
</html>
172.23.73.225;2023-10-09 10:49:56.191153;CTYPE html>
<html lang="en">
<head>
<meta charset="utf-8">
<title>Error</title>
</head>
<body>
<pre>Cannot GET /CACHEDIR3070837190/xml/dynamic/merge.xml</pre>
</body>
</html>;CTYPE html>
<html lang="en">
<head>
<meta charset="utf-8">
<title>Error</title>
</head>
<body>
<pre>Cannot GET /CACHEDIR3070837190/xml/dynamic/merge.xml</pre>
</body>
</html>
172.23.73.225;2023-10-09 10:50:42.765087;CTYPE html>
<html lang="en">
<head>
<meta charset="utf-8">
<title>Error</title>
</head>
<body>
<pre>Cannot GET /CACHEDIR3070837190/xml/dynamic/merge.xml</pre>
</body>
</html>;CTYPE html>
<html lang="en">
<head>
<meta charset="utf-8">
<title>Error</title>
</head>
<body>
<pre>Cannot GET /CACHEDIR3070837190/xml/dynamic/merge.xml</pre>
</body>
</html>
172.23.73.225;2023-10-09 10:51:25.653557;CTYPE html>
<html lang="en">
<head>
<meta charset="utf-8">
<title>Error</title>
</head>
<body>
<pre>Cannot GET /CACHEDIR3070837190/xml/dynamic/merge.xml</pre>
</body>
</html>;CTYPE html>
<html lang="en">
<head>
<meta charset="utf-8">
<title>Error</title>
</head>
<body>
<pre>Cannot GET /CACHEDIR3070837190/xml/dynamic/merge.xml</pre>
</body>
</html>
172.23.73.225;2023-10-09 10:52:12.208225;CTYPE html>
<html lang="en">
<head>
<meta charset="utf-8">
<title>Error</title>
</head>
<body>
<pre>Cannot GET /CACHEDIR3070837190/xml/dynamic/merge.xml</pre>
</body>
</html>;CTYPE html>
<html lang="en">
<head>
<meta charset="utf-8">
<title>Error</title>
</head>
<body>
<pre>Cannot GET /CACHEDIR3070837190/xml/dynamic/merge.xml</pre>
</body>
</html>
172.23.73.225;2023-10-09 10:52:55.025552;CTYPE html>
<html lang="en">
<head>
<meta charset="utf-8">
<title>Error</title>
</head>
<body>
<pre>Cannot GET /CACHEDIR3070837190/xml/dynamic/merge.xml</pre>
</body>
</html>;CTYPE html>
<html lang="en">
<head>
<meta charset="utf-8">
<title>Error</title>
</head>
<body>
<pre>Cannot GET /CACHEDIR3070837190/xml/dynamic/merge.xml</pre>
</body>
</html>
172.23.73.225;2023-10-09 10:53:41.962877;CTYPE html>
<html lang="en">
<head>
<meta charset="utf-8">
<title>Error</title>
</head>
<body>
<pre>Cannot GET /CACHEDIR3070837190/xml/dynamic/merge.xml</pre>
</body>
</html>;CTYPE html>
<html lang="en">
<head>
<meta charset="utf-8">
<title>Error</title>
</head>
<body>
<pre>Cannot GET /CACHEDIR3070837190/xml/dynamic/merge.xml</pre>
</body>
</html>
172.23.73.225;2023-10-09 10:54:25.658069;CTYPE html>
<html lang="en">
<head>
<meta charset="utf-8">
<title>Error</title>
</head>
<body>
<pre>Cannot GET /CACHEDIR3070837190/xml/dynamic/merge.xml</pre>
</body>
</html>;CTYPE html>
<html lang="en">
<head>
<meta charset="utf-8">
<title>Error</title>
</head>
<body>
<pre>Cannot GET /CACHEDIR3070837190/xml/dynamic/merge.xml</pre>
</body>
</html>
172.23.73.225;2023-10-09 10:55:12.128292;CTYPE html>
<html lang="en">
<head>
<meta charset="utf-8">
<title>Error</title>
</head>
<body>
<pre>Cannot GET /CACHEDIR3070837190/xml/dynamic/merge.xml</pre>
</body>
</html>;CTYPE html>
<html lang="en">
<head>
<meta charset="utf-8">
<title>Error</title>
</head>
<body>
<pre>Cannot GET /CACHEDIR3070837190/xml/dynamic/merge.xml</pre>
</body>
</html>
172.23.73.225;2023-10-09 10:55:54.999474;CTYPE html>
<html lang="en">
<head>
<meta charset="utf-8">
<title>Error</title>
</head>
<body>
<pre>Cannot GET /CACHEDIR3070837190/xml/dynamic/merge.xml</pre>
</body>
</html>;CTYPE html>
<html lang="en">
<head>
<meta charset="utf-8">
<title>Error</title>
</head>
<body>
<pre>Cannot GET /CACHEDIR3070837190/xml/dynamic/merge.xml</pre>
</body>
</html>
172.23.73.225;2023-10-09 10:56:42.251411;CTYPE html>
<html lang="en">
<head>
<meta charset="utf-8">
<title>Error</title>
</head>
<body>
<pre>Cannot GET /CACHEDIR3070837190/xml/dynamic/merge.xml</pre>
</body>
</html>;CTYPE html>
<html lang="en">
<head>
<meta charset="utf-8">
<title>Error</title>
</head>
<body>
<pre>Cannot GET /CACHEDIR3070837190/xml/dynamic/merge.xml</pre>
</body>
</html>
172.23.73.225;2023-10-09 10:57:24.777884;CTYPE html>
<html lang="en">
<head>
<meta charset="utf-8">
<title>Error</title>
</head>
<body>
<pre>Cannot GET /CACHEDIR3070837190/xml/dynamic/merge.xml</pre>
</body>
</html>;CTYPE html>
<html lang="en">
<head>
<meta charset="utf-8">
<title>Error</title>
</head>
<body>
<pre>Cannot GET /CACHEDIR3070837190/xml/dynamic/merge.xml</pre>
</body>
</html>
172.23.73.225;2023-10-09 10:58:11.380014;CTYPE html>
<html lang="en">
<head>
<meta charset="utf-8">
<title>Error</title>
</head>
<body>
<pre>Cannot GET /CACHEDIR3070837190/xml/dynamic/merge.xml</pre>
</body>
</html>;CTYPE html>
<html lang="en">
<head>
<meta charset="utf-8">
<title>Error</title>
</head>
<body>
<pre>Cannot GET /CACHEDIR3070837190/xml/dynamic/merge.xml</pre>
</body>
</html>
172.23.73.225;2023-10-09 10:58:54.299740;CTYPE html>
<html lang="en">
<head>
<meta charset="utf-8">
<title>Error</title>
</head>
<body>
<pre>Cannot GET /CACHEDIR3070837190/xml/dynamic/merge.xml</pre>
</body>
</html>;CTYPE html>
<html lang="en">
<head>
<meta charset="utf-8">
<title>Error</title>
</head>
<body>
<pre>Cannot GET /CACHEDIR3070837190/xml/dynamic/merge.xml</pre>
</body>
</html>
172.23.73.225;2023-10-09 10:59:41.072407;CTYPE html>
<html lang="en">
<head>
<meta charset="utf-8">
<title>Error</title>
</head>
<body>
<pre>Cannot GET /CACHEDIR3070837190/xml/dynamic/merge.xml</pre>
</body>
</html>;CTYPE html>
<html lang="en">
<head>
<meta charset="utf-8">
<title>Error</title>
</head>
<body>
<pre>Cannot GET /CACHEDIR3070837190/xml/dynamic/merge.xml</pre>
</body>
</html>
172.23.73.225;2023-10-09 11:00:24.482978;CTYPE html>
<html lang="en">
<head>
<meta charset="utf-8">
<title>Error</title>
</head>
<body>
<pre>Cannot GET /CACHEDIR3070837190/xml/dynamic/merge.xml</pre>
</body>
</html>;CTYPE html>
<html lang="en">
<head>
<meta charset="utf-8">
<title>Error</title>
</head>
<body>
<pre>Cannot GET /CACHEDIR3070837190/xml/dynamic/merge.xml</pre>
</body>
</html>
172.23.73.225;2023-10-09 11:01:11.423451;CTYPE html>
<html lang="en">
<head>
<meta charset="utf-8">
<title>Error</title>
</head>
<body>
<pre>Cannot GET /CACHEDIR3070837190/xml/dynamic/merge.xml</pre>
</body>
</html>;CTYPE html>
<html lang="en">
<head>
<meta charset="utf-8">
<title>Error</title>
</head>
<body>
<pre>Cannot GET /CACHEDIR3070837190/xml/dynamic/merge.xml</pre>
</body>
</html>
172.23.73.225;2023-10-09 11:01:54.419487;CTYPE html>
<html lang="en">
<head>
<meta charset="utf-8">
<title>Error</title>
</head>
<body>
<pre>Cannot GET /CACHEDIR3070837190/xml/dynamic/merge.xml</pre>
</body>
</html>;CTYPE html>
<html lang="en">
<head>
<meta charset="utf-8">
<title>Error</title>
</head>
<body>
<pre>Cannot GET /CACHEDIR3070837190/xml/dynamic/merge.xml</pre>
</body>
</html>
172.23.73.225;2023-10-09 11:02:41.434824;CTYPE html>
<html lang="en">
<head>
<meta charset="utf-8">
<title>Error</title>
</head>
<body>
<pre>Cannot GET /CACHEDIR3070837190/xml/dynamic/merge.xml</pre>
</body>
</html>;CTYPE html>
<html lang="en">
<head>
<meta charset="utf-8">
<title>Error</title>
</head>
<body>
<pre>Cannot GET /CACHEDIR3070837190/xml/dynamic/merge.xml</pre>
</body>
</html>
172.23.73.225;2023-10-09 11:03:24.244535;Erro;Erro;
172.23.73.225;2023-10-09 11:04:11.545763;CTYPE html>
<html lang="en">
<head>
<meta charset="utf-8">
<title>Error</title>
</head>
<body>
<pre>Cannot GET /CACHEDIR3070837190/xml/dynamic/merge.xml</pre>
</body>
</html>;CTYPE html>
<html lang="en">
<head>
<meta charset="utf-8">
<title>Error</title>
</head>
<body>
<pre>Cannot GET /CACHEDIR3070837190/xml/dynamic/merge.xml</pre>
</body>
</html>
172.23.73.225;2023-10-09 11:04:53.785704;CTYPE html>
<html lang="en">
<head>
<meta charset="utf-8">
<title>Error</title>
</head>
<body>
<pre>Cannot GET /CACHEDIR3070837190/xml/dynamic/merge.xml</pre>
</body>
</html>;CTYPE html>
<html lang="en">
<head>
<meta charset="utf-8">
<title>Error</title>
</head>
<body>
<pre>Cannot GET /CACHEDIR3070837190/xml/dynamic/merge.xml</pre>
</body>
</html>
172.23.73.225;2023-10-09 11:05:41.036553;CTYPE html>
<html lang="en">
<head>
<meta charset="utf-8">
<title>Error</title>
</head>
<body>
<pre>Cannot GET /CACHEDIR3070837190/xml/dynamic/merge.xml</pre>
</body>
</html>;CTYPE html>
<html lang="en">
<head>
<meta charset="utf-8">
<title>Error</title>
</head>
<body>
<pre>Cannot GET /CACHEDIR3070837190/xml/dynamic/merge.xml</pre>
</body>
</html>
172.23.73.225;2023-10-09 11:06:24.970788;CTYPE html>
<html lang="en">
<head>
<meta charset="utf-8">
<title>Error</title>
</head>
<body>
<pre>Cannot GET /CACHEDIR3070837190/xml/dynamic/merge.xml</pre>
</body>
</html>;CTYPE html>
<html lang="en">
<head>
<meta charset="utf-8">
<title>Error</title>
</head>
<body>
<pre>Cannot GET /CACHEDIR3070837190/xml/dynamic/merge.xml</pre>
</body>
</html>
172.23.73.225;2023-10-09 11:07:10.621902;CTYPE html>
<html lang="en">
<head>
<meta charset="utf-8">
<title>Error</title>
</head>
<body>
<pre>Cannot GET /CACHEDIR3070837190/xml/dynamic/merge.xml</pre>
</body>
</html>;CTYPE html>
<html lang="en">
<head>
<meta charset="utf-8">
<title>Error</title>
</head>
<body>
<pre>Cannot GET /CACHEDIR3070837190/xml/dynamic/merge.xml</pre>
</body>
</html>
172.23.73.225;2023-10-09 11:07:53.558965;CTYPE html>
<html lang="en">
<head>
<meta charset="utf-8">
<title>Error</title>
</head>
<body>
<pre>Cannot GET /CACHEDIR3070837190/xml/dynamic/merge.xml</pre>
</body>
</html>;CTYPE html>
<html lang="en">
<head>
<meta charset="utf-8">
<title>Error</title>
</head>
<body>
<pre>Cannot GET /CACHEDIR3070837190/xml/dynamic/merge.xml</pre>
</body>
</html>
172.23.73.225;2023-10-09 11:08:40.287538;CTYPE html>
<html lang="en">
<head>
<meta charset="utf-8">
<title>Error</title>
</head>
<body>
<pre>Cannot GET /CACHEDIR3070837190/xml/dynamic/merge.xml</pre>
</body>
</html>;CTYPE html>
<html lang="en">
<head>
<meta charset="utf-8">
<title>Error</title>
</head>
<body>
<pre>Cannot GET /CACHEDIR3070837190/xml/dynamic/merge.xml</pre>
</body>
</html>
172.23.73.225;2023-10-09 11:09:23.159594;CTYPE html>
<html lang="en">
<head>
<meta charset="utf-8">
<title>Error</title>
</head>
<body>
<pre>Cannot GET /CACHEDIR3070837190/xml/dynamic/merge.xml</pre>
</body>
</html>;CTYPE html>
<html lang="en">
<head>
<meta charset="utf-8">
<title>Error</title>
</head>
<body>
<pre>Cannot GET /CACHEDIR3070837190/xml/dynamic/merge.xml</pre>
</body>
</html>
172.23.73.225;2023-10-09 11:10:10.333905;CTYPE html>
<html lang="en">
<head>
<meta charset="utf-8">
<title>Error</title>
</head>
<body>
<pre>Cannot GET /CACHEDIR3070837190/xml/dynamic/merge.xml</pre>
</body>
</html>;CTYPE html>
<html lang="en">
<head>
<meta charset="utf-8">
<title>Error</title>
</head>
<body>
<pre>Cannot GET /CACHEDIR3070837190/xml/dynamic/merge.xml</pre>
</body>
</html>
172.23.73.225;2023-10-09 11:10:52.845450;CTYPE html>
<html lang="en">
<head>
<meta charset="utf-8">
<title>Error</title>
</head>
<body>
<pre>Cannot GET /CACHEDIR3070837190/xml/dynamic/merge.xml</pre>
</body>
</html>;CTYPE html>
<html lang="en">
<head>
<meta charset="utf-8">
<title>Error</title>
</head>
<body>
<pre>Cannot GET /CACHEDIR3070837190/xml/dynamic/merge.xml</pre>
</body>
</html>
172.23.73.225;2023-10-09 11:11:40.170455;CTYPE html>
<html lang="en">
<head>
<meta charset="utf-8">
<title>Error</title>
</head>
<body>
<pre>Cannot GET /CACHEDIR3070837190/xml/dynamic/merge.xml</pre>
</body>
</html>;CTYPE html>
<html lang="en">
<head>
<meta charset="utf-8">
<title>Error</title>
</head>
<body>
<pre>Cannot GET /CACHEDIR3070837190/xml/dynamic/merge.xml</pre>
</body>
</html>
172.23.73.225;2023-10-09 11:12:22.857819;CTYPE html>
<html lang="en">
<head>
<meta charset="utf-8">
<title>Error</title>
</head>
<body>
<pre>Cannot GET /CACHEDIR3070837190/xml/dynamic/merge.xml</pre>
</body>
</html>;CTYPE html>
<html lang="en">
<head>
<meta charset="utf-8">
<title>Error</title>
</head>
<body>
<pre>Cannot GET /CACHEDIR3070837190/xml/dynamic/merge.xml</pre>
</body>
</html>
172.23.73.225;2023-10-09 11:13:09.899753;CTYPE html>
<html lang="en">
<head>
<meta charset="utf-8">
<title>Error</title>
</head>
<body>
<pre>Cannot GET /CACHEDIR3070837190/xml/dynamic/merge.xml</pre>
</body>
</html>;CTYPE html>
<html lang="en">
<head>
<meta charset="utf-8">
<title>Error</title>
</head>
<body>
<pre>Cannot GET /CACHEDIR3070837190/xml/dynamic/merge.xml</pre>
</body>
</html>
172.23.73.225;2023-10-09 11:13:52.624519;CTYPE html>
<html lang="en">
<head>
<meta charset="utf-8">
<title>Error</title>
</head>
<body>
<pre>Cannot GET /CACHEDIR3070837190/xml/dynamic/merge.xml</pre>
</body>
</html>;CTYPE html>
<html lang="en">
<head>
<meta charset="utf-8">
<title>Error</title>
</head>
<body>
<pre>Cannot GET /CACHEDIR3070837190/xml/dynamic/merge.xml</pre>
</body>
</html>
172.23.73.225;2023-10-09 11:14:38.831693;CTYPE html>
<html lang="en">
<head>
<meta charset="utf-8">
<title>Error</title>
</head>
<body>
<pre>Cannot GET /CACHEDIR3070837190/xml/dynamic/merge.xml</pre>
</body>
</html>;CTYPE html>
<html lang="en">
<head>
<meta charset="utf-8">
<title>Error</title>
</head>
<body>
<pre>Cannot GET /CACHEDIR3070837190/xml/dynamic/merge.xml</pre>
</body>
</html>
172.23.73.225;2023-10-09 11:15:21.026001;CTYPE html>
<html lang="en">
<head>
<meta charset="utf-8">
<title>Error</title>
</head>
<body>
<pre>Cannot GET /CACHEDIR3070837190/xml/dynamic/merge.xml</pre>
</body>
</html>;CTYPE html>
<html lang="en">
<head>
<meta charset="utf-8">
<title>Error</title>
</head>
<body>
<pre>Cannot GET /CACHEDIR3070837190/xml/dynamic/merge.xml</pre>
</body>
</html>
172.23.73.225;2023-10-09 11:16:07.725338;CTYPE html>
<html lang="en">
<head>
<meta charset="utf-8">
<title>Error</title>
</head>
<body>
<pre>Cannot GET /CACHEDIR3070837190/xml/dynamic/merge.xml</pre>
</body>
</html>;CTYPE html>
<html lang="en">
<head>
<meta charset="utf-8">
<title>Error</title>
</head>
<body>
<pre>Cannot GET /CACHEDIR3070837190/xml/dynamic/merge.xml</pre>
</body>
</html>
172.23.73.225;2023-10-09 11:16:51.078420;CTYPE html>
<html lang="en">
<head>
<meta charset="utf-8">
<title>Error</title>
</head>
<body>
<pre>Cannot GET /CACHEDIR3070837190/xml/dynamic/merge.xml</pre>
</body>
</html>;CTYPE html>
<html lang="en">
<head>
<meta charset="utf-8">
<title>Error</title>
</head>
<body>
<pre>Cannot GET /CACHEDIR3070837190/xml/dynamic/merge.xml</pre>
</body>
</html>
172.23.73.225;2023-10-09 11:17:37.592498;CTYPE html>
<html lang="en">
<head>
<meta charset="utf-8">
<title>Error</title>
</head>
<body>
<pre>Cannot GET /CACHEDIR3070837190/xml/dynamic/merge.xml</pre>
</body>
</html>;CTYPE html>
<html lang="en">
<head>
<meta charset="utf-8">
<title>Error</title>
</head>
<body>
<pre>Cannot GET /CACHEDIR3070837190/xml/dynamic/merge.xml</pre>
</body>
</html>
172.23.73.225;2023-10-09 11:18:20.960306;CTYPE html>
<html lang="en">
<head>
<meta charset="utf-8">
<title>Error</title>
</head>
<body>
<pre>Cannot GET /CACHEDIR3070837190/xml/dynamic/merge.xml</pre>
</body>
</html>;CTYPE html>
<html lang="en">
<head>
<meta charset="utf-8">
<title>Error</title>
</head>
<body>
<pre>Cannot GET /CACHEDIR3070837190/xml/dynamic/merge.xml</pre>
</body>
</html>
172.23.73.225;2023-10-09 11:19:08.775957;CTYPE html>
<html lang="en">
<head>
<meta charset="utf-8">
<title>Error</title>
</head>
<body>
<pre>Cannot GET /CACHEDIR3070837190/xml/dynamic/merge.xml</pre>
</body>
</html>;CTYPE html>
<html lang="en">
<head>
<meta charset="utf-8">
<title>Error</title>
</head>
<body>
<pre>Cannot GET /CACHEDIR3070837190/xml/dynamic/merge.xml</pre>
</body>
</html>
172.23.73.225;2023-10-09 11:19:51.761418;CTYPE html>
<html lang="en">
<head>
<meta charset="utf-8">
<title>Error</title>
</head>
<body>
<pre>Cannot GET /CACHEDIR3070837190/xml/dynamic/merge.xml</pre>
</body>
</html>;CTYPE html>
<html lang="en">
<head>
<meta charset="utf-8">
<title>Error</title>
</head>
<body>
<pre>Cannot GET /CACHEDIR3070837190/xml/dynamic/merge.xml</pre>
</body>
</html>
172.23.73.225;2023-10-09 11:20:38.314030;CTYPE html>
<html lang="en">
<head>
<meta charset="utf-8">
<title>Error</title>
</head>
<body>
<pre>Cannot GET /CACHEDIR3070837190/xml/dynamic/merge.xml</pre>
</body>
</html>;CTYPE html>
<html lang="en">
<head>
<meta charset="utf-8">
<title>Error</title>
</head>
<body>
<pre>Cannot GET /CACHEDIR3070837190/xml/dynamic/merge.xml</pre>
</body>
</html>
172.23.73.225;2023-10-09 11:21:19.882746;CTYPE html>
<html lang="en">
<head>
<meta charset="utf-8">
<title>Error</title>
</head>
<body>
<pre>Cannot GET /CACHEDIR3070837190/xml/dynamic/merge.xml</pre>
</body>
</html>;CTYPE html>
<html lang="en">
<head>
<meta charset="utf-8">
<title>Error</title>
</head>
<body>
<pre>Cannot GET /CACHEDIR3070837190/xml/dynamic/merge.xml</pre>
</body>
</html>
172.23.73.225;2023-10-09 11:22:06.163940;CTYPE html>
<html lang="en">
<head>
<meta charset="utf-8">
<title>Error</title>
</head>
<body>
<pre>Cannot GET /CACHEDIR3070837190/xml/dynamic/merge.xml</pre>
</body>
</html>;CTYPE html>
<html lang="en">
<head>
<meta charset="utf-8">
<title>Error</title>
</head>
<body>
<pre>Cannot GET /CACHEDIR3070837190/xml/dynamic/merge.xml</pre>
</body>
</html>
172.23.73.225;2023-10-09 11:22:48.833989;CTYPE html>
<html lang="en">
<head>
<meta charset="utf-8">
<title>Error</title>
</head>
<body>
<pre>Cannot GET /CACHEDIR3070837190/xml/dynamic/merge.xml</pre>
</body>
</html>;CTYPE html>
<html lang="en">
<head>
<meta charset="utf-8">
<title>Error</title>
</head>
<body>
<pre>Cannot GET /CACHEDIR3070837190/xml/dynamic/merge.xml</pre>
</body>
</html>
172.23.73.225;2023-10-09 11:23:35.233640;CTYPE html>
<html lang="en">
<head>
<meta charset="utf-8">
<title>Error</title>
</head>
<body>
<pre>Cannot GET /CACHEDIR3070837190/xml/dynamic/merge.xml</pre>
</body>
</html>;CTYPE html>
<html lang="en">
<head>
<meta charset="utf-8">
<title>Error</title>
</head>
<body>
<pre>Cannot GET /CACHEDIR3070837190/xml/dynamic/merge.xml</pre>
</body>
</html>
172.23.73.225;2023-10-10 11:57:09.964831;Erro;Erro;
172.23.73.225;2023-10-10 11:57:50.936544;Erro;Erro;
172.23.73.225;2023-10-10 11:58:33.936556;Erro;Erro;
172.23.73.225;2023-10-10 11:59:14.924552;Erro;Erro;
172.23.73.225;2023-10-10 11:59:57.899584;Erro;Erro;
172.23.73.225;2023-10-10 12:00:42.959425;Erro;Erro;
172.23.73.225;2023-10-10 12:01:25.968544;Erro;Erro;
172.23.73.225;2023-10-10 12:02:13.100682;Erro;Erro;
172.23.73.225;2023-10-10 12:02:56.074515;Erro;Erro;
172.23.73.225;2023-10-10 12:03:41.152564;Erro;Erro;
172.23.73.225;2023-10-10 12:04:24.176543;Erro;Erro;
172.23.73.225;2023-10-10 12:05:09.204831;Erro;Erro;
172.23.73.225;2023-10-10 12:05:52.224548;Erro;Erro;
172.23.73.225;2023-10-10 12:06:37.268608;Erro;Erro;
172.23.73.225;2023-10-10 12:07:18.240557;Erro;Erro;
172.23.73.225;2023-10-10 12:08:01.232585;Erro;Erro;
172.23.73.225;2023-10-10 12:08:44.252547;Erro;Erro;
172.23.73.225;2023-10-10 12:09:27.244233;Erro;Erro;
172.23.73.225;2023-10-10 12:10:14.360694;Erro;Erro;
172.23.73.225;2023-10-10 12:10:57.404559;Erro;Erro;
172.23.73.225;2023-10-10 12:11:44.456692;Erro;Erro;
172.23.73.225;2023-10-10 12:12:27.476565;Erro;Erro;
172.23.73.225;2023-10-10 12:13:12.544693;Erro;Erro;
172.23.73.225;2023-10-10 12:13:55.552551;Erro;Erro;
172.23.73.225;2023-10-10 12:14:42.640626;Erro;Erro;
172.23.73.225;2023-10-10 12:15:23.620543;Erro;Erro;
172.23.73.225;2023-10-10 12:15:57.996112;CTYPE html>
<html lang="en">
<head>
<meta charset="utf-8">
<title>Error</title>
</head>
<body>
<pre>Cannot GET /CACHEDIR3070837190/xml/dynamic/merge.xml</pre>
</body>
</html>;CTYPE html>
<html lang="en">
<head>
<meta charset="utf-8">
<title>Error</title>
</head>
<body>
<pre>Cannot GET /CACHEDIR3070837190/xml/dynamic/merge.xml</pre>
</body>
</html>
172.23.73.225;2023-10-10 12:16:08.684625;Erro;Erro;
172.23.73.225;2023-10-10 12:16:09.101544;CTYPE html>
<html lang="en">
<head>
<meta charset="utf-8">
<title>Error</title>
</head>
<body>
<pre>Cannot GET /CACHEDIR3070837190/xml/dynamic/merge.xml</pre>
</body>
</html>;CTYPE html>
<html lang="en">
<head>
<meta charset="utf-8">
<title>Error</title>
</head>
<body>
<pre>Cannot GET /CACHEDIR3070837190/xml/dynamic/merge.xml</pre>
</body>
</html>
172.23.73.225;2023-10-10 12:16:51.684566;Erro;Erro;
172.23.73.225;2023-10-10 12:16:52.459376;CTYPE html>
<html lang="en">
<head>
<meta charset="utf-8">
<title>Error</title>
</head>
<body>
<pre>Cannot GET /CACHEDIR3070837190/xml/dynamic/merge.xml</pre>
</body>
</html>;CTYPE html>
<html lang="en">
<head>
<meta charset="utf-8">
<title>Error</title>
</head>
<body>
<pre>Cannot GET /CACHEDIR3070837190/xml/dynamic/merge.xml</pre>
</body>
</html>
172.23.73.225;2023-10-10 12:17:35.096885;CTYPE html>
<html lang="en">
<head>
<meta charset="utf-8">
<title>Error</title>
</head>
<body>
<pre>Cannot GET /CACHEDIR3070837190/xml/dynamic/merge.xml</pre>
</body>
</html>;CTYPE html>
<html lang="en">
<head>
<meta charset="utf-8">
<title>Error</title>
</head>
<body>
<pre>Cannot GET /CACHEDIR3070837190/xml/dynamic/merge.xml</pre>
</body>
</html>
172.23.73.225;2023-10-10 12:18:17.638977;CTYPE html>
<html lang="en">
<head>
<meta charset="utf-8">
<title>Error</title>
</head>
<body>
<pre>Cannot GET /CACHEDIR3070837190/xml/dynamic/merge.xml</pre>
</body>
</html>;CTYPE html>
<html lang="en">
<head>
<meta charset="utf-8">
<title>Error</title>
</head>
<body>
<pre>Cannot GET /CACHEDIR3070837190/xml/dynamic/merge.xml</pre>
</body>
</html>
172.23.73.225;2023-10-10 12:19:03.747360;CTYPE html>
<html lang="en">
<head>
<meta charset="utf-8">
<title>Error</title>
</head>
<body>
<pre>Cannot GET /CACHEDIR3070837190/xml/dynamic/merge.xml</pre>
</body>
</html>;CTYPE html>
<html lang="en">
<head>
<meta charset="utf-8">
<title>Error</title>
</head>
<body>
<pre>Cannot GET /CACHEDIR3070837190/xml/dynamic/merge.xml</pre>
</body>
</html>
172.23.73.225;2023-10-10 12:19:46.894106;CTYPE html>
<html lang="en">
<head>
<meta charset="utf-8">
<title>Error</title>
</head>
<body>
<pre>Cannot GET /CACHEDIR3070837190/xml/dynamic/merge.xml</pre>
</body>
</html>;CTYPE html>
<html lang="en">
<head>
<meta charset="utf-8">
<title>Error</title>
</head>
<body>
<pre>Cannot GET /CACHEDIR3070837190/xml/dynamic/merge.xml</pre>
</body>
</html>
172.23.73.225;2023-10-10 12:20:33.453848;CTYPE html>
<html lang="en">
<head>
<meta charset="utf-8">
<title>Error</title>
</head>
<body>
<pre>Cannot GET /CACHEDIR3070837190/xml/dynamic/merge.xml</pre>
</body>
</html>;CTYPE html>
<html lang="en">
<head>
<meta charset="utf-8">
<title>Error</title>
</head>
<body>
<pre>Cannot GET /CACHEDIR3070837190/xml/dynamic/merge.xml</pre>
</body>
</html>
172.23.73.225;2023-10-10 12:21:16.765473;CTYPE html>
<html lang="en">
<head>
<meta charset="utf-8">
<title>Error</title>
</head>
<body>
<pre>Cannot GET /CACHEDIR3070837190/xml/dynamic/merge.xml</pre>
</body>
</html>;CTYPE html>
<html lang="en">
<head>
<meta charset="utf-8">
<title>Error</title>
</head>
<body>
<pre>Cannot GET /CACHEDIR3070837190/xml/dynamic/merge.xml</pre>
</body>
</html>
172.23.73.225;2023-10-10 12:22:03.442274;CTYPE html>
<html lang="en">
<head>
<meta charset="utf-8">
<title>Error</title>
</head>
<body>
<pre>Cannot GET /CACHEDIR3070837190/xml/dynamic/merge.xml</pre>
</body>
</html>;CTYPE html>
<html lang="en">
<head>
<meta charset="utf-8">
<title>Error</title>
</head>
<body>
<pre>Cannot GET /CACHEDIR3070837190/xml/dynamic/merge.xml</pre>
</body>
</html>
172.23.73.225;2023-10-10 12:22:46.569589;CTYPE html>
<html lang="en">
<head>
<meta charset="utf-8">
<title>Error</title>
</head>
<body>
<pre>Cannot GET /CACHEDIR3070837190/xml/dynamic/merge.xml</pre>
</body>
</html>;CTYPE html>
<html lang="en">
<head>
<meta charset="utf-8">
<title>Error</title>
</head>
<body>
<pre>Cannot GET /CACHEDIR3070837190/xml/dynamic/merge.xml</pre>
</body>
</html>
172.23.73.225;2023-10-10 12:23:33.168909;CTYPE html>
<html lang="en">
<head>
<meta charset="utf-8">
<title>Error</title>
</head>
<body>
<pre>Cannot GET /CACHEDIR3070837190/xml/dynamic/merge.xml</pre>
</body>
</html>;CTYPE html>
<html lang="en">
<head>
<meta charset="utf-8">
<title>Error</title>
</head>
<body>
<pre>Cannot GET /CACHEDIR3070837190/xml/dynamic/merge.xml</pre>
</body>
</html>
172.23.73.225;2023-10-10 12:24:16.309742;CTYPE html>
<html lang="en">
<head>
<meta charset="utf-8">
<title>Error</title>
</head>
<body>
<pre>Cannot GET /CACHEDIR3070837190/xml/dynamic/merge.xml</pre>
</body>
</html>;CTYPE html>
<html lang="en">
<head>
<meta charset="utf-8">
<title>Error</title>
</head>
<body>
<pre>Cannot GET /CACHEDIR3070837190/xml/dynamic/merge.xml</pre>
</body>
</html>
172.23.73.225;2023-10-10 12:25:03.052270;CTYPE html>
<html lang="en">
<head>
<meta charset="utf-8">
<title>Error</title>
</head>
<body>
<pre>Cannot GET /CACHEDIR3070837190/xml/dynamic/merge.xml</pre>
</body>
</html>;CTYPE html>
<html lang="en">
<head>
<meta charset="utf-8">
<title>Error</title>
</head>
<body>
<pre>Cannot GET /CACHEDIR3070837190/xml/dynamic/merge.xml</pre>
</body>
</html>
172.23.73.225;2023-10-10 12:25:45.784001;CTYPE html>
<html lang="en">
<head>
<meta charset="utf-8">
<title>Error</title>
</head>
<body>
<pre>Cannot GET /CACHEDIR3070837190/xml/dynamic/merge.xml</pre>
</body>
</html>;CTYPE html>
<html lang="en">
<head>
<meta charset="utf-8">
<title>Error</title>
</head>
<body>
<pre>Cannot GET /CACHEDIR3070837190/xml/dynamic/merge.xml</pre>
</body>
</html>
172.23.73.225;2023-10-10 12:26:32.262756;CTYPE html>
<html lang="en">
<head>
<meta charset="utf-8">
<title>Error</title>
</head>
<body>
<pre>Cannot GET /CACHEDIR3070837190/xml/dynamic/merge.xml</pre>
</body>
</html>;CTYPE html>
<html lang="en">
<head>
<meta charset="utf-8">
<title>Error</title>
</head>
<body>
<pre>Cannot GET /CACHEDIR3070837190/xml/dynamic/merge.xml</pre>
</body>
</html>
172.23.73.225;2023-10-10 12:27:15.330118;CTYPE html>
<html lang="en">
<head>
<meta charset="utf-8">
<title>Error</title>
</head>
<body>
<pre>Cannot GET /CACHEDIR3070837190/xml/dynamic/merge.xml</pre>
</body>
</html>;CTYPE html>
<html lang="en">
<head>
<meta charset="utf-8">
<title>Error</title>
</head>
<body>
<pre>Cannot GET /CACHEDIR3070837190/xml/dynamic/merge.xml</pre>
</body>
</html>
172.23.73.225;2023-10-10 12:28:01.789861;CTYPE html>
<html lang="en">
<head>
<meta charset="utf-8">
<title>Error</title>
</head>
<body>
<pre>Cannot GET /CACHEDIR3070837190/xml/dynamic/merge.xml</pre>
</body>
</html>;CTYPE html>
<html lang="en">
<head>
<meta charset="utf-8">
<title>Error</title>
</head>
<body>
<pre>Cannot GET /CACHEDIR3070837190/xml/dynamic/merge.xml</pre>
</body>
</html>
172.23.73.225;2023-10-10 12:28:45.007197;CTYPE html>
<html lang="en">
<head>
<meta charset="utf-8">
<title>Error</title>
</head>
<body>
<pre>Cannot GET /CACHEDIR3070837190/xml/dynamic/merge.xml</pre>
</body>
</html>;CTYPE html>
<html lang="en">
<head>
<meta charset="utf-8">
<title>Error</title>
</head>
<body>
<pre>Cannot GET /CACHEDIR3070837190/xml/dynamic/merge.xml</pre>
</body>
</html>
172.23.73.225;2023-10-10 12:29:31.725006;CTYPE html>
<html lang="en">
<head>
<meta charset="utf-8">
<title>Error</title>
</head>
<body>
<pre>Cannot GET /CACHEDIR3070837190/xml/dynamic/merge.xml</pre>
</body>
</html>;CTYPE html>
<html lang="en">
<head>
<meta charset="utf-8">
<title>Error</title>
</head>
<body>
<pre>Cannot GET /CACHEDIR3070837190/xml/dynamic/merge.xml</pre>
</body>
</html>
172.23.73.225;2023-10-10 12:30:14.965532;CTYPE html>
<html lang="en">
<head>
<meta charset="utf-8">
<title>Error</title>
</head>
<body>
<pre>Cannot GET /CACHEDIR3070837190/xml/dynamic/merge.xml</pre>
</body>
</html>;CTYPE html>
<html lang="en">
<head>
<meta charset="utf-8">
<title>Error</title>
</head>
<body>
<pre>Cannot GET /CACHEDIR3070837190/xml/dynamic/merge.xml</pre>
</body>
</html>
172.23.73.225;2023-10-10 12:31:01.810923;CTYPE html>
<html lang="en">
<head>
<meta charset="utf-8">
<title>Error</title>
</head>
<body>
<pre>Cannot GET /CACHEDIR3070837190/xml/dynamic/merge.xml</pre>
</body>
</html>;CTYPE html>
<html lang="en">
<head>
<meta charset="utf-8">
<title>Error</title>
</head>
<body>
<pre>Cannot GET /CACHEDIR3070837190/xml/dynamic/merge.xml</pre>
</body>
</html>
172.23.73.225;2023-10-10 12:31:44.335340;CTYPE html>
<html lang="en">
<head>
<meta charset="utf-8">
<title>Error</title>
</head>
<body>
<pre>Cannot GET /CACHEDIR3070837190/xml/dynamic/merge.xml</pre>
</body>
</html>;CTYPE html>
<html lang="en">
<head>
<meta charset="utf-8">
<title>Error</title>
</head>
<body>
<pre>Cannot GET /CACHEDIR3070837190/xml/dynamic/merge.xml</pre>
</body>
</html>
172.23.73.225;2023-10-10 12:32:30.865681;CTYPE html>
<html lang="en">
<head>
<meta charset="utf-8">
<title>Error</title>
</head>
<body>
<pre>Cannot GET /CACHEDIR3070837190/xml/dynamic/merge.xml</pre>
</body>
</html>;CTYPE html>
<html lang="en">
<head>
<meta charset="utf-8">
<title>Error</title>
</head>
<body>
<pre>Cannot GET /CACHEDIR3070837190/xml/dynamic/merge.xml</pre>
</body>
</html>
172.23.73.225;2023-10-10 12:33:13.894148;CTYPE html>
<html lang="en">
<head>
<meta charset="utf-8">
<title>Error</title>
</head>
<body>
<pre>Cannot GET /CACHEDIR3070837190/xml/dynamic/merge.xml</pre>
</body>
</html>;CTYPE html>
<html lang="en">
<head>
<meta charset="utf-8">
<title>Error</title>
</head>
<body>
<pre>Cannot GET /CACHEDIR3070837190/xml/dynamic/merge.xml</pre>
</body>
</html>
172.23.73.225;2023-10-10 12:34:00.581771;CTYPE html>
<html lang="en">
<head>
<meta charset="utf-8">
<title>Error</title>
</head>
<body>
<pre>Cannot GET /CACHEDIR3070837190/xml/dynamic/merge.xml</pre>
</body>
</html>;CTYPE html>
<html lang="en">
<head>
<meta charset="utf-8">
<title>Error</title>
</head>
<body>
<pre>Cannot GET /CACHEDIR3070837190/xml/dynamic/merge.xml</pre>
</body>
</html>
172.23.73.225;2023-10-10 12:34:43.666137;CTYPE html>
<html lang="en">
<head>
<meta charset="utf-8">
<title>Error</title>
</head>
<body>
<pre>Cannot GET /CACHEDIR3070837190/xml/dynamic/merge.xml</pre>
</body>
</html>;CTYPE html>
<html lang="en">
<head>
<meta charset="utf-8">
<title>Error</title>
</head>
<body>
<pre>Cannot GET /CACHEDIR3070837190/xml/dynamic/merge.xml</pre>
</body>
</html>
172.23.73.225;2023-10-10 12:35:30.198623;CTYPE html>
<html lang="en">
<head>
<meta charset="utf-8">
<title>Error</title>
</head>
<body>
<pre>Cannot GET /CACHEDIR3070837190/xml/dynamic/merge.xml</pre>
</body>
</html>;CTYPE html>
<html lang="en">
<head>
<meta charset="utf-8">
<title>Error</title>
</head>
<body>
<pre>Cannot GET /CACHEDIR3070837190/xml/dynamic/merge.xml</pre>
</body>
</html>
172.23.73.225;2023-10-10 12:36:13.144745;CTYPE html>
<html lang="en">
<head>
<meta charset="utf-8">
<title>Error</title>
</head>
<body>
<pre>Cannot GET /CACHEDIR3070837190/xml/dynamic/merge.xml</pre>
</body>
</html>;CTYPE html>
<html lang="en">
<head>
<meta charset="utf-8">
<title>Error</title>
</head>
<body>
<pre>Cannot GET /CACHEDIR3070837190/xml/dynamic/merge.xml</pre>
</body>
</html>
172.23.73.225;2023-10-10 12:36:59.961995;CTYPE html>
<html lang="en">
<head>
<meta charset="utf-8">
<title>Error</title>
</head>
<body>
<pre>Cannot GET /CACHEDIR3070837190/xml/dynamic/merge.xml</pre>
</body>
</html>;CTYPE html>
<html lang="en">
<head>
<meta charset="utf-8">
<title>Error</title>
</head>
<body>
<pre>Cannot GET /CACHEDIR3070837190/xml/dynamic/merge.xml</pre>
</body>
</html>
172.23.73.225;2023-10-10 12:37:42.517412;CTYPE html>
<html lang="en">
<head>
<meta charset="utf-8">
<title>Error</title>
</head>
<body>
<pre>Cannot GET /CACHEDIR3070837190/xml/dynamic/merge.xml</pre>
</body>
</html>;CTYPE html>
<html lang="en">
<head>
<meta charset="utf-8">
<title>Error</title>
</head>
<body>
<pre>Cannot GET /CACHEDIR3070837190/xml/dynamic/merge.xml</pre>
</body>
</html>
172.23.73.225;2023-10-10 12:38:29.019983;CTYPE html>
<html lang="en">
<head>
<meta charset="utf-8">
<title>Error</title>
</head>
<body>
<pre>Cannot GET /CACHEDIR3070837190/xml/dynamic/merge.xml</pre>
</body>
</html>;CTYPE html>
<html lang="en">
<head>
<meta charset="utf-8">
<title>Error</title>
</head>
<body>
<pre>Cannot GET /CACHEDIR3070837190/xml/dynamic/merge.xml</pre>
</body>
</html>
172.23.73.225;2023-10-10 12:39:11.868179;CTYPE html>
<html lang="en">
<head>
<meta charset="utf-8">
<title>Error</title>
</head>
<body>
<pre>Cannot GET /CACHEDIR3070837190/xml/dynamic/merge.xml</pre>
</body>
</html>;CTYPE html>
<html lang="en">
<head>
<meta charset="utf-8">
<title>Error</title>
</head>
<body>
<pre>Cannot GET /CACHEDIR3070837190/xml/dynamic/merge.xml</pre>
</body>
</html>
172.23.73.225;2023-10-10 12:39:57.921623;CTYPE html>
<html lang="en">
<head>
<meta charset="utf-8">
<title>Error</title>
</head>
<body>
<pre>Cannot GET /CACHEDIR3070837190/xml/dynamic/merge.xml</pre>
</body>
</html>;CTYPE html>
<html lang="en">
<head>
<meta charset="utf-8">
<title>Error</title>
</head>
<body>
<pre>Cannot GET /CACHEDIR3070837190/xml/dynamic/merge.xml</pre>
</body>
</html>
                                                                                                                                                                                                                                                                                                                                                                                                       172.23.73.225;2023-10-23 10:10:58.803734;CTYPE html>
<html lang="en">
<head>
<meta charset="utf-8">
<title>Error</title>
</head>
<body>
<pre>Cannot GET /CACHEDIR3070837190/xml/dynamic/merge.xml</pre>
</body>
</html>;CTYPE html>
<html lang="en">
<head>
<meta charset="utf-8">
<title>Error</title>
</head>
<body>
<pre>Cannot GET /CACHEDIR3070837190/xml/dynamic/merge.xml</pre>
</body>
</html>
172.23.73.225;2023-10-23 10:11:40.930134;CTYPE html>
<html lang="en">
<head>
<meta charset="utf-8">
<title>Error</title>
</head>
<body>
<pre>Cannot GET /CACHEDIR3070837190/xml/dynamic/merge.xml</pre>
</body>
</html>;CTYPE html>
<html lang="en">
<head>
<meta charset="utf-8">
<title>Error</title>
</head>
<body>
<pre>Cannot GET /CACHEDIR3070837190/xml/dynamic/merge.xml</pre>
</body>
</html>
172.23.73.225;2023-10-23 10:12:23.593909;CTYPE html>
<html lang="en">
<head>
<meta charset="utf-8">
<title>Error</title>
</head>
<body>
<pre>Cannot GET /CACHEDIR3070837190/xml/dynamic/merge.xml</pre>
</body>
</html>;CTYPE html>
<html lang="en">
<head>
<meta charset="utf-8">
<title>Error</title>
</head>
<body>
<pre>Cannot GET /CACHEDIR3070837190/xml/dynamic/merge.xml</pre>
</body>
</html>
172.23.73.225;2023-10-23 10:13:06.364009;CTYPE html>
<html lang="en">
<head>
<meta charset="utf-8">
<title>Error</title>
</head>
<body>
<pre>Cannot GET /CACHEDIR3070837190/xml/dynamic/merge.xml</pre>
</body>
</html>;CTYPE html>
<html lang="en">
<head>
<meta charset="utf-8">
<title>Error</title>
</head>
<body>
<pre>Cannot GET /CACHEDIR3070837190/xml/dynamic/merge.xml</pre>
</body>
</html>
172.23.73.225;2023-10-23 10:13:48.767061;CTYPE html>
<html lang="en">
<head>
<meta charset="utf-8">
<title>Error</title>
</head>
<body>
<pre>Cannot GET /CACHEDIR3070837190/xml/dynamic/merge.xml</pre>
</body>
</html>;CTYPE html>
<html lang="en">
<head>
<meta charset="utf-8">
<title>Error</title>
</head>
<body>
<pre>Cannot GET /CACHEDIR3070837190/xml/dynamic/merge.xml</pre>
</body>
</html>
172.23.73.225;2023-10-23 10:14:35.673667;CTYPE html>
<html lang="en">
<head>
<meta charset="utf-8">
<title>Error</title>
</head>
<body>
<pre>Cannot GET /CACHEDIR3070837190/xml/dynamic/merge.xml</pre>
</body>
</html>;CTYPE html>
<html lang="en">
<head>
<meta charset="utf-8">
<title>Error</title>
</head>
<body>
<pre>Cannot GET /CACHEDIR3070837190/xml/dynamic/merge.xml</pre>
</body>
</html>
172.23.73.225;2023-10-23 10:15:18.519329;CTYPE html>
<html lang="en">
<head>
<meta charset="utf-8">
<title>Error</title>
</head>
<body>
<pre>Cannot GET /CACHEDIR3070837190/xml/dynamic/merge.xml</pre>
</body>
</html>;CTYPE html>
<html lang="en">
<head>
<meta charset="utf-8">
<title>Error</title>
</head>
<body>
<pre>Cannot GET /CACHEDIR3070837190/xml/dynamic/merge.xml</pre>
</body>
</html>
172.23.73.225;2023-10-23 10:16:05.342333;CTYPE html>
<html lang="en">
<head>
<meta charset="utf-8">
<title>Error</title>
</head>
<body>
<pre>Cannot GET /CACHEDIR3070837190/xml/dynamic/merge.xml</pre>
</body>
</html>;CTYPE html>
<html lang="en">
<head>
<meta charset="utf-8">
<title>Error</title>
</head>
<body>
<pre>Cannot GET /CACHEDIR3070837190/xml/dynamic/merge.xml</pre>
</body>
</html>
172.23.73.225;2023-10-23 10:16:48.090967;CTYPE html>
<html lang="en">
<head>
<meta charset="utf-8">
<title>Error</title>
</head>
<body>
<pre>Cannot GET /CACHEDIR3070837190/xml/dynamic/merge.xml</pre>
</body>
</html>;CTYPE html>
<html lang="en">
<head>
<meta charset="utf-8">
<title>Error</title>
</head>
<body>
<pre>Cannot GET /CACHEDIR3070837190/xml/dynamic/merge.xml</pre>
</body>
</html>
172.23.73.225;2023-10-23 10:17:34.977236;CTYPE html>
<html lang="en">
<head>
<meta charset="utf-8">
<title>Error</title>
</head>
<body>
<pre>Cannot GET /CACHEDIR3070837190/xml/dynamic/merge.xml</pre>
</body>
</html>;CTYPE html>
<html lang="en">
<head>
<meta charset="utf-8">
<title>Error</title>
</head>
<body>
<pre>Cannot GET /CACHEDIR3070837190/xml/dynamic/merge.xml</pre>
</body>
</html>
172.23.73.225;2023-10-23 10:18:17.956520;CTYPE html>
<html lang="en">
<head>
<meta charset="utf-8">
<title>Error</title>
</head>
<body>
<pre>Cannot GET /CACHEDIR3070837190/xml/dynamic/merge.xml</pre>
</body>
</html>;CTYPE html>
<html lang="en">
<head>
<meta charset="utf-8">
<title>Error</title>
</head>
<body>
<pre>Cannot GET /CACHEDIR3070837190/xml/dynamic/merge.xml</pre>
</body>
</html>
172.23.73.225;2023-10-23 10:19:05.079100;CTYPE html>
<html lang="en">
<head>
<meta charset="utf-8">
<title>Error</title>
</head>
<body>
<pre>Cannot GET /CACHEDIR3070837190/xml/dynamic/merge.xml</pre>
</body>
</html>;CTYPE html>
<html lang="en">
<head>
<meta charset="utf-8">
<title>Error</title>
</head>
<body>
<pre>Cannot GET /CACHEDIR3070837190/xml/dynamic/merge.xml</pre>
</body>
</html>
172.23.73.225;2023-10-23 10:19:47.745206;CTYPE html>
<html lang="en">
<head>
<meta charset="utf-8">
<title>Error</title>
</head>
<body>
<pre>Cannot GET /CACHEDIR3070837190/xml/dynamic/merge.xml</pre>
</body>
</html>;CTYPE html>
<html lang="en">
<head>
<meta charset="utf-8">
<title>Error</title>
</head>
<body>
<pre>Cannot GET /CACHEDIR3070837190/xml/dynamic/merge.xml</pre>
</body>
</html>
172.23.73.225;2023-10-23 10:20:34.331239;CTYPE html>
<html lang="en">
<head>
<meta charset="utf-8">
<title>Error</title>
</head>
<body>
<pre>Cannot GET /CACHEDIR3070837190/xml/dynamic/merge.xml</pre>
</body>
</html>;CTYPE html>
<html lang="en">
<head>
<meta charset="utf-8">
<title>Error</title>
</head>
<body>
<pre>Cannot GET /CACHEDIR3070837190/xml/dynamic/merge.xml</pre>
</body>
</html>
172.23.73.225;2023-10-23 10:21:16.840022;CTYPE html>
<html lang="en">
<head>
<meta charset="utf-8">
<title>Error</title>
</head>
<body>
<pre>Cannot GET /CACHEDIR3070837190/xml/dynamic/merge.xml</pre>
</body>
</html>;CTYPE html>
<html lang="en">
<head>
<meta charset="utf-8">
<title>Error</title>
</head>
<body>
<pre>Cannot GET /CACHEDIR3070837190/xml/dynamic/merge.xml</pre>
</body>
</html>
172.23.73.225;2023-10-23 10:22:03.338741;CTYPE html>
<html lang="en">
<head>
<meta charset="utf-8">
<title>Error</title>
</head>
<body>
<pre>Cannot GET /CACHEDIR3070837190/xml/dynamic/merge.xml</pre>
</body>
</html>;CTYPE html>
<html lang="en">
<head>
<meta charset="utf-8">
<title>Error</title>
</head>
<body>
<pre>Cannot GET /CACHEDIR3070837190/xml/dynamic/merge.xml</pre>
</body>
</html>
172.23.73.225;2023-10-23 10:22:47.106466;CTYPE html>
<html lang="en">
<head>
<meta charset="utf-8">
<title>Error</title>
</head>
<body>
<pre>Cannot GET /CACHEDIR3070837190/xml/dynamic/merge.xml</pre>
</body>
</html>;CTYPE html>
<html lang="en">
<head>
<meta charset="utf-8">
<title>Error</title>
</head>
<body>
<pre>Cannot GET /CACHEDIR3070837190/xml/dynamic/merge.xml</pre>
</body>
</html>
172.23.73.225;2023-10-23 10:23:32.693892;CTYPE html>
<html lang="en">
<head>
<meta charset="utf-8">
<title>Error</title>
</head>
<body>
<pre>Cannot GET /CACHEDIR3070837190/xml/dynamic/merge.xml</pre>
</body>
</html>;CTYPE html>
<html lang="en">
<head>
<meta charset="utf-8">
<title>Error</title>
</head>
<body>
<pre>Cannot GET /CACHEDIR3070837190/xml/dynamic/merge.xml</pre>
</body>
</html>
172.23.73.225;2023-10-23 10:24:15.215090;CTYPE html>
<html lang="en">
<head>
<meta charset="utf-8">
<title>Error</title>
</head>
<body>
<pre>Cannot GET /CACHEDIR3070837190/xml/dynamic/merge.xml</pre>
</body>
</html>;CTYPE html>
<html lang="en">
<head>
<meta charset="utf-8">
<title>Error</title>
</head>
<body>
<pre>Cannot GET /CACHEDIR3070837190/xml/dynamic/merge.xml</pre>
</body>
</html>
172.23.73.225;2023-10-23 10:25:02.805878;CTYPE html>
<html lang="en">
<head>
<meta charset="utf-8">
<title>Error</title>
</head>
<body>
<pre>Cannot GET /CACHEDIR3070837190/xml/dynamic/merge.xml</pre>
</body>
</html>;CTYPE html>
<html lang="en">
<head>
<meta charset="utf-8">
<title>Error</title>
</head>
<body>
<pre>Cannot GET /CACHEDIR3070837190/xml/dynamic/merge.xml</pre>
</body>
</html>
172.23.73.225;2023-10-23 10:25:44.246123;CTYPE html>
<html lang="en">
<head>
<meta charset="utf-8">
<title>Error</title>
</head>
<body>
<pre>Cannot GET /CACHEDIR3070837190/xml/dynamic/merge.xml</pre>
</body>
</html>;CTYPE html>
<html lang="en">
<head>
<meta charset="utf-8">
<title>Error</title>
</head>
<body>
<pre>Cannot GET /CACHEDIR3070837190/xml/dynamic/merge.xml</pre>
</body>
</html>
172.23.73.225;2023-10-23 10:26:29.988970;CTYPE html>
<html lang="en">
<head>
<meta charset="utf-8">
<title>Error</title>
</head>
<body>
<pre>Cannot GET /CACHEDIR3070837190/xml/dynamic/merge.xml</pre>
</body>
</html>;CTYPE html>
<html lang="en">
<head>
<meta charset="utf-8">
<title>Error</title>
</head>
<body>
<pre>Cannot GET /CACHEDIR3070837190/xml/dynamic/merge.xml</pre>
</body>
</html>
172.23.73.225;2023-10-23 10:27:12.474219;CTYPE html>
<html lang="en">
<head>
<meta charset="utf-8">
<title>Error</title>
</head>
<body>
<pre>Cannot GET /CACHEDIR3070837190/xml/dynamic/merge.xml</pre>
</body>
</html>;CTYPE html>
<html lang="en">
<head>
<meta charset="utf-8">
<title>Error</title>
</head>
<body>
<pre>Cannot GET /CACHEDIR3070837190/xml/dynamic/merge.xml</pre>
</body>
</html>
172.23.73.225;2023-10-23 10:27:57.819089;CTYPE html>
<html lang="en">
<head>
<meta charset="utf-8">
<title>Error</title>
</head>
<body>
<pre>Cannot GET /CACHEDIR3070837190/xml/dynamic/merge.xml</pre>
</body>
</html>;CTYPE html>
<html lang="en">
<head>
<meta charset="utf-8">
<title>Error</title>
</head>
<body>
<pre>Cannot GET /CACHEDIR3070837190/xml/dynamic/merge.xml</pre>
</body>
</html>
172.23.73.225;2023-10-23 10:28:39.218118;CTYPE html>
<html lang="en">
<head>
<meta charset="utf-8">
<title>Error</title>
</head>
<body>
<pre>Cannot GET /CACHEDIR3070837190/xml/dynamic/merge.xml</pre>
</body>
</html>;CTYPE html>
<html lang="en">
<head>
<meta charset="utf-8">
<title>Error</title>
</head>
<body>
<pre>Cannot GET /CACHEDIR3070837190/xml/dynamic/merge.xml</pre>
</body>
</html>
172.23.73.225;2023-10-23 10:29:22.880008;CTYPE html>
<html lang="en">
<head>
<meta charset="utf-8">
<title>Error</title>
</head>
<body>
<pre>Cannot GET /CACHEDIR3070837190/xml/dynamic/merge.xml</pre>
</body>
</html>;CTYPE html>
<html lang="en">
<head>
<meta charset="utf-8">
<title>Error</title>
</head>
<body>
<pre>Cannot GET /CACHEDIR3070837190/xml/dynamic/merge.xml</pre>
</body>
</html>
172.23.73.225;2023-10-23 10:30:11.131929;CTYPE html>
<html lang="en">
<head>
<meta charset="utf-8">
<title>Error</title>
</head>
<body>
<pre>Cannot GET /CACHEDIR3070837190/xml/dynamic/merge.xml</pre>
</body>
</html>;CTYPE html>
<html lang="en">
<head>
<meta charset="utf-8">
<title>Error</title>
</head>
<body>
<pre>Cannot GET /CACHEDIR3070837190/xml/dynamic/merge.xml</pre>
</body>
</html>
172.23.73.225;2023-10-23 10:30:56.856723;CTYPE html>
<html lang="en">
<head>
<meta charset="utf-8">
<title>Error</title>
</head>
<body>
<pre>Cannot GET /CACHEDIR3070837190/xml/dynamic/merge.xml</pre>
</body>
</html>;CTYPE html>
<html lang="en">
<head>
<meta charset="utf-8">
<title>Error</title>
</head>
<body>
<pre>Cannot GET /CACHEDIR3070837190/xml/dynamic/merge.xml</pre>
</body>
</html>
