172.23.73.16;2023-08-30 11:15:43.820364;l version="1.0" encoding="iso-8859-1"?>
<!DOCTYPE html PUBLIC "-//W3C//DTD XHTML 1.0 Transitional//EN"
         "http://www.w3.org/TR/xhtml1/DTD/xhtml1-transitional.dtd">
<html xmlns="http://www.w3.org/1999/xhtml" xml:lang="en" lang="en">
 <head>
  <title>401 - Unauthorized</title>
 </head>
 <body>
  <h1>401 - Unauthorized</h1>
 </body>
</html>;l version="1.0" encoding="iso-8859-1"?>
<!DOCTYPE html PUBLIC "-//W3C//DTD XHTML 1.0 Transitional//EN"
         "http://www.w3.org/TR/xhtml1/DTD/xhtml1-transitional.dtd">
<html xmlns="http://www.w3.org/1999/xhtml" xml:lang="en" lang="en">
 <head>
  <title>401 - Unauthorized</title>
 </head>
 <body>
  <h1>401 - Unauthorized</h1>
 </body>
</html>
172.23.73.16;2023-08-31 11:38:20.032620;l version="1.0" encoding="iso-8859-1"?>
<!DOCTYPE html PUBLIC "-//W3C//DTD XHTML 1.0 Transitional//EN"
         "http://www.w3.org/TR/xhtml1/DTD/xhtml1-transitional.dtd">
<html xmlns="http://www.w3.org/1999/xhtml" xml:lang="en" lang="en">
 <head>
  <title>401 - Unauthorized</title>
 </head>
 <body>
  <h1>401 - Unauthorized</h1>
 </body>
</html>;l version="1.0" encoding="iso-8859-1"?>
<!DOCTYPE html PUBLIC "-//W3C//DTD XHTML 1.0 Transitional//EN"
         "http://www.w3.org/TR/xhtml1/DTD/xhtml1-transitional.dtd">
<html xmlns="http://www.w3.org/1999/xhtml" xml:lang="en" lang="en">
 <head>
  <title>401 - Unauthorized</title>
 </head>
 <body>
  <h1>401 - Unauthorized</h1>
 </body>
</html>
172.23.73.16;2023-08-31 11:39:18.203483;l version="1.0" encoding="iso-8859-1"?>
<!DOCTYPE html PUBLIC "-//W3C//DTD XHTML 1.0 Transitional//EN"
         "http://www.w3.org/TR/xhtml1/DTD/xhtml1-transitional.dtd">
<html xmlns="http://www.w3.org/1999/xhtml" xml:lang="en" lang="en">
 <head>
  <title>401 - Unauthorized</title>
 </head>
 <body>
  <h1>401 - Unauthorized</h1>
 </body>
</html>;l version="1.0" encoding="iso-8859-1"?>
<!DOCTYPE html PUBLIC "-//W3C//DTD XHTML 1.0 Transitional//EN"
         "http://www.w3.org/TR/xhtml1/DTD/xhtml1-transitional.dtd">
<html xmlns="http://www.w3.org/1999/xhtml" xml:lang="en" lang="en">
 <head>
  <title>401 - Unauthorized</title>
 </head>
 <body>
  <h1>401 - Unauthorized</h1>
 </body>
</html>
172.23.73.16;2023-08-31 11:43:05.467603;l version="1.0" encoding="iso-8859-1"?>
<!DOCTYPE html PUBLIC "-//W3C//DTD XHTML 1.0 Transitional//EN"
         "http://www.w3.org/TR/xhtml1/DTD/xhtml1-transitional.dtd">
<html xmlns="http://www.w3.org/1999/xhtml" xml:lang="en" lang="en">
 <head>
  <title>401 - Unauthorized</title>
 </head>
 <body>
  <h1>401 - Unauthorized</h1>
 </body>
</html>;l version="1.0" encoding="iso-8859-1"?>
<!DOCTYPE html PUBLIC "-//W3C//DTD XHTML 1.0 Transitional//EN"
         "http://www.w3.org/TR/xhtml1/DTD/xhtml1-transitional.dtd">
<html xmlns="http://www.w3.org/1999/xhtml" xml:lang="en" lang="en">
 <head>
  <title>401 - Unauthorized</title>
 </head>
 <body>
  <h1>401 - Unauthorized</h1>
 </body>
</html>
172.23.73.16;2023-08-31 15:02:56.426994;Erro;Erro;
172.23.73.16;2023-08-31 15:04:15.447306;Erro;Erro;
172.23.73.16;2023-09-05 10:38:33.465720;l version="1.0" encoding="iso-8859-1"?>
<!DOCTYPE html PUBLIC "-//W3C//DTD XHTML 1.0 Transitional//EN"
         "http://www.w3.org/TR/xhtml1/DTD/xhtml1-transitional.dtd">
<html xmlns="http://www.w3.org/1999/xhtml" xml:lang="en" lang="en">
 <head>
  <title>401 - Unauthorized</title>
 </head>
 <body>
  <h1>401 - Unauthorized</h1>
 </body>
</html>;l version="1.0" encoding="iso-8859-1"?>
<!DOCTYPE html PUBLIC "-//W3C//DTD XHTML 1.0 Transitional//EN"
         "http://www.w3.org/TR/xhtml1/DTD/xhtml1-transitional.dtd">
<html xmlns="http://www.w3.org/1999/xhtml" xml:lang="en" lang="en">
 <head>
  <title>401 - Unauthorized</title>
 </head>
 <body>
  <h1>401 - Unauthorized</h1>
 </body>
</html>
172.23.73.16;2023-09-05 10:39:13.128946;l version="1.0" encoding="iso-8859-1"?>
<!DOCTYPE html PUBLIC "-//W3C//DTD XHTML 1.0 Transitional//EN"
         "http://www.w3.org/TR/xhtml1/DTD/xhtml1-transitional.dtd">
<html xmlns="http://www.w3.org/1999/xhtml" xml:lang="en" lang="en">
 <head>
  <title>401 - Unauthorized</title>
 </head>
 <body>
  <h1>401 - Unauthorized</h1>
 </body>
</html>;l version="1.0" encoding="iso-8859-1"?>
<!DOCTYPE html PUBLIC "-//W3C//DTD XHTML 1.0 Transitional//EN"
         "http://www.w3.org/TR/xhtml1/DTD/xhtml1-transitional.dtd">
<html xmlns="http://www.w3.org/1999/xhtml" xml:lang="en" lang="en">
 <head>
  <title>401 - Unauthorized</title>
 </head>
 <body>
  <h1>401 - Unauthorized</h1>
 </body>
</html>
172.23.73.16;2023-10-09 10:24:27.426527;l version="1.0" encoding="iso-8859-1"?>
<!DOCTYPE html PUBLIC "-//W3C//DTD XHTML 1.0 Transitional//EN"
         "http://www.w3.org/TR/xhtml1/DTD/xhtml1-transitional.dtd">
<html xmlns="http://www.w3.org/1999/xhtml" xml:lang="en" lang="en">
 <head>
  <title>401 - Unauthorized</title>
 </head>
 <body>
  <h1>401 - Unauthorized</h1>
 </body>
</html>;l version="1.0" encoding="iso-8859-1"?>
<!DOCTYPE html PUBLIC "-//W3C//DTD XHTML 1.0 Transitional//EN"
         "http://www.w3.org/TR/xhtml1/DTD/xhtml1-transitional.dtd">
<html xmlns="http://www.w3.org/1999/xhtml" xml:lang="en" lang="en">
 <head>
  <title>401 - Unauthorized</title>
 </head>
 <body>
  <h1>401 - Unauthorized</h1>
 </body>
</html>
172.23.73.16;2023-10-09 10:25:09.425682;l version="1.0" encoding="iso-8859-1"?>
<!DOCTYPE html PUBLIC "-//W3C//DTD XHTML 1.0 Transitional//EN"
         "http://www.w3.org/TR/xhtml1/DTD/xhtml1-transitional.dtd">
<html xmlns="http://www.w3.org/1999/xhtml" xml:lang="en" lang="en">
 <head>
  <title>401 - Unauthorized</title>
 </head>
 <body>
  <h1>401 - Unauthorized</h1>
 </body>
</html>;l version="1.0" encoding="iso-8859-1"?>
<!DOCTYPE html PUBLIC "-//W3C//DTD XHTML 1.0 Transitional//EN"
         "http://www.w3.org/TR/xhtml1/DTD/xhtml1-transitional.dtd">
<html xmlns="http://www.w3.org/1999/xhtml" xml:lang="en" lang="en">
 <head>
  <title>401 - Unauthorized</title>
 </head>
 <body>
  <h1>401 - Unauthorized</h1>
 </body>
</html>
172.23.73.16;2023-10-09 10:25:50.948562;l version="1.0" encoding="iso-8859-1"?>
<!DOCTYPE html PUBLIC "-//W3C//DTD XHTML 1.0 Transitional//EN"
         "http://www.w3.org/TR/xhtml1/DTD/xhtml1-transitional.dtd">
<html xmlns="http://www.w3.org/1999/xhtml" xml:lang="en" lang="en">
 <head>
  <title>401 - Unauthorized</title>
 </head>
 <body>
  <h1>401 - Unauthorized</h1>
 </body>
</html>;l version="1.0" encoding="iso-8859-1"?>
<!DOCTYPE html PUBLIC "-//W3C//DTD XHTML 1.0 Transitional//EN"
         "http://www.w3.org/TR/xhtml1/DTD/xhtml1-transitional.dtd">
<html xmlns="http://www.w3.org/1999/xhtml" xml:lang="en" lang="en">
 <head>
  <title>401 - Unauthorized</title>
 </head>
 <body>
  <h1>401 - Unauthorized</h1>
 </body>
</html>
172.23.73.16;2023-10-09 10:26:33.309437;l version="1.0" encoding="iso-8859-1"?>
<!DOCTYPE html PUBLIC "-//W3C//DTD XHTML 1.0 Transitional//EN"
         "http://www.w3.org/TR/xhtml1/DTD/xhtml1-transitional.dtd">
<html xmlns="http://www.w3.org/1999/xhtml" xml:lang="en" lang="en">
 <head>
  <title>401 - Unauthorized</title>
 </head>
 <body>
  <h1>401 - Unauthorized</h1>
 </body>
</html>;l version="1.0" encoding="iso-8859-1"?>
<!DOCTYPE html PUBLIC "-//W3C//DTD XHTML 1.0 Transitional//EN"
         "http://www.w3.org/TR/xhtml1/DTD/xhtml1-transitional.dtd">
<html xmlns="http://www.w3.org/1999/xhtml" xml:lang="en" lang="en">
 <head>
  <title>401 - Unauthorized</title>
 </head>
 <body>
  <h1>401 - Unauthorized</h1>
 </body>
</html>
172.23.73.16;2023-10-09 10:27:15.781261;l version="1.0" encoding="iso-8859-1"?>
<!DOCTYPE html PUBLIC "-//W3C//DTD XHTML 1.0 Transitional//EN"
         "http://www.w3.org/TR/xhtml1/DTD/xhtml1-transitional.dtd">
<html xmlns="http://www.w3.org/1999/xhtml" xml:lang="en" lang="en">
 <head>
  <title>401 - Unauthorized</title>
 </head>
 <body>
  <h1>401 - Unauthorized</h1>
 </body>
</html>;l version="1.0" encoding="iso-8859-1"?>
<!DOCTYPE html PUBLIC "-//W3C//DTD XHTML 1.0 Transitional//EN"
         "http://www.w3.org/TR/xhtml1/DTD/xhtml1-transitional.dtd">
<html xmlns="http://www.w3.org/1999/xhtml" xml:lang="en" lang="en">
 <head>
  <title>401 - Unauthorized</title>
 </head>
 <body>
  <h1>401 - Unauthorized</h1>
 </body>
</html>
172.23.73.16;2023-10-09 10:27:59.869239;l version="1.0" encoding="iso-8859-1"?>
<!DOCTYPE html PUBLIC "-//W3C//DTD XHTML 1.0 Transitional//EN"
         "http://www.w3.org/TR/xhtml1/DTD/xhtml1-transitional.dtd">
<html xmlns="http://www.w3.org/1999/xhtml" xml:lang="en" lang="en">
 <head>
  <title>401 - Unauthorized</title>
 </head>
 <body>
  <h1>401 - Unauthorized</h1>
 </body>
</html>;l version="1.0" encoding="iso-8859-1"?>
<!DOCTYPE html PUBLIC "-//W3C//DTD XHTML 1.0 Transitional//EN"
         "http://www.w3.org/TR/xhtml1/DTD/xhtml1-transitional.dtd">
<html xmlns="http://www.w3.org/1999/xhtml" xml:lang="en" lang="en">
 <head>
  <title>401 - Unauthorized</title>
 </head>
 <body>
  <h1>401 - Unauthorized</h1>
 </body>
</html>
172.23.73.16;2023-10-09 10:28:45.725268;l version="1.0" encoding="iso-8859-1"?>
<!DOCTYPE html PUBLIC "-//W3C//DTD XHTML 1.0 Transitional//EN"
         "http://www.w3.org/TR/xhtml1/DTD/xhtml1-transitional.dtd">
<html xmlns="http://www.w3.org/1999/xhtml" xml:lang="en" lang="en">
 <head>
  <title>401 - Unauthorized</title>
 </head>
 <body>
  <h1>401 - Unauthorized</h1>
 </body>
</html>;l version="1.0" encoding="iso-8859-1"?>
<!DOCTYPE html PUBLIC "-//W3C//DTD XHTML 1.0 Transitional//EN"
         "http://www.w3.org/TR/xhtml1/DTD/xhtml1-transitional.dtd">
<html xmlns="http://www.w3.org/1999/xhtml" xml:lang="en" lang="en">
 <head>
  <title>401 - Unauthorized</title>
 </head>
 <body>
  <h1>401 - Unauthorized</h1>
 </body>
</html>
172.23.73.16;2023-10-09 10:29:30.549223;l version="1.0" encoding="iso-8859-1"?>
<!DOCTYPE html PUBLIC "-//W3C//DTD XHTML 1.0 Transitional//EN"
         "http://www.w3.org/TR/xhtml1/DTD/xhtml1-transitional.dtd">
<html xmlns="http://www.w3.org/1999/xhtml" xml:lang="en" lang="en">
 <head>
  <title>401 - Unauthorized</title>
 </head>
 <body>
  <h1>401 - Unauthorized</h1>
 </body>
</html>;l version="1.0" encoding="iso-8859-1"?>
<!DOCTYPE html PUBLIC "-//W3C//DTD XHTML 1.0 Transitional//EN"
         "http://www.w3.org/TR/xhtml1/DTD/xhtml1-transitional.dtd">
<html xmlns="http://www.w3.org/1999/xhtml" xml:lang="en" lang="en">
 <head>
  <title>401 - Unauthorized</title>
 </head>
 <body>
  <h1>401 - Unauthorized</h1>
 </body>
</html>
172.23.73.16;2023-10-09 10:30:15.365235;l version="1.0" encoding="iso-8859-1"?>
<!DOCTYPE html PUBLIC "-//W3C//DTD XHTML 1.0 Transitional//EN"
         "http://www.w3.org/TR/xhtml1/DTD/xhtml1-transitional.dtd">
<html xmlns="http://www.w3.org/1999/xhtml" xml:lang="en" lang="en">
 <head>
  <title>401 - Unauthorized</title>
 </head>
 <body>
  <h1>401 - Unauthorized</h1>
 </body>
</html>;l version="1.0" encoding="iso-8859-1"?>
<!DOCTYPE html PUBLIC "-//W3C//DTD XHTML 1.0 Transitional//EN"
         "http://www.w3.org/TR/xhtml1/DTD/xhtml1-transitional.dtd">
<html xmlns="http://www.w3.org/1999/xhtml" xml:lang="en" lang="en">
 <head>
  <title>401 - Unauthorized</title>
 </head>
 <body>
  <h1>401 - Unauthorized</h1>
 </body>
</html>
172.23.73.16;2023-10-09 10:31:02.189252;l version="1.0" encoding="iso-8859-1"?>
<!DOCTYPE html PUBLIC "-//W3C//DTD XHTML 1.0 Transitional//EN"
         "http://www.w3.org/TR/xhtml1/DTD/xhtml1-transitional.dtd">
<html xmlns="http://www.w3.org/1999/xhtml" xml:lang="en" lang="en">
 <head>
  <title>401 - Unauthorized</title>
 </head>
 <body>
  <h1>401 - Unauthorized</h1>
 </body>
</html>;l version="1.0" encoding="iso-8859-1"?>
<!DOCTYPE html PUBLIC "-//W3C//DTD XHTML 1.0 Transitional//EN"
         "http://www.w3.org/TR/xhtml1/DTD/xhtml1-transitional.dtd">
<html xmlns="http://www.w3.org/1999/xhtml" xml:lang="en" lang="en">
 <head>
  <title>401 - Unauthorized</title>
 </head>
 <body>
  <h1>401 - Unauthorized</h1>
 </body>
</html>
172.23.73.16;2023-10-09 10:31:45.221210;l version="1.0" encoding="iso-8859-1"?>
<!DOCTYPE html PUBLIC "-//W3C//DTD XHTML 1.0 Transitional//EN"
         "http://www.w3.org/TR/xhtml1/DTD/xhtml1-transitional.dtd">
<html xmlns="http://www.w3.org/1999/xhtml" xml:lang="en" lang="en">
 <head>
  <title>401 - Unauthorized</title>
 </head>
 <body>
  <h1>401 - Unauthorized</h1>
 </body>
</html>;l version="1.0" encoding="iso-8859-1"?>
<!DOCTYPE html PUBLIC "-//W3C//DTD XHTML 1.0 Transitional//EN"
         "http://www.w3.org/TR/xhtml1/DTD/xhtml1-transitional.dtd">
<html xmlns="http://www.w3.org/1999/xhtml" xml:lang="en" lang="en">
 <head>
  <title>401 - Unauthorized</title>
 </head>
 <body>
  <h1>401 - Unauthorized</h1>
 </body>
</html>
172.23.73.16;2023-10-09 10:32:31.865578;l version="1.0" encoding="iso-8859-1"?>
<!DOCTYPE html PUBLIC "-//W3C//DTD XHTML 1.0 Transitional//EN"
         "http://www.w3.org/TR/xhtml1/DTD/xhtml1-transitional.dtd">
<html xmlns="http://www.w3.org/1999/xhtml" xml:lang="en" lang="en">
 <head>
  <title>401 - Unauthorized</title>
 </head>
 <body>
  <h1>401 - Unauthorized</h1>
 </body>
</html>;l version="1.0" encoding="iso-8859-1"?>
<!DOCTYPE html PUBLIC "-//W3C//DTD XHTML 1.0 Transitional//EN"
         "http://www.w3.org/TR/xhtml1/DTD/xhtml1-transitional.dtd">
<html xmlns="http://www.w3.org/1999/xhtml" xml:lang="en" lang="en">
 <head>
  <title>401 - Unauthorized</title>
 </head>
 <body>
  <h1>401 - Unauthorized</h1>
 </body>
</html>
172.23.73.16;2023-10-09 10:33:16.169217;l version="1.0" encoding="iso-8859-1"?>
<!DOCTYPE html PUBLIC "-//W3C//DTD XHTML 1.0 Transitional//EN"
         "http://www.w3.org/TR/xhtml1/DTD/xhtml1-transitional.dtd">
<html xmlns="http://www.w3.org/1999/xhtml" xml:lang="en" lang="en">
 <head>
  <title>401 - Unauthorized</title>
 </head>
 <body>
  <h1>401 - Unauthorized</h1>
 </body>
</html>;l version="1.0" encoding="iso-8859-1"?>
<!DOCTYPE html PUBLIC "-//W3C//DTD XHTML 1.0 Transitional//EN"
         "http://www.w3.org/TR/xhtml1/DTD/xhtml1-transitional.dtd">
<html xmlns="http://www.w3.org/1999/xhtml" xml:lang="en" lang="en">
 <head>
  <title>401 - Unauthorized</title>
 </head>
 <body>
  <h1>401 - Unauthorized</h1>
 </body>
</html>
172.23.73.16;2023-10-09 10:34:02.320076;l version="1.0" encoding="iso-8859-1"?>
<!DOCTYPE html PUBLIC "-//W3C//DTD XHTML 1.0 Transitional//EN"
         "http://www.w3.org/TR/xhtml1/DTD/xhtml1-transitional.dtd">
<html xmlns="http://www.w3.org/1999/xhtml" xml:lang="en" lang="en">
 <head>
  <title>401 - Unauthorized</title>
 </head>
 <body>
  <h1>401 - Unauthorized</h1>
 </body>
</html>;l version="1.0" encoding="iso-8859-1"?>
<!DOCTYPE html PUBLIC "-//W3C//DTD XHTML 1.0 Transitional//EN"
         "http://www.w3.org/TR/xhtml1/DTD/xhtml1-transitional.dtd">
<html xmlns="http://www.w3.org/1999/xhtml" xml:lang="en" lang="en">
 <head>
  <title>401 - Unauthorized</title>
 </head>
 <body>
  <h1>401 - Unauthorized</h1>
 </body>
</html>
172.23.73.16;2023-10-09 10:34:45.697689;l version="1.0" encoding="iso-8859-1"?>
<!DOCTYPE html PUBLIC "-//W3C//DTD XHTML 1.0 Transitional//EN"
         "http://www.w3.org/TR/xhtml1/DTD/xhtml1-transitional.dtd">
<html xmlns="http://www.w3.org/1999/xhtml" xml:lang="en" lang="en">
 <head>
  <title>401 - Unauthorized</title>
 </head>
 <body>
  <h1>401 - Unauthorized</h1>
 </body>
</html>;l version="1.0" encoding="iso-8859-1"?>
<!DOCTYPE html PUBLIC "-//W3C//DTD XHTML 1.0 Transitional//EN"
         "http://www.w3.org/TR/xhtml1/DTD/xhtml1-transitional.dtd">
<html xmlns="http://www.w3.org/1999/xhtml" xml:lang="en" lang="en">
 <head>
  <title>401 - Unauthorized</title>
 </head>
 <body>
  <h1>401 - Unauthorized</h1>
 </body>
</html>
172.23.73.16;2023-10-09 10:35:31.432725;l version="1.0" encoding="iso-8859-1"?>
<!DOCTYPE html PUBLIC "-//W3C//DTD XHTML 1.0 Transitional//EN"
         "http://www.w3.org/TR/xhtml1/DTD/xhtml1-transitional.dtd">
<html xmlns="http://www.w3.org/1999/xhtml" xml:lang="en" lang="en">
 <head>
  <title>401 - Unauthorized</title>
 </head>
 <body>
  <h1>401 - Unauthorized</h1>
 </body>
</html>;l version="1.0" encoding="iso-8859-1"?>
<!DOCTYPE html PUBLIC "-//W3C//DTD XHTML 1.0 Transitional//EN"
         "http://www.w3.org/TR/xhtml1/DTD/xhtml1-transitional.dtd">
<html xmlns="http://www.w3.org/1999/xhtml" xml:lang="en" lang="en">
 <head>
  <title>401 - Unauthorized</title>
 </head>
 <body>
  <h1>401 - Unauthorized</h1>
 </body>
</html>
172.23.73.16;2023-10-09 10:36:15.060787;l version="1.0" encoding="iso-8859-1"?>
<!DOCTYPE html PUBLIC "-//W3C//DTD XHTML 1.0 Transitional//EN"
         "http://www.w3.org/TR/xhtml1/DTD/xhtml1-transitional.dtd">
<html xmlns="http://www.w3.org/1999/xhtml" xml:lang="en" lang="en">
 <head>
  <title>401 - Unauthorized</title>
 </head>
 <body>
  <h1>401 - Unauthorized</h1>
 </body>
</html>;l version="1.0" encoding="iso-8859-1"?>
<!DOCTYPE html PUBLIC "-//W3C//DTD XHTML 1.0 Transitional//EN"
         "http://www.w3.org/TR/xhtml1/DTD/xhtml1-transitional.dtd">
<html xmlns="http://www.w3.org/1999/xhtml" xml:lang="en" lang="en">
 <head>
  <title>401 - Unauthorized</title>
 </head>
 <body>
  <h1>401 - Unauthorized</h1>
 </body>
</html>
172.23.73.16;2023-10-09 10:39:11.304855;Erro;Erro;
172.23.73.16;2023-10-09 10:39:56.360568;Erro;Erro;
172.23.73.16;2023-10-09 10:40:41.436583;Erro;Erro;
172.23.73.16;2023-10-09 10:41:24.436625;Erro;Erro;
172.23.73.16;2023-10-09 10:42:13.576557;Erro;Erro;
172.23.73.16;2023-10-09 10:42:54.552557;Erro;Erro;
172.23.73.16;2023-10-09 10:43:43.692550;Erro;Erro;
172.23.73.16;2023-10-09 10:44:24.672579;Erro;Erro;
172.23.73.16;2023-10-09 10:45:11.772528;Erro;Erro;
172.23.73.16;2023-10-09 10:45:54.760522;Erro;Erro;
172.23.73.16;2023-10-09 10:46:37.784428;Erro;Erro;
172.23.73.16;2023-10-09 10:47:24.872539;Erro;Erro;
172.23.73.16;2023-10-09 10:48:07.880904;Erro;Erro;
172.23.73.16;2023-10-09 10:48:52.960564;Erro;Erro;
172.23.73.16;2023-10-09 10:49:37.996811;Erro;Erro;
172.23.73.16;2023-10-09 10:50:23.060606;Erro;Erro;
172.23.73.16;2023-10-09 10:50:42.258791;Erro;Erro;
172.23.73.16;2023-10-09 10:50:47.638434;Erro;Erro;
172.23.73.16;2023-10-09 10:51:08.104590;Erro;Erro;
172.23.73.16;2023-10-09 10:51:13.187019;Erro;Erro;
172.23.73.16;2023-10-09 10:51:56.360775;l version="1.0" encoding="iso-8859-1"?>
<!DOCTYPE html PUBLIC "-//W3C//DTD XHTML 1.0 Transitional//EN"
         "http://www.w3.org/TR/xhtml1/DTD/xhtml1-transitional.dtd">
<html xmlns="http://www.w3.org/1999/xhtml" xml:lang="en" lang="en">
 <head>
  <title>401 - Unauthorized</title>
 </head>
 <body>
  <h1>401 - Unauthorized</h1>
 </body>
</html>;l version="1.0" encoding="iso-8859-1"?>
<!DOCTYPE html PUBLIC "-//W3C//DTD XHTML 1.0 Transitional//EN"
         "http://www.w3.org/TR/xhtml1/DTD/xhtml1-transitional.dtd">
<html xmlns="http://www.w3.org/1999/xhtml" xml:lang="en" lang="en">
 <head>
  <title>401 - Unauthorized</title>
 </head>
 <body>
  <h1>401 - Unauthorized</h1>
 </body>
</html>
172.23.73.16;2023-10-09 10:52:41.945212;l version="1.0" encoding="iso-8859-1"?>
<!DOCTYPE html PUBLIC "-//W3C//DTD XHTML 1.0 Transitional//EN"
         "http://www.w3.org/TR/xhtml1/DTD/xhtml1-transitional.dtd">
<html xmlns="http://www.w3.org/1999/xhtml" xml:lang="en" lang="en">
 <head>
  <title>401 - Unauthorized</title>
 </head>
 <body>
  <h1>401 - Unauthorized</h1>
 </body>
</html>;l version="1.0" encoding="iso-8859-1"?>
<!DOCTYPE html PUBLIC "-//W3C//DTD XHTML 1.0 Transitional//EN"
         "http://www.w3.org/TR/xhtml1/DTD/xhtml1-transitional.dtd">
<html xmlns="http://www.w3.org/1999/xhtml" xml:lang="en" lang="en">
 <head>
  <title>401 - Unauthorized</title>
 </head>
 <body>
  <h1>401 - Unauthorized</h1>
 </body>
</html>
172.23.73.16;2023-10-09 10:53:26.172044;l version="1.0" encoding="iso-8859-1"?>
<!DOCTYPE html PUBLIC "-//W3C//DTD XHTML 1.0 Transitional//EN"
         "http://www.w3.org/TR/xhtml1/DTD/xhtml1-transitional.dtd">
<html xmlns="http://www.w3.org/1999/xhtml" xml:lang="en" lang="en">
 <head>
  <title>401 - Unauthorized</title>
 </head>
 <body>
  <h1>401 - Unauthorized</h1>
 </body>
</html>;l version="1.0" encoding="iso-8859-1"?>
<!DOCTYPE html PUBLIC "-//W3C//DTD XHTML 1.0 Transitional//EN"
         "http://www.w3.org/TR/xhtml1/DTD/xhtml1-transitional.dtd">
<html xmlns="http://www.w3.org/1999/xhtml" xml:lang="en" lang="en">
 <head>
  <title>401 - Unauthorized</title>
 </head>
 <body>
  <h1>401 - Unauthorized</h1>
 </body>
</html>
172.23.73.16;2023-10-09 10:54:12.097247;l version="1.0" encoding="iso-8859-1"?>
<!DOCTYPE html PUBLIC "-//W3C//DTD XHTML 1.0 Transitional//EN"
         "http://www.w3.org/TR/xhtml1/DTD/xhtml1-transitional.dtd">
<html xmlns="http://www.w3.org/1999/xhtml" xml:lang="en" lang="en">
 <head>
  <title>401 - Unauthorized</title>
 </head>
 <body>
  <h1>401 - Unauthorized</h1>
 </body>
</html>;l version="1.0" encoding="iso-8859-1"?>
<!DOCTYPE html PUBLIC "-//W3C//DTD XHTML 1.0 Transitional//EN"
         "http://www.w3.org/TR/xhtml1/DTD/xhtml1-transitional.dtd">
<html xmlns="http://www.w3.org/1999/xhtml" xml:lang="en" lang="en">
 <head>
  <title>401 - Unauthorized</title>
 </head>
 <body>
  <h1>401 - Unauthorized</h1>
 </body>
</html>
172.23.73.16;2023-10-09 10:54:56.091162;l version="1.0" encoding="iso-8859-1"?>
<!DOCTYPE html PUBLIC "-//W3C//DTD XHTML 1.0 Transitional//EN"
         "http://www.w3.org/TR/xhtml1/DTD/xhtml1-transitional.dtd">
<html xmlns="http://www.w3.org/1999/xhtml" xml:lang="en" lang="en">
 <head>
  <title>401 - Unauthorized</title>
 </head>
 <body>
  <h1>401 - Unauthorized</h1>
 </body>
</html>;l version="1.0" encoding="iso-8859-1"?>
<!DOCTYPE html PUBLIC "-//W3C//DTD XHTML 1.0 Transitional//EN"
         "http://www.w3.org/TR/xhtml1/DTD/xhtml1-transitional.dtd">
<html xmlns="http://www.w3.org/1999/xhtml" xml:lang="en" lang="en">
 <head>
  <title>401 - Unauthorized</title>
 </head>
 <body>
  <h1>401 - Unauthorized</h1>
 </body>
</html>
172.23.73.16;2023-10-09 10:55:42.273259;l version="1.0" encoding="iso-8859-1"?>
<!DOCTYPE html PUBLIC "-//W3C//DTD XHTML 1.0 Transitional//EN"
         "http://www.w3.org/TR/xhtml1/DTD/xhtml1-transitional.dtd">
<html xmlns="http://www.w3.org/1999/xhtml" xml:lang="en" lang="en">
 <head>
  <title>401 - Unauthorized</title>
 </head>
 <body>
  <h1>401 - Unauthorized</h1>
 </body>
</html>;l version="1.0" encoding="iso-8859-1"?>
<!DOCTYPE html PUBLIC "-//W3C//DTD XHTML 1.0 Transitional//EN"
         "http://www.w3.org/TR/xhtml1/DTD/xhtml1-transitional.dtd">
<html xmlns="http://www.w3.org/1999/xhtml" xml:lang="en" lang="en">
 <head>
  <title>401 - Unauthorized</title>
 </head>
 <body>
  <h1>401 - Unauthorized</h1>
 </body>
</html>
172.23.73.16;2023-10-09 10:56:32.005072;l version="1.0" encoding="iso-8859-1"?>
<!DOCTYPE html PUBLIC "-//W3C//DTD XHTML 1.0 Transitional//EN"
         "http://www.w3.org/TR/xhtml1/DTD/xhtml1-transitional.dtd">
<html xmlns="http://www.w3.org/1999/xhtml" xml:lang="en" lang="en">
 <head>
  <title>401 - Unauthorized</title>
 </head>
 <body>
  <h1>401 - Unauthorized</h1>
 </body>
</html>;l version="1.0" encoding="iso-8859-1"?>
<!DOCTYPE html PUBLIC "-//W3C//DTD XHTML 1.0 Transitional//EN"
         "http://www.w3.org/TR/xhtml1/DTD/xhtml1-transitional.dtd">
<html xmlns="http://www.w3.org/1999/xhtml" xml:lang="en" lang="en">
 <head>
  <title>401 - Unauthorized</title>
 </head>
 <body>
  <h1>401 - Unauthorized</h1>
 </body>
</html>
172.23.73.16;2023-10-09 10:57:12.375509;l version="1.0" encoding="iso-8859-1"?>
<!DOCTYPE html PUBLIC "-//W3C//DTD XHTML 1.0 Transitional//EN"
         "http://www.w3.org/TR/xhtml1/DTD/xhtml1-transitional.dtd">
<html xmlns="http://www.w3.org/1999/xhtml" xml:lang="en" lang="en">
 <head>
  <title>401 - Unauthorized</title>
 </head>
 <body>
  <h1>401 - Unauthorized</h1>
 </body>
</html>;l version="1.0" encoding="iso-8859-1"?>
<!DOCTYPE html PUBLIC "-//W3C//DTD XHTML 1.0 Transitional//EN"
         "http://www.w3.org/TR/xhtml1/DTD/xhtml1-transitional.dtd">
<html xmlns="http://www.w3.org/1999/xhtml" xml:lang="en" lang="en">
 <head>
  <title>401 - Unauthorized</title>
 </head>
 <body>
  <h1>401 - Unauthorized</h1>
 </body>
</html>
172.23.73.16;2023-10-09 10:57:55.296591;l version="1.0" encoding="iso-8859-1"?>
<!DOCTYPE html PUBLIC "-//W3C//DTD XHTML 1.0 Transitional//EN"
         "http://www.w3.org/TR/xhtml1/DTD/xhtml1-transitional.dtd">
<html xmlns="http://www.w3.org/1999/xhtml" xml:lang="en" lang="en">
 <head>
  <title>401 - Unauthorized</title>
 </head>
 <body>
  <h1>401 - Unauthorized</h1>
 </body>
</html>;l version="1.0" encoding="iso-8859-1"?>
<!DOCTYPE html PUBLIC "-//W3C//DTD XHTML 1.0 Transitional//EN"
         "http://www.w3.org/TR/xhtml1/DTD/xhtml1-transitional.dtd">
<html xmlns="http://www.w3.org/1999/xhtml" xml:lang="en" lang="en">
 <head>
  <title>401 - Unauthorized</title>
 </head>
 <body>
  <h1>401 - Unauthorized</h1>
 </body>
</html>
172.23.73.16;2023-10-09 10:58:41.941221;l version="1.0" encoding="iso-8859-1"?>
<!DOCTYPE html PUBLIC "-//W3C//DTD XHTML 1.0 Transitional//EN"
         "http://www.w3.org/TR/xhtml1/DTD/xhtml1-transitional.dtd">
<html xmlns="http://www.w3.org/1999/xhtml" xml:lang="en" lang="en">
 <head>
  <title>401 - Unauthorized</title>
 </head>
 <body>
  <h1>401 - Unauthorized</h1>
 </body>
</html>;l version="1.0" encoding="iso-8859-1"?>
<!DOCTYPE html PUBLIC "-//W3C//DTD XHTML 1.0 Transitional//EN"
         "http://www.w3.org/TR/xhtml1/DTD/xhtml1-transitional.dtd">
<html xmlns="http://www.w3.org/1999/xhtml" xml:lang="en" lang="en">
 <head>
  <title>401 - Unauthorized</title>
 </head>
 <body>
  <h1>401 - Unauthorized</h1>
 </body>
</html>
172.23.73.16;2023-10-09 10:59:24.814249;l version="1.0" encoding="iso-8859-1"?>
<!DOCTYPE html PUBLIC "-//W3C//DTD XHTML 1.0 Transitional//EN"
         "http://www.w3.org/TR/xhtml1/DTD/xhtml1-transitional.dtd">
<html xmlns="http://www.w3.org/1999/xhtml" xml:lang="en" lang="en">
 <head>
  <title>401 - Unauthorized</title>
 </head>
 <body>
  <h1>401 - Unauthorized</h1>
 </body>
</html>;l version="1.0" encoding="iso-8859-1"?>
<!DOCTYPE html PUBLIC "-//W3C//DTD XHTML 1.0 Transitional//EN"
         "http://www.w3.org/TR/xhtml1/DTD/xhtml1-transitional.dtd">
<html xmlns="http://www.w3.org/1999/xhtml" xml:lang="en" lang="en">
 <head>
  <title>401 - Unauthorized</title>
 </head>
 <body>
  <h1>401 - Unauthorized</h1>
 </body>
</html>
172.23.73.16;2023-10-09 11:00:12.239157;l version="1.0" encoding="iso-8859-1"?>
<!DOCTYPE html PUBLIC "-//W3C//DTD XHTML 1.0 Transitional//EN"
         "http://www.w3.org/TR/xhtml1/DTD/xhtml1-transitional.dtd">
<html xmlns="http://www.w3.org/1999/xhtml" xml:lang="en" lang="en">
 <head>
  <title>401 - Unauthorized</title>
 </head>
 <body>
  <h1>401 - Unauthorized</h1>
 </body>
</html>;l version="1.0" encoding="iso-8859-1"?>
<!DOCTYPE html PUBLIC "-//W3C//DTD XHTML 1.0 Transitional//EN"
         "http://www.w3.org/TR/xhtml1/DTD/xhtml1-transitional.dtd">
<html xmlns="http://www.w3.org/1999/xhtml" xml:lang="en" lang="en">
 <head>
  <title>401 - Unauthorized</title>
 </head>
 <body>
  <h1>401 - Unauthorized</h1>
 </body>
</html>
172.23.73.16;2023-10-09 11:00:54.544354;l version="1.0" encoding="iso-8859-1"?>
<!DOCTYPE html PUBLIC "-//W3C//DTD XHTML 1.0 Transitional//EN"
         "http://www.w3.org/TR/xhtml1/DTD/xhtml1-transitional.dtd">
<html xmlns="http://www.w3.org/1999/xhtml" xml:lang="en" lang="en">
 <head>
  <title>401 - Unauthorized</title>
 </head>
 <body>
  <h1>401 - Unauthorized</h1>
 </body>
</html>;l version="1.0" encoding="iso-8859-1"?>
<!DOCTYPE html PUBLIC "-//W3C//DTD XHTML 1.0 Transitional//EN"
         "http://www.w3.org/TR/xhtml1/DTD/xhtml1-transitional.dtd">
<html xmlns="http://www.w3.org/1999/xhtml" xml:lang="en" lang="en">
 <head>
  <title>401 - Unauthorized</title>
 </head>
 <body>
  <h1>401 - Unauthorized</h1>
 </body>
</html>
172.23.73.16;2023-10-09 11:01:42.059820;l version="1.0" encoding="iso-8859-1"?>
<!DOCTYPE html PUBLIC "-//W3C//DTD XHTML 1.0 Transitional//EN"
         "http://www.w3.org/TR/xhtml1/DTD/xhtml1-transitional.dtd">
<html xmlns="http://www.w3.org/1999/xhtml" xml:lang="en" lang="en">
 <head>
  <title>401 - Unauthorized</title>
 </head>
 <body>
  <h1>401 - Unauthorized</h1>
 </body>
</html>;l version="1.0" encoding="iso-8859-1"?>
<!DOCTYPE html PUBLIC "-//W3C//DTD XHTML 1.0 Transitional//EN"
         "http://www.w3.org/TR/xhtml1/DTD/xhtml1-transitional.dtd">
<html xmlns="http://www.w3.org/1999/xhtml" xml:lang="en" lang="en">
 <head>
  <title>401 - Unauthorized</title>
 </head>
 <body>
  <h1>401 - Unauthorized</h1>
 </body>
</html>
172.23.73.16;2023-10-09 11:02:24.726230;l version="1.0" encoding="iso-8859-1"?>
<!DOCTYPE html PUBLIC "-//W3C//DTD XHTML 1.0 Transitional//EN"
         "http://www.w3.org/TR/xhtml1/DTD/xhtml1-transitional.dtd">
<html xmlns="http://www.w3.org/1999/xhtml" xml:lang="en" lang="en">
 <head>
  <title>401 - Unauthorized</title>
 </head>
 <body>
  <h1>401 - Unauthorized</h1>
 </body>
</html>;l version="1.0" encoding="iso-8859-1"?>
<!DOCTYPE html PUBLIC "-//W3C//DTD XHTML 1.0 Transitional//EN"
         "http://www.w3.org/TR/xhtml1/DTD/xhtml1-transitional.dtd">
<html xmlns="http://www.w3.org/1999/xhtml" xml:lang="en" lang="en">
 <head>
  <title>401 - Unauthorized</title>
 </head>
 <body>
  <h1>401 - Unauthorized</h1>
 </body>
</html>
172.23.73.16;2023-10-09 11:03:11.963941;l version="1.0" encoding="iso-8859-1"?>
<!DOCTYPE html PUBLIC "-//W3C//DTD XHTML 1.0 Transitional//EN"
         "http://www.w3.org/TR/xhtml1/DTD/xhtml1-transitional.dtd">
<html xmlns="http://www.w3.org/1999/xhtml" xml:lang="en" lang="en">
 <head>
  <title>401 - Unauthorized</title>
 </head>
 <body>
  <h1>401 - Unauthorized</h1>
 </body>
</html>;l version="1.0" encoding="iso-8859-1"?>
<!DOCTYPE html PUBLIC "-//W3C//DTD XHTML 1.0 Transitional//EN"
         "http://www.w3.org/TR/xhtml1/DTD/xhtml1-transitional.dtd">
<html xmlns="http://www.w3.org/1999/xhtml" xml:lang="en" lang="en">
 <head>
  <title>401 - Unauthorized</title>
 </head>
 <body>
  <h1>401 - Unauthorized</h1>
 </body>
</html>
172.23.73.16;2023-10-09 11:03:55.519557;l version="1.0" encoding="iso-8859-1"?>
<!DOCTYPE html PUBLIC "-//W3C//DTD XHTML 1.0 Transitional//EN"
         "http://www.w3.org/TR/xhtml1/DTD/xhtml1-transitional.dtd">
<html xmlns="http://www.w3.org/1999/xhtml" xml:lang="en" lang="en">
 <head>
  <title>401 - Unauthorized</title>
 </head>
 <body>
  <h1>401 - Unauthorized</h1>
 </body>
</html>;l version="1.0" encoding="iso-8859-1"?>
<!DOCTYPE html PUBLIC "-//W3C//DTD XHTML 1.0 Transitional//EN"
         "http://www.w3.org/TR/xhtml1/DTD/xhtml1-transitional.dtd">
<html xmlns="http://www.w3.org/1999/xhtml" xml:lang="en" lang="en">
 <head>
  <title>401 - Unauthorized</title>
 </head>
 <body>
  <h1>401 - Unauthorized</h1>
 </body>
</html>
172.23.73.16;2023-10-09 11:04:41.577287;l version="1.0" encoding="iso-8859-1"?>
<!DOCTYPE html PUBLIC "-//W3C//DTD XHTML 1.0 Transitional//EN"
         "http://www.w3.org/TR/xhtml1/DTD/xhtml1-transitional.dtd">
<html xmlns="http://www.w3.org/1999/xhtml" xml:lang="en" lang="en">
 <head>
  <title>401 - Unauthorized</title>
 </head>
 <body>
  <h1>401 - Unauthorized</h1>
 </body>
</html>;l version="1.0" encoding="iso-8859-1"?>
<!DOCTYPE html PUBLIC "-//W3C//DTD XHTML 1.0 Transitional//EN"
         "http://www.w3.org/TR/xhtml1/DTD/xhtml1-transitional.dtd">
<html xmlns="http://www.w3.org/1999/xhtml" xml:lang="en" lang="en">
 <head>
  <title>401 - Unauthorized</title>
 </head>
 <body>
  <h1>401 - Unauthorized</h1>
 </body>
</html>
172.23.73.16;2023-10-09 11:05:25.097306;l version="1.0" encoding="iso-8859-1"?>
<!DOCTYPE html PUBLIC "-//W3C//DTD XHTML 1.0 Transitional//EN"
         "http://www.w3.org/TR/xhtml1/DTD/xhtml1-transitional.dtd">
<html xmlns="http://www.w3.org/1999/xhtml" xml:lang="en" lang="en">
 <head>
  <title>401 - Unauthorized</title>
 </head>
 <body>
  <h1>401 - Unauthorized</h1>
 </body>
</html>;l version="1.0" encoding="iso-8859-1"?>
<!DOCTYPE html PUBLIC "-//W3C//DTD XHTML 1.0 Transitional//EN"
         "http://www.w3.org/TR/xhtml1/DTD/xhtml1-transitional.dtd">
<html xmlns="http://www.w3.org/1999/xhtml" xml:lang="en" lang="en">
 <head>
  <title>401 - Unauthorized</title>
 </head>
 <body>
  <h1>401 - Unauthorized</h1>
 </body>
</html>
172.23.73.16;2023-10-09 11:06:11.932676;l version="1.0" encoding="iso-8859-1"?>
<!DOCTYPE html PUBLIC "-//W3C//DTD XHTML 1.0 Transitional//EN"
         "http://www.w3.org/TR/xhtml1/DTD/xhtml1-transitional.dtd">
<html xmlns="http://www.w3.org/1999/xhtml" xml:lang="en" lang="en">
 <head>
  <title>401 - Unauthorized</title>
 </head>
 <body>
  <h1>401 - Unauthorized</h1>
 </body>
</html>;l version="1.0" encoding="iso-8859-1"?>
<!DOCTYPE html PUBLIC "-//W3C//DTD XHTML 1.0 Transitional//EN"
         "http://www.w3.org/TR/xhtml1/DTD/xhtml1-transitional.dtd">
<html xmlns="http://www.w3.org/1999/xhtml" xml:lang="en" lang="en">
 <head>
  <title>401 - Unauthorized</title>
 </head>
 <body>
  <h1>401 - Unauthorized</h1>
 </body>
</html>
172.23.73.16;2023-10-09 11:06:54.781298;l version="1.0" encoding="iso-8859-1"?>
<!DOCTYPE html PUBLIC "-//W3C//DTD XHTML 1.0 Transitional//EN"
         "http://www.w3.org/TR/xhtml1/DTD/xhtml1-transitional.dtd">
<html xmlns="http://www.w3.org/1999/xhtml" xml:lang="en" lang="en">
 <head>
  <title>401 - Unauthorized</title>
 </head>
 <body>
  <h1>401 - Unauthorized</h1>
 </body>
</html>;l version="1.0" encoding="iso-8859-1"?>
<!DOCTYPE html PUBLIC "-//W3C//DTD XHTML 1.0 Transitional//EN"
         "http://www.w3.org/TR/xhtml1/DTD/xhtml1-transitional.dtd">
<html xmlns="http://www.w3.org/1999/xhtml" xml:lang="en" lang="en">
 <head>
  <title>401 - Unauthorized</title>
 </head>
 <body>
  <h1>401 - Unauthorized</h1>
 </body>
</html>
172.23.73.16;2023-10-09 11:07:41.757252;l version="1.0" encoding="iso-8859-1"?>
<!DOCTYPE html PUBLIC "-//W3C//DTD XHTML 1.0 Transitional//EN"
         "http://www.w3.org/TR/xhtml1/DTD/xhtml1-transitional.dtd">
<html xmlns="http://www.w3.org/1999/xhtml" xml:lang="en" lang="en">
 <head>
  <title>401 - Unauthorized</title>
 </head>
 <body>
  <h1>401 - Unauthorized</h1>
 </body>
</html>;l version="1.0" encoding="iso-8859-1"?>
<!DOCTYPE html PUBLIC "-//W3C//DTD XHTML 1.0 Transitional//EN"
         "http://www.w3.org/TR/xhtml1/DTD/xhtml1-transitional.dtd">
<html xmlns="http://www.w3.org/1999/xhtml" xml:lang="en" lang="en">
 <head>
  <title>401 - Unauthorized</title>
 </head>
 <body>
  <h1>401 - Unauthorized</h1>
 </body>
</html>
172.23.73.16;2023-10-09 11:08:24.463332;l version="1.0" encoding="iso-8859-1"?>
<!DOCTYPE html PUBLIC "-//W3C//DTD XHTML 1.0 Transitional//EN"
         "http://www.w3.org/TR/xhtml1/DTD/xhtml1-transitional.dtd">
<html xmlns="http://www.w3.org/1999/xhtml" xml:lang="en" lang="en">
 <head>
  <title>401 - Unauthorized</title>
 </head>
 <body>
  <h1>401 - Unauthorized</h1>
 </body>
</html>;l version="1.0" encoding="iso-8859-1"?>
<!DOCTYPE html PUBLIC "-//W3C//DTD XHTML 1.0 Transitional//EN"
         "http://www.w3.org/TR/xhtml1/DTD/xhtml1-transitional.dtd">
<html xmlns="http://www.w3.org/1999/xhtml" xml:lang="en" lang="en">
 <head>
  <title>401 - Unauthorized</title>
 </head>
 <body>
  <h1>401 - Unauthorized</h1>
 </body>
</html>
172.23.73.16;2023-10-09 11:09:11.333352;l version="1.0" encoding="iso-8859-1"?>
<!DOCTYPE html PUBLIC "-//W3C//DTD XHTML 1.0 Transitional//EN"
         "http://www.w3.org/TR/xhtml1/DTD/xhtml1-transitional.dtd">
<html xmlns="http://www.w3.org/1999/xhtml" xml:lang="en" lang="en">
 <head>
  <title>401 - Unauthorized</title>
 </head>
 <body>
  <h1>401 - Unauthorized</h1>
 </body>
</html>;l version="1.0" encoding="iso-8859-1"?>
<!DOCTYPE html PUBLIC "-//W3C//DTD XHTML 1.0 Transitional//EN"
         "http://www.w3.org/TR/xhtml1/DTD/xhtml1-transitional.dtd">
<html xmlns="http://www.w3.org/1999/xhtml" xml:lang="en" lang="en">
 <head>
  <title>401 - Unauthorized</title>
 </head>
 <body>
  <h1>401 - Unauthorized</h1>
 </body>
</html>
172.23.73.16;2023-10-09 11:09:54.307628;l version="1.0" encoding="iso-8859-1"?>
<!DOCTYPE html PUBLIC "-//W3C//DTD XHTML 1.0 Transitional//EN"
         "http://www.w3.org/TR/xhtml1/DTD/xhtml1-transitional.dtd">
<html xmlns="http://www.w3.org/1999/xhtml" xml:lang="en" lang="en">
 <head>
  <title>401 - Unauthorized</title>
 </head>
 <body>
  <h1>401 - Unauthorized</h1>
 </body>
</html>;l version="1.0" encoding="iso-8859-1"?>
<!DOCTYPE html PUBLIC "-//W3C//DTD XHTML 1.0 Transitional//EN"
         "http://www.w3.org/TR/xhtml1/DTD/xhtml1-transitional.dtd">
<html xmlns="http://www.w3.org/1999/xhtml" xml:lang="en" lang="en">
 <head>
  <title>401 - Unauthorized</title>
 </head>
 <body>
  <h1>401 - Unauthorized</h1>
 </body>
</html>
172.23.73.16;2023-10-09 11:10:41.444093;l version="1.0" encoding="iso-8859-1"?>
<!DOCTYPE html PUBLIC "-//W3C//DTD XHTML 1.0 Transitional//EN"
         "http://www.w3.org/TR/xhtml1/DTD/xhtml1-transitional.dtd">
<html xmlns="http://www.w3.org/1999/xhtml" xml:lang="en" lang="en">
 <head>
  <title>401 - Unauthorized</title>
 </head>
 <body>
  <h1>401 - Unauthorized</h1>
 </body>
</html>;l version="1.0" encoding="iso-8859-1"?>
<!DOCTYPE html PUBLIC "-//W3C//DTD XHTML 1.0 Transitional//EN"
         "http://www.w3.org/TR/xhtml1/DTD/xhtml1-transitional.dtd">
<html xmlns="http://www.w3.org/1999/xhtml" xml:lang="en" lang="en">
 <head>
  <title>401 - Unauthorized</title>
 </head>
 <body>
  <h1>401 - Unauthorized</h1>
 </body>
</html>
172.23.73.16;2023-10-09 11:11:23.709212;l version="1.0" encoding="iso-8859-1"?>
<!DOCTYPE html PUBLIC "-//W3C//DTD XHTML 1.0 Transitional//EN"
         "http://www.w3.org/TR/xhtml1/DTD/xhtml1-transitional.dtd">
<html xmlns="http://www.w3.org/1999/xhtml" xml:lang="en" lang="en">
 <head>
  <title>401 - Unauthorized</title>
 </head>
 <body>
  <h1>401 - Unauthorized</h1>
 </body>
</html>;l version="1.0" encoding="iso-8859-1"?>
<!DOCTYPE html PUBLIC "-//W3C//DTD XHTML 1.0 Transitional//EN"
         "http://www.w3.org/TR/xhtml1/DTD/xhtml1-transitional.dtd">
<html xmlns="http://www.w3.org/1999/xhtml" xml:lang="en" lang="en">
 <head>
  <title>401 - Unauthorized</title>
 </head>
 <body>
  <h1>401 - Unauthorized</h1>
 </body>
</html>
172.23.73.16;2023-10-09 11:12:11.105129;l version="1.0" encoding="iso-8859-1"?>
<!DOCTYPE html PUBLIC "-//W3C//DTD XHTML 1.0 Transitional//EN"
         "http://www.w3.org/TR/xhtml1/DTD/xhtml1-transitional.dtd">
<html xmlns="http://www.w3.org/1999/xhtml" xml:lang="en" lang="en">
 <head>
  <title>401 - Unauthorized</title>
 </head>
 <body>
  <h1>401 - Unauthorized</h1>
 </body>
</html>;l version="1.0" encoding="iso-8859-1"?>
<!DOCTYPE html PUBLIC "-//W3C//DTD XHTML 1.0 Transitional//EN"
         "http://www.w3.org/TR/xhtml1/DTD/xhtml1-transitional.dtd">
<html xmlns="http://www.w3.org/1999/xhtml" xml:lang="en" lang="en">
 <head>
  <title>401 - Unauthorized</title>
 </head>
 <body>
  <h1>401 - Unauthorized</h1>
 </body>
</html>
172.23.73.16;2023-10-09 11:12:53.899021;l version="1.0" encoding="iso-8859-1"?>
<!DOCTYPE html PUBLIC "-//W3C//DTD XHTML 1.0 Transitional//EN"
         "http://www.w3.org/TR/xhtml1/DTD/xhtml1-transitional.dtd">
<html xmlns="http://www.w3.org/1999/xhtml" xml:lang="en" lang="en">
 <head>
  <title>401 - Unauthorized</title>
 </head>
 <body>
  <h1>401 - Unauthorized</h1>
 </body>
</html>;l version="1.0" encoding="iso-8859-1"?>
<!DOCTYPE html PUBLIC "-//W3C//DTD XHTML 1.0 Transitional//EN"
         "http://www.w3.org/TR/xhtml1/DTD/xhtml1-transitional.dtd">
<html xmlns="http://www.w3.org/1999/xhtml" xml:lang="en" lang="en">
 <head>
  <title>401 - Unauthorized</title>
 </head>
 <body>
  <h1>401 - Unauthorized</h1>
 </body>
</html>
172.23.73.16;2023-10-09 11:13:40.634259;l version="1.0" encoding="iso-8859-1"?>
<!DOCTYPE html PUBLIC "-//W3C//DTD XHTML 1.0 Transitional//EN"
         "http://www.w3.org/TR/xhtml1/DTD/xhtml1-transitional.dtd">
<html xmlns="http://www.w3.org/1999/xhtml" xml:lang="en" lang="en">
 <head>
  <title>401 - Unauthorized</title>
 </head>
 <body>
  <h1>401 - Unauthorized</h1>
 </body>
</html>;l version="1.0" encoding="iso-8859-1"?>
<!DOCTYPE html PUBLIC "-//W3C//DTD XHTML 1.0 Transitional//EN"
         "http://www.w3.org/TR/xhtml1/DTD/xhtml1-transitional.dtd">
<html xmlns="http://www.w3.org/1999/xhtml" xml:lang="en" lang="en">
 <head>
  <title>401 - Unauthorized</title>
 </head>
 <body>
  <h1>401 - Unauthorized</h1>
 </body>
</html>
172.23.73.16;2023-10-09 11:14:23.937048;l version="1.0" encoding="iso-8859-1"?>
<!DOCTYPE html PUBLIC "-//W3C//DTD XHTML 1.0 Transitional//EN"
         "http://www.w3.org/TR/xhtml1/DTD/xhtml1-transitional.dtd">
<html xmlns="http://www.w3.org/1999/xhtml" xml:lang="en" lang="en">
 <head>
  <title>401 - Unauthorized</title>
 </head>
 <body>
  <h1>401 - Unauthorized</h1>
 </body>
</html>;l version="1.0" encoding="iso-8859-1"?>
<!DOCTYPE html PUBLIC "-//W3C//DTD XHTML 1.0 Transitional//EN"
         "http://www.w3.org/TR/xhtml1/DTD/xhtml1-transitional.dtd">
<html xmlns="http://www.w3.org/1999/xhtml" xml:lang="en" lang="en">
 <head>
  <title>401 - Unauthorized</title>
 </head>
 <body>
  <h1>401 - Unauthorized</h1>
 </body>
</html>
172.23.73.16;2023-10-09 11:15:08.140903;l version="1.0" encoding="iso-8859-1"?>
<!DOCTYPE html PUBLIC "-//W3C//DTD XHTML 1.0 Transitional//EN"
         "http://www.w3.org/TR/xhtml1/DTD/xhtml1-transitional.dtd">
<html xmlns="http://www.w3.org/1999/xhtml" xml:lang="en" lang="en">
 <head>
  <title>401 - Unauthorized</title>
 </head>
 <body>
  <h1>401 - Unauthorized</h1>
 </body>
</html>;l version="1.0" encoding="iso-8859-1"?>
<!DOCTYPE html PUBLIC "-//W3C//DTD XHTML 1.0 Transitional//EN"
         "http://www.w3.org/TR/xhtml1/DTD/xhtml1-transitional.dtd">
<html xmlns="http://www.w3.org/1999/xhtml" xml:lang="en" lang="en">
 <head>
  <title>401 - Unauthorized</title>
 </head>
 <body>
  <h1>401 - Unauthorized</h1>
 </body>
</html>
172.23.73.16;2023-10-09 11:15:51.852499;l version="1.0" encoding="iso-8859-1"?>
<!DOCTYPE html PUBLIC "-//W3C//DTD XHTML 1.0 Transitional//EN"
         "http://www.w3.org/TR/xhtml1/DTD/xhtml1-transitional.dtd">
<html xmlns="http://www.w3.org/1999/xhtml" xml:lang="en" lang="en">
 <head>
  <title>401 - Unauthorized</title>
 </head>
 <body>
  <h1>401 - Unauthorized</h1>
 </body>
</html>;l version="1.0" encoding="iso-8859-1"?>
<!DOCTYPE html PUBLIC "-//W3C//DTD XHTML 1.0 Transitional//EN"
         "http://www.w3.org/TR/xhtml1/DTD/xhtml1-transitional.dtd">
<html xmlns="http://www.w3.org/1999/xhtml" xml:lang="en" lang="en">
 <head>
  <title>401 - Unauthorized</title>
 </head>
 <body>
  <h1>401 - Unauthorized</h1>
 </body>
</html>
172.23.73.16;2023-10-09 11:16:38.121041;l version="1.0" encoding="iso-8859-1"?>
<!DOCTYPE html PUBLIC "-//W3C//DTD XHTML 1.0 Transitional//EN"
         "http://www.w3.org/TR/xhtml1/DTD/xhtml1-transitional.dtd">
<html xmlns="http://www.w3.org/1999/xhtml" xml:lang="en" lang="en">
 <head>
  <title>401 - Unauthorized</title>
 </head>
 <body>
  <h1>401 - Unauthorized</h1>
 </body>
</html>;l version="1.0" encoding="iso-8859-1"?>
<!DOCTYPE html PUBLIC "-//W3C//DTD XHTML 1.0 Transitional//EN"
         "http://www.w3.org/TR/xhtml1/DTD/xhtml1-transitional.dtd">
<html xmlns="http://www.w3.org/1999/xhtml" xml:lang="en" lang="en">
 <head>
  <title>401 - Unauthorized</title>
 </head>
 <body>
  <h1>401 - Unauthorized</h1>
 </body>
</html>
172.23.73.16;2023-10-09 11:17:21.477225;l version="1.0" encoding="iso-8859-1"?>
<!DOCTYPE html PUBLIC "-//W3C//DTD XHTML 1.0 Transitional//EN"
         "http://www.w3.org/TR/xhtml1/DTD/xhtml1-transitional.dtd">
<html xmlns="http://www.w3.org/1999/xhtml" xml:lang="en" lang="en">
 <head>
  <title>401 - Unauthorized</title>
 </head>
 <body>
  <h1>401 - Unauthorized</h1>
 </body>
</html>;l version="1.0" encoding="iso-8859-1"?>
<!DOCTYPE html PUBLIC "-//W3C//DTD XHTML 1.0 Transitional//EN"
         "http://www.w3.org/TR/xhtml1/DTD/xhtml1-transitional.dtd">
<html xmlns="http://www.w3.org/1999/xhtml" xml:lang="en" lang="en">
 <head>
  <title>401 - Unauthorized</title>
 </head>
 <body>
  <h1>401 - Unauthorized</h1>
 </body>
</html>
172.23.73.16;2023-10-09 11:18:08.885257;l version="1.0" encoding="iso-8859-1"?>
<!DOCTYPE html PUBLIC "-//W3C//DTD XHTML 1.0 Transitional//EN"
         "http://www.w3.org/TR/xhtml1/DTD/xhtml1-transitional.dtd">
<html xmlns="http://www.w3.org/1999/xhtml" xml:lang="en" lang="en">
 <head>
  <title>401 - Unauthorized</title>
 </head>
 <body>
  <h1>401 - Unauthorized</h1>
 </body>
</html>;l version="1.0" encoding="iso-8859-1"?>
<!DOCTYPE html PUBLIC "-//W3C//DTD XHTML 1.0 Transitional//EN"
         "http://www.w3.org/TR/xhtml1/DTD/xhtml1-transitional.dtd">
<html xmlns="http://www.w3.org/1999/xhtml" xml:lang="en" lang="en">
 <head>
  <title>401 - Unauthorized</title>
 </head>
 <body>
  <h1>401 - Unauthorized</h1>
 </body>
</html>
172.23.73.16;2023-10-09 11:18:51.981296;l version="1.0" encoding="iso-8859-1"?>
<!DOCTYPE html PUBLIC "-//W3C//DTD XHTML 1.0 Transitional//EN"
         "http://www.w3.org/TR/xhtml1/DTD/xhtml1-transitional.dtd">
<html xmlns="http://www.w3.org/1999/xhtml" xml:lang="en" lang="en">
 <head>
  <title>401 - Unauthorized</title>
 </head>
 <body>
  <h1>401 - Unauthorized</h1>
 </body>
</html>;l version="1.0" encoding="iso-8859-1"?>
<!DOCTYPE html PUBLIC "-//W3C//DTD XHTML 1.0 Transitional//EN"
         "http://www.w3.org/TR/xhtml1/DTD/xhtml1-transitional.dtd">
<html xmlns="http://www.w3.org/1999/xhtml" xml:lang="en" lang="en">
 <head>
  <title>401 - Unauthorized</title>
 </head>
 <body>
  <h1>401 - Unauthorized</h1>
 </body>
</html>
172.23.73.16;2023-10-09 11:19:39.713907;l version="1.0" encoding="iso-8859-1"?>
<!DOCTYPE html PUBLIC "-//W3C//DTD XHTML 1.0 Transitional//EN"
         "http://www.w3.org/TR/xhtml1/DTD/xhtml1-transitional.dtd">
<html xmlns="http://www.w3.org/1999/xhtml" xml:lang="en" lang="en">
 <head>
  <title>401 - Unauthorized</title>
 </head>
 <body>
  <h1>401 - Unauthorized</h1>
 </body>
</html>;l version="1.0" encoding="iso-8859-1"?>
<!DOCTYPE html PUBLIC "-//W3C//DTD XHTML 1.0 Transitional//EN"
         "http://www.w3.org/TR/xhtml1/DTD/xhtml1-transitional.dtd">
<html xmlns="http://www.w3.org/1999/xhtml" xml:lang="en" lang="en">
 <head>
  <title>401 - Unauthorized</title>
 </head>
 <body>
  <h1>401 - Unauthorized</h1>
 </body>
</html>
172.23.73.16;2023-10-09 11:20:23.847664;l version="1.0" encoding="iso-8859-1"?>
<!DOCTYPE html PUBLIC "-//W3C//DTD XHTML 1.0 Transitional//EN"
         "http://www.w3.org/TR/xhtml1/DTD/xhtml1-transitional.dtd">
<html xmlns="http://www.w3.org/1999/xhtml" xml:lang="en" lang="en">
 <head>
  <title>401 - Unauthorized</title>
 </head>
 <body>
  <h1>401 - Unauthorized</h1>
 </body>
</html>;l version="1.0" encoding="iso-8859-1"?>
<!DOCTYPE html PUBLIC "-//W3C//DTD XHTML 1.0 Transitional//EN"
         "http://www.w3.org/TR/xhtml1/DTD/xhtml1-transitional.dtd">
<html xmlns="http://www.w3.org/1999/xhtml" xml:lang="en" lang="en">
 <head>
  <title>401 - Unauthorized</title>
 </head>
 <body>
  <h1>401 - Unauthorized</h1>
 </body>
</html>
172.23.73.16;2023-10-09 11:21:07.149508;l version="1.0" encoding="iso-8859-1"?>
<!DOCTYPE html PUBLIC "-//W3C//DTD XHTML 1.0 Transitional//EN"
         "http://www.w3.org/TR/xhtml1/DTD/xhtml1-transitional.dtd">
<html xmlns="http://www.w3.org/1999/xhtml" xml:lang="en" lang="en">
 <head>
  <title>401 - Unauthorized</title>
 </head>
 <body>
  <h1>401 - Unauthorized</h1>
 </body>
</html>;l version="1.0" encoding="iso-8859-1"?>
<!DOCTYPE html PUBLIC "-//W3C//DTD XHTML 1.0 Transitional//EN"
         "http://www.w3.org/TR/xhtml1/DTD/xhtml1-transitional.dtd">
<html xmlns="http://www.w3.org/1999/xhtml" xml:lang="en" lang="en">
 <head>
  <title>401 - Unauthorized</title>
 </head>
 <body>
  <h1>401 - Unauthorized</h1>
 </body>
</html>
172.23.73.16;2023-10-09 11:21:50.391605;l version="1.0" encoding="iso-8859-1"?>
<!DOCTYPE html PUBLIC "-//W3C//DTD XHTML 1.0 Transitional//EN"
         "http://www.w3.org/TR/xhtml1/DTD/xhtml1-transitional.dtd">
<html xmlns="http://www.w3.org/1999/xhtml" xml:lang="en" lang="en">
 <head>
  <title>401 - Unauthorized</title>
 </head>
 <body>
  <h1>401 - Unauthorized</h1>
 </body>
</html>;l version="1.0" encoding="iso-8859-1"?>
<!DOCTYPE html PUBLIC "-//W3C//DTD XHTML 1.0 Transitional//EN"
         "http://www.w3.org/TR/xhtml1/DTD/xhtml1-transitional.dtd">
<html xmlns="http://www.w3.org/1999/xhtml" xml:lang="en" lang="en">
 <head>
  <title>401 - Unauthorized</title>
 </head>
 <body>
  <h1>401 - Unauthorized</h1>
 </body>
</html>
172.23.73.16;2023-10-09 11:22:36.604684;l version="1.0" encoding="iso-8859-1"?>
<!DOCTYPE html PUBLIC "-//W3C//DTD XHTML 1.0 Transitional//EN"
         "http://www.w3.org/TR/xhtml1/DTD/xhtml1-transitional.dtd">
<html xmlns="http://www.w3.org/1999/xhtml" xml:lang="en" lang="en">
 <head>
  <title>401 - Unauthorized</title>
 </head>
 <body>
  <h1>401 - Unauthorized</h1>
 </body>
</html>;l version="1.0" encoding="iso-8859-1"?>
<!DOCTYPE html PUBLIC "-//W3C//DTD XHTML 1.0 Transitional//EN"
         "http://www.w3.org/TR/xhtml1/DTD/xhtml1-transitional.dtd">
<html xmlns="http://www.w3.org/1999/xhtml" xml:lang="en" lang="en">
 <head>
  <title>401 - Unauthorized</title>
 </head>
 <body>
  <h1>401 - Unauthorized</h1>
 </body>
</html>
172.23.73.16;2023-10-09 11:23:19.307780;l version="1.0" encoding="iso-8859-1"?>
<!DOCTYPE html PUBLIC "-//W3C//DTD XHTML 1.0 Transitional//EN"
         "http://www.w3.org/TR/xhtml1/DTD/xhtml1-transitional.dtd">
<html xmlns="http://www.w3.org/1999/xhtml" xml:lang="en" lang="en">
 <head>
  <title>401 - Unauthorized</title>
 </head>
 <body>
  <h1>401 - Unauthorized</h1>
 </body>
</html>;l version="1.0" encoding="iso-8859-1"?>
<!DOCTYPE html PUBLIC "-//W3C//DTD XHTML 1.0 Transitional//EN"
         "http://www.w3.org/TR/xhtml1/DTD/xhtml1-transitional.dtd">
<html xmlns="http://www.w3.org/1999/xhtml" xml:lang="en" lang="en">
 <head>
  <title>401 - Unauthorized</title>
 </head>
 <body>
  <h1>401 - Unauthorized</h1>
 </body>
</html>
172.23.73.16;2023-10-09 11:24:06.053330;l version="1.0" encoding="iso-8859-1"?>
<!DOCTYPE html PUBLIC "-//W3C//DTD XHTML 1.0 Transitional//EN"
         "http://www.w3.org/TR/xhtml1/DTD/xhtml1-transitional.dtd">
<html xmlns="http://www.w3.org/1999/xhtml" xml:lang="en" lang="en">
 <head>
  <title>401 - Unauthorized</title>
 </head>
 <body>
  <h1>401 - Unauthorized</h1>
 </body>
</html>;l version="1.0" encoding="iso-8859-1"?>
<!DOCTYPE html PUBLIC "-//W3C//DTD XHTML 1.0 Transitional//EN"
         "http://www.w3.org/TR/xhtml1/DTD/xhtml1-transitional.dtd">
<html xmlns="http://www.w3.org/1999/xhtml" xml:lang="en" lang="en">
 <head>
  <title>401 - Unauthorized</title>
 </head>
 <body>
  <h1>401 - Unauthorized</h1>
 </body>
</html>
172.23.73.16;2023-10-10 11:54:47.932275;l version="1.0" encoding="iso-8859-1"?>
<!DOCTYPE html PUBLIC "-//W3C//DTD XHTML 1.0 Transitional//EN"
         "http://www.w3.org/TR/xhtml1/DTD/xhtml1-transitional.dtd">
<html xmlns="http://www.w3.org/1999/xhtml" xml:lang="en" lang="en">
 <head>
  <title>401 - Unauthorized</title>
 </head>
 <body>
  <h1>401 - Unauthorized</h1>
 </body>
</html>;l version="1.0" encoding="iso-8859-1"?>
<!DOCTYPE html PUBLIC "-//W3C//DTD XHTML 1.0 Transitional//EN"
         "http://www.w3.org/TR/xhtml1/DTD/xhtml1-transitional.dtd">
<html xmlns="http://www.w3.org/1999/xhtml" xml:lang="en" lang="en">
 <head>
  <title>401 - Unauthorized</title>
 </head>
 <body>
  <h1>401 - Unauthorized</h1>
 </body>
</html>
172.23.73.16;2023-10-10 11:57:40.688550;Erro;Erro;
172.23.73.16;2023-10-10 11:58:21.648560;Erro;Erro;
172.23.73.16;2023-10-10 11:59:02.612551;Erro;Erro;
172.23.73.16;2023-10-10 11:59:45.620550;Erro;Erro;
172.23.73.16;2023-10-10 12:00:28.616988;Erro;Erro;
172.23.73.16;2023-10-10 12:01:13.680573;Erro;Erro;
172.23.73.16;2023-10-10 12:01:56.696547;Erro;Erro;
172.23.73.16;2023-10-10 12:02:43.788547;Erro;Erro;
172.23.73.16;2023-10-10 12:03:26.796823;Erro;Erro;
172.23.73.16;2023-10-10 12:04:11.856547;Erro;Erro;
172.23.73.16;2023-10-10 12:04:54.860546;Erro;Erro;
172.23.73.16;2023-10-10 12:05:39.912531;Erro;Erro;
172.23.73.16;2023-10-10 12:06:22.920590;Erro;Erro;
172.23.73.16;2023-10-10 12:07:05.940558;Erro;Erro;
172.23.73.16;2023-10-10 12:07:48.936591;Erro;Erro;
172.23.73.16;2023-10-10 12:08:31.944932;Erro;Erro;
172.23.73.16;2023-10-10 12:09:14.972550;Erro;Erro;
172.23.73.16;2023-10-10 12:09:57.961587;Erro;Erro;
172.23.73.16;2023-10-10 12:10:45.072532;Erro;Erro;
172.23.73.16;2023-10-10 12:11:28.084587;Erro;Erro;
172.23.73.16;2023-10-10 12:12:15.188546;Erro;Erro;
172.23.73.16;2023-10-10 12:12:56.156623;Erro;Erro;
172.23.73.16;2023-10-10 12:13:43.248583;Erro;Erro;
172.23.73.16;2023-10-10 12:14:26.252813;Erro;Erro;
172.23.73.16;2023-10-10 12:15:11.320518;Erro;Erro;
172.23.73.16;2023-10-10 12:15:54.324553;Erro;Erro;
172.23.73.16;2023-10-10 12:16:39.388525;Erro;Erro;
172.23.73.16;2023-10-10 12:17:22.392564;Erro;Erro;
172.23.73.16;2023-10-10 12:18:07.452575;Erro;Erro;
172.23.73.16;2023-10-10 12:18:50.440840;Erro;Erro;
172.23.73.16;2023-10-10 12:19:33.452544;Erro;Erro;
172.23.73.16;2023-10-10 12:20:16.468545;Erro;Erro;
172.23.73.16;2023-10-10 12:20:59.472815;Erro;Erro;
172.23.73.16;2023-10-10 12:21:46.568579;Erro;Erro;
172.23.73.16;2023-10-10 12:22:27.540595;Erro;Erro;
172.23.73.16;2023-10-10 12:23:14.644587;Erro;Erro;
172.23.73.16;2023-10-10 12:23:57.644823;Erro;Erro;
172.23.73.16;2023-10-10 12:24:44.749361;Erro;Erro;
172.23.73.16;2023-10-10 12:25:27.765859;Erro;Erro;
172.23.73.16;2023-10-10 12:26:14.856889;Erro;Erro;
172.23.73.16;2023-10-10 12:26:57.864911;Erro;Erro;
172.23.73.16;2023-10-10 12:27:42.932594;Erro;Erro;
172.23.73.16;2023-10-10 12:28:25.944567;Erro;Erro;
172.23.73.16;2023-10-10 12:29:13.044618;Erro;Erro;
172.23.73.16;2023-10-10 12:29:56.045267;Erro;Erro;
172.23.73.16;2023-10-10 12:30:43.168587;Erro;Erro;
172.23.73.16;2023-10-10 12:31:26.160808;Erro;Erro;
172.23.73.16;2023-10-10 12:32:13.256557;Erro;Erro;
172.23.73.16;2023-10-10 12:32:56.268824;Erro;Erro;
172.23.73.16;2023-10-10 12:33:41.320925;Erro;Erro;
172.23.73.16;2023-10-10 12:34:26.376575;Erro;Erro;
172.23.73.16;2023-10-10 12:35:11.440811;Erro;Erro;
172.23.73.16;2023-10-10 12:35:54.448588;Erro;Erro;
172.23.73.16;2023-10-10 12:36:41.552817;Erro;Erro;
172.23.73.16;2023-10-10 12:37:24.568553;Erro;Erro;
172.23.73.16;2023-10-10 12:38:09.624560;Erro;Erro;
172.23.73.16;2023-10-10 12:38:54.672873;Erro;Erro;
172.23.73.16;2023-10-10 12:39:41.768563;Erro;Erro;
                                                   172.23.73.16;2023-10-23 10:10:48.125336;l version="1.0" encoding="iso-8859-1"?>
<!DOCTYPE html PUBLIC "-//W3C//DTD XHTML 1.0 Transitional//EN"
         "http://www.w3.org/TR/xhtml1/DTD/xhtml1-transitional.dtd">
<html xmlns="http://www.w3.org/1999/xhtml" xml:lang="en" lang="en">
 <head>
  <title>401 - Unauthorized</title>
 </head>
 <body>
  <h1>401 - Unauthorized</h1>
 </body>
</html>;l version="1.0" encoding="iso-8859-1"?>
<!DOCTYPE html PUBLIC "-//W3C//DTD XHTML 1.0 Transitional//EN"
         "http://www.w3.org/TR/xhtml1/DTD/xhtml1-transitional.dtd">
<html xmlns="http://www.w3.org/1999/xhtml" xml:lang="en" lang="en">
 <head>
  <title>401 - Unauthorized</title>
 </head>
 <body>
  <h1>401 - Unauthorized</h1>
 </body>
</html>
172.23.73.16;2023-10-23 10:11:29.056725;l version="1.0" encoding="iso-8859-1"?>
<!DOCTYPE html PUBLIC "-//W3C//DTD XHTML 1.0 Transitional//EN"
         "http://www.w3.org/TR/xhtml1/DTD/xhtml1-transitional.dtd">
<html xmlns="http://www.w3.org/1999/xhtml" xml:lang="en" lang="en">
 <head>
  <title>401 - Unauthorized</title>
 </head>
 <body>
  <h1>401 - Unauthorized</h1>
 </body>
</html>;l version="1.0" encoding="iso-8859-1"?>
<!DOCTYPE html PUBLIC "-//W3C//DTD XHTML 1.0 Transitional//EN"
         "http://www.w3.org/TR/xhtml1/DTD/xhtml1-transitional.dtd">
<html xmlns="http://www.w3.org/1999/xhtml" xml:lang="en" lang="en">
 <head>
  <title>401 - Unauthorized</title>
 </head>
 <body>
  <h1>401 - Unauthorized</h1>
 </body>
</html>
172.23.73.16;2023-10-23 10:12:11.879507;l version="1.0" encoding="iso-8859-1"?>
<!DOCTYPE html PUBLIC "-//W3C//DTD XHTML 1.0 Transitional//EN"
         "http://www.w3.org/TR/xhtml1/DTD/xhtml1-transitional.dtd">
<html xmlns="http://www.w3.org/1999/xhtml" xml:lang="en" lang="en">
 <head>
  <title>401 - Unauthorized</title>
 </head>
 <body>
  <h1>401 - Unauthorized</h1>
 </body>
</html>;l version="1.0" encoding="iso-8859-1"?>
<!DOCTYPE html PUBLIC "-//W3C//DTD XHTML 1.0 Transitional//EN"
         "http://www.w3.org/TR/xhtml1/DTD/xhtml1-transitional.dtd">
<html xmlns="http://www.w3.org/1999/xhtml" xml:lang="en" lang="en">
 <head>
  <title>401 - Unauthorized</title>
 </head>
 <body>
  <h1>401 - Unauthorized</h1>
 </body>
</html>
172.23.73.16;2023-10-23 10:12:54.203467;l version="1.0" encoding="iso-8859-1"?>
<!DOCTYPE html PUBLIC "-//W3C//DTD XHTML 1.0 Transitional//EN"
         "http://www.w3.org/TR/xhtml1/DTD/xhtml1-transitional.dtd">
<html xmlns="http://www.w3.org/1999/xhtml" xml:lang="en" lang="en">
 <head>
  <title>401 - Unauthorized</title>
 </head>
 <body>
  <h1>401 - Unauthorized</h1>
 </body>
</html>;l version="1.0" encoding="iso-8859-1"?>
<!DOCTYPE html PUBLIC "-//W3C//DTD XHTML 1.0 Transitional//EN"
         "http://www.w3.org/TR/xhtml1/DTD/xhtml1-transitional.dtd">
<html xmlns="http://www.w3.org/1999/xhtml" xml:lang="en" lang="en">
 <head>
  <title>401 - Unauthorized</title>
 </head>
 <body>
  <h1>401 - Unauthorized</h1>
 </body>
</html>
172.23.73.16;2023-10-23 10:13:37.401285;l version="1.0" encoding="iso-8859-1"?>
<!DOCTYPE html PUBLIC "-//W3C//DTD XHTML 1.0 Transitional//EN"
         "http://www.w3.org/TR/xhtml1/DTD/xhtml1-transitional.dtd">
<html xmlns="http://www.w3.org/1999/xhtml" xml:lang="en" lang="en">
 <head>
  <title>401 - Unauthorized</title>
 </head>
 <body>
  <h1>401 - Unauthorized</h1>
 </body>
</html>;l version="1.0" encoding="iso-8859-1"?>
<!DOCTYPE html PUBLIC "-//W3C//DTD XHTML 1.0 Transitional//EN"
         "http://www.w3.org/TR/xhtml1/DTD/xhtml1-transitional.dtd">
<html xmlns="http://www.w3.org/1999/xhtml" xml:lang="en" lang="en">
 <head>
  <title>401 - Unauthorized</title>
 </head>
 <body>
  <h1>401 - Unauthorized</h1>
 </body>
</html>
172.23.73.16;2023-10-23 10:14:24.740424;l version="1.0" encoding="iso-8859-1"?>
<!DOCTYPE html PUBLIC "-//W3C//DTD XHTML 1.0 Transitional//EN"
         "http://www.w3.org/TR/xhtml1/DTD/xhtml1-transitional.dtd">
<html xmlns="http://www.w3.org/1999/xhtml" xml:lang="en" lang="en">
 <head>
  <title>401 - Unauthorized</title>
 </head>
 <body>
  <h1>401 - Unauthorized</h1>
 </body>
</html>;l version="1.0" encoding="iso-8859-1"?>
<!DOCTYPE html PUBLIC "-//W3C//DTD XHTML 1.0 Transitional//EN"
         "http://www.w3.org/TR/xhtml1/DTD/xhtml1-transitional.dtd">
<html xmlns="http://www.w3.org/1999/xhtml" xml:lang="en" lang="en">
 <head>
  <title>401 - Unauthorized</title>
 </head>
 <body>
  <h1>401 - Unauthorized</h1>
 </body>
</html>
172.23.73.16;2023-10-23 10:15:06.437284;l version="1.0" encoding="iso-8859-1"?>
<!DOCTYPE html PUBLIC "-//W3C//DTD XHTML 1.0 Transitional//EN"
         "http://www.w3.org/TR/xhtml1/DTD/xhtml1-transitional.dtd">
<html xmlns="http://www.w3.org/1999/xhtml" xml:lang="en" lang="en">
 <head>
  <title>401 - Unauthorized</title>
 </head>
 <body>
  <h1>401 - Unauthorized</h1>
 </body>
</html>;l version="1.0" encoding="iso-8859-1"?>
<!DOCTYPE html PUBLIC "-//W3C//DTD XHTML 1.0 Transitional//EN"
         "http://www.w3.org/TR/xhtml1/DTD/xhtml1-transitional.dtd">
<html xmlns="http://www.w3.org/1999/xhtml" xml:lang="en" lang="en">
 <head>
  <title>401 - Unauthorized</title>
 </head>
 <body>
  <h1>401 - Unauthorized</h1>
 </body>
</html>
172.23.73.16;2023-10-23 10:15:53.185315;l version="1.0" encoding="iso-8859-1"?>
<!DOCTYPE html PUBLIC "-//W3C//DTD XHTML 1.0 Transitional//EN"
         "http://www.w3.org/TR/xhtml1/DTD/xhtml1-transitional.dtd">
<html xmlns="http://www.w3.org/1999/xhtml" xml:lang="en" lang="en">
 <head>
  <title>401 - Unauthorized</title>
 </head>
 <body>
  <h1>401 - Unauthorized</h1>
 </body>
</html>;l version="1.0" encoding="iso-8859-1"?>
<!DOCTYPE html PUBLIC "-//W3C//DTD XHTML 1.0 Transitional//EN"
         "http://www.w3.org/TR/xhtml1/DTD/xhtml1-transitional.dtd">
<html xmlns="http://www.w3.org/1999/xhtml" xml:lang="en" lang="en">
 <head>
  <title>401 - Unauthorized</title>
 </head>
 <body>
  <h1>401 - Unauthorized</h1>
 </body>
</html>
172.23.73.16;2023-10-23 10:16:36.175317;l version="1.0" encoding="iso-8859-1"?>
<!DOCTYPE html PUBLIC "-//W3C//DTD XHTML 1.0 Transitional//EN"
         "http://www.w3.org/TR/xhtml1/DTD/xhtml1-transitional.dtd">
<html xmlns="http://www.w3.org/1999/xhtml" xml:lang="en" lang="en">
 <head>
  <title>401 - Unauthorized</title>
 </head>
 <body>
  <h1>401 - Unauthorized</h1>
 </body>
</html>;l version="1.0" encoding="iso-8859-1"?>
<!DOCTYPE html PUBLIC "-//W3C//DTD XHTML 1.0 Transitional//EN"
         "http://www.w3.org/TR/xhtml1/DTD/xhtml1-transitional.dtd">
<html xmlns="http://www.w3.org/1999/xhtml" xml:lang="en" lang="en">
 <head>
  <title>401 - Unauthorized</title>
 </head>
 <body>
  <h1>401 - Unauthorized</h1>
 </body>
</html>
172.23.73.16;2023-10-23 10:17:21.301316;l version="1.0" encoding="iso-8859-1"?>
<!DOCTYPE html PUBLIC "-//W3C//DTD XHTML 1.0 Transitional//EN"
         "http://www.w3.org/TR/xhtml1/DTD/xhtml1-transitional.dtd">
<html xmlns="http://www.w3.org/1999/xhtml" xml:lang="en" lang="en">
 <head>
  <title>401 - Unauthorized</title>
 </head>
 <body>
  <h1>401 - Unauthorized</h1>
 </body>
</html>;l version="1.0" encoding="iso-8859-1"?>
<!DOCTYPE html PUBLIC "-//W3C//DTD XHTML 1.0 Transitional//EN"
         "http://www.w3.org/TR/xhtml1/DTD/xhtml1-transitional.dtd">
<html xmlns="http://www.w3.org/1999/xhtml" xml:lang="en" lang="en">
 <head>
  <title>401 - Unauthorized</title>
 </head>
 <body>
  <h1>401 - Unauthorized</h1>
 </body>
</html>
172.23.73.16;2023-10-23 10:18:05.657271;l version="1.0" encoding="iso-8859-1"?>
<!DOCTYPE html PUBLIC "-//W3C//DTD XHTML 1.0 Transitional//EN"
         "http://www.w3.org/TR/xhtml1/DTD/xhtml1-transitional.dtd">
<html xmlns="http://www.w3.org/1999/xhtml" xml:lang="en" lang="en">
 <head>
  <title>401 - Unauthorized</title>
 </head>
 <body>
  <h1>401 - Unauthorized</h1>
 </body>
</html>;l version="1.0" encoding="iso-8859-1"?>
<!DOCTYPE html PUBLIC "-//W3C//DTD XHTML 1.0 Transitional//EN"
         "http://www.w3.org/TR/xhtml1/DTD/xhtml1-transitional.dtd">
<html xmlns="http://www.w3.org/1999/xhtml" xml:lang="en" lang="en">
 <head>
  <title>401 - Unauthorized</title>
 </head>
 <body>
  <h1>401 - Unauthorized</h1>
 </body>
</html>
172.23.73.16;2023-10-23 10:18:49.715621;l version="1.0" encoding="iso-8859-1"?>
<!DOCTYPE html PUBLIC "-//W3C//DTD XHTML 1.0 Transitional//EN"
         "http://www.w3.org/TR/xhtml1/DTD/xhtml1-transitional.dtd">
<html xmlns="http://www.w3.org/1999/xhtml" xml:lang="en" lang="en">
 <head>
  <title>401 - Unauthorized</title>
 </head>
 <body>
  <h1>401 - Unauthorized</h1>
 </body>
</html>;l version="1.0" encoding="iso-8859-1"?>
<!DOCTYPE html PUBLIC "-//W3C//DTD XHTML 1.0 Transitional//EN"
         "http://www.w3.org/TR/xhtml1/DTD/xhtml1-transitional.dtd">
<html xmlns="http://www.w3.org/1999/xhtml" xml:lang="en" lang="en">
 <head>
  <title>401 - Unauthorized</title>
 </head>
 <body>
  <h1>401 - Unauthorized</h1>
 </body>
</html>
172.23.73.16;2023-10-23 10:19:34.965006;l version="1.0" encoding="iso-8859-1"?>
<!DOCTYPE html PUBLIC "-//W3C//DTD XHTML 1.0 Transitional//EN"
         "http://www.w3.org/TR/xhtml1/DTD/xhtml1-transitional.dtd">
<html xmlns="http://www.w3.org/1999/xhtml" xml:lang="en" lang="en">
 <head>
  <title>401 - Unauthorized</title>
 </head>
 <body>
  <h1>401 - Unauthorized</h1>
 </body>
</html>;l version="1.0" encoding="iso-8859-1"?>
<!DOCTYPE html PUBLIC "-//W3C//DTD XHTML 1.0 Transitional//EN"
         "http://www.w3.org/TR/xhtml1/DTD/xhtml1-transitional.dtd">
<html xmlns="http://www.w3.org/1999/xhtml" xml:lang="en" lang="en">
 <head>
  <title>401 - Unauthorized</title>
 </head>
 <body>
  <h1>401 - Unauthorized</h1>
 </body>
</html>
172.23.73.16;2023-10-23 10:20:19.580940;l version="1.0" encoding="iso-8859-1"?>
<!DOCTYPE html PUBLIC "-//W3C//DTD XHTML 1.0 Transitional//EN"
         "http://www.w3.org/TR/xhtml1/DTD/xhtml1-transitional.dtd">
<html xmlns="http://www.w3.org/1999/xhtml" xml:lang="en" lang="en">
 <head>
  <title>401 - Unauthorized</title>
 </head>
 <body>
  <h1>401 - Unauthorized</h1>
 </body>
</html>;l version="1.0" encoding="iso-8859-1"?>
<!DOCTYPE html PUBLIC "-//W3C//DTD XHTML 1.0 Transitional//EN"
         "http://www.w3.org/TR/xhtml1/DTD/xhtml1-transitional.dtd">
<html xmlns="http://www.w3.org/1999/xhtml" xml:lang="en" lang="en">
 <head>
  <title>401 - Unauthorized</title>
 </head>
 <body>
  <h1>401 - Unauthorized</h1>
 </body>
</html>
172.23.73.16;2023-10-23 10:21:04.557580;l version="1.0" encoding="iso-8859-1"?>
<!DOCTYPE html PUBLIC "-//W3C//DTD XHTML 1.0 Transitional//EN"
         "http://www.w3.org/TR/xhtml1/DTD/xhtml1-transitional.dtd">
<html xmlns="http://www.w3.org/1999/xhtml" xml:lang="en" lang="en">
 <head>
  <title>401 - Unauthorized</title>
 </head>
 <body>
  <h1>401 - Unauthorized</h1>
 </body>
</html>;l version="1.0" encoding="iso-8859-1"?>
<!DOCTYPE html PUBLIC "-//W3C//DTD XHTML 1.0 Transitional//EN"
         "http://www.w3.org/TR/xhtml1/DTD/xhtml1-transitional.dtd">
<html xmlns="http://www.w3.org/1999/xhtml" xml:lang="en" lang="en">
 <head>
  <title>401 - Unauthorized</title>
 </head>
 <body>
  <h1>401 - Unauthorized</h1>
 </body>
</html>
172.23.73.16;2023-10-23 10:21:47.817234;l version="1.0" encoding="iso-8859-1"?>
<!DOCTYPE html PUBLIC "-//W3C//DTD XHTML 1.0 Transitional//EN"
         "http://www.w3.org/TR/xhtml1/DTD/xhtml1-transitional.dtd">
<html xmlns="http://www.w3.org/1999/xhtml" xml:lang="en" lang="en">
 <head>
  <title>401 - Unauthorized</title>
 </head>
 <body>
  <h1>401 - Unauthorized</h1>
 </body>
</html>;l version="1.0" encoding="iso-8859-1"?>
<!DOCTYPE html PUBLIC "-//W3C//DTD XHTML 1.0 Transitional//EN"
         "http://www.w3.org/TR/xhtml1/DTD/xhtml1-transitional.dtd">
<html xmlns="http://www.w3.org/1999/xhtml" xml:lang="en" lang="en">
 <head>
  <title>401 - Unauthorized</title>
 </head>
 <body>
  <h1>401 - Unauthorized</h1>
 </body>
</html>
172.23.73.16;2023-10-23 10:22:33.891746;l version="1.0" encoding="iso-8859-1"?>
<!DOCTYPE html PUBLIC "-//W3C//DTD XHTML 1.0 Transitional//EN"
         "http://www.w3.org/TR/xhtml1/DTD/xhtml1-transitional.dtd">
<html xmlns="http://www.w3.org/1999/xhtml" xml:lang="en" lang="en">
 <head>
  <title>401 - Unauthorized</title>
 </head>
 <body>
  <h1>401 - Unauthorized</h1>
 </body>
</html>;l version="1.0" encoding="iso-8859-1"?>
<!DOCTYPE html PUBLIC "-//W3C//DTD XHTML 1.0 Transitional//EN"
         "http://www.w3.org/TR/xhtml1/DTD/xhtml1-transitional.dtd">
<html xmlns="http://www.w3.org/1999/xhtml" xml:lang="en" lang="en">
 <head>
  <title>401 - Unauthorized</title>
 </head>
 <body>
  <h1>401 - Unauthorized</h1>
 </body>
</html>
172.23.73.16;2023-10-23 10:23:17.205272;l version="1.0" encoding="iso-8859-1"?>
<!DOCTYPE html PUBLIC "-//W3C//DTD XHTML 1.0 Transitional//EN"
         "http://www.w3.org/TR/xhtml1/DTD/xhtml1-transitional.dtd">
<html xmlns="http://www.w3.org/1999/xhtml" xml:lang="en" lang="en">
 <head>
  <title>401 - Unauthorized</title>
 </head>
 <body>
  <h1>401 - Unauthorized</h1>
 </body>
</html>;l version="1.0" encoding="iso-8859-1"?>
<!DOCTYPE html PUBLIC "-//W3C//DTD XHTML 1.0 Transitional//EN"
         "http://www.w3.org/TR/xhtml1/DTD/xhtml1-transitional.dtd">
<html xmlns="http://www.w3.org/1999/xhtml" xml:lang="en" lang="en">
 <head>
  <title>401 - Unauthorized</title>
 </head>
 <body>
  <h1>401 - Unauthorized</h1>
 </body>
</html>
172.23.73.16;2023-10-23 10:24:03.069260;l version="1.0" encoding="iso-8859-1"?>
<!DOCTYPE html PUBLIC "-//W3C//DTD XHTML 1.0 Transitional//EN"
         "http://www.w3.org/TR/xhtml1/DTD/xhtml1-transitional.dtd">
<html xmlns="http://www.w3.org/1999/xhtml" xml:lang="en" lang="en">
 <head>
  <title>401 - Unauthorized</title>
 </head>
 <body>
  <h1>401 - Unauthorized</h1>
 </body>
</html>;l version="1.0" encoding="iso-8859-1"?>
<!DOCTYPE html PUBLIC "-//W3C//DTD XHTML 1.0 Transitional//EN"
         "http://www.w3.org/TR/xhtml1/DTD/xhtml1-transitional.dtd">
<html xmlns="http://www.w3.org/1999/xhtml" xml:lang="en" lang="en">
 <head>
  <title>401 - Unauthorized</title>
 </head>
 <body>
  <h1>401 - Unauthorized</h1>
 </body>
</html>
172.23.73.16;2023-10-23 10:24:46.225250;l version="1.0" encoding="iso-8859-1"?>
<!DOCTYPE html PUBLIC "-//W3C//DTD XHTML 1.0 Transitional//EN"
         "http://www.w3.org/TR/xhtml1/DTD/xhtml1-transitional.dtd">
<html xmlns="http://www.w3.org/1999/xhtml" xml:lang="en" lang="en">
 <head>
  <title>401 - Unauthorized</title>
 </head>
 <body>
  <h1>401 - Unauthorized</h1>
 </body>
</html>;l version="1.0" encoding="iso-8859-1"?>
<!DOCTYPE html PUBLIC "-//W3C//DTD XHTML 1.0 Transitional//EN"
         "http://www.w3.org/TR/xhtml1/DTD/xhtml1-transitional.dtd">
<html xmlns="http://www.w3.org/1999/xhtml" xml:lang="en" lang="en">
 <head>
  <title>401 - Unauthorized</title>
 </head>
 <body>
  <h1>401 - Unauthorized</h1>
 </body>
</html>
172.23.73.16;2023-10-23 10:25:31.204227;l version="1.0" encoding="iso-8859-1"?>
<!DOCTYPE html PUBLIC "-//W3C//DTD XHTML 1.0 Transitional//EN"
         "http://www.w3.org/TR/xhtml1/DTD/xhtml1-transitional.dtd">
<html xmlns="http://www.w3.org/1999/xhtml" xml:lang="en" lang="en">
 <head>
  <title>401 - Unauthorized</title>
 </head>
 <body>
  <h1>401 - Unauthorized</h1>
 </body>
</html>;l version="1.0" encoding="iso-8859-1"?>
<!DOCTYPE html PUBLIC "-//W3C//DTD XHTML 1.0 Transitional//EN"
         "http://www.w3.org/TR/xhtml1/DTD/xhtml1-transitional.dtd">
<html xmlns="http://www.w3.org/1999/xhtml" xml:lang="en" lang="en">
 <head>
  <title>401 - Unauthorized</title>
 </head>
 <body>
  <h1>401 - Unauthorized</h1>
 </body>
</html>
172.23.73.16;2023-10-23 10:26:13.804776;l version="1.0" encoding="iso-8859-1"?>
<!DOCTYPE html PUBLIC "-//W3C//DTD XHTML 1.0 Transitional//EN"
         "http://www.w3.org/TR/xhtml1/DTD/xhtml1-transitional.dtd">
<html xmlns="http://www.w3.org/1999/xhtml" xml:lang="en" lang="en">
 <head>
  <title>401 - Unauthorized</title>
 </head>
 <body>
  <h1>401 - Unauthorized</h1>
 </body>
</html>;l version="1.0" encoding="iso-8859-1"?>
<!DOCTYPE html PUBLIC "-//W3C//DTD XHTML 1.0 Transitional//EN"
         "http://www.w3.org/TR/xhtml1/DTD/xhtml1-transitional.dtd">
<html xmlns="http://www.w3.org/1999/xhtml" xml:lang="en" lang="en">
 <head>
  <title>401 - Unauthorized</title>
 </head>
 <body>
  <h1>401 - Unauthorized</h1>
 </body>
</html>
172.23.73.16;2023-10-23 10:27:00.684783;l version="1.0" encoding="iso-8859-1"?>
<!DOCTYPE html PUBLIC "-//W3C//DTD XHTML 1.0 Transitional//EN"
         "http://www.w3.org/TR/xhtml1/DTD/xhtml1-transitional.dtd">
<html xmlns="http://www.w3.org/1999/xhtml" xml:lang="en" lang="en">
 <head>
  <title>401 - Unauthorized</title>
 </head>
 <body>
  <h1>401 - Unauthorized</h1>
 </body>
</html>;l version="1.0" encoding="iso-8859-1"?>
<!DOCTYPE html PUBLIC "-//W3C//DTD XHTML 1.0 Transitional//EN"
         "http://www.w3.org/TR/xhtml1/DTD/xhtml1-transitional.dtd">
<html xmlns="http://www.w3.org/1999/xhtml" xml:lang="en" lang="en">
 <head>
  <title>401 - Unauthorized</title>
 </head>
 <body>
  <h1>401 - Unauthorized</h1>
 </body>
</html>
172.23.73.16;2023-10-23 10:27:43.085274;l version="1.0" encoding="iso-8859-1"?>
<!DOCTYPE html PUBLIC "-//W3C//DTD XHTML 1.0 Transitional//EN"
         "http://www.w3.org/TR/xhtml1/DTD/xhtml1-transitional.dtd">
<html xmlns="http://www.w3.org/1999/xhtml" xml:lang="en" lang="en">
 <head>
  <title>401 - Unauthorized</title>
 </head>
 <body>
  <h1>401 - Unauthorized</h1>
 </body>
</html>;l version="1.0" encoding="iso-8859-1"?>
<!DOCTYPE html PUBLIC "-//W3C//DTD XHTML 1.0 Transitional//EN"
         "http://www.w3.org/TR/xhtml1/DTD/xhtml1-transitional.dtd">
<html xmlns="http://www.w3.org/1999/xhtml" xml:lang="en" lang="en">
 <head>
  <title>401 - Unauthorized</title>
 </head>
 <body>
  <h1>401 - Unauthorized</h1>
 </body>
</html>
172.23.73.16;2023-10-23 10:28:26.468472;l version="1.0" encoding="iso-8859-1"?>
<!DOCTYPE html PUBLIC "-//W3C//DTD XHTML 1.0 Transitional//EN"
         "http://www.w3.org/TR/xhtml1/DTD/xhtml1-transitional.dtd">
<html xmlns="http://www.w3.org/1999/xhtml" xml:lang="en" lang="en">
 <head>
  <title>401 - Unauthorized</title>
 </head>
 <body>
  <h1>401 - Unauthorized</h1>
 </body>
</html>;l version="1.0" encoding="iso-8859-1"?>
<!DOCTYPE html PUBLIC "-//W3C//DTD XHTML 1.0 Transitional//EN"
         "http://www.w3.org/TR/xhtml1/DTD/xhtml1-transitional.dtd">
<html xmlns="http://www.w3.org/1999/xhtml" xml:lang="en" lang="en">
 <head>
  <title>401 - Unauthorized</title>
 </head>
 <body>
  <h1>401 - Unauthorized</h1>
 </body>
</html>
172.23.73.16;2023-10-23 10:29:09.081768;l version="1.0" encoding="iso-8859-1"?>
<!DOCTYPE html PUBLIC "-//W3C//DTD XHTML 1.0 Transitional//EN"
         "http://www.w3.org/TR/xhtml1/DTD/xhtml1-transitional.dtd">
<html xmlns="http://www.w3.org/1999/xhtml" xml:lang="en" lang="en">
 <head>
  <title>401 - Unauthorized</title>
 </head>
 <body>
  <h1>401 - Unauthorized</h1>
 </body>
</html>;l version="1.0" encoding="iso-8859-1"?>
<!DOCTYPE html PUBLIC "-//W3C//DTD XHTML 1.0 Transitional//EN"
         "http://www.w3.org/TR/xhtml1/DTD/xhtml1-transitional.dtd">
<html xmlns="http://www.w3.org/1999/xhtml" xml:lang="en" lang="en">
 <head>
  <title>401 - Unauthorized</title>
 </head>
 <body>
  <h1>401 - Unauthorized</h1>
 </body>
</html>
172.23.73.16;2023-10-23 10:30:00.113271;l version="1.0" encoding="iso-8859-1"?>
<!DOCTYPE html PUBLIC "-//W3C//DTD XHTML 1.0 Transitional//EN"
         "http://www.w3.org/TR/xhtml1/DTD/xhtml1-transitional.dtd">
<html xmlns="http://www.w3.org/1999/xhtml" xml:lang="en" lang="en">
 <head>
  <title>401 - Unauthorized</title>
 </head>
 <body>
  <h1>401 - Unauthorized</h1>
 </body>
</html>;l version="1.0" encoding="iso-8859-1"?>
<!DOCTYPE html PUBLIC "-//W3C//DTD XHTML 1.0 Transitional//EN"
         "http://www.w3.org/TR/xhtml1/DTD/xhtml1-transitional.dtd">
<html xmlns="http://www.w3.org/1999/xhtml" xml:lang="en" lang="en">
 <head>
  <title>401 - Unauthorized</title>
 </head>
 <body>
  <h1>401 - Unauthorized</h1>
 </body>
</html>
172.23.73.16;2023-10-23 10:30:43.208809;l version="1.0" encoding="iso-8859-1"?>
<!DOCTYPE html PUBLIC "-//W3C//DTD XHTML 1.0 Transitional//EN"
         "http://www.w3.org/TR/xhtml1/DTD/xhtml1-transitional.dtd">
<html xmlns="http://www.w3.org/1999/xhtml" xml:lang="en" lang="en">
 <head>
  <title>401 - Unauthorized</title>
 </head>
 <body>
  <h1>401 - Unauthorized</h1>
 </body>
</html>;l version="1.0" encoding="iso-8859-1"?>
<!DOCTYPE html PUBLIC "-//W3C//DTD XHTML 1.0 Transitional//EN"
         "http://www.w3.org/TR/xhtml1/DTD/xhtml1-transitional.dtd">
<html xmlns="http://www.w3.org/1999/xhtml" xml:lang="en" lang="en">
 <head>
  <title>401 - Unauthorized</title>
 </head>
 <body>
  <h1>401 - Unauthorized</h1>
 </body>
</html>
