172.23.73.186;2023-08-30 11:18:14.645417;Erro;Erro;
172.23.73.186;2023-08-31 11:38:26.554254;l version="1.0" encoding="iso-8859-1"?>
<!DOCTYPE html PUBLIC "-//W3C//DTD XHTML 1.0 Transitional//EN"
         "http://www.w3.org/TR/xhtml1/DTD/xhtml1-transitional.dtd">
<html xmlns="http://www.w3.org/1999/xhtml" xml:lang="en" lang="en">
 <head>
  <title>401 - Unauthorized</title>
 </head>
 <body>
  <h1>401 - Unauthorized</h1>
 </body>
</html>;l version="1.0" encoding="iso-8859-1"?>
<!DOCTYPE html PUBLIC "-//W3C//DTD XHTML 1.0 Transitional//EN"
         "http://www.w3.org/TR/xhtml1/DTD/xhtml1-transitional.dtd">
<html xmlns="http://www.w3.org/1999/xhtml" xml:lang="en" lang="en">
 <head>
  <title>401 - Unauthorized</title>
 </head>
 <body>
  <h1>401 - Unauthorized</h1>
 </body>
</html>
172.23.73.186;2023-08-31 11:42:51.698082;l version="1.0" encoding="iso-8859-1"?>
<!DOCTYPE html PUBLIC "-//W3C//DTD XHTML 1.0 Transitional//EN"
         "http://www.w3.org/TR/xhtml1/DTD/xhtml1-transitional.dtd">
<html xmlns="http://www.w3.org/1999/xhtml" xml:lang="en" lang="en">
 <head>
  <title>401 - Unauthorized</title>
 </head>
 <body>
  <h1>401 - Unauthorized</h1>
 </body>
</html>;l version="1.0" encoding="iso-8859-1"?>
<!DOCTYPE html PUBLIC "-//W3C//DTD XHTML 1.0 Transitional//EN"
         "http://www.w3.org/TR/xhtml1/DTD/xhtml1-transitional.dtd">
<html xmlns="http://www.w3.org/1999/xhtml" xml:lang="en" lang="en">
 <head>
  <title>401 - Unauthorized</title>
 </head>
 <body>
  <h1>401 - Unauthorized</h1>
 </body>
</html>
172.23.73.186;2023-08-31 11:43:11.354514;l version="1.0" encoding="iso-8859-1"?>
<!DOCTYPE html PUBLIC "-//W3C//DTD XHTML 1.0 Transitional//EN"
         "http://www.w3.org/TR/xhtml1/DTD/xhtml1-transitional.dtd">
<html xmlns="http://www.w3.org/1999/xhtml" xml:lang="en" lang="en">
 <head>
  <title>401 - Unauthorized</title>
 </head>
 <body>
  <h1>401 - Unauthorized</h1>
 </body>
</html>;l version="1.0" encoding="iso-8859-1"?>
<!DOCTYPE html PUBLIC "-//W3C//DTD XHTML 1.0 Transitional//EN"
         "http://www.w3.org/TR/xhtml1/DTD/xhtml1-transitional.dtd">
<html xmlns="http://www.w3.org/1999/xhtml" xml:lang="en" lang="en">
 <head>
  <title>401 - Unauthorized</title>
 </head>
 <body>
  <h1>401 - Unauthorized</h1>
 </body>
</html>
172.23.73.186;2023-08-31 15:02:20.762521;Erro;Erro;
172.23.73.186;2023-08-31 15:03:48.824646;Erro;Erro;
172.23.73.186;2023-09-05 10:38:40.782995;l version="1.0" encoding="iso-8859-1"?>
<!DOCTYPE html PUBLIC "-//W3C//DTD XHTML 1.0 Transitional//EN"
         "http://www.w3.org/TR/xhtml1/DTD/xhtml1-transitional.dtd">
<html xmlns="http://www.w3.org/1999/xhtml" xml:lang="en" lang="en">
 <head>
  <title>401 - Unauthorized</title>
 </head>
 <body>
  <h1>401 - Unauthorized</h1>
 </body>
</html>;l version="1.0" encoding="iso-8859-1"?>
<!DOCTYPE html PUBLIC "-//W3C//DTD XHTML 1.0 Transitional//EN"
         "http://www.w3.org/TR/xhtml1/DTD/xhtml1-transitional.dtd">
<html xmlns="http://www.w3.org/1999/xhtml" xml:lang="en" lang="en">
 <head>
  <title>401 - Unauthorized</title>
 </head>
 <body>
  <h1>401 - Unauthorized</h1>
 </body>
</html>
172.23.73.186;2023-09-05 10:40:00.956970;l version="1.0" encoding="iso-8859-1"?>
<!DOCTYPE html PUBLIC "-//W3C//DTD XHTML 1.0 Transitional//EN"
         "http://www.w3.org/TR/xhtml1/DTD/xhtml1-transitional.dtd">
<html xmlns="http://www.w3.org/1999/xhtml" xml:lang="en" lang="en">
 <head>
  <title>401 - Unauthorized</title>
 </head>
 <body>
  <h1>401 - Unauthorized</h1>
 </body>
</html>;l version="1.0" encoding="iso-8859-1"?>
<!DOCTYPE html PUBLIC "-//W3C//DTD XHTML 1.0 Transitional//EN"
         "http://www.w3.org/TR/xhtml1/DTD/xhtml1-transitional.dtd">
<html xmlns="http://www.w3.org/1999/xhtml" xml:lang="en" lang="en">
 <head>
  <title>401 - Unauthorized</title>
 </head>
 <body>
  <h1>401 - Unauthorized</h1>
 </body>
</html>
172.23.73.186;2023-10-09 10:24:37.513255;l version="1.0" encoding="iso-8859-1"?>
<!DOCTYPE html PUBLIC "-//W3C//DTD XHTML 1.0 Transitional//EN"
         "http://www.w3.org/TR/xhtml1/DTD/xhtml1-transitional.dtd">
<html xmlns="http://www.w3.org/1999/xhtml" xml:lang="en" lang="en">
 <head>
  <title>401 - Unauthorized</title>
 </head>
 <body>
  <h1>401 - Unauthorized</h1>
 </body>
</html>;l version="1.0" encoding="iso-8859-1"?>
<!DOCTYPE html PUBLIC "-//W3C//DTD XHTML 1.0 Transitional//EN"
         "http://www.w3.org/TR/xhtml1/DTD/xhtml1-transitional.dtd">
<html xmlns="http://www.w3.org/1999/xhtml" xml:lang="en" lang="en">
 <head>
  <title>401 - Unauthorized</title>
 </head>
 <body>
  <h1>401 - Unauthorized</h1>
 </body>
</html>
172.23.73.186;2023-10-09 10:25:18.605893;l version="1.0" encoding="iso-8859-1"?>
<!DOCTYPE html PUBLIC "-//W3C//DTD XHTML 1.0 Transitional//EN"
         "http://www.w3.org/TR/xhtml1/DTD/xhtml1-transitional.dtd">
<html xmlns="http://www.w3.org/1999/xhtml" xml:lang="en" lang="en">
 <head>
  <title>401 - Unauthorized</title>
 </head>
 <body>
  <h1>401 - Unauthorized</h1>
 </body>
</html>;l version="1.0" encoding="iso-8859-1"?>
<!DOCTYPE html PUBLIC "-//W3C//DTD XHTML 1.0 Transitional//EN"
         "http://www.w3.org/TR/xhtml1/DTD/xhtml1-transitional.dtd">
<html xmlns="http://www.w3.org/1999/xhtml" xml:lang="en" lang="en">
 <head>
  <title>401 - Unauthorized</title>
 </head>
 <body>
  <h1>401 - Unauthorized</h1>
 </body>
</html>
172.23.73.186;2023-10-09 10:26:01.765359;l version="1.0" encoding="iso-8859-1"?>
<!DOCTYPE html PUBLIC "-//W3C//DTD XHTML 1.0 Transitional//EN"
         "http://www.w3.org/TR/xhtml1/DTD/xhtml1-transitional.dtd">
<html xmlns="http://www.w3.org/1999/xhtml" xml:lang="en" lang="en">
 <head>
  <title>401 - Unauthorized</title>
 </head>
 <body>
  <h1>401 - Unauthorized</h1>
 </body>
</html>;l version="1.0" encoding="iso-8859-1"?>
<!DOCTYPE html PUBLIC "-//W3C//DTD XHTML 1.0 Transitional//EN"
         "http://www.w3.org/TR/xhtml1/DTD/xhtml1-transitional.dtd">
<html xmlns="http://www.w3.org/1999/xhtml" xml:lang="en" lang="en">
 <head>
  <title>401 - Unauthorized</title>
 </head>
 <body>
  <h1>401 - Unauthorized</h1>
 </body>
</html>
172.23.73.186;2023-10-09 10:26:43.940894;l version="1.0" encoding="iso-8859-1"?>
<!DOCTYPE html PUBLIC "-//W3C//DTD XHTML 1.0 Transitional//EN"
         "http://www.w3.org/TR/xhtml1/DTD/xhtml1-transitional.dtd">
<html xmlns="http://www.w3.org/1999/xhtml" xml:lang="en" lang="en">
 <head>
  <title>401 - Unauthorized</title>
 </head>
 <body>
  <h1>401 - Unauthorized</h1>
 </body>
</html>;l version="1.0" encoding="iso-8859-1"?>
<!DOCTYPE html PUBLIC "-//W3C//DTD XHTML 1.0 Transitional//EN"
         "http://www.w3.org/TR/xhtml1/DTD/xhtml1-transitional.dtd">
<html xmlns="http://www.w3.org/1999/xhtml" xml:lang="en" lang="en">
 <head>
  <title>401 - Unauthorized</title>
 </head>
 <body>
  <h1>401 - Unauthorized</h1>
 </body>
</html>
172.23.73.186;2023-10-09 10:27:26.114418;l version="1.0" encoding="iso-8859-1"?>
<!DOCTYPE html PUBLIC "-//W3C//DTD XHTML 1.0 Transitional//EN"
         "http://www.w3.org/TR/xhtml1/DTD/xhtml1-transitional.dtd">
<html xmlns="http://www.w3.org/1999/xhtml" xml:lang="en" lang="en">
 <head>
  <title>401 - Unauthorized</title>
 </head>
 <body>
  <h1>401 - Unauthorized</h1>
 </body>
</html>;l version="1.0" encoding="iso-8859-1"?>
<!DOCTYPE html PUBLIC "-//W3C//DTD XHTML 1.0 Transitional//EN"
         "http://www.w3.org/TR/xhtml1/DTD/xhtml1-transitional.dtd">
<html xmlns="http://www.w3.org/1999/xhtml" xml:lang="en" lang="en">
 <head>
  <title>401 - Unauthorized</title>
 </head>
 <body>
  <h1>401 - Unauthorized</h1>
 </body>
</html>
172.23.73.186;2023-10-09 10:28:13.992708;l version="1.0" encoding="iso-8859-1"?>
<!DOCTYPE html PUBLIC "-//W3C//DTD XHTML 1.0 Transitional//EN"
         "http://www.w3.org/TR/xhtml1/DTD/xhtml1-transitional.dtd">
<html xmlns="http://www.w3.org/1999/xhtml" xml:lang="en" lang="en">
 <head>
  <title>401 - Unauthorized</title>
 </head>
 <body>
  <h1>401 - Unauthorized</h1>
 </body>
</html>;l version="1.0" encoding="iso-8859-1"?>
<!DOCTYPE html PUBLIC "-//W3C//DTD XHTML 1.0 Transitional//EN"
         "http://www.w3.org/TR/xhtml1/DTD/xhtml1-transitional.dtd">
<html xmlns="http://www.w3.org/1999/xhtml" xml:lang="en" lang="en">
 <head>
  <title>401 - Unauthorized</title>
 </head>
 <body>
  <h1>401 - Unauthorized</h1>
 </body>
</html>
172.23.73.186;2023-10-09 10:28:56.052783;l version="1.0" encoding="iso-8859-1"?>
<!DOCTYPE html PUBLIC "-//W3C//DTD XHTML 1.0 Transitional//EN"
         "http://www.w3.org/TR/xhtml1/DTD/xhtml1-transitional.dtd">
<html xmlns="http://www.w3.org/1999/xhtml" xml:lang="en" lang="en">
 <head>
  <title>401 - Unauthorized</title>
 </head>
 <body>
  <h1>401 - Unauthorized</h1>
 </body>
</html>;l version="1.0" encoding="iso-8859-1"?>
<!DOCTYPE html PUBLIC "-//W3C//DTD XHTML 1.0 Transitional//EN"
         "http://www.w3.org/TR/xhtml1/DTD/xhtml1-transitional.dtd">
<html xmlns="http://www.w3.org/1999/xhtml" xml:lang="en" lang="en">
 <head>
  <title>401 - Unauthorized</title>
 </head>
 <body>
  <h1>401 - Unauthorized</h1>
 </body>
</html>
172.23.73.186;2023-10-09 10:29:43.686678;l version="1.0" encoding="iso-8859-1"?>
<!DOCTYPE html PUBLIC "-//W3C//DTD XHTML 1.0 Transitional//EN"
         "http://www.w3.org/TR/xhtml1/DTD/xhtml1-transitional.dtd">
<html xmlns="http://www.w3.org/1999/xhtml" xml:lang="en" lang="en">
 <head>
  <title>401 - Unauthorized</title>
 </head>
 <body>
  <h1>401 - Unauthorized</h1>
 </body>
</html>;l version="1.0" encoding="iso-8859-1"?>
<!DOCTYPE html PUBLIC "-//W3C//DTD XHTML 1.0 Transitional//EN"
         "http://www.w3.org/TR/xhtml1/DTD/xhtml1-transitional.dtd">
<html xmlns="http://www.w3.org/1999/xhtml" xml:lang="en" lang="en">
 <head>
  <title>401 - Unauthorized</title>
 </head>
 <body>
  <h1>401 - Unauthorized</h1>
 </body>
</html>
172.23.73.186;2023-10-09 10:30:26.905497;l version="1.0" encoding="iso-8859-1"?>
<!DOCTYPE html PUBLIC "-//W3C//DTD XHTML 1.0 Transitional//EN"
         "http://www.w3.org/TR/xhtml1/DTD/xhtml1-transitional.dtd">
<html xmlns="http://www.w3.org/1999/xhtml" xml:lang="en" lang="en">
 <head>
  <title>401 - Unauthorized</title>
 </head>
 <body>
  <h1>401 - Unauthorized</h1>
 </body>
</html>;l version="1.0" encoding="iso-8859-1"?>
<!DOCTYPE html PUBLIC "-//W3C//DTD XHTML 1.0 Transitional//EN"
         "http://www.w3.org/TR/xhtml1/DTD/xhtml1-transitional.dtd">
<html xmlns="http://www.w3.org/1999/xhtml" xml:lang="en" lang="en">
 <head>
  <title>401 - Unauthorized</title>
 </head>
 <body>
  <h1>401 - Unauthorized</h1>
 </body>
</html>
172.23.73.186;2023-10-09 10:31:13.262270;l version="1.0" encoding="iso-8859-1"?>
<!DOCTYPE html PUBLIC "-//W3C//DTD XHTML 1.0 Transitional//EN"
         "http://www.w3.org/TR/xhtml1/DTD/xhtml1-transitional.dtd">
<html xmlns="http://www.w3.org/1999/xhtml" xml:lang="en" lang="en">
 <head>
  <title>401 - Unauthorized</title>
 </head>
 <body>
  <h1>401 - Unauthorized</h1>
 </body>
</html>;l version="1.0" encoding="iso-8859-1"?>
<!DOCTYPE html PUBLIC "-//W3C//DTD XHTML 1.0 Transitional//EN"
         "http://www.w3.org/TR/xhtml1/DTD/xhtml1-transitional.dtd">
<html xmlns="http://www.w3.org/1999/xhtml" xml:lang="en" lang="en">
 <head>
  <title>401 - Unauthorized</title>
 </head>
 <body>
  <h1>401 - Unauthorized</h1>
 </body>
</html>
172.23.73.186;2023-10-09 10:31:56.341663;l version="1.0" encoding="iso-8859-1"?>
<!DOCTYPE html PUBLIC "-//W3C//DTD XHTML 1.0 Transitional//EN"
         "http://www.w3.org/TR/xhtml1/DTD/xhtml1-transitional.dtd">
<html xmlns="http://www.w3.org/1999/xhtml" xml:lang="en" lang="en">
 <head>
  <title>401 - Unauthorized</title>
 </head>
 <body>
  <h1>401 - Unauthorized</h1>
 </body>
</html>;l version="1.0" encoding="iso-8859-1"?>
<!DOCTYPE html PUBLIC "-//W3C//DTD XHTML 1.0 Transitional//EN"
         "http://www.w3.org/TR/xhtml1/DTD/xhtml1-transitional.dtd">
<html xmlns="http://www.w3.org/1999/xhtml" xml:lang="en" lang="en">
 <head>
  <title>401 - Unauthorized</title>
 </head>
 <body>
  <h1>401 - Unauthorized</h1>
 </body>
</html>
172.23.73.186;2023-10-09 10:32:43.913254;l version="1.0" encoding="iso-8859-1"?>
<!DOCTYPE html PUBLIC "-//W3C//DTD XHTML 1.0 Transitional//EN"
         "http://www.w3.org/TR/xhtml1/DTD/xhtml1-transitional.dtd">
<html xmlns="http://www.w3.org/1999/xhtml" xml:lang="en" lang="en">
 <head>
  <title>401 - Unauthorized</title>
 </head>
 <body>
  <h1>401 - Unauthorized</h1>
 </body>
</html>;l version="1.0" encoding="iso-8859-1"?>
<!DOCTYPE html PUBLIC "-//W3C//DTD XHTML 1.0 Transitional//EN"
         "http://www.w3.org/TR/xhtml1/DTD/xhtml1-transitional.dtd">
<html xmlns="http://www.w3.org/1999/xhtml" xml:lang="en" lang="en">
 <head>
  <title>401 - Unauthorized</title>
 </head>
 <body>
  <h1>401 - Unauthorized</h1>
 </body>
</html>
172.23.73.186;2023-10-09 10:33:26.640490;l version="1.0" encoding="iso-8859-1"?>
<!DOCTYPE html PUBLIC "-//W3C//DTD XHTML 1.0 Transitional//EN"
         "http://www.w3.org/TR/xhtml1/DTD/xhtml1-transitional.dtd">
<html xmlns="http://www.w3.org/1999/xhtml" xml:lang="en" lang="en">
 <head>
  <title>401 - Unauthorized</title>
 </head>
 <body>
  <h1>401 - Unauthorized</h1>
 </body>
</html>;l version="1.0" encoding="iso-8859-1"?>
<!DOCTYPE html PUBLIC "-//W3C//DTD XHTML 1.0 Transitional//EN"
         "http://www.w3.org/TR/xhtml1/DTD/xhtml1-transitional.dtd">
<html xmlns="http://www.w3.org/1999/xhtml" xml:lang="en" lang="en">
 <head>
  <title>401 - Unauthorized</title>
 </head>
 <body>
  <h1>401 - Unauthorized</h1>
 </body>
</html>
172.23.73.186;2023-10-09 10:34:13.687297;l version="1.0" encoding="iso-8859-1"?>
<!DOCTYPE html PUBLIC "-//W3C//DTD XHTML 1.0 Transitional//EN"
         "http://www.w3.org/TR/xhtml1/DTD/xhtml1-transitional.dtd">
<html xmlns="http://www.w3.org/1999/xhtml" xml:lang="en" lang="en">
 <head>
  <title>401 - Unauthorized</title>
 </head>
 <body>
  <h1>401 - Unauthorized</h1>
 </body>
</html>;l version="1.0" encoding="iso-8859-1"?>
<!DOCTYPE html PUBLIC "-//W3C//DTD XHTML 1.0 Transitional//EN"
         "http://www.w3.org/TR/xhtml1/DTD/xhtml1-transitional.dtd">
<html xmlns="http://www.w3.org/1999/xhtml" xml:lang="en" lang="en">
 <head>
  <title>401 - Unauthorized</title>
 </head>
 <body>
  <h1>401 - Unauthorized</h1>
 </body>
</html>
172.23.73.186;2023-10-09 10:34:56.373597;l version="1.0" encoding="iso-8859-1"?>
<!DOCTYPE html PUBLIC "-//W3C//DTD XHTML 1.0 Transitional//EN"
         "http://www.w3.org/TR/xhtml1/DTD/xhtml1-transitional.dtd">
<html xmlns="http://www.w3.org/1999/xhtml" xml:lang="en" lang="en">
 <head>
  <title>401 - Unauthorized</title>
 </head>
 <body>
  <h1>401 - Unauthorized</h1>
 </body>
</html>;l version="1.0" encoding="iso-8859-1"?>
<!DOCTYPE html PUBLIC "-//W3C//DTD XHTML 1.0 Transitional//EN"
         "http://www.w3.org/TR/xhtml1/DTD/xhtml1-transitional.dtd">
<html xmlns="http://www.w3.org/1999/xhtml" xml:lang="en" lang="en">
 <head>
  <title>401 - Unauthorized</title>
 </head>
 <body>
  <h1>401 - Unauthorized</h1>
 </body>
</html>
172.23.73.186;2023-10-09 10:35:43.613237;l version="1.0" encoding="iso-8859-1"?>
<!DOCTYPE html PUBLIC "-//W3C//DTD XHTML 1.0 Transitional//EN"
         "http://www.w3.org/TR/xhtml1/DTD/xhtml1-transitional.dtd">
<html xmlns="http://www.w3.org/1999/xhtml" xml:lang="en" lang="en">
 <head>
  <title>401 - Unauthorized</title>
 </head>
 <body>
  <h1>401 - Unauthorized</h1>
 </body>
</html>;l version="1.0" encoding="iso-8859-1"?>
<!DOCTYPE html PUBLIC "-//W3C//DTD XHTML 1.0 Transitional//EN"
         "http://www.w3.org/TR/xhtml1/DTD/xhtml1-transitional.dtd">
<html xmlns="http://www.w3.org/1999/xhtml" xml:lang="en" lang="en">
 <head>
  <title>401 - Unauthorized</title>
 </head>
 <body>
  <h1>401 - Unauthorized</h1>
 </body>
</html>
172.23.73.186;2023-10-09 10:36:25.910554;l version="1.0" encoding="iso-8859-1"?>
<!DOCTYPE html PUBLIC "-//W3C//DTD XHTML 1.0 Transitional//EN"
         "http://www.w3.org/TR/xhtml1/DTD/xhtml1-transitional.dtd">
<html xmlns="http://www.w3.org/1999/xhtml" xml:lang="en" lang="en">
 <head>
  <title>401 - Unauthorized</title>
 </head>
 <body>
  <h1>401 - Unauthorized</h1>
 </body>
</html>;l version="1.0" encoding="iso-8859-1"?>
<!DOCTYPE html PUBLIC "-//W3C//DTD XHTML 1.0 Transitional//EN"
         "http://www.w3.org/TR/xhtml1/DTD/xhtml1-transitional.dtd">
<html xmlns="http://www.w3.org/1999/xhtml" xml:lang="en" lang="en">
 <head>
  <title>401 - Unauthorized</title>
 </head>
 <body>
  <h1>401 - Unauthorized</h1>
 </body>
</html>
172.23.73.186;2023-10-09 10:37:13.529237;l version="1.0" encoding="iso-8859-1"?>
<!DOCTYPE html PUBLIC "-//W3C//DTD XHTML 1.0 Transitional//EN"
         "http://www.w3.org/TR/xhtml1/DTD/xhtml1-transitional.dtd">
<html xmlns="http://www.w3.org/1999/xhtml" xml:lang="en" lang="en">
 <head>
  <title>401 - Unauthorized</title>
 </head>
 <body>
  <h1>401 - Unauthorized</h1>
 </body>
</html>;l version="1.0" encoding="iso-8859-1"?>
<!DOCTYPE html PUBLIC "-//W3C//DTD XHTML 1.0 Transitional//EN"
         "http://www.w3.org/TR/xhtml1/DTD/xhtml1-transitional.dtd">
<html xmlns="http://www.w3.org/1999/xhtml" xml:lang="en" lang="en">
 <head>
  <title>401 - Unauthorized</title>
 </head>
 <body>
  <h1>401 - Unauthorized</h1>
 </body>
</html>
172.23.73.186;2023-10-09 10:37:57.138719;l version="1.0" encoding="iso-8859-1"?>
<!DOCTYPE html PUBLIC "-//W3C//DTD XHTML 1.0 Transitional//EN"
         "http://www.w3.org/TR/xhtml1/DTD/xhtml1-transitional.dtd">
<html xmlns="http://www.w3.org/1999/xhtml" xml:lang="en" lang="en">
 <head>
  <title>401 - Unauthorized</title>
 </head>
 <body>
  <h1>401 - Unauthorized</h1>
 </body>
</html>;l version="1.0" encoding="iso-8859-1"?>
<!DOCTYPE html PUBLIC "-//W3C//DTD XHTML 1.0 Transitional//EN"
         "http://www.w3.org/TR/xhtml1/DTD/xhtml1-transitional.dtd">
<html xmlns="http://www.w3.org/1999/xhtml" xml:lang="en" lang="en">
 <head>
  <title>401 - Unauthorized</title>
 </head>
 <body>
  <h1>401 - Unauthorized</h1>
 </body>
</html>
172.23.73.186;2023-10-09 10:38:43.809034;l version="1.0" encoding="iso-8859-1"?>
<!DOCTYPE html PUBLIC "-//W3C//DTD XHTML 1.0 Transitional//EN"
         "http://www.w3.org/TR/xhtml1/DTD/xhtml1-transitional.dtd">
<html xmlns="http://www.w3.org/1999/xhtml" xml:lang="en" lang="en">
 <head>
  <title>401 - Unauthorized</title>
 </head>
 <body>
  <h1>401 - Unauthorized</h1>
 </body>
</html>;l version="1.0" encoding="iso-8859-1"?>
<!DOCTYPE html PUBLIC "-//W3C//DTD XHTML 1.0 Transitional//EN"
         "http://www.w3.org/TR/xhtml1/DTD/xhtml1-transitional.dtd">
<html xmlns="http://www.w3.org/1999/xhtml" xml:lang="en" lang="en">
 <head>
  <title>401 - Unauthorized</title>
 </head>
 <body>
  <h1>401 - Unauthorized</h1>
 </body>
</html>
172.23.73.186;2023-10-09 10:39:25.773208;l version="1.0" encoding="iso-8859-1"?>
<!DOCTYPE html PUBLIC "-//W3C//DTD XHTML 1.0 Transitional//EN"
         "http://www.w3.org/TR/xhtml1/DTD/xhtml1-transitional.dtd">
<html xmlns="http://www.w3.org/1999/xhtml" xml:lang="en" lang="en">
 <head>
  <title>401 - Unauthorized</title>
 </head>
 <body>
  <h1>401 - Unauthorized</h1>
 </body>
</html>;l version="1.0" encoding="iso-8859-1"?>
<!DOCTYPE html PUBLIC "-//W3C//DTD XHTML 1.0 Transitional//EN"
         "http://www.w3.org/TR/xhtml1/DTD/xhtml1-transitional.dtd">
<html xmlns="http://www.w3.org/1999/xhtml" xml:lang="en" lang="en">
 <head>
  <title>401 - Unauthorized</title>
 </head>
 <body>
  <h1>401 - Unauthorized</h1>
 </body>
</html>
172.23.73.186;2023-10-09 10:40:13.609238;l version="1.0" encoding="iso-8859-1"?>
<!DOCTYPE html PUBLIC "-//W3C//DTD XHTML 1.0 Transitional//EN"
         "http://www.w3.org/TR/xhtml1/DTD/xhtml1-transitional.dtd">
<html xmlns="http://www.w3.org/1999/xhtml" xml:lang="en" lang="en">
 <head>
  <title>401 - Unauthorized</title>
 </head>
 <body>
  <h1>401 - Unauthorized</h1>
 </body>
</html>;l version="1.0" encoding="iso-8859-1"?>
<!DOCTYPE html PUBLIC "-//W3C//DTD XHTML 1.0 Transitional//EN"
         "http://www.w3.org/TR/xhtml1/DTD/xhtml1-transitional.dtd">
<html xmlns="http://www.w3.org/1999/xhtml" xml:lang="en" lang="en">
 <head>
  <title>401 - Unauthorized</title>
 </head>
 <body>
  <h1>401 - Unauthorized</h1>
 </body>
</html>
172.23.73.186;2023-10-09 10:40:56.251989;l version="1.0" encoding="iso-8859-1"?>
<!DOCTYPE html PUBLIC "-//W3C//DTD XHTML 1.0 Transitional//EN"
         "http://www.w3.org/TR/xhtml1/DTD/xhtml1-transitional.dtd">
<html xmlns="http://www.w3.org/1999/xhtml" xml:lang="en" lang="en">
 <head>
  <title>401 - Unauthorized</title>
 </head>
 <body>
  <h1>401 - Unauthorized</h1>
 </body>
</html>;l version="1.0" encoding="iso-8859-1"?>
<!DOCTYPE html PUBLIC "-//W3C//DTD XHTML 1.0 Transitional//EN"
         "http://www.w3.org/TR/xhtml1/DTD/xhtml1-transitional.dtd">
<html xmlns="http://www.w3.org/1999/xhtml" xml:lang="en" lang="en">
 <head>
  <title>401 - Unauthorized</title>
 </head>
 <body>
  <h1>401 - Unauthorized</h1>
 </body>
</html>
172.23.73.186;2023-10-09 10:41:43.495575;l version="1.0" encoding="iso-8859-1"?>
<!DOCTYPE html PUBLIC "-//W3C//DTD XHTML 1.0 Transitional//EN"
         "http://www.w3.org/TR/xhtml1/DTD/xhtml1-transitional.dtd">
<html xmlns="http://www.w3.org/1999/xhtml" xml:lang="en" lang="en">
 <head>
  <title>401 - Unauthorized</title>
 </head>
 <body>
  <h1>401 - Unauthorized</h1>
 </body>
</html>;l version="1.0" encoding="iso-8859-1"?>
<!DOCTYPE html PUBLIC "-//W3C//DTD XHTML 1.0 Transitional//EN"
         "http://www.w3.org/TR/xhtml1/DTD/xhtml1-transitional.dtd">
<html xmlns="http://www.w3.org/1999/xhtml" xml:lang="en" lang="en">
 <head>
  <title>401 - Unauthorized</title>
 </head>
 <body>
  <h1>401 - Unauthorized</h1>
 </body>
</html>
172.23.73.186;2023-10-09 10:42:26.036105;l version="1.0" encoding="iso-8859-1"?>
<!DOCTYPE html PUBLIC "-//W3C//DTD XHTML 1.0 Transitional//EN"
         "http://www.w3.org/TR/xhtml1/DTD/xhtml1-transitional.dtd">
<html xmlns="http://www.w3.org/1999/xhtml" xml:lang="en" lang="en">
 <head>
  <title>401 - Unauthorized</title>
 </head>
 <body>
  <h1>401 - Unauthorized</h1>
 </body>
</html>;l version="1.0" encoding="iso-8859-1"?>
<!DOCTYPE html PUBLIC "-//W3C//DTD XHTML 1.0 Transitional//EN"
         "http://www.w3.org/TR/xhtml1/DTD/xhtml1-transitional.dtd">
<html xmlns="http://www.w3.org/1999/xhtml" xml:lang="en" lang="en">
 <head>
  <title>401 - Unauthorized</title>
 </head>
 <body>
  <h1>401 - Unauthorized</h1>
 </body>
</html>
172.23.73.186;2023-10-09 10:43:13.271316;l version="1.0" encoding="iso-8859-1"?>
<!DOCTYPE html PUBLIC "-//W3C//DTD XHTML 1.0 Transitional//EN"
         "http://www.w3.org/TR/xhtml1/DTD/xhtml1-transitional.dtd">
<html xmlns="http://www.w3.org/1999/xhtml" xml:lang="en" lang="en">
 <head>
  <title>401 - Unauthorized</title>
 </head>
 <body>
  <h1>401 - Unauthorized</h1>
 </body>
</html>;l version="1.0" encoding="iso-8859-1"?>
<!DOCTYPE html PUBLIC "-//W3C//DTD XHTML 1.0 Transitional//EN"
         "http://www.w3.org/TR/xhtml1/DTD/xhtml1-transitional.dtd">
<html xmlns="http://www.w3.org/1999/xhtml" xml:lang="en" lang="en">
 <head>
  <title>401 - Unauthorized</title>
 </head>
 <body>
  <h1>401 - Unauthorized</h1>
 </body>
</html>
172.23.73.186;2023-10-09 10:43:55.965361;l version="1.0" encoding="iso-8859-1"?>
<!DOCTYPE html PUBLIC "-//W3C//DTD XHTML 1.0 Transitional//EN"
         "http://www.w3.org/TR/xhtml1/DTD/xhtml1-transitional.dtd">
<html xmlns="http://www.w3.org/1999/xhtml" xml:lang="en" lang="en">
 <head>
  <title>401 - Unauthorized</title>
 </head>
 <body>
  <h1>401 - Unauthorized</h1>
 </body>
</html>;l version="1.0" encoding="iso-8859-1"?>
<!DOCTYPE html PUBLIC "-//W3C//DTD XHTML 1.0 Transitional//EN"
         "http://www.w3.org/TR/xhtml1/DTD/xhtml1-transitional.dtd">
<html xmlns="http://www.w3.org/1999/xhtml" xml:lang="en" lang="en">
 <head>
  <title>401 - Unauthorized</title>
 </head>
 <body>
  <h1>401 - Unauthorized</h1>
 </body>
</html>
172.23.73.186;2023-10-09 10:44:41.662690;l version="1.0" encoding="iso-8859-1"?>
<!DOCTYPE html PUBLIC "-//W3C//DTD XHTML 1.0 Transitional//EN"
         "http://www.w3.org/TR/xhtml1/DTD/xhtml1-transitional.dtd">
<html xmlns="http://www.w3.org/1999/xhtml" xml:lang="en" lang="en">
 <head>
  <title>401 - Unauthorized</title>
 </head>
 <body>
  <h1>401 - Unauthorized</h1>
 </body>
</html>;l version="1.0" encoding="iso-8859-1"?>
<!DOCTYPE html PUBLIC "-//W3C//DTD XHTML 1.0 Transitional//EN"
         "http://www.w3.org/TR/xhtml1/DTD/xhtml1-transitional.dtd">
<html xmlns="http://www.w3.org/1999/xhtml" xml:lang="en" lang="en">
 <head>
  <title>401 - Unauthorized</title>
 </head>
 <body>
  <h1>401 - Unauthorized</h1>
 </body>
</html>
172.23.73.186;2023-10-09 10:45:25.249331;l version="1.0" encoding="iso-8859-1"?>
<!DOCTYPE html PUBLIC "-//W3C//DTD XHTML 1.0 Transitional//EN"
         "http://www.w3.org/TR/xhtml1/DTD/xhtml1-transitional.dtd">
<html xmlns="http://www.w3.org/1999/xhtml" xml:lang="en" lang="en">
 <head>
  <title>401 - Unauthorized</title>
 </head>
 <body>
  <h1>401 - Unauthorized</h1>
 </body>
</html>;l version="1.0" encoding="iso-8859-1"?>
<!DOCTYPE html PUBLIC "-//W3C//DTD XHTML 1.0 Transitional//EN"
         "http://www.w3.org/TR/xhtml1/DTD/xhtml1-transitional.dtd">
<html xmlns="http://www.w3.org/1999/xhtml" xml:lang="en" lang="en">
 <head>
  <title>401 - Unauthorized</title>
 </head>
 <body>
  <h1>401 - Unauthorized</h1>
 </body>
</html>
172.23.73.186;2023-10-09 10:46:11.028651;l version="1.0" encoding="iso-8859-1"?>
<!DOCTYPE html PUBLIC "-//W3C//DTD XHTML 1.0 Transitional//EN"
         "http://www.w3.org/TR/xhtml1/DTD/xhtml1-transitional.dtd">
<html xmlns="http://www.w3.org/1999/xhtml" xml:lang="en" lang="en">
 <head>
  <title>401 - Unauthorized</title>
 </head>
 <body>
  <h1>401 - Unauthorized</h1>
 </body>
</html>;l version="1.0" encoding="iso-8859-1"?>
<!DOCTYPE html PUBLIC "-//W3C//DTD XHTML 1.0 Transitional//EN"
         "http://www.w3.org/TR/xhtml1/DTD/xhtml1-transitional.dtd">
<html xmlns="http://www.w3.org/1999/xhtml" xml:lang="en" lang="en">
 <head>
  <title>401 - Unauthorized</title>
 </head>
 <body>
  <h1>401 - Unauthorized</h1>
 </body>
</html>
172.23.73.186;2023-10-09 10:46:54.714088;l version="1.0" encoding="iso-8859-1"?>
<!DOCTYPE html PUBLIC "-//W3C//DTD XHTML 1.0 Transitional//EN"
         "http://www.w3.org/TR/xhtml1/DTD/xhtml1-transitional.dtd">
<html xmlns="http://www.w3.org/1999/xhtml" xml:lang="en" lang="en">
 <head>
  <title>401 - Unauthorized</title>
 </head>
 <body>
  <h1>401 - Unauthorized</h1>
 </body>
</html>;l version="1.0" encoding="iso-8859-1"?>
<!DOCTYPE html PUBLIC "-//W3C//DTD XHTML 1.0 Transitional//EN"
         "http://www.w3.org/TR/xhtml1/DTD/xhtml1-transitional.dtd">
<html xmlns="http://www.w3.org/1999/xhtml" xml:lang="en" lang="en">
 <head>
  <title>401 - Unauthorized</title>
 </head>
 <body>
  <h1>401 - Unauthorized</h1>
 </body>
</html>
172.23.73.186;2023-10-09 10:47:41.745961;l version="1.0" encoding="iso-8859-1"?>
<!DOCTYPE html PUBLIC "-//W3C//DTD XHTML 1.0 Transitional//EN"
         "http://www.w3.org/TR/xhtml1/DTD/xhtml1-transitional.dtd">
<html xmlns="http://www.w3.org/1999/xhtml" xml:lang="en" lang="en">
 <head>
  <title>401 - Unauthorized</title>
 </head>
 <body>
  <h1>401 - Unauthorized</h1>
 </body>
</html>;l version="1.0" encoding="iso-8859-1"?>
<!DOCTYPE html PUBLIC "-//W3C//DTD XHTML 1.0 Transitional//EN"
         "http://www.w3.org/TR/xhtml1/DTD/xhtml1-transitional.dtd">
<html xmlns="http://www.w3.org/1999/xhtml" xml:lang="en" lang="en">
 <head>
  <title>401 - Unauthorized</title>
 </head>
 <body>
  <h1>401 - Unauthorized</h1>
 </body>
</html>
172.23.73.186;2023-10-09 10:48:24.029228;l version="1.0" encoding="iso-8859-1"?>
<!DOCTYPE html PUBLIC "-//W3C//DTD XHTML 1.0 Transitional//EN"
         "http://www.w3.org/TR/xhtml1/DTD/xhtml1-transitional.dtd">
<html xmlns="http://www.w3.org/1999/xhtml" xml:lang="en" lang="en">
 <head>
  <title>401 - Unauthorized</title>
 </head>
 <body>
  <h1>401 - Unauthorized</h1>
 </body>
</html>;l version="1.0" encoding="iso-8859-1"?>
<!DOCTYPE html PUBLIC "-//W3C//DTD XHTML 1.0 Transitional//EN"
         "http://www.w3.org/TR/xhtml1/DTD/xhtml1-transitional.dtd">
<html xmlns="http://www.w3.org/1999/xhtml" xml:lang="en" lang="en">
 <head>
  <title>401 - Unauthorized</title>
 </head>
 <body>
  <h1>401 - Unauthorized</h1>
 </body>
</html>
172.23.73.186;2023-10-09 10:49:11.437208;l version="1.0" encoding="iso-8859-1"?>
<!DOCTYPE html PUBLIC "-//W3C//DTD XHTML 1.0 Transitional//EN"
         "http://www.w3.org/TR/xhtml1/DTD/xhtml1-transitional.dtd">
<html xmlns="http://www.w3.org/1999/xhtml" xml:lang="en" lang="en">
 <head>
  <title>401 - Unauthorized</title>
 </head>
 <body>
  <h1>401 - Unauthorized</h1>
 </body>
</html>;l version="1.0" encoding="iso-8859-1"?>
<!DOCTYPE html PUBLIC "-//W3C//DTD XHTML 1.0 Transitional//EN"
         "http://www.w3.org/TR/xhtml1/DTD/xhtml1-transitional.dtd">
<html xmlns="http://www.w3.org/1999/xhtml" xml:lang="en" lang="en">
 <head>
  <title>401 - Unauthorized</title>
 </head>
 <body>
  <h1>401 - Unauthorized</h1>
 </body>
</html>
172.23.73.186;2023-10-09 10:49:54.545247;l version="1.0" encoding="iso-8859-1"?>
<!DOCTYPE html PUBLIC "-//W3C//DTD XHTML 1.0 Transitional//EN"
         "http://www.w3.org/TR/xhtml1/DTD/xhtml1-transitional.dtd">
<html xmlns="http://www.w3.org/1999/xhtml" xml:lang="en" lang="en">
 <head>
  <title>401 - Unauthorized</title>
 </head>
 <body>
  <h1>401 - Unauthorized</h1>
 </body>
</html>;l version="1.0" encoding="iso-8859-1"?>
<!DOCTYPE html PUBLIC "-//W3C//DTD XHTML 1.0 Transitional//EN"
         "http://www.w3.org/TR/xhtml1/DTD/xhtml1-transitional.dtd">
<html xmlns="http://www.w3.org/1999/xhtml" xml:lang="en" lang="en">
 <head>
  <title>401 - Unauthorized</title>
 </head>
 <body>
  <h1>401 - Unauthorized</h1>
 </body>
</html>
172.23.73.186;2023-10-09 10:50:40.529216;l version="1.0" encoding="iso-8859-1"?>
<!DOCTYPE html PUBLIC "-//W3C//DTD XHTML 1.0 Transitional//EN"
         "http://www.w3.org/TR/xhtml1/DTD/xhtml1-transitional.dtd">
<html xmlns="http://www.w3.org/1999/xhtml" xml:lang="en" lang="en">
 <head>
  <title>401 - Unauthorized</title>
 </head>
 <body>
  <h1>401 - Unauthorized</h1>
 </body>
</html>;l version="1.0" encoding="iso-8859-1"?>
<!DOCTYPE html PUBLIC "-//W3C//DTD XHTML 1.0 Transitional//EN"
         "http://www.w3.org/TR/xhtml1/DTD/xhtml1-transitional.dtd">
<html xmlns="http://www.w3.org/1999/xhtml" xml:lang="en" lang="en">
 <head>
  <title>401 - Unauthorized</title>
 </head>
 <body>
  <h1>401 - Unauthorized</h1>
 </body>
</html>
172.23.73.186;2023-10-09 10:51:24.598005;l version="1.0" encoding="iso-8859-1"?>
<!DOCTYPE html PUBLIC "-//W3C//DTD XHTML 1.0 Transitional//EN"
         "http://www.w3.org/TR/xhtml1/DTD/xhtml1-transitional.dtd">
<html xmlns="http://www.w3.org/1999/xhtml" xml:lang="en" lang="en">
 <head>
  <title>401 - Unauthorized</title>
 </head>
 <body>
  <h1>401 - Unauthorized</h1>
 </body>
</html>;l version="1.0" encoding="iso-8859-1"?>
<!DOCTYPE html PUBLIC "-//W3C//DTD XHTML 1.0 Transitional//EN"
         "http://www.w3.org/TR/xhtml1/DTD/xhtml1-transitional.dtd">
<html xmlns="http://www.w3.org/1999/xhtml" xml:lang="en" lang="en">
 <head>
  <title>401 - Unauthorized</title>
 </head>
 <body>
  <h1>401 - Unauthorized</h1>
 </body>
</html>
172.23.73.186;2023-10-09 10:52:10.385205;l version="1.0" encoding="iso-8859-1"?>
<!DOCTYPE html PUBLIC "-//W3C//DTD XHTML 1.0 Transitional//EN"
         "http://www.w3.org/TR/xhtml1/DTD/xhtml1-transitional.dtd">
<html xmlns="http://www.w3.org/1999/xhtml" xml:lang="en" lang="en">
 <head>
  <title>401 - Unauthorized</title>
 </head>
 <body>
  <h1>401 - Unauthorized</h1>
 </body>
</html>;l version="1.0" encoding="iso-8859-1"?>
<!DOCTYPE html PUBLIC "-//W3C//DTD XHTML 1.0 Transitional//EN"
         "http://www.w3.org/TR/xhtml1/DTD/xhtml1-transitional.dtd">
<html xmlns="http://www.w3.org/1999/xhtml" xml:lang="en" lang="en">
 <head>
  <title>401 - Unauthorized</title>
 </head>
 <body>
  <h1>401 - Unauthorized</h1>
 </body>
</html>
172.23.73.186;2023-10-09 10:52:53.495501;l version="1.0" encoding="iso-8859-1"?>
<!DOCTYPE html PUBLIC "-//W3C//DTD XHTML 1.0 Transitional//EN"
         "http://www.w3.org/TR/xhtml1/DTD/xhtml1-transitional.dtd">
<html xmlns="http://www.w3.org/1999/xhtml" xml:lang="en" lang="en">
 <head>
  <title>401 - Unauthorized</title>
 </head>
 <body>
  <h1>401 - Unauthorized</h1>
 </body>
</html>;l version="1.0" encoding="iso-8859-1"?>
<!DOCTYPE html PUBLIC "-//W3C//DTD XHTML 1.0 Transitional//EN"
         "http://www.w3.org/TR/xhtml1/DTD/xhtml1-transitional.dtd">
<html xmlns="http://www.w3.org/1999/xhtml" xml:lang="en" lang="en">
 <head>
  <title>401 - Unauthorized</title>
 </head>
 <body>
  <h1>401 - Unauthorized</h1>
 </body>
</html>
172.23.73.186;2023-10-09 10:53:40.204599;l version="1.0" encoding="iso-8859-1"?>
<!DOCTYPE html PUBLIC "-//W3C//DTD XHTML 1.0 Transitional//EN"
         "http://www.w3.org/TR/xhtml1/DTD/xhtml1-transitional.dtd">
<html xmlns="http://www.w3.org/1999/xhtml" xml:lang="en" lang="en">
 <head>
  <title>401 - Unauthorized</title>
 </head>
 <body>
  <h1>401 - Unauthorized</h1>
 </body>
</html>;l version="1.0" encoding="iso-8859-1"?>
<!DOCTYPE html PUBLIC "-//W3C//DTD XHTML 1.0 Transitional//EN"
         "http://www.w3.org/TR/xhtml1/DTD/xhtml1-transitional.dtd">
<html xmlns="http://www.w3.org/1999/xhtml" xml:lang="en" lang="en">
 <head>
  <title>401 - Unauthorized</title>
 </head>
 <body>
  <h1>401 - Unauthorized</h1>
 </body>
</html>
172.23.73.186;2023-10-09 10:54:23.564752;l version="1.0" encoding="iso-8859-1"?>
<!DOCTYPE html PUBLIC "-//W3C//DTD XHTML 1.0 Transitional//EN"
         "http://www.w3.org/TR/xhtml1/DTD/xhtml1-transitional.dtd">
<html xmlns="http://www.w3.org/1999/xhtml" xml:lang="en" lang="en">
 <head>
  <title>401 - Unauthorized</title>
 </head>
 <body>
  <h1>401 - Unauthorized</h1>
 </body>
</html>;l version="1.0" encoding="iso-8859-1"?>
<!DOCTYPE html PUBLIC "-//W3C//DTD XHTML 1.0 Transitional//EN"
         "http://www.w3.org/TR/xhtml1/DTD/xhtml1-transitional.dtd">
<html xmlns="http://www.w3.org/1999/xhtml" xml:lang="en" lang="en">
 <head>
  <title>401 - Unauthorized</title>
 </head>
 <body>
  <h1>401 - Unauthorized</h1>
 </body>
</html>
172.23.73.186;2023-10-09 10:55:10.015028;l version="1.0" encoding="iso-8859-1"?>
<!DOCTYPE html PUBLIC "-//W3C//DTD XHTML 1.0 Transitional//EN"
         "http://www.w3.org/TR/xhtml1/DTD/xhtml1-transitional.dtd">
<html xmlns="http://www.w3.org/1999/xhtml" xml:lang="en" lang="en">
 <head>
  <title>401 - Unauthorized</title>
 </head>
 <body>
  <h1>401 - Unauthorized</h1>
 </body>
</html>;l version="1.0" encoding="iso-8859-1"?>
<!DOCTYPE html PUBLIC "-//W3C//DTD XHTML 1.0 Transitional//EN"
         "http://www.w3.org/TR/xhtml1/DTD/xhtml1-transitional.dtd">
<html xmlns="http://www.w3.org/1999/xhtml" xml:lang="en" lang="en">
 <head>
  <title>401 - Unauthorized</title>
 </head>
 <body>
  <h1>401 - Unauthorized</h1>
 </body>
</html>
172.23.73.186;2023-10-09 10:55:53.597260;l version="1.0" encoding="iso-8859-1"?>
<!DOCTYPE html PUBLIC "-//W3C//DTD XHTML 1.0 Transitional//EN"
         "http://www.w3.org/TR/xhtml1/DTD/xhtml1-transitional.dtd">
<html xmlns="http://www.w3.org/1999/xhtml" xml:lang="en" lang="en">
 <head>
  <title>401 - Unauthorized</title>
 </head>
 <body>
  <h1>401 - Unauthorized</h1>
 </body>
</html>;l version="1.0" encoding="iso-8859-1"?>
<!DOCTYPE html PUBLIC "-//W3C//DTD XHTML 1.0 Transitional//EN"
         "http://www.w3.org/TR/xhtml1/DTD/xhtml1-transitional.dtd">
<html xmlns="http://www.w3.org/1999/xhtml" xml:lang="en" lang="en">
 <head>
  <title>401 - Unauthorized</title>
 </head>
 <body>
  <h1>401 - Unauthorized</h1>
 </body>
</html>
172.23.73.186;2023-10-09 10:56:40.657506;l version="1.0" encoding="iso-8859-1"?>
<!DOCTYPE html PUBLIC "-//W3C//DTD XHTML 1.0 Transitional//EN"
         "http://www.w3.org/TR/xhtml1/DTD/xhtml1-transitional.dtd">
<html xmlns="http://www.w3.org/1999/xhtml" xml:lang="en" lang="en">
 <head>
  <title>401 - Unauthorized</title>
 </head>
 <body>
  <h1>401 - Unauthorized</h1>
 </body>
</html>;l version="1.0" encoding="iso-8859-1"?>
<!DOCTYPE html PUBLIC "-//W3C//DTD XHTML 1.0 Transitional//EN"
         "http://www.w3.org/TR/xhtml1/DTD/xhtml1-transitional.dtd">
<html xmlns="http://www.w3.org/1999/xhtml" xml:lang="en" lang="en">
 <head>
  <title>401 - Unauthorized</title>
 </head>
 <body>
  <h1>401 - Unauthorized</h1>
 </body>
</html>
172.23.73.186;2023-10-09 10:57:23.473222;l version="1.0" encoding="iso-8859-1"?>
<!DOCTYPE html PUBLIC "-//W3C//DTD XHTML 1.0 Transitional//EN"
         "http://www.w3.org/TR/xhtml1/DTD/xhtml1-transitional.dtd">
<html xmlns="http://www.w3.org/1999/xhtml" xml:lang="en" lang="en">
 <head>
  <title>401 - Unauthorized</title>
 </head>
 <body>
  <h1>401 - Unauthorized</h1>
 </body>
</html>;l version="1.0" encoding="iso-8859-1"?>
<!DOCTYPE html PUBLIC "-//W3C//DTD XHTML 1.0 Transitional//EN"
         "http://www.w3.org/TR/xhtml1/DTD/xhtml1-transitional.dtd">
<html xmlns="http://www.w3.org/1999/xhtml" xml:lang="en" lang="en">
 <head>
  <title>401 - Unauthorized</title>
 </head>
 <body>
  <h1>401 - Unauthorized</h1>
 </body>
</html>
172.23.73.186;2023-10-09 10:58:09.744255;l version="1.0" encoding="iso-8859-1"?>
<!DOCTYPE html PUBLIC "-//W3C//DTD XHTML 1.0 Transitional//EN"
         "http://www.w3.org/TR/xhtml1/DTD/xhtml1-transitional.dtd">
<html xmlns="http://www.w3.org/1999/xhtml" xml:lang="en" lang="en">
 <head>
  <title>401 - Unauthorized</title>
 </head>
 <body>
  <h1>401 - Unauthorized</h1>
 </body>
</html>;l version="1.0" encoding="iso-8859-1"?>
<!DOCTYPE html PUBLIC "-//W3C//DTD XHTML 1.0 Transitional//EN"
         "http://www.w3.org/TR/xhtml1/DTD/xhtml1-transitional.dtd">
<html xmlns="http://www.w3.org/1999/xhtml" xml:lang="en" lang="en">
 <head>
  <title>401 - Unauthorized</title>
 </head>
 <body>
  <h1>401 - Unauthorized</h1>
 </body>
</html>
172.23.73.186;2023-10-09 10:58:52.916631;l version="1.0" encoding="iso-8859-1"?>
<!DOCTYPE html PUBLIC "-//W3C//DTD XHTML 1.0 Transitional//EN"
         "http://www.w3.org/TR/xhtml1/DTD/xhtml1-transitional.dtd">
<html xmlns="http://www.w3.org/1999/xhtml" xml:lang="en" lang="en">
 <head>
  <title>401 - Unauthorized</title>
 </head>
 <body>
  <h1>401 - Unauthorized</h1>
 </body>
</html>;l version="1.0" encoding="iso-8859-1"?>
<!DOCTYPE html PUBLIC "-//W3C//DTD XHTML 1.0 Transitional//EN"
         "http://www.w3.org/TR/xhtml1/DTD/xhtml1-transitional.dtd">
<html xmlns="http://www.w3.org/1999/xhtml" xml:lang="en" lang="en">
 <head>
  <title>401 - Unauthorized</title>
 </head>
 <body>
  <h1>401 - Unauthorized</h1>
 </body>
</html>
172.23.73.186;2023-10-09 10:59:39.129253;l version="1.0" encoding="iso-8859-1"?>
<!DOCTYPE html PUBLIC "-//W3C//DTD XHTML 1.0 Transitional//EN"
         "http://www.w3.org/TR/xhtml1/DTD/xhtml1-transitional.dtd">
<html xmlns="http://www.w3.org/1999/xhtml" xml:lang="en" lang="en">
 <head>
  <title>401 - Unauthorized</title>
 </head>
 <body>
  <h1>401 - Unauthorized</h1>
 </body>
</html>;l version="1.0" encoding="iso-8859-1"?>
<!DOCTYPE html PUBLIC "-//W3C//DTD XHTML 1.0 Transitional//EN"
         "http://www.w3.org/TR/xhtml1/DTD/xhtml1-transitional.dtd">
<html xmlns="http://www.w3.org/1999/xhtml" xml:lang="en" lang="en">
 <head>
  <title>401 - Unauthorized</title>
 </head>
 <body>
  <h1>401 - Unauthorized</h1>
 </body>
</html>
172.23.73.186;2023-10-09 11:00:22.897239;l version="1.0" encoding="iso-8859-1"?>
<!DOCTYPE html PUBLIC "-//W3C//DTD XHTML 1.0 Transitional//EN"
         "http://www.w3.org/TR/xhtml1/DTD/xhtml1-transitional.dtd">
<html xmlns="http://www.w3.org/1999/xhtml" xml:lang="en" lang="en">
 <head>
  <title>401 - Unauthorized</title>
 </head>
 <body>
  <h1>401 - Unauthorized</h1>
 </body>
</html>;l version="1.0" encoding="iso-8859-1"?>
<!DOCTYPE html PUBLIC "-//W3C//DTD XHTML 1.0 Transitional//EN"
         "http://www.w3.org/TR/xhtml1/DTD/xhtml1-transitional.dtd">
<html xmlns="http://www.w3.org/1999/xhtml" xml:lang="en" lang="en">
 <head>
  <title>401 - Unauthorized</title>
 </head>
 <body>
  <h1>401 - Unauthorized</h1>
 </body>
</html>
172.23.73.186;2023-10-09 11:01:08.901166;l version="1.0" encoding="iso-8859-1"?>
<!DOCTYPE html PUBLIC "-//W3C//DTD XHTML 1.0 Transitional//EN"
         "http://www.w3.org/TR/xhtml1/DTD/xhtml1-transitional.dtd">
<html xmlns="http://www.w3.org/1999/xhtml" xml:lang="en" lang="en">
 <head>
  <title>401 - Unauthorized</title>
 </head>
 <body>
  <h1>401 - Unauthorized</h1>
 </body>
</html>;l version="1.0" encoding="iso-8859-1"?>
<!DOCTYPE html PUBLIC "-//W3C//DTD XHTML 1.0 Transitional//EN"
         "http://www.w3.org/TR/xhtml1/DTD/xhtml1-transitional.dtd">
<html xmlns="http://www.w3.org/1999/xhtml" xml:lang="en" lang="en">
 <head>
  <title>401 - Unauthorized</title>
 </head>
 <body>
  <h1>401 - Unauthorized</h1>
 </body>
</html>
172.23.73.186;2023-10-09 11:01:52.752779;l version="1.0" encoding="iso-8859-1"?>
<!DOCTYPE html PUBLIC "-//W3C//DTD XHTML 1.0 Transitional//EN"
         "http://www.w3.org/TR/xhtml1/DTD/xhtml1-transitional.dtd">
<html xmlns="http://www.w3.org/1999/xhtml" xml:lang="en" lang="en">
 <head>
  <title>401 - Unauthorized</title>
 </head>
 <body>
  <h1>401 - Unauthorized</h1>
 </body>
</html>;l version="1.0" encoding="iso-8859-1"?>
<!DOCTYPE html PUBLIC "-//W3C//DTD XHTML 1.0 Transitional//EN"
         "http://www.w3.org/TR/xhtml1/DTD/xhtml1-transitional.dtd">
<html xmlns="http://www.w3.org/1999/xhtml" xml:lang="en" lang="en">
 <head>
  <title>401 - Unauthorized</title>
 </head>
 <body>
  <h1>401 - Unauthorized</h1>
 </body>
</html>
172.23.73.186;2023-10-09 11:02:39.877248;l version="1.0" encoding="iso-8859-1"?>
<!DOCTYPE html PUBLIC "-//W3C//DTD XHTML 1.0 Transitional//EN"
         "http://www.w3.org/TR/xhtml1/DTD/xhtml1-transitional.dtd">
<html xmlns="http://www.w3.org/1999/xhtml" xml:lang="en" lang="en">
 <head>
  <title>401 - Unauthorized</title>
 </head>
 <body>
  <h1>401 - Unauthorized</h1>
 </body>
</html>;l version="1.0" encoding="iso-8859-1"?>
<!DOCTYPE html PUBLIC "-//W3C//DTD XHTML 1.0 Transitional//EN"
         "http://www.w3.org/TR/xhtml1/DTD/xhtml1-transitional.dtd">
<html xmlns="http://www.w3.org/1999/xhtml" xml:lang="en" lang="en">
 <head>
  <title>401 - Unauthorized</title>
 </head>
 <body>
  <h1>401 - Unauthorized</h1>
 </body>
</html>
172.23.73.186;2023-10-09 11:03:22.869228;l version="1.0" encoding="iso-8859-1"?>
<!DOCTYPE html PUBLIC "-//W3C//DTD XHTML 1.0 Transitional//EN"
         "http://www.w3.org/TR/xhtml1/DTD/xhtml1-transitional.dtd">
<html xmlns="http://www.w3.org/1999/xhtml" xml:lang="en" lang="en">
 <head>
  <title>401 - Unauthorized</title>
 </head>
 <body>
  <h1>401 - Unauthorized</h1>
 </body>
</html>;l version="1.0" encoding="iso-8859-1"?>
<!DOCTYPE html PUBLIC "-//W3C//DTD XHTML 1.0 Transitional//EN"
         "http://www.w3.org/TR/xhtml1/DTD/xhtml1-transitional.dtd">
<html xmlns="http://www.w3.org/1999/xhtml" xml:lang="en" lang="en">
 <head>
  <title>401 - Unauthorized</title>
 </head>
 <body>
  <h1>401 - Unauthorized</h1>
 </body>
</html>
172.23.73.186;2023-10-09 11:04:09.839744;l version="1.0" encoding="iso-8859-1"?>
<!DOCTYPE html PUBLIC "-//W3C//DTD XHTML 1.0 Transitional//EN"
         "http://www.w3.org/TR/xhtml1/DTD/xhtml1-transitional.dtd">
<html xmlns="http://www.w3.org/1999/xhtml" xml:lang="en" lang="en">
 <head>
  <title>401 - Unauthorized</title>
 </head>
 <body>
  <h1>401 - Unauthorized</h1>
 </body>
</html>;l version="1.0" encoding="iso-8859-1"?>
<!DOCTYPE html PUBLIC "-//W3C//DTD XHTML 1.0 Transitional//EN"
         "http://www.w3.org/TR/xhtml1/DTD/xhtml1-transitional.dtd">
<html xmlns="http://www.w3.org/1999/xhtml" xml:lang="en" lang="en">
 <head>
  <title>401 - Unauthorized</title>
 </head>
 <body>
  <h1>401 - Unauthorized</h1>
 </body>
</html>
172.23.73.186;2023-10-09 11:04:52.091868;l version="1.0" encoding="iso-8859-1"?>
<!DOCTYPE html PUBLIC "-//W3C//DTD XHTML 1.0 Transitional//EN"
         "http://www.w3.org/TR/xhtml1/DTD/xhtml1-transitional.dtd">
<html xmlns="http://www.w3.org/1999/xhtml" xml:lang="en" lang="en">
 <head>
  <title>401 - Unauthorized</title>
 </head>
 <body>
  <h1>401 - Unauthorized</h1>
 </body>
</html>;l version="1.0" encoding="iso-8859-1"?>
<!DOCTYPE html PUBLIC "-//W3C//DTD XHTML 1.0 Transitional//EN"
         "http://www.w3.org/TR/xhtml1/DTD/xhtml1-transitional.dtd">
<html xmlns="http://www.w3.org/1999/xhtml" xml:lang="en" lang="en">
 <head>
  <title>401 - Unauthorized</title>
 </head>
 <body>
  <h1>401 - Unauthorized</h1>
 </body>
</html>
172.23.73.186;2023-10-09 11:05:39.521241;l version="1.0" encoding="iso-8859-1"?>
<!DOCTYPE html PUBLIC "-//W3C//DTD XHTML 1.0 Transitional//EN"
         "http://www.w3.org/TR/xhtml1/DTD/xhtml1-transitional.dtd">
<html xmlns="http://www.w3.org/1999/xhtml" xml:lang="en" lang="en">
 <head>
  <title>401 - Unauthorized</title>
 </head>
 <body>
  <h1>401 - Unauthorized</h1>
 </body>
</html>;l version="1.0" encoding="iso-8859-1"?>
<!DOCTYPE html PUBLIC "-//W3C//DTD XHTML 1.0 Transitional//EN"
         "http://www.w3.org/TR/xhtml1/DTD/xhtml1-transitional.dtd">
<html xmlns="http://www.w3.org/1999/xhtml" xml:lang="en" lang="en">
 <head>
  <title>401 - Unauthorized</title>
 </head>
 <body>
  <h1>401 - Unauthorized</h1>
 </body>
</html>
172.23.73.186;2023-10-09 11:06:22.777270;l version="1.0" encoding="iso-8859-1"?>
<!DOCTYPE html PUBLIC "-//W3C//DTD XHTML 1.0 Transitional//EN"
         "http://www.w3.org/TR/xhtml1/DTD/xhtml1-transitional.dtd">
<html xmlns="http://www.w3.org/1999/xhtml" xml:lang="en" lang="en">
 <head>
  <title>401 - Unauthorized</title>
 </head>
 <body>
  <h1>401 - Unauthorized</h1>
 </body>
</html>;l version="1.0" encoding="iso-8859-1"?>
<!DOCTYPE html PUBLIC "-//W3C//DTD XHTML 1.0 Transitional//EN"
         "http://www.w3.org/TR/xhtml1/DTD/xhtml1-transitional.dtd">
<html xmlns="http://www.w3.org/1999/xhtml" xml:lang="en" lang="en">
 <head>
  <title>401 - Unauthorized</title>
 </head>
 <body>
  <h1>401 - Unauthorized</h1>
 </body>
</html>
172.23.73.186;2023-10-09 11:07:08.854483;l version="1.0" encoding="iso-8859-1"?>
<!DOCTYPE html PUBLIC "-//W3C//DTD XHTML 1.0 Transitional//EN"
         "http://www.w3.org/TR/xhtml1/DTD/xhtml1-transitional.dtd">
<html xmlns="http://www.w3.org/1999/xhtml" xml:lang="en" lang="en">
 <head>
  <title>401 - Unauthorized</title>
 </head>
 <body>
  <h1>401 - Unauthorized</h1>
 </body>
</html>;l version="1.0" encoding="iso-8859-1"?>
<!DOCTYPE html PUBLIC "-//W3C//DTD XHTML 1.0 Transitional//EN"
         "http://www.w3.org/TR/xhtml1/DTD/xhtml1-transitional.dtd">
<html xmlns="http://www.w3.org/1999/xhtml" xml:lang="en" lang="en">
 <head>
  <title>401 - Unauthorized</title>
 </head>
 <body>
  <h1>401 - Unauthorized</h1>
 </body>
</html>
172.23.73.186;2023-10-09 11:07:51.347766;l version="1.0" encoding="iso-8859-1"?>
<!DOCTYPE html PUBLIC "-//W3C//DTD XHTML 1.0 Transitional//EN"
         "http://www.w3.org/TR/xhtml1/DTD/xhtml1-transitional.dtd">
<html xmlns="http://www.w3.org/1999/xhtml" xml:lang="en" lang="en">
 <head>
  <title>401 - Unauthorized</title>
 </head>
 <body>
  <h1>401 - Unauthorized</h1>
 </body>
</html>;l version="1.0" encoding="iso-8859-1"?>
<!DOCTYPE html PUBLIC "-//W3C//DTD XHTML 1.0 Transitional//EN"
         "http://www.w3.org/TR/xhtml1/DTD/xhtml1-transitional.dtd">
<html xmlns="http://www.w3.org/1999/xhtml" xml:lang="en" lang="en">
 <head>
  <title>401 - Unauthorized</title>
 </head>
 <body>
  <h1>401 - Unauthorized</h1>
 </body>
</html>
172.23.73.186;2023-10-09 11:08:37.665037;l version="1.0" encoding="iso-8859-1"?>
<!DOCTYPE html PUBLIC "-//W3C//DTD XHTML 1.0 Transitional//EN"
         "http://www.w3.org/TR/xhtml1/DTD/xhtml1-transitional.dtd">
<html xmlns="http://www.w3.org/1999/xhtml" xml:lang="en" lang="en">
 <head>
  <title>401 - Unauthorized</title>
 </head>
 <body>
  <h1>401 - Unauthorized</h1>
 </body>
</html>;l version="1.0" encoding="iso-8859-1"?>
<!DOCTYPE html PUBLIC "-//W3C//DTD XHTML 1.0 Transitional//EN"
         "http://www.w3.org/TR/xhtml1/DTD/xhtml1-transitional.dtd">
<html xmlns="http://www.w3.org/1999/xhtml" xml:lang="en" lang="en">
 <head>
  <title>401 - Unauthorized</title>
 </head>
 <body>
  <h1>401 - Unauthorized</h1>
 </body>
</html>
172.23.73.186;2023-10-09 11:09:21.782086;l version="1.0" encoding="iso-8859-1"?>
<!DOCTYPE html PUBLIC "-//W3C//DTD XHTML 1.0 Transitional//EN"
         "http://www.w3.org/TR/xhtml1/DTD/xhtml1-transitional.dtd">
<html xmlns="http://www.w3.org/1999/xhtml" xml:lang="en" lang="en">
 <head>
  <title>401 - Unauthorized</title>
 </head>
 <body>
  <h1>401 - Unauthorized</h1>
 </body>
</html>;l version="1.0" encoding="iso-8859-1"?>
<!DOCTYPE html PUBLIC "-//W3C//DTD XHTML 1.0 Transitional//EN"
         "http://www.w3.org/TR/xhtml1/DTD/xhtml1-transitional.dtd">
<html xmlns="http://www.w3.org/1999/xhtml" xml:lang="en" lang="en">
 <head>
  <title>401 - Unauthorized</title>
 </head>
 <body>
  <h1>401 - Unauthorized</h1>
 </body>
</html>
172.23.73.186;2023-10-09 11:10:08.385360;l version="1.0" encoding="iso-8859-1"?>
<!DOCTYPE html PUBLIC "-//W3C//DTD XHTML 1.0 Transitional//EN"
         "http://www.w3.org/TR/xhtml1/DTD/xhtml1-transitional.dtd">
<html xmlns="http://www.w3.org/1999/xhtml" xml:lang="en" lang="en">
 <head>
  <title>401 - Unauthorized</title>
 </head>
 <body>
  <h1>401 - Unauthorized</h1>
 </body>
</html>;l version="1.0" encoding="iso-8859-1"?>
<!DOCTYPE html PUBLIC "-//W3C//DTD XHTML 1.0 Transitional//EN"
         "http://www.w3.org/TR/xhtml1/DTD/xhtml1-transitional.dtd">
<html xmlns="http://www.w3.org/1999/xhtml" xml:lang="en" lang="en">
 <head>
  <title>401 - Unauthorized</title>
 </head>
 <body>
  <h1>401 - Unauthorized</h1>
 </body>
</html>
172.23.73.186;2023-10-09 11:10:51.632290;l version="1.0" encoding="iso-8859-1"?>
<!DOCTYPE html PUBLIC "-//W3C//DTD XHTML 1.0 Transitional//EN"
         "http://www.w3.org/TR/xhtml1/DTD/xhtml1-transitional.dtd">
<html xmlns="http://www.w3.org/1999/xhtml" xml:lang="en" lang="en">
 <head>
  <title>401 - Unauthorized</title>
 </head>
 <body>
  <h1>401 - Unauthorized</h1>
 </body>
</html>;l version="1.0" encoding="iso-8859-1"?>
<!DOCTYPE html PUBLIC "-//W3C//DTD XHTML 1.0 Transitional//EN"
         "http://www.w3.org/TR/xhtml1/DTD/xhtml1-transitional.dtd">
<html xmlns="http://www.w3.org/1999/xhtml" xml:lang="en" lang="en">
 <head>
  <title>401 - Unauthorized</title>
 </head>
 <body>
  <h1>401 - Unauthorized</h1>
 </body>
</html>
172.23.73.186;2023-10-09 11:11:38.383814;l version="1.0" encoding="iso-8859-1"?>
<!DOCTYPE html PUBLIC "-//W3C//DTD XHTML 1.0 Transitional//EN"
         "http://www.w3.org/TR/xhtml1/DTD/xhtml1-transitional.dtd">
<html xmlns="http://www.w3.org/1999/xhtml" xml:lang="en" lang="en">
 <head>
  <title>401 - Unauthorized</title>
 </head>
 <body>
  <h1>401 - Unauthorized</h1>
 </body>
</html>;l version="1.0" encoding="iso-8859-1"?>
<!DOCTYPE html PUBLIC "-//W3C//DTD XHTML 1.0 Transitional//EN"
         "http://www.w3.org/TR/xhtml1/DTD/xhtml1-transitional.dtd">
<html xmlns="http://www.w3.org/1999/xhtml" xml:lang="en" lang="en">
 <head>
  <title>401 - Unauthorized</title>
 </head>
 <body>
  <h1>401 - Unauthorized</h1>
 </body>
</html>
172.23.73.186;2023-10-09 11:12:21.404113;l version="1.0" encoding="iso-8859-1"?>
<!DOCTYPE html PUBLIC "-//W3C//DTD XHTML 1.0 Transitional//EN"
         "http://www.w3.org/TR/xhtml1/DTD/xhtml1-transitional.dtd">
<html xmlns="http://www.w3.org/1999/xhtml" xml:lang="en" lang="en">
 <head>
  <title>401 - Unauthorized</title>
 </head>
 <body>
  <h1>401 - Unauthorized</h1>
 </body>
</html>;l version="1.0" encoding="iso-8859-1"?>
<!DOCTYPE html PUBLIC "-//W3C//DTD XHTML 1.0 Transitional//EN"
         "http://www.w3.org/TR/xhtml1/DTD/xhtml1-transitional.dtd">
<html xmlns="http://www.w3.org/1999/xhtml" xml:lang="en" lang="en">
 <head>
  <title>401 - Unauthorized</title>
 </head>
 <body>
  <h1>401 - Unauthorized</h1>
 </body>
</html>
172.23.73.186;2023-10-09 11:13:07.645347;l version="1.0" encoding="iso-8859-1"?>
<!DOCTYPE html PUBLIC "-//W3C//DTD XHTML 1.0 Transitional//EN"
         "http://www.w3.org/TR/xhtml1/DTD/xhtml1-transitional.dtd">
<html xmlns="http://www.w3.org/1999/xhtml" xml:lang="en" lang="en">
 <head>
  <title>401 - Unauthorized</title>
 </head>
 <body>
  <h1>401 - Unauthorized</h1>
 </body>
</html>;l version="1.0" encoding="iso-8859-1"?>
<!DOCTYPE html PUBLIC "-//W3C//DTD XHTML 1.0 Transitional//EN"
         "http://www.w3.org/TR/xhtml1/DTD/xhtml1-transitional.dtd">
<html xmlns="http://www.w3.org/1999/xhtml" xml:lang="en" lang="en">
 <head>
  <title>401 - Unauthorized</title>
 </head>
 <body>
  <h1>401 - Unauthorized</h1>
 </body>
</html>
172.23.73.186;2023-10-09 11:13:50.501187;l version="1.0" encoding="iso-8859-1"?>
<!DOCTYPE html PUBLIC "-//W3C//DTD XHTML 1.0 Transitional//EN"
         "http://www.w3.org/TR/xhtml1/DTD/xhtml1-transitional.dtd">
<html xmlns="http://www.w3.org/1999/xhtml" xml:lang="en" lang="en">
 <head>
  <title>401 - Unauthorized</title>
 </head>
 <body>
  <h1>401 - Unauthorized</h1>
 </body>
</html>;l version="1.0" encoding="iso-8859-1"?>
<!DOCTYPE html PUBLIC "-//W3C//DTD XHTML 1.0 Transitional//EN"
         "http://www.w3.org/TR/xhtml1/DTD/xhtml1-transitional.dtd">
<html xmlns="http://www.w3.org/1999/xhtml" xml:lang="en" lang="en">
 <head>
  <title>401 - Unauthorized</title>
 </head>
 <body>
  <h1>401 - Unauthorized</h1>
 </body>
</html>
172.23.73.186;2023-10-09 11:14:36.405107;l version="1.0" encoding="iso-8859-1"?>
<!DOCTYPE html PUBLIC "-//W3C//DTD XHTML 1.0 Transitional//EN"
         "http://www.w3.org/TR/xhtml1/DTD/xhtml1-transitional.dtd">
<html xmlns="http://www.w3.org/1999/xhtml" xml:lang="en" lang="en">
 <head>
  <title>401 - Unauthorized</title>
 </head>
 <body>
  <h1>401 - Unauthorized</h1>
 </body>
</html>;l version="1.0" encoding="iso-8859-1"?>
<!DOCTYPE html PUBLIC "-//W3C//DTD XHTML 1.0 Transitional//EN"
         "http://www.w3.org/TR/xhtml1/DTD/xhtml1-transitional.dtd">
<html xmlns="http://www.w3.org/1999/xhtml" xml:lang="en" lang="en">
 <head>
  <title>401 - Unauthorized</title>
 </head>
 <body>
  <h1>401 - Unauthorized</h1>
 </body>
</html>
172.23.73.186;2023-10-09 11:15:18.941243;l version="1.0" encoding="iso-8859-1"?>
<!DOCTYPE html PUBLIC "-//W3C//DTD XHTML 1.0 Transitional//EN"
         "http://www.w3.org/TR/xhtml1/DTD/xhtml1-transitional.dtd">
<html xmlns="http://www.w3.org/1999/xhtml" xml:lang="en" lang="en">
 <head>
  <title>401 - Unauthorized</title>
 </head>
 <body>
  <h1>401 - Unauthorized</h1>
 </body>
</html>;l version="1.0" encoding="iso-8859-1"?>
<!DOCTYPE html PUBLIC "-//W3C//DTD XHTML 1.0 Transitional//EN"
         "http://www.w3.org/TR/xhtml1/DTD/xhtml1-transitional.dtd">
<html xmlns="http://www.w3.org/1999/xhtml" xml:lang="en" lang="en">
 <head>
  <title>401 - Unauthorized</title>
 </head>
 <body>
  <h1>401 - Unauthorized</h1>
 </body>
</html>
172.23.73.186;2023-10-09 11:16:04.929233;l version="1.0" encoding="iso-8859-1"?>
<!DOCTYPE html PUBLIC "-//W3C//DTD XHTML 1.0 Transitional//EN"
         "http://www.w3.org/TR/xhtml1/DTD/xhtml1-transitional.dtd">
<html xmlns="http://www.w3.org/1999/xhtml" xml:lang="en" lang="en">
 <head>
  <title>401 - Unauthorized</title>
 </head>
 <body>
  <h1>401 - Unauthorized</h1>
 </body>
</html>;l version="1.0" encoding="iso-8859-1"?>
<!DOCTYPE html PUBLIC "-//W3C//DTD XHTML 1.0 Transitional//EN"
         "http://www.w3.org/TR/xhtml1/DTD/xhtml1-transitional.dtd">
<html xmlns="http://www.w3.org/1999/xhtml" xml:lang="en" lang="en">
 <head>
  <title>401 - Unauthorized</title>
 </head>
 <body>
  <h1>401 - Unauthorized</h1>
 </body>
</html>
172.23.73.186;2023-10-09 11:16:49.093873;l version="1.0" encoding="iso-8859-1"?>
<!DOCTYPE html PUBLIC "-//W3C//DTD XHTML 1.0 Transitional//EN"
         "http://www.w3.org/TR/xhtml1/DTD/xhtml1-transitional.dtd">
<html xmlns="http://www.w3.org/1999/xhtml" xml:lang="en" lang="en">
 <head>
  <title>401 - Unauthorized</title>
 </head>
 <body>
  <h1>401 - Unauthorized</h1>
 </body>
</html>;l version="1.0" encoding="iso-8859-1"?>
<!DOCTYPE html PUBLIC "-//W3C//DTD XHTML 1.0 Transitional//EN"
         "http://www.w3.org/TR/xhtml1/DTD/xhtml1-transitional.dtd">
<html xmlns="http://www.w3.org/1999/xhtml" xml:lang="en" lang="en">
 <head>
  <title>401 - Unauthorized</title>
 </head>
 <body>
  <h1>401 - Unauthorized</h1>
 </body>
</html>
172.23.73.186;2023-10-09 11:17:35.144567;l version="1.0" encoding="iso-8859-1"?>
<!DOCTYPE html PUBLIC "-//W3C//DTD XHTML 1.0 Transitional//EN"
         "http://www.w3.org/TR/xhtml1/DTD/xhtml1-transitional.dtd">
<html xmlns="http://www.w3.org/1999/xhtml" xml:lang="en" lang="en">
 <head>
  <title>401 - Unauthorized</title>
 </head>
 <body>
  <h1>401 - Unauthorized</h1>
 </body>
</html>;l version="1.0" encoding="iso-8859-1"?>
<!DOCTYPE html PUBLIC "-//W3C//DTD XHTML 1.0 Transitional//EN"
         "http://www.w3.org/TR/xhtml1/DTD/xhtml1-transitional.dtd">
<html xmlns="http://www.w3.org/1999/xhtml" xml:lang="en" lang="en">
 <head>
  <title>401 - Unauthorized</title>
 </head>
 <body>
  <h1>401 - Unauthorized</h1>
 </body>
</html>
172.23.73.186;2023-10-09 11:18:19.132039;l version="1.0" encoding="iso-8859-1"?>
<!DOCTYPE html PUBLIC "-//W3C//DTD XHTML 1.0 Transitional//EN"
         "http://www.w3.org/TR/xhtml1/DTD/xhtml1-transitional.dtd">
<html xmlns="http://www.w3.org/1999/xhtml" xml:lang="en" lang="en">
 <head>
  <title>401 - Unauthorized</title>
 </head>
 <body>
  <h1>401 - Unauthorized</h1>
 </body>
</html>;l version="1.0" encoding="iso-8859-1"?>
<!DOCTYPE html PUBLIC "-//W3C//DTD XHTML 1.0 Transitional//EN"
         "http://www.w3.org/TR/xhtml1/DTD/xhtml1-transitional.dtd">
<html xmlns="http://www.w3.org/1999/xhtml" xml:lang="en" lang="en">
 <head>
  <title>401 - Unauthorized</title>
 </head>
 <body>
  <h1>401 - Unauthorized</h1>
 </body>
</html>
172.23.73.186;2023-10-09 11:19:05.775122;l version="1.0" encoding="iso-8859-1"?>
<!DOCTYPE html PUBLIC "-//W3C//DTD XHTML 1.0 Transitional//EN"
         "http://www.w3.org/TR/xhtml1/DTD/xhtml1-transitional.dtd">
<html xmlns="http://www.w3.org/1999/xhtml" xml:lang="en" lang="en">
 <head>
  <title>401 - Unauthorized</title>
 </head>
 <body>
  <h1>401 - Unauthorized</h1>
 </body>
</html>;l version="1.0" encoding="iso-8859-1"?>
<!DOCTYPE html PUBLIC "-//W3C//DTD XHTML 1.0 Transitional//EN"
         "http://www.w3.org/TR/xhtml1/DTD/xhtml1-transitional.dtd">
<html xmlns="http://www.w3.org/1999/xhtml" xml:lang="en" lang="en">
 <head>
  <title>401 - Unauthorized</title>
 </head>
 <body>
  <h1>401 - Unauthorized</h1>
 </body>
</html>
172.23.73.186;2023-10-09 11:19:49.958939;l version="1.0" encoding="iso-8859-1"?>
<!DOCTYPE html PUBLIC "-//W3C//DTD XHTML 1.0 Transitional//EN"
         "http://www.w3.org/TR/xhtml1/DTD/xhtml1-transitional.dtd">
<html xmlns="http://www.w3.org/1999/xhtml" xml:lang="en" lang="en">
 <head>
  <title>401 - Unauthorized</title>
 </head>
 <body>
  <h1>401 - Unauthorized</h1>
 </body>
</html>;l version="1.0" encoding="iso-8859-1"?>
<!DOCTYPE html PUBLIC "-//W3C//DTD XHTML 1.0 Transitional//EN"
         "http://www.w3.org/TR/xhtml1/DTD/xhtml1-transitional.dtd">
<html xmlns="http://www.w3.org/1999/xhtml" xml:lang="en" lang="en">
 <head>
  <title>401 - Unauthorized</title>
 </head>
 <body>
  <h1>401 - Unauthorized</h1>
 </body>
</html>
172.23.73.186;2023-10-09 11:20:34.995223;l version="1.0" encoding="iso-8859-1"?>
<!DOCTYPE html PUBLIC "-//W3C//DTD XHTML 1.0 Transitional//EN"
         "http://www.w3.org/TR/xhtml1/DTD/xhtml1-transitional.dtd">
<html xmlns="http://www.w3.org/1999/xhtml" xml:lang="en" lang="en">
 <head>
  <title>401 - Unauthorized</title>
 </head>
 <body>
  <h1>401 - Unauthorized</h1>
 </body>
</html>;l version="1.0" encoding="iso-8859-1"?>
<!DOCTYPE html PUBLIC "-//W3C//DTD XHTML 1.0 Transitional//EN"
         "http://www.w3.org/TR/xhtml1/DTD/xhtml1-transitional.dtd">
<html xmlns="http://www.w3.org/1999/xhtml" xml:lang="en" lang="en">
 <head>
  <title>401 - Unauthorized</title>
 </head>
 <body>
  <h1>401 - Unauthorized</h1>
 </body>
</html>
172.23.73.186;2023-10-09 11:21:17.496407;l version="1.0" encoding="iso-8859-1"?>
<!DOCTYPE html PUBLIC "-//W3C//DTD XHTML 1.0 Transitional//EN"
         "http://www.w3.org/TR/xhtml1/DTD/xhtml1-transitional.dtd">
<html xmlns="http://www.w3.org/1999/xhtml" xml:lang="en" lang="en">
 <head>
  <title>401 - Unauthorized</title>
 </head>
 <body>
  <h1>401 - Unauthorized</h1>
 </body>
</html>;l version="1.0" encoding="iso-8859-1"?>
<!DOCTYPE html PUBLIC "-//W3C//DTD XHTML 1.0 Transitional//EN"
         "http://www.w3.org/TR/xhtml1/DTD/xhtml1-transitional.dtd">
<html xmlns="http://www.w3.org/1999/xhtml" xml:lang="en" lang="en">
 <head>
  <title>401 - Unauthorized</title>
 </head>
 <body>
  <h1>401 - Unauthorized</h1>
 </body>
</html>
172.23.73.186;2023-10-09 11:22:04.053115;l version="1.0" encoding="iso-8859-1"?>
<!DOCTYPE html PUBLIC "-//W3C//DTD XHTML 1.0 Transitional//EN"
         "http://www.w3.org/TR/xhtml1/DTD/xhtml1-transitional.dtd">
<html xmlns="http://www.w3.org/1999/xhtml" xml:lang="en" lang="en">
 <head>
  <title>401 - Unauthorized</title>
 </head>
 <body>
  <h1>401 - Unauthorized</h1>
 </body>
</html>;l version="1.0" encoding="iso-8859-1"?>
<!DOCTYPE html PUBLIC "-//W3C//DTD XHTML 1.0 Transitional//EN"
         "http://www.w3.org/TR/xhtml1/DTD/xhtml1-transitional.dtd">
<html xmlns="http://www.w3.org/1999/xhtml" xml:lang="en" lang="en">
 <head>
  <title>401 - Unauthorized</title>
 </head>
 <body>
  <h1>401 - Unauthorized</h1>
 </body>
</html>
172.23.73.186;2023-10-09 11:22:47.247075;l version="1.0" encoding="iso-8859-1"?>
<!DOCTYPE html PUBLIC "-//W3C//DTD XHTML 1.0 Transitional//EN"
         "http://www.w3.org/TR/xhtml1/DTD/xhtml1-transitional.dtd">
<html xmlns="http://www.w3.org/1999/xhtml" xml:lang="en" lang="en">
 <head>
  <title>401 - Unauthorized</title>
 </head>
 <body>
  <h1>401 - Unauthorized</h1>
 </body>
</html>;l version="1.0" encoding="iso-8859-1"?>
<!DOCTYPE html PUBLIC "-//W3C//DTD XHTML 1.0 Transitional//EN"
         "http://www.w3.org/TR/xhtml1/DTD/xhtml1-transitional.dtd">
<html xmlns="http://www.w3.org/1999/xhtml" xml:lang="en" lang="en">
 <head>
  <title>401 - Unauthorized</title>
 </head>
 <body>
  <h1>401 - Unauthorized</h1>
 </body>
</html>
172.23.73.186;2023-10-09 11:23:32.481293;l version="1.0" encoding="iso-8859-1"?>
<!DOCTYPE html PUBLIC "-//W3C//DTD XHTML 1.0 Transitional//EN"
         "http://www.w3.org/TR/xhtml1/DTD/xhtml1-transitional.dtd">
<html xmlns="http://www.w3.org/1999/xhtml" xml:lang="en" lang="en">
 <head>
  <title>401 - Unauthorized</title>
 </head>
 <body>
  <h1>401 - Unauthorized</h1>
 </body>
</html>;l version="1.0" encoding="iso-8859-1"?>
<!DOCTYPE html PUBLIC "-//W3C//DTD XHTML 1.0 Transitional//EN"
         "http://www.w3.org/TR/xhtml1/DTD/xhtml1-transitional.dtd">
<html xmlns="http://www.w3.org/1999/xhtml" xml:lang="en" lang="en">
 <head>
  <title>401 - Unauthorized</title>
 </head>
 <body>
  <h1>401 - Unauthorized</h1>
 </body>
</html>
172.23.73.186;2023-10-10 11:54:57.453226;l version="1.0" encoding="iso-8859-1"?>
<!DOCTYPE html PUBLIC "-//W3C//DTD XHTML 1.0 Transitional//EN"
         "http://www.w3.org/TR/xhtml1/DTD/xhtml1-transitional.dtd">
<html xmlns="http://www.w3.org/1999/xhtml" xml:lang="en" lang="en">
 <head>
  <title>401 - Unauthorized</title>
 </head>
 <body>
  <h1>401 - Unauthorized</h1>
 </body>
</html>;l version="1.0" encoding="iso-8859-1"?>
<!DOCTYPE html PUBLIC "-//W3C//DTD XHTML 1.0 Transitional//EN"
         "http://www.w3.org/TR/xhtml1/DTD/xhtml1-transitional.dtd">
<html xmlns="http://www.w3.org/1999/xhtml" xml:lang="en" lang="en">
 <head>
  <title>401 - Unauthorized</title>
 </head>
 <body>
  <h1>401 - Unauthorized</h1>
 </body>
</html>
172.23.73.186;2023-10-10 11:55:39.160715;l version="1.0" encoding="iso-8859-1"?>
<!DOCTYPE html PUBLIC "-//W3C//DTD XHTML 1.0 Transitional//EN"
         "http://www.w3.org/TR/xhtml1/DTD/xhtml1-transitional.dtd">
<html xmlns="http://www.w3.org/1999/xhtml" xml:lang="en" lang="en">
 <head>
  <title>401 - Unauthorized</title>
 </head>
 <body>
  <h1>401 - Unauthorized</h1>
 </body>
</html>;l version="1.0" encoding="iso-8859-1"?>
<!DOCTYPE html PUBLIC "-//W3C//DTD XHTML 1.0 Transitional//EN"
         "http://www.w3.org/TR/xhtml1/DTD/xhtml1-transitional.dtd">
<html xmlns="http://www.w3.org/1999/xhtml" xml:lang="en" lang="en">
 <head>
  <title>401 - Unauthorized</title>
 </head>
 <body>
  <h1>401 - Unauthorized</h1>
 </body>
</html>
172.23.73.186;2023-10-10 11:58:31.884540;Erro;Erro;
172.23.73.186;2023-10-10 11:59:12.876551;Erro;Erro;
172.23.73.186;2023-10-10 11:59:55.852597;Erro;Erro;
172.23.73.186;2023-10-10 12:00:42.954453;Erro;Erro;
172.23.73.186;2023-10-10 12:01:23.932624;Erro;Erro;
172.23.73.186;2023-10-10 12:02:11.020156;Erro;Erro;
172.23.73.186;2023-10-10 12:02:54.036551;Erro;Erro;
172.23.73.186;2023-10-10 12:03:41.130323;Erro;Erro;
172.23.73.186;2023-10-10 12:04:22.090924;Erro;Erro;
172.23.73.186;2023-10-10 12:05:07.156536;Erro;Erro;
172.23.73.186;2023-10-10 12:05:50.168542;Erro;Erro;
172.23.73.186;2023-10-10 12:06:35.208955;Erro;Erro;
172.23.73.186;2023-10-10 12:07:16.188564;Erro;Erro;
172.23.73.186;2023-10-10 12:07:59.180566;Erro;Erro;
172.23.73.186;2023-10-10 12:08:44.240544;Erro;Erro;
172.23.73.186;2023-10-10 12:09:27.242076;Erro;Erro;
172.23.73.186;2023-10-10 12:10:12.324552;Erro;Erro;
172.23.73.186;2023-10-10 12:10:55.304642;Erro;Erro;
172.23.73.186;2023-10-10 12:11:42.414320;Erro;Erro;
172.23.73.186;2023-10-10 12:12:25.416585;Erro;Erro;
172.23.73.186;2023-10-10 12:13:12.520792;Erro;Erro;
172.23.73.186;2023-10-10 12:13:53.500546;Erro;Erro;
172.23.73.186;2023-10-10 12:14:40.592546;Erro;Erro;
172.23.73.186;2023-10-10 12:15:21.576583;Erro;Erro;
172.23.73.186;2023-10-10 12:16:08.656549;Erro;Erro;
172.23.73.186;2023-10-10 12:16:49.624547;Erro;Erro;
172.23.73.186;2023-10-10 12:17:34.673506;Erro;Erro;
172.23.73.186;2023-10-10 12:18:17.676553;Erro;Erro;
172.23.73.186;2023-10-10 12:19:00.684747;Erro;Erro;
172.23.73.186;2023-10-10 12:19:43.700545;Erro;Erro;
172.23.73.186;2023-10-10 12:20:26.708545;Erro;Erro;
172.23.73.186;2023-10-10 12:21:11.784830;Erro;Erro;
172.23.73.186;2023-10-10 12:21:56.812549;Erro;Erro;
172.23.73.186;2023-10-10 12:22:41.873186;Erro;Erro;
172.23.73.186;2023-10-10 12:23:24.896572;Erro;Erro;
172.23.73.186;2023-10-10 12:24:11.984670;Erro;Erro;
172.23.73.186;2023-10-10 12:24:55.004561;Erro;Erro;
172.23.73.186;2023-10-10 12:25:42.116546;Erro;Erro;
172.23.73.186;2023-10-10 12:26:25.104548;Erro;Erro;
172.23.73.186;2023-10-10 12:27:12.204581;Erro;Erro;
172.23.73.186;2023-10-10 12:27:55.208626;Erro;Erro;
172.23.73.186;2023-10-10 12:28:40.292903;Erro;Erro;
172.23.73.186;2023-10-10 12:29:23.300544;Erro;Erro;
172.23.73.186;2023-10-10 12:30:10.376583;Erro;Erro;
172.23.73.186;2023-10-10 12:30:53.400543;Erro;Erro;
172.23.73.186;2023-10-10 12:31:40.488598;Erro;Erro;
172.23.73.186;2023-10-10 12:32:23.498556;Erro;Erro;
172.23.73.186;2023-10-10 12:33:10.632280;Erro;Erro;
172.23.73.186;2023-10-10 12:33:53.612543;Erro;Erro;
172.23.73.186;2023-10-10 12:34:38.672552;Erro;Erro;
172.23.73.186;2023-10-10 12:35:21.684543;Erro;Erro;
172.23.73.186;2023-10-10 12:36:08.788697;Erro;Erro;
172.23.73.186;2023-10-10 12:36:51.792545;Erro;Erro;
172.23.73.186;2023-10-10 12:37:38.896550;Erro;Erro;
172.23.73.186;2023-10-10 12:38:21.920570;Erro;Erro;
172.23.73.186;2023-10-10 12:39:06.956551;Erro;Erro;
172.23.73.186;2023-10-10 12:39:31.544149;l version="1.0" encoding="iso-8859-1"?>
<!DOCTYPE html PUBLIC "-//W3C//DTD XHTML 1.0 Transitional//EN"
         "http://www.w3.org/TR/xhtml1/DTD/xhtml1-transitional.dtd">
<html xmlns="http://www.w3.org/1999/xhtml" xml:lang="en" lang="en">
 <head>
  <title>401 - Unauthorized</title>
 </head>
 <body>
  <h1>401 - Unauthorized</h1>
 </body>
</html>;l version="1.0" encoding="iso-8859-1"?>
<!DOCTYPE html PUBLIC "-//W3C//DTD XHTML 1.0 Transitional//EN"
         "http://www.w3.org/TR/xhtml1/DTD/xhtml1-transitional.dtd">
<html xmlns="http://www.w3.org/1999/xhtml" xml:lang="en" lang="en">
 <head>
  <title>401 - Unauthorized</title>
 </head>
 <body>
  <h1>401 - Unauthorized</h1>
 </body>
</html>
172.23.73.186;2023-10-10 12:39:41.520853;l version="1.0" encoding="iso-8859-1"?>
<!DOCTYPE html PUBLIC "-//W3C//DTD XHTML 1.0 Transitional//EN"
         "http://www.w3.org/TR/xhtml1/DTD/xhtml1-transitional.dtd">
<html xmlns="http://www.w3.org/1999/xhtml" xml:lang="en" lang="en">
 <head>
  <title>401 - Unauthorized</title>
 </head>
 <body>
  <h1>401 - Unauthorized</h1>
 </body>
</html>;l version="1.0" encoding="iso-8859-1"?>
<!DOCTYPE html PUBLIC "-//W3C//DTD XHTML 1.0 Transitional//EN"
         "http://www.w3.org/TR/xhtml1/DTD/xhtml1-transitional.dtd">
<html xmlns="http://www.w3.org/1999/xhtml" xml:lang="en" lang="en">
 <head>
  <title>401 - Unauthorized</title>
 </head>
 <body>
  <h1>401 - Unauthorized</h1>
 </body>
</html>
172.23.73.186;2023-10-10 12:39:49.992699;Erro;Erro;
172.23.73.186;2023-10-10 12:39:54.409230;l version="1.0" encoding="iso-8859-1"?>
<!DOCTYPE html PUBLIC "-//W3C//DTD XHTML 1.0 Transitional//EN"
         "http://www.w3.org/TR/xhtml1/DTD/xhtml1-transitional.dtd">
<html xmlns="http://www.w3.org/1999/xhtml" xml:lang="en" lang="en">
 <head>
  <title>401 - Unauthorized</title>
 </head>
 <body>
  <h1>401 - Unauthorized</h1>
 </body>
</html>;l version="1.0" encoding="iso-8859-1"?>
<!DOCTYPE html PUBLIC "-//W3C//DTD XHTML 1.0 Transitional//EN"
         "http://www.w3.org/TR/xhtml1/DTD/xhtml1-transitional.dtd">
<html xmlns="http://www.w3.org/1999/xhtml" xml:lang="en" lang="en">
 <head>
  <title>401 - Unauthorized</title>
 </head>
 <body>
  <h1>401 - Unauthorized</h1>
 </body>
</html>
                                                                                                                                                                                                                                                                                                                                                                          172.23.73.186;2023-10-23 10:10:57.507360;l version="1.0" encoding="iso-8859-1"?>
<!DOCTYPE html PUBLIC "-//W3C//DTD XHTML 1.0 Transitional//EN"
         "http://www.w3.org/TR/xhtml1/DTD/xhtml1-transitional.dtd">
<html xmlns="http://www.w3.org/1999/xhtml" xml:lang="en" lang="en">
 <head>
  <title>401 - Unauthorized</title>
 </head>
 <body>
  <h1>401 - Unauthorized</h1>
 </body>
</html>;l version="1.0" encoding="iso-8859-1"?>
<!DOCTYPE html PUBLIC "-//W3C//DTD XHTML 1.0 Transitional//EN"
         "http://www.w3.org/TR/xhtml1/DTD/xhtml1-transitional.dtd">
<html xmlns="http://www.w3.org/1999/xhtml" xml:lang="en" lang="en">
 <head>
  <title>401 - Unauthorized</title>
 </head>
 <body>
  <h1>401 - Unauthorized</h1>
 </body>
</html>
172.23.73.186;2023-10-23 10:11:39.754056;l version="1.0" encoding="iso-8859-1"?>
<!DOCTYPE html PUBLIC "-//W3C//DTD XHTML 1.0 Transitional//EN"
         "http://www.w3.org/TR/xhtml1/DTD/xhtml1-transitional.dtd">
<html xmlns="http://www.w3.org/1999/xhtml" xml:lang="en" lang="en">
 <head>
  <title>401 - Unauthorized</title>
 </head>
 <body>
  <h1>401 - Unauthorized</h1>
 </body>
</html>;l version="1.0" encoding="iso-8859-1"?>
<!DOCTYPE html PUBLIC "-//W3C//DTD XHTML 1.0 Transitional//EN"
         "http://www.w3.org/TR/xhtml1/DTD/xhtml1-transitional.dtd">
<html xmlns="http://www.w3.org/1999/xhtml" xml:lang="en" lang="en">
 <head>
  <title>401 - Unauthorized</title>
 </head>
 <body>
  <h1>401 - Unauthorized</h1>
 </body>
</html>
172.23.73.186;2023-10-23 10:12:21.693257;l version="1.0" encoding="iso-8859-1"?>
<!DOCTYPE html PUBLIC "-//W3C//DTD XHTML 1.0 Transitional//EN"
         "http://www.w3.org/TR/xhtml1/DTD/xhtml1-transitional.dtd">
<html xmlns="http://www.w3.org/1999/xhtml" xml:lang="en" lang="en">
 <head>
  <title>401 - Unauthorized</title>
 </head>
 <body>
  <h1>401 - Unauthorized</h1>
 </body>
</html>;l version="1.0" encoding="iso-8859-1"?>
<!DOCTYPE html PUBLIC "-//W3C//DTD XHTML 1.0 Transitional//EN"
         "http://www.w3.org/TR/xhtml1/DTD/xhtml1-transitional.dtd">
<html xmlns="http://www.w3.org/1999/xhtml" xml:lang="en" lang="en">
 <head>
  <title>401 - Unauthorized</title>
 </head>
 <body>
  <h1>401 - Unauthorized</h1>
 </body>
</html>
172.23.73.186;2023-10-23 10:13:04.973124;l version="1.0" encoding="iso-8859-1"?>
<!DOCTYPE html PUBLIC "-//W3C//DTD XHTML 1.0 Transitional//EN"
         "http://www.w3.org/TR/xhtml1/DTD/xhtml1-transitional.dtd">
<html xmlns="http://www.w3.org/1999/xhtml" xml:lang="en" lang="en">
 <head>
  <title>401 - Unauthorized</title>
 </head>
 <body>
  <h1>401 - Unauthorized</h1>
 </body>
</html>;l version="1.0" encoding="iso-8859-1"?>
<!DOCTYPE html PUBLIC "-//W3C//DTD XHTML 1.0 Transitional//EN"
         "http://www.w3.org/TR/xhtml1/DTD/xhtml1-transitional.dtd">
<html xmlns="http://www.w3.org/1999/xhtml" xml:lang="en" lang="en">
 <head>
  <title>401 - Unauthorized</title>
 </head>
 <body>
  <h1>401 - Unauthorized</h1>
 </body>
</html>
172.23.73.186;2023-10-23 10:13:47.591768;l version="1.0" encoding="iso-8859-1"?>
<!DOCTYPE html PUBLIC "-//W3C//DTD XHTML 1.0 Transitional//EN"
         "http://www.w3.org/TR/xhtml1/DTD/xhtml1-transitional.dtd">
<html xmlns="http://www.w3.org/1999/xhtml" xml:lang="en" lang="en">
 <head>
  <title>401 - Unauthorized</title>
 </head>
 <body>
  <h1>401 - Unauthorized</h1>
 </body>
</html>;l version="1.0" encoding="iso-8859-1"?>
<!DOCTYPE html PUBLIC "-//W3C//DTD XHTML 1.0 Transitional//EN"
         "http://www.w3.org/TR/xhtml1/DTD/xhtml1-transitional.dtd">
<html xmlns="http://www.w3.org/1999/xhtml" xml:lang="en" lang="en">
 <head>
  <title>401 - Unauthorized</title>
 </head>
 <body>
  <h1>401 - Unauthorized</h1>
 </body>
</html>
172.23.73.186;2023-10-23 10:14:35.188136;l version="1.0" encoding="iso-8859-1"?>
<!DOCTYPE html PUBLIC "-//W3C//DTD XHTML 1.0 Transitional//EN"
         "http://www.w3.org/TR/xhtml1/DTD/xhtml1-transitional.dtd">
<html xmlns="http://www.w3.org/1999/xhtml" xml:lang="en" lang="en">
 <head>
  <title>401 - Unauthorized</title>
 </head>
 <body>
  <h1>401 - Unauthorized</h1>
 </body>
</html>;l version="1.0" encoding="iso-8859-1"?>
<!DOCTYPE html PUBLIC "-//W3C//DTD XHTML 1.0 Transitional//EN"
         "http://www.w3.org/TR/xhtml1/DTD/xhtml1-transitional.dtd">
<html xmlns="http://www.w3.org/1999/xhtml" xml:lang="en" lang="en">
 <head>
  <title>401 - Unauthorized</title>
 </head>
 <body>
  <h1>401 - Unauthorized</h1>
 </body>
</html>
172.23.73.186;2023-10-23 10:15:17.072752;l version="1.0" encoding="iso-8859-1"?>
<!DOCTYPE html PUBLIC "-//W3C//DTD XHTML 1.0 Transitional//EN"
         "http://www.w3.org/TR/xhtml1/DTD/xhtml1-transitional.dtd">
<html xmlns="http://www.w3.org/1999/xhtml" xml:lang="en" lang="en">
 <head>
  <title>401 - Unauthorized</title>
 </head>
 <body>
  <h1>401 - Unauthorized</h1>
 </body>
</html>;l version="1.0" encoding="iso-8859-1"?>
<!DOCTYPE html PUBLIC "-//W3C//DTD XHTML 1.0 Transitional//EN"
         "http://www.w3.org/TR/xhtml1/DTD/xhtml1-transitional.dtd">
<html xmlns="http://www.w3.org/1999/xhtml" xml:lang="en" lang="en">
 <head>
  <title>401 - Unauthorized</title>
 </head>
 <body>
  <h1>401 - Unauthorized</h1>
 </body>
</html>
172.23.73.186;2023-10-23 10:16:03.877117;l version="1.0" encoding="iso-8859-1"?>
<!DOCTYPE html PUBLIC "-//W3C//DTD XHTML 1.0 Transitional//EN"
         "http://www.w3.org/TR/xhtml1/DTD/xhtml1-transitional.dtd">
<html xmlns="http://www.w3.org/1999/xhtml" xml:lang="en" lang="en">
 <head>
  <title>401 - Unauthorized</title>
 </head>
 <body>
  <h1>401 - Unauthorized</h1>
 </body>
</html>;l version="1.0" encoding="iso-8859-1"?>
<!DOCTYPE html PUBLIC "-//W3C//DTD XHTML 1.0 Transitional//EN"
         "http://www.w3.org/TR/xhtml1/DTD/xhtml1-transitional.dtd">
<html xmlns="http://www.w3.org/1999/xhtml" xml:lang="en" lang="en">
 <head>
  <title>401 - Unauthorized</title>
 </head>
 <body>
  <h1>401 - Unauthorized</h1>
 </body>
</html>
172.23.73.186;2023-10-23 10:16:46.683155;l version="1.0" encoding="iso-8859-1"?>
<!DOCTYPE html PUBLIC "-//W3C//DTD XHTML 1.0 Transitional//EN"
         "http://www.w3.org/TR/xhtml1/DTD/xhtml1-transitional.dtd">
<html xmlns="http://www.w3.org/1999/xhtml" xml:lang="en" lang="en">
 <head>
  <title>401 - Unauthorized</title>
 </head>
 <body>
  <h1>401 - Unauthorized</h1>
 </body>
</html>;l version="1.0" encoding="iso-8859-1"?>
<!DOCTYPE html PUBLIC "-//W3C//DTD XHTML 1.0 Transitional//EN"
         "http://www.w3.org/TR/xhtml1/DTD/xhtml1-transitional.dtd">
<html xmlns="http://www.w3.org/1999/xhtml" xml:lang="en" lang="en">
 <head>
  <title>401 - Unauthorized</title>
 </head>
 <body>
  <h1>401 - Unauthorized</h1>
 </body>
</html>
172.23.73.186;2023-10-23 10:17:34.465616;l version="1.0" encoding="iso-8859-1"?>
<!DOCTYPE html PUBLIC "-//W3C//DTD XHTML 1.0 Transitional//EN"
         "http://www.w3.org/TR/xhtml1/DTD/xhtml1-transitional.dtd">
<html xmlns="http://www.w3.org/1999/xhtml" xml:lang="en" lang="en">
 <head>
  <title>401 - Unauthorized</title>
 </head>
 <body>
  <h1>401 - Unauthorized</h1>
 </body>
</html>;l version="1.0" encoding="iso-8859-1"?>
<!DOCTYPE html PUBLIC "-//W3C//DTD XHTML 1.0 Transitional//EN"
         "http://www.w3.org/TR/xhtml1/DTD/xhtml1-transitional.dtd">
<html xmlns="http://www.w3.org/1999/xhtml" xml:lang="en" lang="en">
 <head>
  <title>401 - Unauthorized</title>
 </head>
 <body>
  <h1>401 - Unauthorized</h1>
 </body>
</html>
172.23.73.186;2023-10-23 10:18:15.709288;l version="1.0" encoding="iso-8859-1"?>
<!DOCTYPE html PUBLIC "-//W3C//DTD XHTML 1.0 Transitional//EN"
         "http://www.w3.org/TR/xhtml1/DTD/xhtml1-transitional.dtd">
<html xmlns="http://www.w3.org/1999/xhtml" xml:lang="en" lang="en">
 <head>
  <title>401 - Unauthorized</title>
 </head>
 <body>
  <h1>401 - Unauthorized</h1>
 </body>
</html>;l version="1.0" encoding="iso-8859-1"?>
<!DOCTYPE html PUBLIC "-//W3C//DTD XHTML 1.0 Transitional//EN"
         "http://www.w3.org/TR/xhtml1/DTD/xhtml1-transitional.dtd">
<html xmlns="http://www.w3.org/1999/xhtml" xml:lang="en" lang="en">
 <head>
  <title>401 - Unauthorized</title>
 </head>
 <body>
  <h1>401 - Unauthorized</h1>
 </body>
</html>
172.23.73.186;2023-10-23 10:19:03.587464;l version="1.0" encoding="iso-8859-1"?>
<!DOCTYPE html PUBLIC "-//W3C//DTD XHTML 1.0 Transitional//EN"
         "http://www.w3.org/TR/xhtml1/DTD/xhtml1-transitional.dtd">
<html xmlns="http://www.w3.org/1999/xhtml" xml:lang="en" lang="en">
 <head>
  <title>401 - Unauthorized</title>
 </head>
 <body>
  <h1>401 - Unauthorized</h1>
 </body>
</html>;l version="1.0" encoding="iso-8859-1"?>
<!DOCTYPE html PUBLIC "-//W3C//DTD XHTML 1.0 Transitional//EN"
         "http://www.w3.org/TR/xhtml1/DTD/xhtml1-transitional.dtd">
<html xmlns="http://www.w3.org/1999/xhtml" xml:lang="en" lang="en">
 <head>
  <title>401 - Unauthorized</title>
 </head>
 <body>
  <h1>401 - Unauthorized</h1>
 </body>
</html>
172.23.73.186;2023-10-23 10:19:45.927860;l version="1.0" encoding="iso-8859-1"?>
<!DOCTYPE html PUBLIC "-//W3C//DTD XHTML 1.0 Transitional//EN"
         "http://www.w3.org/TR/xhtml1/DTD/xhtml1-transitional.dtd">
<html xmlns="http://www.w3.org/1999/xhtml" xml:lang="en" lang="en">
 <head>
  <title>401 - Unauthorized</title>
 </head>
 <body>
  <h1>401 - Unauthorized</h1>
 </body>
</html>;l version="1.0" encoding="iso-8859-1"?>
<!DOCTYPE html PUBLIC "-//W3C//DTD XHTML 1.0 Transitional//EN"
         "http://www.w3.org/TR/xhtml1/DTD/xhtml1-transitional.dtd">
<html xmlns="http://www.w3.org/1999/xhtml" xml:lang="en" lang="en">
 <head>
  <title>401 - Unauthorized</title>
 </head>
 <body>
  <h1>401 - Unauthorized</h1>
 </body>
</html>
172.23.73.186;2023-10-23 10:20:32.885916;l version="1.0" encoding="iso-8859-1"?>
<!DOCTYPE html PUBLIC "-//W3C//DTD XHTML 1.0 Transitional//EN"
         "http://www.w3.org/TR/xhtml1/DTD/xhtml1-transitional.dtd">
<html xmlns="http://www.w3.org/1999/xhtml" xml:lang="en" lang="en">
 <head>
  <title>401 - Unauthorized</title>
 </head>
 <body>
  <h1>401 - Unauthorized</h1>
 </body>
</html>;l version="1.0" encoding="iso-8859-1"?>
<!DOCTYPE html PUBLIC "-//W3C//DTD XHTML 1.0 Transitional//EN"
         "http://www.w3.org/TR/xhtml1/DTD/xhtml1-transitional.dtd">
<html xmlns="http://www.w3.org/1999/xhtml" xml:lang="en" lang="en">
 <head>
  <title>401 - Unauthorized</title>
 </head>
 <body>
  <h1>401 - Unauthorized</h1>
 </body>
</html>
172.23.73.186;2023-10-23 10:21:15.385878;l version="1.0" encoding="iso-8859-1"?>
<!DOCTYPE html PUBLIC "-//W3C//DTD XHTML 1.0 Transitional//EN"
         "http://www.w3.org/TR/xhtml1/DTD/xhtml1-transitional.dtd">
<html xmlns="http://www.w3.org/1999/xhtml" xml:lang="en" lang="en">
 <head>
  <title>401 - Unauthorized</title>
 </head>
 <body>
  <h1>401 - Unauthorized</h1>
 </body>
</html>;l version="1.0" encoding="iso-8859-1"?>
<!DOCTYPE html PUBLIC "-//W3C//DTD XHTML 1.0 Transitional//EN"
         "http://www.w3.org/TR/xhtml1/DTD/xhtml1-transitional.dtd">
<html xmlns="http://www.w3.org/1999/xhtml" xml:lang="en" lang="en">
 <head>
  <title>401 - Unauthorized</title>
 </head>
 <body>
  <h1>401 - Unauthorized</h1>
 </body>
</html>
172.23.73.186;2023-10-23 10:22:02.021266;l version="1.0" encoding="iso-8859-1"?>
<!DOCTYPE html PUBLIC "-//W3C//DTD XHTML 1.0 Transitional//EN"
         "http://www.w3.org/TR/xhtml1/DTD/xhtml1-transitional.dtd">
<html xmlns="http://www.w3.org/1999/xhtml" xml:lang="en" lang="en">
 <head>
  <title>401 - Unauthorized</title>
 </head>
 <body>
  <h1>401 - Unauthorized</h1>
 </body>
</html>;l version="1.0" encoding="iso-8859-1"?>
<!DOCTYPE html PUBLIC "-//W3C//DTD XHTML 1.0 Transitional//EN"
         "http://www.w3.org/TR/xhtml1/DTD/xhtml1-transitional.dtd">
<html xmlns="http://www.w3.org/1999/xhtml" xml:lang="en" lang="en">
 <head>
  <title>401 - Unauthorized</title>
 </head>
 <body>
  <h1>401 - Unauthorized</h1>
 </body>
</html>
172.23.73.186;2023-10-23 10:22:45.076744;l version="1.0" encoding="iso-8859-1"?>
<!DOCTYPE html PUBLIC "-//W3C//DTD XHTML 1.0 Transitional//EN"
         "http://www.w3.org/TR/xhtml1/DTD/xhtml1-transitional.dtd">
<html xmlns="http://www.w3.org/1999/xhtml" xml:lang="en" lang="en">
 <head>
  <title>401 - Unauthorized</title>
 </head>
 <body>
  <h1>401 - Unauthorized</h1>
 </body>
</html>;l version="1.0" encoding="iso-8859-1"?>
<!DOCTYPE html PUBLIC "-//W3C//DTD XHTML 1.0 Transitional//EN"
         "http://www.w3.org/TR/xhtml1/DTD/xhtml1-transitional.dtd">
<html xmlns="http://www.w3.org/1999/xhtml" xml:lang="en" lang="en">
 <head>
  <title>401 - Unauthorized</title>
 </head>
 <body>
  <h1>401 - Unauthorized</h1>
 </body>
</html>
172.23.73.186;2023-10-23 10:23:30.746013;l version="1.0" encoding="iso-8859-1"?>
<!DOCTYPE html PUBLIC "-//W3C//DTD XHTML 1.0 Transitional//EN"
         "http://www.w3.org/TR/xhtml1/DTD/xhtml1-transitional.dtd">
<html xmlns="http://www.w3.org/1999/xhtml" xml:lang="en" lang="en">
 <head>
  <title>401 - Unauthorized</title>
 </head>
 <body>
  <h1>401 - Unauthorized</h1>
 </body>
</html>;l version="1.0" encoding="iso-8859-1"?>
<!DOCTYPE html PUBLIC "-//W3C//DTD XHTML 1.0 Transitional//EN"
         "http://www.w3.org/TR/xhtml1/DTD/xhtml1-transitional.dtd">
<html xmlns="http://www.w3.org/1999/xhtml" xml:lang="en" lang="en">
 <head>
  <title>401 - Unauthorized</title>
 </head>
 <body>
  <h1>401 - Unauthorized</h1>
 </body>
</html>
172.23.73.186;2023-10-23 10:24:13.665256;l version="1.0" encoding="iso-8859-1"?>
<!DOCTYPE html PUBLIC "-//W3C//DTD XHTML 1.0 Transitional//EN"
         "http://www.w3.org/TR/xhtml1/DTD/xhtml1-transitional.dtd">
<html xmlns="http://www.w3.org/1999/xhtml" xml:lang="en" lang="en">
 <head>
  <title>401 - Unauthorized</title>
 </head>
 <body>
  <h1>401 - Unauthorized</h1>
 </body>
</html>;l version="1.0" encoding="iso-8859-1"?>
<!DOCTYPE html PUBLIC "-//W3C//DTD XHTML 1.0 Transitional//EN"
         "http://www.w3.org/TR/xhtml1/DTD/xhtml1-transitional.dtd">
<html xmlns="http://www.w3.org/1999/xhtml" xml:lang="en" lang="en">
 <head>
  <title>401 - Unauthorized</title>
 </head>
 <body>
  <h1>401 - Unauthorized</h1>
 </body>
</html>
172.23.73.186;2023-10-23 10:24:59.883966;l version="1.0" encoding="iso-8859-1"?>
<!DOCTYPE html PUBLIC "-//W3C//DTD XHTML 1.0 Transitional//EN"
         "http://www.w3.org/TR/xhtml1/DTD/xhtml1-transitional.dtd">
<html xmlns="http://www.w3.org/1999/xhtml" xml:lang="en" lang="en">
 <head>
  <title>401 - Unauthorized</title>
 </head>
 <body>
  <h1>401 - Unauthorized</h1>
 </body>
</html>;l version="1.0" encoding="iso-8859-1"?>
<!DOCTYPE html PUBLIC "-//W3C//DTD XHTML 1.0 Transitional//EN"
         "http://www.w3.org/TR/xhtml1/DTD/xhtml1-transitional.dtd">
<html xmlns="http://www.w3.org/1999/xhtml" xml:lang="en" lang="en">
 <head>
  <title>401 - Unauthorized</title>
 </head>
 <body>
  <h1>401 - Unauthorized</h1>
 </body>
</html>
172.23.73.186;2023-10-23 10:25:42.201304;l version="1.0" encoding="iso-8859-1"?>
<!DOCTYPE html PUBLIC "-//W3C//DTD XHTML 1.0 Transitional//EN"
         "http://www.w3.org/TR/xhtml1/DTD/xhtml1-transitional.dtd">
<html xmlns="http://www.w3.org/1999/xhtml" xml:lang="en" lang="en">
 <head>
  <title>401 - Unauthorized</title>
 </head>
 <body>
  <h1>401 - Unauthorized</h1>
 </body>
</html>;l version="1.0" encoding="iso-8859-1"?>
<!DOCTYPE html PUBLIC "-//W3C//DTD XHTML 1.0 Transitional//EN"
         "http://www.w3.org/TR/xhtml1/DTD/xhtml1-transitional.dtd">
<html xmlns="http://www.w3.org/1999/xhtml" xml:lang="en" lang="en">
 <head>
  <title>401 - Unauthorized</title>
 </head>
 <body>
  <h1>401 - Unauthorized</h1>
 </body>
</html>
172.23.73.186;2023-10-23 10:26:27.761291;l version="1.0" encoding="iso-8859-1"?>
<!DOCTYPE html PUBLIC "-//W3C//DTD XHTML 1.0 Transitional//EN"
         "http://www.w3.org/TR/xhtml1/DTD/xhtml1-transitional.dtd">
<html xmlns="http://www.w3.org/1999/xhtml" xml:lang="en" lang="en">
 <head>
  <title>401 - Unauthorized</title>
 </head>
 <body>
  <h1>401 - Unauthorized</h1>
 </body>
</html>;l version="1.0" encoding="iso-8859-1"?>
<!DOCTYPE html PUBLIC "-//W3C//DTD XHTML 1.0 Transitional//EN"
         "http://www.w3.org/TR/xhtml1/DTD/xhtml1-transitional.dtd">
<html xmlns="http://www.w3.org/1999/xhtml" xml:lang="en" lang="en">
 <head>
  <title>401 - Unauthorized</title>
 </head>
 <body>
  <h1>401 - Unauthorized</h1>
 </body>
</html>
172.23.73.186;2023-10-23 10:27:11.548701;l version="1.0" encoding="iso-8859-1"?>
<!DOCTYPE html PUBLIC "-//W3C//DTD XHTML 1.0 Transitional//EN"
         "http://www.w3.org/TR/xhtml1/DTD/xhtml1-transitional.dtd">
<html xmlns="http://www.w3.org/1999/xhtml" xml:lang="en" lang="en">
 <head>
  <title>401 - Unauthorized</title>
 </head>
 <body>
  <h1>401 - Unauthorized</h1>
 </body>
</html>;l version="1.0" encoding="iso-8859-1"?>
<!DOCTYPE html PUBLIC "-//W3C//DTD XHTML 1.0 Transitional//EN"
         "http://www.w3.org/TR/xhtml1/DTD/xhtml1-transitional.dtd">
<html xmlns="http://www.w3.org/1999/xhtml" xml:lang="en" lang="en">
 <head>
  <title>401 - Unauthorized</title>
 </head>
 <body>
  <h1>401 - Unauthorized</h1>
 </body>
</html>
172.23.73.186;2023-10-23 10:27:54.868393;l version="1.0" encoding="iso-8859-1"?>
<!DOCTYPE html PUBLIC "-//W3C//DTD XHTML 1.0 Transitional//EN"
         "http://www.w3.org/TR/xhtml1/DTD/xhtml1-transitional.dtd">
<html xmlns="http://www.w3.org/1999/xhtml" xml:lang="en" lang="en">
 <head>
  <title>401 - Unauthorized</title>
 </head>
 <body>
  <h1>401 - Unauthorized</h1>
 </body>
</html>;l version="1.0" encoding="iso-8859-1"?>
<!DOCTYPE html PUBLIC "-//W3C//DTD XHTML 1.0 Transitional//EN"
         "http://www.w3.org/TR/xhtml1/DTD/xhtml1-transitional.dtd">
<html xmlns="http://www.w3.org/1999/xhtml" xml:lang="en" lang="en">
 <head>
  <title>401 - Unauthorized</title>
 </head>
 <body>
  <h1>401 - Unauthorized</h1>
 </body>
</html>
172.23.73.186;2023-10-23 10:28:37.180688;l version="1.0" encoding="iso-8859-1"?>
<!DOCTYPE html PUBLIC "-//W3C//DTD XHTML 1.0 Transitional//EN"
         "http://www.w3.org/TR/xhtml1/DTD/xhtml1-transitional.dtd">
<html xmlns="http://www.w3.org/1999/xhtml" xml:lang="en" lang="en">
 <head>
  <title>401 - Unauthorized</title>
 </head>
 <body>
  <h1>401 - Unauthorized</h1>
 </body>
</html>;l version="1.0" encoding="iso-8859-1"?>
<!DOCTYPE html PUBLIC "-//W3C//DTD XHTML 1.0 Transitional//EN"
         "http://www.w3.org/TR/xhtml1/DTD/xhtml1-transitional.dtd">
<html xmlns="http://www.w3.org/1999/xhtml" xml:lang="en" lang="en">
 <head>
  <title>401 - Unauthorized</title>
 </head>
 <body>
  <h1>401 - Unauthorized</h1>
 </body>
</html>
172.23.73.186;2023-10-23 10:29:20.321276;l version="1.0" encoding="iso-8859-1"?>
<!DOCTYPE html PUBLIC "-//W3C//DTD XHTML 1.0 Transitional//EN"
         "http://www.w3.org/TR/xhtml1/DTD/xhtml1-transitional.dtd">
<html xmlns="http://www.w3.org/1999/xhtml" xml:lang="en" lang="en">
 <head>
  <title>401 - Unauthorized</title>
 </head>
 <body>
  <h1>401 - Unauthorized</h1>
 </body>
</html>;l version="1.0" encoding="iso-8859-1"?>
<!DOCTYPE html PUBLIC "-//W3C//DTD XHTML 1.0 Transitional//EN"
         "http://www.w3.org/TR/xhtml1/DTD/xhtml1-transitional.dtd">
<html xmlns="http://www.w3.org/1999/xhtml" xml:lang="en" lang="en">
 <head>
  <title>401 - Unauthorized</title>
 </head>
 <body>
  <h1>401 - Unauthorized</h1>
 </body>
</html>
172.23.73.186;2023-10-23 10:30:10.119589;l version="1.0" encoding="iso-8859-1"?>
<!DOCTYPE html PUBLIC "-//W3C//DTD XHTML 1.0 Transitional//EN"
         "http://www.w3.org/TR/xhtml1/DTD/xhtml1-transitional.dtd">
<html xmlns="http://www.w3.org/1999/xhtml" xml:lang="en" lang="en">
 <head>
  <title>401 - Unauthorized</title>
 </head>
 <body>
  <h1>401 - Unauthorized</h1>
 </body>
</html>;l version="1.0" encoding="iso-8859-1"?>
<!DOCTYPE html PUBLIC "-//W3C//DTD XHTML 1.0 Transitional//EN"
         "http://www.w3.org/TR/xhtml1/DTD/xhtml1-transitional.dtd">
<html xmlns="http://www.w3.org/1999/xhtml" xml:lang="en" lang="en">
 <head>
  <title>401 - Unauthorized</title>
 </head>
 <body>
  <h1>401 - Unauthorized</h1>
 </body>
</html>
172.23.73.186;2023-10-23 10:30:53.987049;l version="1.0" encoding="iso-8859-1"?>
<!DOCTYPE html PUBLIC "-//W3C//DTD XHTML 1.0 Transitional//EN"
         "http://www.w3.org/TR/xhtml1/DTD/xhtml1-transitional.dtd">
<html xmlns="http://www.w3.org/1999/xhtml" xml:lang="en" lang="en">
 <head>
  <title>401 - Unauthorized</title>
 </head>
 <body>
  <h1>401 - Unauthorized</h1>
 </body>
</html>;l version="1.0" encoding="iso-8859-1"?>
<!DOCTYPE html PUBLIC "-//W3C//DTD XHTML 1.0 Transitional//EN"
         "http://www.w3.org/TR/xhtml1/DTD/xhtml1-transitional.dtd">
<html xmlns="http://www.w3.org/1999/xhtml" xml:lang="en" lang="en">
 <head>
  <title>401 - Unauthorized</title>
 </head>
 <body>
  <h1>401 - Unauthorized</h1>
 </body>
</html>
