172.23.73.235;2023-08-31 11:38:27.589409;CTYPE html>
<html lang="en">
<head>
<meta charset="utf-8">
<title>Error</title>
</head>
<body>
<pre>Cannot GET /CACHEDIR3070837190/xml/dynamic/merge.xml</pre>
</body>
</html>;CTYPE html>
<html lang="en">
<head>
<meta charset="utf-8">
<title>Error</title>
</head>
<body>
<pre>Cannot GET /CACHEDIR3070837190/xml/dynamic/merge.xml</pre>
</body>
</html>
172.23.73.235;2023-08-31 11:42:51.720758;CTYPE html>
<html lang="en">
<head>
<meta charset="utf-8">
<title>Error</title>
</head>
<body>
<pre>Cannot GET /CACHEDIR3070837190/xml/dynamic/merge.xml</pre>
</body>
</html>;CTYPE html>
<html lang="en">
<head>
<meta charset="utf-8">
<title>Error</title>
</head>
<body>
<pre>Cannot GET /CACHEDIR3070837190/xml/dynamic/merge.xml</pre>
</body>
</html>
172.23.73.235;2023-08-31 11:43:32.207856;CTYPE html>
<html lang="en">
<head>
<meta charset="utf-8">
<title>Error</title>
</head>
<body>
<pre>Cannot GET /CACHEDIR3070837190/xml/dynamic/merge.xml</pre>
</body>
</html>;CTYPE html>
<html lang="en">
<head>
<meta charset="utf-8">
<title>Error</title>
</head>
<body>
<pre>Cannot GET /CACHEDIR3070837190/xml/dynamic/merge.xml</pre>
</body>
</html>
172.23.73.235;2023-08-31 15:02:20.763723;Erro;Erro;
172.23.73.235;2023-09-05 10:38:42.016700;CTYPE html>
<html lang="en">
<head>
<meta charset="utf-8">
<title>Error</title>
</head>
<body>
<pre>Cannot GET /CACHEDIR3070837190/xml/dynamic/merge.xml</pre>
</body>
</html>;CTYPE html>
<html lang="en">
<head>
<meta charset="utf-8">
<title>Error</title>
</head>
<body>
<pre>Cannot GET /CACHEDIR3070837190/xml/dynamic/merge.xml</pre>
</body>
</html>
172.23.73.235;2023-09-05 10:40:02.173962;CTYPE html>
<html lang="en">
<head>
<meta charset="utf-8">
<title>Error</title>
</head>
<body>
<pre>Cannot GET /CACHEDIR3070837190/xml/dynamic/merge.xml</pre>
</body>
</html>;CTYPE html>
<html lang="en">
<head>
<meta charset="utf-8">
<title>Error</title>
</head>
<body>
<pre>Cannot GET /CACHEDIR3070837190/xml/dynamic/merge.xml</pre>
</body>
</html>
172.23.73.235;2023-10-09 10:24:39.064350;CTYPE html>
<html lang="en">
<head>
<meta charset="utf-8">
<title>Error</title>
</head>
<body>
<pre>Cannot GET /CACHEDIR3070837190/xml/dynamic/merge.xml</pre>
</body>
</html>;CTYPE html>
<html lang="en">
<head>
<meta charset="utf-8">
<title>Error</title>
</head>
<body>
<pre>Cannot GET /CACHEDIR3070837190/xml/dynamic/merge.xml</pre>
</body>
</html>
172.23.73.235;2023-10-09 10:25:20.588705;CTYPE html>
<html lang="en">
<head>
<meta charset="utf-8">
<title>Error</title>
</head>
<body>
<pre>Cannot GET /CACHEDIR3070837190/xml/dynamic/merge.xml</pre>
</body>
</html>;CTYPE html>
<html lang="en">
<head>
<meta charset="utf-8">
<title>Error</title>
</head>
<body>
<pre>Cannot GET /CACHEDIR3070837190/xml/dynamic/merge.xml</pre>
</body>
</html>
172.23.73.235;2023-10-09 10:26:06.064199;CTYPE html>
<html lang="en">
<head>
<meta charset="utf-8">
<title>Error</title>
</head>
<body>
<pre>Cannot GET /CACHEDIR3070837190/xml/dynamic/merge.xml</pre>
</body>
</html>;CTYPE html>
<html lang="en">
<head>
<meta charset="utf-8">
<title>Error</title>
</head>
<body>
<pre>Cannot GET /CACHEDIR3070837190/xml/dynamic/merge.xml</pre>
</body>
</html>
172.23.73.235;2023-10-09 10:26:45.397819;CTYPE html>
<html lang="en">
<head>
<meta charset="utf-8">
<title>Error</title>
</head>
<body>
<pre>Cannot GET /CACHEDIR3070837190/xml/dynamic/merge.xml</pre>
</body>
</html>;CTYPE html>
<html lang="en">
<head>
<meta charset="utf-8">
<title>Error</title>
</head>
<body>
<pre>Cannot GET /CACHEDIR3070837190/xml/dynamic/merge.xml</pre>
</body>
</html>
172.23.73.235;2023-10-09 10:27:28.185888;CTYPE html>
<html lang="en">
<head>
<meta charset="utf-8">
<title>Error</title>
</head>
<body>
<pre>Cannot GET /CACHEDIR3070837190/xml/dynamic/merge.xml</pre>
</body>
</html>;CTYPE html>
<html lang="en">
<head>
<meta charset="utf-8">
<title>Error</title>
</head>
<body>
<pre>Cannot GET /CACHEDIR3070837190/xml/dynamic/merge.xml</pre>
</body>
</html>
172.23.73.235;2023-10-09 10:28:15.333658;CTYPE html>
<html lang="en">
<head>
<meta charset="utf-8">
<title>Error</title>
</head>
<body>
<pre>Cannot GET /CACHEDIR3070837190/xml/dynamic/merge.xml</pre>
</body>
</html>;CTYPE html>
<html lang="en">
<head>
<meta charset="utf-8">
<title>Error</title>
</head>
<body>
<pre>Cannot GET /CACHEDIR3070837190/xml/dynamic/merge.xml</pre>
</body>
</html>
172.23.73.235;2023-10-09 10:28:57.520003;CTYPE html>
<html lang="en">
<head>
<meta charset="utf-8">
<title>Error</title>
</head>
<body>
<pre>Cannot GET /CACHEDIR3070837190/xml/dynamic/merge.xml</pre>
</body>
</html>;CTYPE html>
<html lang="en">
<head>
<meta charset="utf-8">
<title>Error</title>
</head>
<body>
<pre>Cannot GET /CACHEDIR3070837190/xml/dynamic/merge.xml</pre>
</body>
</html>
172.23.73.235;2023-10-09 10:29:45.521264;CTYPE html>
<html lang="en">
<head>
<meta charset="utf-8">
<title>Error</title>
</head>
<body>
<pre>Cannot GET /CACHEDIR3070837190/xml/dynamic/merge.xml</pre>
</body>
</html>;CTYPE html>
<html lang="en">
<head>
<meta charset="utf-8">
<title>Error</title>
</head>
<body>
<pre>Cannot GET /CACHEDIR3070837190/xml/dynamic/merge.xml</pre>
</body>
</html>
172.23.73.235;2023-10-09 10:30:28.334759;CTYPE html>
<html lang="en">
<head>
<meta charset="utf-8">
<title>Error</title>
</head>
<body>
<pre>Cannot GET /CACHEDIR3070837190/xml/dynamic/merge.xml</pre>
</body>
</html>;CTYPE html>
<html lang="en">
<head>
<meta charset="utf-8">
<title>Error</title>
</head>
<body>
<pre>Cannot GET /CACHEDIR3070837190/xml/dynamic/merge.xml</pre>
</body>
</html>
172.23.73.235;2023-10-09 10:31:15.584311;CTYPE html>
<html lang="en">
<head>
<meta charset="utf-8">
<title>Error</title>
</head>
<body>
<pre>Cannot GET /CACHEDIR3070837190/xml/dynamic/merge.xml</pre>
</body>
</html>;CTYPE html>
<html lang="en">
<head>
<meta charset="utf-8">
<title>Error</title>
</head>
<body>
<pre>Cannot GET /CACHEDIR3070837190/xml/dynamic/merge.xml</pre>
</body>
</html>
172.23.73.235;2023-10-09 10:31:58.044037;CTYPE html>
<html lang="en">
<head>
<meta charset="utf-8">
<title>Error</title>
</head>
<body>
<pre>Cannot GET /CACHEDIR3070837190/xml/dynamic/merge.xml</pre>
</body>
</html>;CTYPE html>
<html lang="en">
<head>
<meta charset="utf-8">
<title>Error</title>
</head>
<body>
<pre>Cannot GET /CACHEDIR3070837190/xml/dynamic/merge.xml</pre>
</body>
</html>
172.23.73.235;2023-10-09 10:32:45.143856;CTYPE html>
<html lang="en">
<head>
<meta charset="utf-8">
<title>Error</title>
</head>
<body>
<pre>Cannot GET /CACHEDIR3070837190/xml/dynamic/merge.xml</pre>
</body>
</html>;CTYPE html>
<html lang="en">
<head>
<meta charset="utf-8">
<title>Error</title>
</head>
<body>
<pre>Cannot GET /CACHEDIR3070837190/xml/dynamic/merge.xml</pre>
</body>
</html>
172.23.73.235;2023-10-09 10:33:28.001732;CTYPE html>
<html lang="en">
<head>
<meta charset="utf-8">
<title>Error</title>
</head>
<body>
<pre>Cannot GET /CACHEDIR3070837190/xml/dynamic/merge.xml</pre>
</body>
</html>;CTYPE html>
<html lang="en">
<head>
<meta charset="utf-8">
<title>Error</title>
</head>
<body>
<pre>Cannot GET /CACHEDIR3070837190/xml/dynamic/merge.xml</pre>
</body>
</html>
172.23.73.235;2023-10-09 10:34:15.151280;CTYPE html>
<html lang="en">
<head>
<meta charset="utf-8">
<title>Error</title>
</head>
<body>
<pre>Cannot GET /CACHEDIR3070837190/xml/dynamic/merge.xml</pre>
</body>
</html>;CTYPE html>
<html lang="en">
<head>
<meta charset="utf-8">
<title>Error</title>
</head>
<body>
<pre>Cannot GET /CACHEDIR3070837190/xml/dynamic/merge.xml</pre>
</body>
</html>
172.23.73.235;2023-10-09 10:34:57.831986;CTYPE html>
<html lang="en">
<head>
<meta charset="utf-8">
<title>Error</title>
</head>
<body>
<pre>Cannot GET /CACHEDIR3070837190/xml/dynamic/merge.xml</pre>
</body>
</html>;CTYPE html>
<html lang="en">
<head>
<meta charset="utf-8">
<title>Error</title>
</head>
<body>
<pre>Cannot GET /CACHEDIR3070837190/xml/dynamic/merge.xml</pre>
</body>
</html>
172.23.73.235;2023-10-09 10:35:45.149408;CTYPE html>
<html lang="en">
<head>
<meta charset="utf-8">
<title>Error</title>
</head>
<body>
<pre>Cannot GET /CACHEDIR3070837190/xml/dynamic/merge.xml</pre>
</body>
</html>;CTYPE html>
<html lang="en">
<head>
<meta charset="utf-8">
<title>Error</title>
</head>
<body>
<pre>Cannot GET /CACHEDIR3070837190/xml/dynamic/merge.xml</pre>
</body>
</html>
172.23.73.235;2023-10-09 10:36:27.941230;CTYPE html>
<html lang="en">
<head>
<meta charset="utf-8">
<title>Error</title>
</head>
<body>
<pre>Cannot GET /CACHEDIR3070837190/xml/dynamic/merge.xml</pre>
</body>
</html>;CTYPE html>
<html lang="en">
<head>
<meta charset="utf-8">
<title>Error</title>
</head>
<body>
<pre>Cannot GET /CACHEDIR3070837190/xml/dynamic/merge.xml</pre>
</body>
</html>
172.23.73.235;2023-10-09 10:37:15.478936;CTYPE html>
<html lang="en">
<head>
<meta charset="utf-8">
<title>Error</title>
</head>
<body>
<pre>Cannot GET /CACHEDIR3070837190/xml/dynamic/merge.xml</pre>
</body>
</html>;CTYPE html>
<html lang="en">
<head>
<meta charset="utf-8">
<title>Error</title>
</head>
<body>
<pre>Cannot GET /CACHEDIR3070837190/xml/dynamic/merge.xml</pre>
</body>
</html>
172.23.73.235;2023-10-09 10:37:58.667748;CTYPE html>
<html lang="en">
<head>
<meta charset="utf-8">
<title>Error</title>
</head>
<body>
<pre>Cannot GET /CACHEDIR3070837190/xml/dynamic/merge.xml</pre>
</body>
</html>;CTYPE html>
<html lang="en">
<head>
<meta charset="utf-8">
<title>Error</title>
</head>
<body>
<pre>Cannot GET /CACHEDIR3070837190/xml/dynamic/merge.xml</pre>
</body>
</html>
172.23.73.235;2023-10-09 10:38:45.142540;CTYPE html>
<html lang="en">
<head>
<meta charset="utf-8">
<title>Error</title>
</head>
<body>
<pre>Cannot GET /CACHEDIR3070837190/xml/dynamic/merge.xml</pre>
</body>
</html>;CTYPE html>
<html lang="en">
<head>
<meta charset="utf-8">
<title>Error</title>
</head>
<body>
<pre>Cannot GET /CACHEDIR3070837190/xml/dynamic/merge.xml</pre>
</body>
</html>
172.23.73.235;2023-10-09 10:39:28.104056;CTYPE html>
<html lang="en">
<head>
<meta charset="utf-8">
<title>Error</title>
</head>
<body>
<pre>Cannot GET /CACHEDIR3070837190/xml/dynamic/merge.xml</pre>
</body>
</html>;CTYPE html>
<html lang="en">
<head>
<meta charset="utf-8">
<title>Error</title>
</head>
<body>
<pre>Cannot GET /CACHEDIR3070837190/xml/dynamic/merge.xml</pre>
</body>
</html>
172.23.73.235;2023-10-09 10:40:15.162372;CTYPE html>
<html lang="en">
<head>
<meta charset="utf-8">
<title>Error</title>
</head>
<body>
<pre>Cannot GET /CACHEDIR3070837190/xml/dynamic/merge.xml</pre>
</body>
</html>;CTYPE html>
<html lang="en">
<head>
<meta charset="utf-8">
<title>Error</title>
</head>
<body>
<pre>Cannot GET /CACHEDIR3070837190/xml/dynamic/merge.xml</pre>
</body>
</html>
172.23.73.235;2023-10-09 10:40:58.061147;CTYPE html>
<html lang="en">
<head>
<meta charset="utf-8">
<title>Error</title>
</head>
<body>
<pre>Cannot GET /CACHEDIR3070837190/xml/dynamic/merge.xml</pre>
</body>
</html>;CTYPE html>
<html lang="en">
<head>
<meta charset="utf-8">
<title>Error</title>
</head>
<body>
<pre>Cannot GET /CACHEDIR3070837190/xml/dynamic/merge.xml</pre>
</body>
</html>
172.23.73.235;2023-10-09 10:43:55.984544;Erro;Erro;
172.23.73.235;2023-10-09 10:44:38.992556;Erro;Erro;
172.23.73.235;2023-10-09 10:45:24.064544;Erro;Erro;
172.23.73.235;2023-10-09 10:46:07.088601;Erro;Erro;
172.23.73.235;2023-10-09 10:46:54.168562;Erro;Erro;
172.23.73.235;2023-10-09 10:47:37.188560;Erro;Erro;
172.23.73.235;2023-10-09 10:48:24.264604;Erro;Erro;
172.23.73.235;2023-10-09 10:49:07.280570;Erro;Erro;
172.23.73.235;2023-10-09 10:49:52.372571;Erro;Erro;
172.23.73.235;2023-10-09 10:50:35.356670;Erro;Erro;
172.23.73.235;2023-10-09 10:51:22.476561;Erro;Erro;
172.23.73.235;2023-10-09 10:52:05.449437;Erro;Erro;
172.23.73.235;2023-10-09 10:52:52.564659;Erro;Erro;
172.23.73.235;2023-10-09 10:53:35.616574;Erro;Erro;
172.23.73.235;2023-10-09 10:54:22.684836;Erro;Erro;
172.23.73.235;2023-10-09 10:55:05.676544;Erro;Erro;
172.23.73.235;2023-10-09 10:55:52.792630;Erro;Erro;
172.23.73.235;2023-10-09 10:56:35.796885;Erro;Erro;
172.23.73.235;2023-10-09 10:56:59.063341;CTYPE html>
<html lang="en">
<head>
<meta charset="utf-8">
<title>Error</title>
</head>
<body>
<pre>Cannot GET /CACHEDIR3070837190/xml/dynamic/merge.xml</pre>
</body>
</html>;CTYPE html>
<html lang="en">
<head>
<meta charset="utf-8">
<title>Error</title>
</head>
<body>
<pre>Cannot GET /CACHEDIR3070837190/xml/dynamic/merge.xml</pre>
</body>
</html>
172.23.73.235;2023-10-09 10:57:01.459596;CTYPE html>
<html lang="en">
<head>
<meta charset="utf-8">
<title>Error</title>
</head>
<body>
<pre>Cannot GET /CACHEDIR3070837190/xml/dynamic/merge.xml</pre>
</body>
</html>;CTYPE html>
<html lang="en">
<head>
<meta charset="utf-8">
<title>Error</title>
</head>
<body>
<pre>Cannot GET /CACHEDIR3070837190/xml/dynamic/merge.xml</pre>
</body>
</html>
172.23.73.235;2023-10-09 10:57:22.912546;Erro;Erro;
172.23.73.235;2023-10-09 10:57:25.194565;CTYPE html>
<html lang="en">
<head>
<meta charset="utf-8">
<title>Error</title>
</head>
<body>
<pre>Cannot GET /CACHEDIR3070837190/xml/dynamic/merge.xml</pre>
</body>
</html>;CTYPE html>
<html lang="en">
<head>
<meta charset="utf-8">
<title>Error</title>
</head>
<body>
<pre>Cannot GET /CACHEDIR3070837190/xml/dynamic/merge.xml</pre>
</body>
</html>
172.23.73.235;2023-10-09 10:58:11.511047;CTYPE html>
<html lang="en">
<head>
<meta charset="utf-8">
<title>Error</title>
</head>
<body>
<pre>Cannot GET /CACHEDIR3070837190/xml/dynamic/merge.xml</pre>
</body>
</html>;CTYPE html>
<html lang="en">
<head>
<meta charset="utf-8">
<title>Error</title>
</head>
<body>
<pre>Cannot GET /CACHEDIR3070837190/xml/dynamic/merge.xml</pre>
</body>
</html>
172.23.73.235;2023-10-09 10:58:54.942168;CTYPE html>
<html lang="en">
<head>
<meta charset="utf-8">
<title>Error</title>
</head>
<body>
<pre>Cannot GET /CACHEDIR3070837190/xml/dynamic/merge.xml</pre>
</body>
</html>;CTYPE html>
<html lang="en">
<head>
<meta charset="utf-8">
<title>Error</title>
</head>
<body>
<pre>Cannot GET /CACHEDIR3070837190/xml/dynamic/merge.xml</pre>
</body>
</html>
172.23.73.235;2023-10-09 10:59:41.294345;CTYPE html>
<html lang="en">
<head>
<meta charset="utf-8">
<title>Error</title>
</head>
<body>
<pre>Cannot GET /CACHEDIR3070837190/xml/dynamic/merge.xml</pre>
</body>
</html>;CTYPE html>
<html lang="en">
<head>
<meta charset="utf-8">
<title>Error</title>
</head>
<body>
<pre>Cannot GET /CACHEDIR3070837190/xml/dynamic/merge.xml</pre>
</body>
</html>
172.23.73.235;2023-10-09 11:00:24.779685;CTYPE html>
<html lang="en">
<head>
<meta charset="utf-8">
<title>Error</title>
</head>
<body>
<pre>Cannot GET /CACHEDIR3070837190/xml/dynamic/merge.xml</pre>
</body>
</html>;CTYPE html>
<html lang="en">
<head>
<meta charset="utf-8">
<title>Error</title>
</head>
<body>
<pre>Cannot GET /CACHEDIR3070837190/xml/dynamic/merge.xml</pre>
</body>
</html>
172.23.73.235;2023-10-09 11:01:11.625194;CTYPE html>
<html lang="en">
<head>
<meta charset="utf-8">
<title>Error</title>
</head>
<body>
<pre>Cannot GET /CACHEDIR3070837190/xml/dynamic/merge.xml</pre>
</body>
</html>;CTYPE html>
<html lang="en">
<head>
<meta charset="utf-8">
<title>Error</title>
</head>
<body>
<pre>Cannot GET /CACHEDIR3070837190/xml/dynamic/merge.xml</pre>
</body>
</html>
172.23.73.235;2023-10-09 11:01:54.578726;CTYPE html>
<html lang="en">
<head>
<meta charset="utf-8">
<title>Error</title>
</head>
<body>
<pre>Cannot GET /CACHEDIR3070837190/xml/dynamic/merge.xml</pre>
</body>
</html>;CTYPE html>
<html lang="en">
<head>
<meta charset="utf-8">
<title>Error</title>
</head>
<body>
<pre>Cannot GET /CACHEDIR3070837190/xml/dynamic/merge.xml</pre>
</body>
</html>
172.23.73.235;2023-10-09 11:02:41.657992;CTYPE html>
<html lang="en">
<head>
<meta charset="utf-8">
<title>Error</title>
</head>
<body>
<pre>Cannot GET /CACHEDIR3070837190/xml/dynamic/merge.xml</pre>
</body>
</html>;CTYPE html>
<html lang="en">
<head>
<meta charset="utf-8">
<title>Error</title>
</head>
<body>
<pre>Cannot GET /CACHEDIR3070837190/xml/dynamic/merge.xml</pre>
</body>
</html>
172.23.73.235;2023-10-09 11:03:24.366060;CTYPE html>
<html lang="en">
<head>
<meta charset="utf-8">
<title>Error</title>
</head>
<body>
<pre>Cannot GET /CACHEDIR3070837190/xml/dynamic/merge.xml</pre>
</body>
</html>;CTYPE html>
<html lang="en">
<head>
<meta charset="utf-8">
<title>Error</title>
</head>
<body>
<pre>Cannot GET /CACHEDIR3070837190/xml/dynamic/merge.xml</pre>
</body>
</html>
172.23.73.235;2023-10-09 11:04:11.175721;CTYPE html>
<html lang="en">
<head>
<meta charset="utf-8">
<title>Error</title>
</head>
<body>
<pre>Cannot GET /CACHEDIR3070837190/xml/dynamic/merge.xml</pre>
</body>
</html>;CTYPE html>
<html lang="en">
<head>
<meta charset="utf-8">
<title>Error</title>
</head>
<body>
<pre>Cannot GET /CACHEDIR3070837190/xml/dynamic/merge.xml</pre>
</body>
</html>
172.23.73.235;2023-10-09 11:04:54.070542;CTYPE html>
<html lang="en">
<head>
<meta charset="utf-8">
<title>Error</title>
</head>
<body>
<pre>Cannot GET /CACHEDIR3070837190/xml/dynamic/merge.xml</pre>
</body>
</html>;CTYPE html>
<html lang="en">
<head>
<meta charset="utf-8">
<title>Error</title>
</head>
<body>
<pre>Cannot GET /CACHEDIR3070837190/xml/dynamic/merge.xml</pre>
</body>
</html>
172.23.73.235;2023-10-09 11:05:41.273904;CTYPE html>
<html lang="en">
<head>
<meta charset="utf-8">
<title>Error</title>
</head>
<body>
<pre>Cannot GET /CACHEDIR3070837190/xml/dynamic/merge.xml</pre>
</body>
</html>;CTYPE html>
<html lang="en">
<head>
<meta charset="utf-8">
<title>Error</title>
</head>
<body>
<pre>Cannot GET /CACHEDIR3070837190/xml/dynamic/merge.xml</pre>
</body>
</html>
172.23.73.235;2023-10-09 11:06:24.064667;CTYPE html>
<html lang="en">
<head>
<meta charset="utf-8">
<title>Error</title>
</head>
<body>
<pre>Cannot GET /CACHEDIR3070837190/xml/dynamic/merge.xml</pre>
</body>
</html>;CTYPE html>
<html lang="en">
<head>
<meta charset="utf-8">
<title>Error</title>
</head>
<body>
<pre>Cannot GET /CACHEDIR3070837190/xml/dynamic/merge.xml</pre>
</body>
</html>
172.23.73.235;2023-10-09 11:07:10.854599;CTYPE html>
<html lang="en">
<head>
<meta charset="utf-8">
<title>Error</title>
</head>
<body>
<pre>Cannot GET /CACHEDIR3070837190/xml/dynamic/merge.xml</pre>
</body>
</html>;CTYPE html>
<html lang="en">
<head>
<meta charset="utf-8">
<title>Error</title>
</head>
<body>
<pre>Cannot GET /CACHEDIR3070837190/xml/dynamic/merge.xml</pre>
</body>
</html>
172.23.73.235;2023-10-09 11:07:53.653907;CTYPE html>
<html lang="en">
<head>
<meta charset="utf-8">
<title>Error</title>
</head>
<body>
<pre>Cannot GET /CACHEDIR3070837190/xml/dynamic/merge.xml</pre>
</body>
</html>;CTYPE html>
<html lang="en">
<head>
<meta charset="utf-8">
<title>Error</title>
</head>
<body>
<pre>Cannot GET /CACHEDIR3070837190/xml/dynamic/merge.xml</pre>
</body>
</html>
172.23.73.235;2023-10-09 11:08:40.389017;CTYPE html>
<html lang="en">
<head>
<meta charset="utf-8">
<title>Error</title>
</head>
<body>
<pre>Cannot GET /CACHEDIR3070837190/xml/dynamic/merge.xml</pre>
</body>
</html>;CTYPE html>
<html lang="en">
<head>
<meta charset="utf-8">
<title>Error</title>
</head>
<body>
<pre>Cannot GET /CACHEDIR3070837190/xml/dynamic/merge.xml</pre>
</body>
</html>
172.23.73.235;2023-10-09 11:09:23.384357;CTYPE html>
<html lang="en">
<head>
<meta charset="utf-8">
<title>Error</title>
</head>
<body>
<pre>Cannot GET /CACHEDIR3070837190/xml/dynamic/merge.xml</pre>
</body>
</html>;CTYPE html>
<html lang="en">
<head>
<meta charset="utf-8">
<title>Error</title>
</head>
<body>
<pre>Cannot GET /CACHEDIR3070837190/xml/dynamic/merge.xml</pre>
</body>
</html>
172.23.73.235;2023-10-09 11:10:10.293917;CTYPE html>
<html lang="en">
<head>
<meta charset="utf-8">
<title>Error</title>
</head>
<body>
<pre>Cannot GET /CACHEDIR3070837190/xml/dynamic/merge.xml</pre>
</body>
</html>;CTYPE html>
<html lang="en">
<head>
<meta charset="utf-8">
<title>Error</title>
</head>
<body>
<pre>Cannot GET /CACHEDIR3070837190/xml/dynamic/merge.xml</pre>
</body>
</html>
172.23.73.235;2023-10-09 11:10:53.059376;CTYPE html>
<html lang="en">
<head>
<meta charset="utf-8">
<title>Error</title>
</head>
<body>
<pre>Cannot GET /CACHEDIR3070837190/xml/dynamic/merge.xml</pre>
</body>
</html>;CTYPE html>
<html lang="en">
<head>
<meta charset="utf-8">
<title>Error</title>
</head>
<body>
<pre>Cannot GET /CACHEDIR3070837190/xml/dynamic/merge.xml</pre>
</body>
</html>
172.23.73.235;2023-10-09 11:11:40.268706;CTYPE html>
<html lang="en">
<head>
<meta charset="utf-8">
<title>Error</title>
</head>
<body>
<pre>Cannot GET /CACHEDIR3070837190/xml/dynamic/merge.xml</pre>
</body>
</html>;CTYPE html>
<html lang="en">
<head>
<meta charset="utf-8">
<title>Error</title>
</head>
<body>
<pre>Cannot GET /CACHEDIR3070837190/xml/dynamic/merge.xml</pre>
</body>
</html>
172.23.73.235;2023-10-09 11:12:22.887488;CTYPE html>
<html lang="en">
<head>
<meta charset="utf-8">
<title>Error</title>
</head>
<body>
<pre>Cannot GET /CACHEDIR3070837190/xml/dynamic/merge.xml</pre>
</body>
</html>;CTYPE html>
<html lang="en">
<head>
<meta charset="utf-8">
<title>Error</title>
</head>
<body>
<pre>Cannot GET /CACHEDIR3070837190/xml/dynamic/merge.xml</pre>
</body>
</html>
172.23.73.235;2023-10-09 11:13:09.865542;CTYPE html>
<html lang="en">
<head>
<meta charset="utf-8">
<title>Error</title>
</head>
<body>
<pre>Cannot GET /CACHEDIR3070837190/xml/dynamic/merge.xml</pre>
</body>
</html>;CTYPE html>
<html lang="en">
<head>
<meta charset="utf-8">
<title>Error</title>
</head>
<body>
<pre>Cannot GET /CACHEDIR3070837190/xml/dynamic/merge.xml</pre>
</body>
</html>
172.23.73.235;2023-10-09 11:13:52.633858;CTYPE html>
<html lang="en">
<head>
<meta charset="utf-8">
<title>Error</title>
</head>
<body>
<pre>Cannot GET /CACHEDIR3070837190/xml/dynamic/merge.xml</pre>
</body>
</html>;CTYPE html>
<html lang="en">
<head>
<meta charset="utf-8">
<title>Error</title>
</head>
<body>
<pre>Cannot GET /CACHEDIR3070837190/xml/dynamic/merge.xml</pre>
</body>
</html>
172.23.73.235;2023-10-09 11:14:39.015318;CTYPE html>
<html lang="en">
<head>
<meta charset="utf-8">
<title>Error</title>
</head>
<body>
<pre>Cannot GET /CACHEDIR3070837190/xml/dynamic/merge.xml</pre>
</body>
</html>;CTYPE html>
<html lang="en">
<head>
<meta charset="utf-8">
<title>Error</title>
</head>
<body>
<pre>Cannot GET /CACHEDIR3070837190/xml/dynamic/merge.xml</pre>
</body>
</html>
172.23.73.235;2023-10-09 11:15:20.873047;CTYPE html>
<html lang="en">
<head>
<meta charset="utf-8">
<title>Error</title>
</head>
<body>
<pre>Cannot GET /CACHEDIR3070837190/xml/dynamic/merge.xml</pre>
</body>
</html>;CTYPE html>
<html lang="en">
<head>
<meta charset="utf-8">
<title>Error</title>
</head>
<body>
<pre>Cannot GET /CACHEDIR3070837190/xml/dynamic/merge.xml</pre>
</body>
</html>
172.23.73.235;2023-10-09 11:16:07.687478;CTYPE html>
<html lang="en">
<head>
<meta charset="utf-8">
<title>Error</title>
</head>
<body>
<pre>Cannot GET /CACHEDIR3070837190/xml/dynamic/merge.xml</pre>
</body>
</html>;CTYPE html>
<html lang="en">
<head>
<meta charset="utf-8">
<title>Error</title>
</head>
<body>
<pre>Cannot GET /CACHEDIR3070837190/xml/dynamic/merge.xml</pre>
</body>
</html>
172.23.73.235;2023-10-09 11:16:51.001851;CTYPE html>
<html lang="en">
<head>
<meta charset="utf-8">
<title>Error</title>
</head>
<body>
<pre>Cannot GET /CACHEDIR3070837190/xml/dynamic/merge.xml</pre>
</body>
</html>;CTYPE html>
<html lang="en">
<head>
<meta charset="utf-8">
<title>Error</title>
</head>
<body>
<pre>Cannot GET /CACHEDIR3070837190/xml/dynamic/merge.xml</pre>
</body>
</html>
172.23.73.235;2023-10-09 11:17:37.721046;CTYPE html>
<html lang="en">
<head>
<meta charset="utf-8">
<title>Error</title>
</head>
<body>
<pre>Cannot GET /CACHEDIR3070837190/xml/dynamic/merge.xml</pre>
</body>
</html>;CTYPE html>
<html lang="en">
<head>
<meta charset="utf-8">
<title>Error</title>
</head>
<body>
<pre>Cannot GET /CACHEDIR3070837190/xml/dynamic/merge.xml</pre>
</body>
</html>
172.23.73.235;2023-10-09 11:18:21.066207;CTYPE html>
<html lang="en">
<head>
<meta charset="utf-8">
<title>Error</title>
</head>
<body>
<pre>Cannot GET /CACHEDIR3070837190/xml/dynamic/merge.xml</pre>
</body>
</html>;CTYPE html>
<html lang="en">
<head>
<meta charset="utf-8">
<title>Error</title>
</head>
<body>
<pre>Cannot GET /CACHEDIR3070837190/xml/dynamic/merge.xml</pre>
</body>
</html>
172.23.73.235;2023-10-09 11:19:09.026348;CTYPE html>
<html lang="en">
<head>
<meta charset="utf-8">
<title>Error</title>
</head>
<body>
<pre>Cannot GET /CACHEDIR3070837190/xml/dynamic/merge.xml</pre>
</body>
</html>;CTYPE html>
<html lang="en">
<head>
<meta charset="utf-8">
<title>Error</title>
</head>
<body>
<pre>Cannot GET /CACHEDIR3070837190/xml/dynamic/merge.xml</pre>
</body>
</html>
172.23.73.235;2023-10-09 11:19:52.013054;CTYPE html>
<html lang="en">
<head>
<meta charset="utf-8">
<title>Error</title>
</head>
<body>
<pre>Cannot GET /CACHEDIR3070837190/xml/dynamic/merge.xml</pre>
</body>
</html>;CTYPE html>
<html lang="en">
<head>
<meta charset="utf-8">
<title>Error</title>
</head>
<body>
<pre>Cannot GET /CACHEDIR3070837190/xml/dynamic/merge.xml</pre>
</body>
</html>
172.23.73.235;2023-10-09 11:20:38.513816;CTYPE html>
<html lang="en">
<head>
<meta charset="utf-8">
<title>Error</title>
</head>
<body>
<pre>Cannot GET /CACHEDIR3070837190/xml/dynamic/merge.xml</pre>
</body>
</html>;CTYPE html>
<html lang="en">
<head>
<meta charset="utf-8">
<title>Error</title>
</head>
<body>
<pre>Cannot GET /CACHEDIR3070837190/xml/dynamic/merge.xml</pre>
</body>
</html>
172.23.73.235;2023-10-09 11:21:19.917019;CTYPE html>
<html lang="en">
<head>
<meta charset="utf-8">
<title>Error</title>
</head>
<body>
<pre>Cannot GET /CACHEDIR3070837190/xml/dynamic/merge.xml</pre>
</body>
</html>;CTYPE html>
<html lang="en">
<head>
<meta charset="utf-8">
<title>Error</title>
</head>
<body>
<pre>Cannot GET /CACHEDIR3070837190/xml/dynamic/merge.xml</pre>
</body>
</html>
172.23.73.235;2023-10-09 11:22:06.429015;CTYPE html>
<html lang="en">
<head>
<meta charset="utf-8">
<title>Error</title>
</head>
<body>
<pre>Cannot GET /CACHEDIR3070837190/xml/dynamic/merge.xml</pre>
</body>
</html>;CTYPE html>
<html lang="en">
<head>
<meta charset="utf-8">
<title>Error</title>
</head>
<body>
<pre>Cannot GET /CACHEDIR3070837190/xml/dynamic/merge.xml</pre>
</body>
</html>
172.23.73.235;2023-10-09 11:22:49.141728;CTYPE html>
<html lang="en">
<head>
<meta charset="utf-8">
<title>Error</title>
</head>
<body>
<pre>Cannot GET /CACHEDIR3070837190/xml/dynamic/merge.xml</pre>
</body>
</html>;CTYPE html>
<html lang="en">
<head>
<meta charset="utf-8">
<title>Error</title>
</head>
<body>
<pre>Cannot GET /CACHEDIR3070837190/xml/dynamic/merge.xml</pre>
</body>
</html>
172.23.73.235;2023-10-09 11:23:35.639071;CTYPE html>
<html lang="en">
<head>
<meta charset="utf-8">
<title>Error</title>
</head>
<body>
<pre>Cannot GET /CACHEDIR3070837190/xml/dynamic/merge.xml</pre>
</body>
</html>;CTYPE html>
<html lang="en">
<head>
<meta charset="utf-8">
<title>Error</title>
</head>
<body>
<pre>Cannot GET /CACHEDIR3070837190/xml/dynamic/merge.xml</pre>
</body>
</html>
172.23.73.235;2023-10-10 11:57:10.016651;Erro;Erro;
172.23.73.235;2023-10-10 11:57:50.964577;Erro;Erro;
172.23.73.235;2023-10-10 11:58:33.960569;Erro;Erro;
172.23.73.235;2023-10-10 11:59:14.940570;Erro;Erro;
172.23.73.235;2023-10-10 11:59:57.898808;Erro;Erro;
172.23.73.235;2023-10-10 12:00:45.004555;Erro;Erro;
172.23.73.235;2023-10-10 12:01:25.996547;Erro;Erro;
172.23.73.235;2023-10-10 12:02:13.116336;Erro;Erro;
172.23.73.235;2023-10-10 12:02:56.074515;Erro;Erro;
172.23.73.235;2023-10-10 12:03:41.140818;Erro;Erro;
172.23.73.235;2023-10-10 12:04:24.164547;Erro;Erro;
172.23.73.235;2023-10-10 12:05:11.244885;Erro;Erro;
172.23.73.235;2023-10-10 12:05:52.224546;Erro;Erro;
172.23.73.235;2023-10-10 12:06:37.284735;Erro;Erro;
172.23.73.235;2023-10-10 12:07:18.236564;Erro;Erro;
172.23.73.235;2023-10-10 12:08:01.240625;Erro;Erro;
172.23.73.235;2023-10-10 12:08:44.236545;Erro;Erro;
172.23.73.235;2023-10-10 12:09:27.242387;Erro;Erro;
172.23.73.235;2023-10-10 12:10:14.380545;Erro;Erro;
172.23.73.235;2023-10-10 12:10:57.382832;Erro;Erro;
172.23.73.235;2023-10-10 12:11:44.477345;Erro;Erro;
172.23.73.235;2023-10-10 12:12:27.492604;Erro;Erro;
172.23.73.235;2023-10-10 12:12:48.886213;CTYPE html>
<html lang="en">
<head>
<meta charset="utf-8">
<title>Error</title>
</head>
<body>
<pre>Cannot GET /CACHEDIR3070837190/xml/dynamic/merge.xml</pre>
</body>
</html>;CTYPE html>
<html lang="en">
<head>
<meta charset="utf-8">
<title>Error</title>
</head>
<body>
<pre>Cannot GET /CACHEDIR3070837190/xml/dynamic/merge.xml</pre>
</body>
</html>
172.23.73.235;2023-10-10 12:12:50.222239;CTYPE html>
<html lang="en">
<head>
<meta charset="utf-8">
<title>Error</title>
</head>
<body>
<pre>Cannot GET /CACHEDIR3070837190/xml/dynamic/merge.xml</pre>
</body>
</html>;CTYPE html>
<html lang="en">
<head>
<meta charset="utf-8">
<title>Error</title>
</head>
<body>
<pre>Cannot GET /CACHEDIR3070837190/xml/dynamic/merge.xml</pre>
</body>
</html>
172.23.73.235;2023-10-10 12:13:12.560794;Erro;Erro;
172.23.73.235;2023-10-10 12:13:13.981857;CTYPE html>
<html lang="en">
<head>
<meta charset="utf-8">
<title>Error</title>
</head>
<body>
<pre>Cannot GET /CACHEDIR3070837190/xml/dynamic/merge.xml</pre>
</body>
</html>;CTYPE html>
<html lang="en">
<head>
<meta charset="utf-8">
<title>Error</title>
</head>
<body>
<pre>Cannot GET /CACHEDIR3070837190/xml/dynamic/merge.xml</pre>
</body>
</html>
172.23.73.235;2023-10-10 12:13:59.695384;CTYPE html>
<html lang="en">
<head>
<meta charset="utf-8">
<title>Error</title>
</head>
<body>
<pre>Cannot GET /CACHEDIR3070837190/xml/dynamic/merge.xml</pre>
</body>
</html>;CTYPE html>
<html lang="en">
<head>
<meta charset="utf-8">
<title>Error</title>
</head>
<body>
<pre>Cannot GET /CACHEDIR3070837190/xml/dynamic/merge.xml</pre>
</body>
</html>
172.23.73.235;2023-10-10 12:14:41.589276;CTYPE html>
<html lang="en">
<head>
<meta charset="utf-8">
<title>Error</title>
</head>
<body>
<pre>Cannot GET /CACHEDIR3070837190/xml/dynamic/merge.xml</pre>
</body>
</html>;CTYPE html>
<html lang="en">
<head>
<meta charset="utf-8">
<title>Error</title>
</head>
<body>
<pre>Cannot GET /CACHEDIR3070837190/xml/dynamic/merge.xml</pre>
</body>
</html>
172.23.73.235;2023-10-10 12:15:27.263191;CTYPE html>
<html lang="en">
<head>
<meta charset="utf-8">
<title>Error</title>
</head>
<body>
<pre>Cannot GET /CACHEDIR3070837190/xml/dynamic/merge.xml</pre>
</body>
</html>;CTYPE html>
<html lang="en">
<head>
<meta charset="utf-8">
<title>Error</title>
</head>
<body>
<pre>Cannot GET /CACHEDIR3070837190/xml/dynamic/merge.xml</pre>
</body>
</html>
172.23.73.235;2023-10-10 12:16:09.462843;CTYPE html>
<html lang="en">
<head>
<meta charset="utf-8">
<title>Error</title>
</head>
<body>
<pre>Cannot GET /CACHEDIR3070837190/xml/dynamic/merge.xml</pre>
</body>
</html>;CTYPE html>
<html lang="en">
<head>
<meta charset="utf-8">
<title>Error</title>
</head>
<body>
<pre>Cannot GET /CACHEDIR3070837190/xml/dynamic/merge.xml</pre>
</body>
</html>
172.23.73.235;2023-10-10 12:16:52.981754;CTYPE html>
<html lang="en">
<head>
<meta charset="utf-8">
<title>Error</title>
</head>
<body>
<pre>Cannot GET /CACHEDIR3070837190/xml/dynamic/merge.xml</pre>
</body>
</html>;CTYPE html>
<html lang="en">
<head>
<meta charset="utf-8">
<title>Error</title>
</head>
<body>
<pre>Cannot GET /CACHEDIR3070837190/xml/dynamic/merge.xml</pre>
</body>
</html>
172.23.73.235;2023-10-10 12:17:35.147812;CTYPE html>
<html lang="en">
<head>
<meta charset="utf-8">
<title>Error</title>
</head>
<body>
<pre>Cannot GET /CACHEDIR3070837190/xml/dynamic/merge.xml</pre>
</body>
</html>;CTYPE html>
<html lang="en">
<head>
<meta charset="utf-8">
<title>Error</title>
</head>
<body>
<pre>Cannot GET /CACHEDIR3070837190/xml/dynamic/merge.xml</pre>
</body>
</html>
172.23.73.235;2023-10-10 12:18:17.745978;CTYPE html>
<html lang="en">
<head>
<meta charset="utf-8">
<title>Error</title>
</head>
<body>
<pre>Cannot GET /CACHEDIR3070837190/xml/dynamic/merge.xml</pre>
</body>
</html>;CTYPE html>
<html lang="en">
<head>
<meta charset="utf-8">
<title>Error</title>
</head>
<body>
<pre>Cannot GET /CACHEDIR3070837190/xml/dynamic/merge.xml</pre>
</body>
</html>
172.23.73.235;2023-10-10 12:19:04.233939;CTYPE html>
<html lang="en">
<head>
<meta charset="utf-8">
<title>Error</title>
</head>
<body>
<pre>Cannot GET /CACHEDIR3070837190/xml/dynamic/merge.xml</pre>
</body>
</html>;CTYPE html>
<html lang="en">
<head>
<meta charset="utf-8">
<title>Error</title>
</head>
<body>
<pre>Cannot GET /CACHEDIR3070837190/xml/dynamic/merge.xml</pre>
</body>
</html>
172.23.73.235;2023-10-10 12:19:46.937446;CTYPE html>
<html lang="en">
<head>
<meta charset="utf-8">
<title>Error</title>
</head>
<body>
<pre>Cannot GET /CACHEDIR3070837190/xml/dynamic/merge.xml</pre>
</body>
</html>;CTYPE html>
<html lang="en">
<head>
<meta charset="utf-8">
<title>Error</title>
</head>
<body>
<pre>Cannot GET /CACHEDIR3070837190/xml/dynamic/merge.xml</pre>
</body>
</html>
172.23.73.235;2023-10-10 12:20:33.537860;CTYPE html>
<html lang="en">
<head>
<meta charset="utf-8">
<title>Error</title>
</head>
<body>
<pre>Cannot GET /CACHEDIR3070837190/xml/dynamic/merge.xml</pre>
</body>
</html>;CTYPE html>
<html lang="en">
<head>
<meta charset="utf-8">
<title>Error</title>
</head>
<body>
<pre>Cannot GET /CACHEDIR3070837190/xml/dynamic/merge.xml</pre>
</body>
</html>
172.23.73.235;2023-10-10 12:21:16.992220;CTYPE html>
<html lang="en">
<head>
<meta charset="utf-8">
<title>Error</title>
</head>
<body>
<pre>Cannot GET /CACHEDIR3070837190/xml/dynamic/merge.xml</pre>
</body>
</html>;CTYPE html>
<html lang="en">
<head>
<meta charset="utf-8">
<title>Error</title>
</head>
<body>
<pre>Cannot GET /CACHEDIR3070837190/xml/dynamic/merge.xml</pre>
</body>
</html>
172.23.73.235;2023-10-10 12:22:03.563621;CTYPE html>
<html lang="en">
<head>
<meta charset="utf-8">
<title>Error</title>
</head>
<body>
<pre>Cannot GET /CACHEDIR3070837190/xml/dynamic/merge.xml</pre>
</body>
</html>;CTYPE html>
<html lang="en">
<head>
<meta charset="utf-8">
<title>Error</title>
</head>
<body>
<pre>Cannot GET /CACHEDIR3070837190/xml/dynamic/merge.xml</pre>
</body>
</html>
172.23.73.235;2023-10-10 12:22:46.756850;CTYPE html>
<html lang="en">
<head>
<meta charset="utf-8">
<title>Error</title>
</head>
<body>
<pre>Cannot GET /CACHEDIR3070837190/xml/dynamic/merge.xml</pre>
</body>
</html>;CTYPE html>
<html lang="en">
<head>
<meta charset="utf-8">
<title>Error</title>
</head>
<body>
<pre>Cannot GET /CACHEDIR3070837190/xml/dynamic/merge.xml</pre>
</body>
</html>
172.23.73.235;2023-10-10 12:23:33.263268;CTYPE html>
<html lang="en">
<head>
<meta charset="utf-8">
<title>Error</title>
</head>
<body>
<pre>Cannot GET /CACHEDIR3070837190/xml/dynamic/merge.xml</pre>
</body>
</html>;CTYPE html>
<html lang="en">
<head>
<meta charset="utf-8">
<title>Error</title>
</head>
<body>
<pre>Cannot GET /CACHEDIR3070837190/xml/dynamic/merge.xml</pre>
</body>
</html>
172.23.73.235;2023-10-10 12:24:16.605246;CTYPE html>
<html lang="en">
<head>
<meta charset="utf-8">
<title>Error</title>
</head>
<body>
<pre>Cannot GET /CACHEDIR3070837190/xml/dynamic/merge.xml</pre>
</body>
</html>;CTYPE html>
<html lang="en">
<head>
<meta charset="utf-8">
<title>Error</title>
</head>
<body>
<pre>Cannot GET /CACHEDIR3070837190/xml/dynamic/merge.xml</pre>
</body>
</html>
172.23.73.235;2023-10-10 12:25:03.115046;CTYPE html>
<html lang="en">
<head>
<meta charset="utf-8">
<title>Error</title>
</head>
<body>
<pre>Cannot GET /CACHEDIR3070837190/xml/dynamic/merge.xml</pre>
</body>
</html>;CTYPE html>
<html lang="en">
<head>
<meta charset="utf-8">
<title>Error</title>
</head>
<body>
<pre>Cannot GET /CACHEDIR3070837190/xml/dynamic/merge.xml</pre>
</body>
</html>
172.23.73.235;2023-10-10 12:25:46.005892;CTYPE html>
<html lang="en">
<head>
<meta charset="utf-8">
<title>Error</title>
</head>
<body>
<pre>Cannot GET /CACHEDIR3070837190/xml/dynamic/merge.xml</pre>
</body>
</html>;CTYPE html>
<html lang="en">
<head>
<meta charset="utf-8">
<title>Error</title>
</head>
<body>
<pre>Cannot GET /CACHEDIR3070837190/xml/dynamic/merge.xml</pre>
</body>
</html>
172.23.73.235;2023-10-10 12:26:32.434120;CTYPE html>
<html lang="en">
<head>
<meta charset="utf-8">
<title>Error</title>
</head>
<body>
<pre>Cannot GET /CACHEDIR3070837190/xml/dynamic/merge.xml</pre>
</body>
</html>;CTYPE html>
<html lang="en">
<head>
<meta charset="utf-8">
<title>Error</title>
</head>
<body>
<pre>Cannot GET /CACHEDIR3070837190/xml/dynamic/merge.xml</pre>
</body>
</html>
172.23.73.235;2023-10-10 12:27:15.392049;CTYPE html>
<html lang="en">
<head>
<meta charset="utf-8">
<title>Error</title>
</head>
<body>
<pre>Cannot GET /CACHEDIR3070837190/xml/dynamic/merge.xml</pre>
</body>
</html>;CTYPE html>
<html lang="en">
<head>
<meta charset="utf-8">
<title>Error</title>
</head>
<body>
<pre>Cannot GET /CACHEDIR3070837190/xml/dynamic/merge.xml</pre>
</body>
</html>
172.23.73.235;2023-10-10 12:28:01.785846;CTYPE html>
<html lang="en">
<head>
<meta charset="utf-8">
<title>Error</title>
</head>
<body>
<pre>Cannot GET /CACHEDIR3070837190/xml/dynamic/merge.xml</pre>
</body>
</html>;CTYPE html>
<html lang="en">
<head>
<meta charset="utf-8">
<title>Error</title>
</head>
<body>
<pre>Cannot GET /CACHEDIR3070837190/xml/dynamic/merge.xml</pre>
</body>
</html>
172.23.73.235;2023-10-10 12:28:45.148398;CTYPE html>
<html lang="en">
<head>
<meta charset="utf-8">
<title>Error</title>
</head>
<body>
<pre>Cannot GET /CACHEDIR3070837190/xml/dynamic/merge.xml</pre>
</body>
</html>;CTYPE html>
<html lang="en">
<head>
<meta charset="utf-8">
<title>Error</title>
</head>
<body>
<pre>Cannot GET /CACHEDIR3070837190/xml/dynamic/merge.xml</pre>
</body>
</html>
172.23.73.235;2023-10-10 12:29:31.784328;CTYPE html>
<html lang="en">
<head>
<meta charset="utf-8">
<title>Error</title>
</head>
<body>
<pre>Cannot GET /CACHEDIR3070837190/xml/dynamic/merge.xml</pre>
</body>
</html>;CTYPE html>
<html lang="en">
<head>
<meta charset="utf-8">
<title>Error</title>
</head>
<body>
<pre>Cannot GET /CACHEDIR3070837190/xml/dynamic/merge.xml</pre>
</body>
</html>
172.23.73.235;2023-10-10 12:30:14.989271;CTYPE html>
<html lang="en">
<head>
<meta charset="utf-8">
<title>Error</title>
</head>
<body>
<pre>Cannot GET /CACHEDIR3070837190/xml/dynamic/merge.xml</pre>
</body>
</html>;CTYPE html>
<html lang="en">
<head>
<meta charset="utf-8">
<title>Error</title>
</head>
<body>
<pre>Cannot GET /CACHEDIR3070837190/xml/dynamic/merge.xml</pre>
</body>
</html>
172.23.73.235;2023-10-10 12:31:01.850977;CTYPE html>
<html lang="en">
<head>
<meta charset="utf-8">
<title>Error</title>
</head>
<body>
<pre>Cannot GET /CACHEDIR3070837190/xml/dynamic/merge.xml</pre>
</body>
</html>;CTYPE html>
<html lang="en">
<head>
<meta charset="utf-8">
<title>Error</title>
</head>
<body>
<pre>Cannot GET /CACHEDIR3070837190/xml/dynamic/merge.xml</pre>
</body>
</html>
172.23.73.235;2023-10-10 12:31:44.568898;CTYPE html>
<html lang="en">
<head>
<meta charset="utf-8">
<title>Error</title>
</head>
<body>
<pre>Cannot GET /CACHEDIR3070837190/xml/dynamic/merge.xml</pre>
</body>
</html>;CTYPE html>
<html lang="en">
<head>
<meta charset="utf-8">
<title>Error</title>
</head>
<body>
<pre>Cannot GET /CACHEDIR3070837190/xml/dynamic/merge.xml</pre>
</body>
</html>
172.23.73.235;2023-10-10 12:32:31.147770;CTYPE html>
<html lang="en">
<head>
<meta charset="utf-8">
<title>Error</title>
</head>
<body>
<pre>Cannot GET /CACHEDIR3070837190/xml/dynamic/merge.xml</pre>
</body>
</html>;CTYPE html>
<html lang="en">
<head>
<meta charset="utf-8">
<title>Error</title>
</head>
<body>
<pre>Cannot GET /CACHEDIR3070837190/xml/dynamic/merge.xml</pre>
</body>
</html>
172.23.73.235;2023-10-10 12:33:14.129341;CTYPE html>
<html lang="en">
<head>
<meta charset="utf-8">
<title>Error</title>
</head>
<body>
<pre>Cannot GET /CACHEDIR3070837190/xml/dynamic/merge.xml</pre>
</body>
</html>;CTYPE html>
<html lang="en">
<head>
<meta charset="utf-8">
<title>Error</title>
</head>
<body>
<pre>Cannot GET /CACHEDIR3070837190/xml/dynamic/merge.xml</pre>
</body>
</html>
172.23.73.235;2023-10-10 12:34:00.779252;CTYPE html>
<html lang="en">
<head>
<meta charset="utf-8">
<title>Error</title>
</head>
<body>
<pre>Cannot GET /CACHEDIR3070837190/xml/dynamic/merge.xml</pre>
</body>
</html>;CTYPE html>
<html lang="en">
<head>
<meta charset="utf-8">
<title>Error</title>
</head>
<body>
<pre>Cannot GET /CACHEDIR3070837190/xml/dynamic/merge.xml</pre>
</body>
</html>
172.23.73.235;2023-10-10 12:34:43.812918;CTYPE html>
<html lang="en">
<head>
<meta charset="utf-8">
<title>Error</title>
</head>
<body>
<pre>Cannot GET /CACHEDIR3070837190/xml/dynamic/merge.xml</pre>
</body>
</html>;CTYPE html>
<html lang="en">
<head>
<meta charset="utf-8">
<title>Error</title>
</head>
<body>
<pre>Cannot GET /CACHEDIR3070837190/xml/dynamic/merge.xml</pre>
</body>
</html>
172.23.73.235;2023-10-10 12:35:30.289257;CTYPE html>
<html lang="en">
<head>
<meta charset="utf-8">
<title>Error</title>
</head>
<body>
<pre>Cannot GET /CACHEDIR3070837190/xml/dynamic/merge.xml</pre>
</body>
</html>;CTYPE html>
<html lang="en">
<head>
<meta charset="utf-8">
<title>Error</title>
</head>
<body>
<pre>Cannot GET /CACHEDIR3070837190/xml/dynamic/merge.xml</pre>
</body>
</html>
172.23.73.235;2023-10-10 12:36:13.213565;CTYPE html>
<html lang="en">
<head>
<meta charset="utf-8">
<title>Error</title>
</head>
<body>
<pre>Cannot GET /CACHEDIR3070837190/xml/dynamic/merge.xml</pre>
</body>
</html>;CTYPE html>
<html lang="en">
<head>
<meta charset="utf-8">
<title>Error</title>
</head>
<body>
<pre>Cannot GET /CACHEDIR3070837190/xml/dynamic/merge.xml</pre>
</body>
</html>
172.23.73.235;2023-10-10 12:37:00.553069;CTYPE html>
<html lang="en">
<head>
<meta charset="utf-8">
<title>Error</title>
</head>
<body>
<pre>Cannot GET /CACHEDIR3070837190/xml/dynamic/merge.xml</pre>
</body>
</html>;CTYPE html>
<html lang="en">
<head>
<meta charset="utf-8">
<title>Error</title>
</head>
<body>
<pre>Cannot GET /CACHEDIR3070837190/xml/dynamic/merge.xml</pre>
</body>
</html>
172.23.73.235;2023-10-10 12:37:42.716283;CTYPE html>
<html lang="en">
<head>
<meta charset="utf-8">
<title>Error</title>
</head>
<body>
<pre>Cannot GET /CACHEDIR3070837190/xml/dynamic/merge.xml</pre>
</body>
</html>;CTYPE html>
<html lang="en">
<head>
<meta charset="utf-8">
<title>Error</title>
</head>
<body>
<pre>Cannot GET /CACHEDIR3070837190/xml/dynamic/merge.xml</pre>
</body>
</html>
172.23.73.235;2023-10-10 12:38:29.238112;CTYPE html>
<html lang="en">
<head>
<meta charset="utf-8">
<title>Error</title>
</head>
<body>
<pre>Cannot GET /CACHEDIR3070837190/xml/dynamic/merge.xml</pre>
</body>
</html>;CTYPE html>
<html lang="en">
<head>
<meta charset="utf-8">
<title>Error</title>
</head>
<body>
<pre>Cannot GET /CACHEDIR3070837190/xml/dynamic/merge.xml</pre>
</body>
</html>
172.23.73.235;2023-10-10 12:39:12.068453;CTYPE html>
<html lang="en">
<head>
<meta charset="utf-8">
<title>Error</title>
</head>
<body>
<pre>Cannot GET /CACHEDIR3070837190/xml/dynamic/merge.xml</pre>
</body>
</html>;CTYPE html>
<html lang="en">
<head>
<meta charset="utf-8">
<title>Error</title>
</head>
<body>
<pre>Cannot GET /CACHEDIR3070837190/xml/dynamic/merge.xml</pre>
</body>
</html>
172.23.73.235;2023-10-10 12:39:58.505493;CTYPE html>
<html lang="en">
<head>
<meta charset="utf-8">
<title>Error</title>
</head>
<body>
<pre>Cannot GET /CACHEDIR3070837190/xml/dynamic/merge.xml</pre>
</body>
</html>;CTYPE html>
<html lang="en">
<head>
<meta charset="utf-8">
<title>Error</title>
</head>
<body>
<pre>Cannot GET /CACHEDIR3070837190/xml/dynamic/merge.xml</pre>
</body>
</html>
                                                                                                                                                                                                                                                                                                                                                                                                       172.23.73.235;2023-10-23 10:13:08.865700;Erro;Erro;
172.23.73.235;2023-10-23 10:13:51.894787;Erro;Erro;
172.23.73.235;2023-10-23 10:14:34.877100;Erro;Erro;
172.23.73.235;2023-10-23 10:15:15.844583;Erro;Erro;
172.23.73.235;2023-10-23 10:15:58.864578;Erro;Erro;
172.23.73.235;2023-10-23 10:16:45.960593;Erro;Erro;
172.23.73.235;2023-10-23 10:17:28.980608;Erro;Erro;
172.23.73.235;2023-10-23 10:18:16.076585;Erro;Erro;
172.23.73.235;2023-10-23 10:18:59.068608;Erro;Erro;
172.23.73.235;2023-10-23 10:19:46.172600;Erro;Erro;
172.23.73.235;2023-10-23 10:20:27.176655;Erro;Erro;
172.23.73.235;2023-10-23 10:21:16.284597;Erro;Erro;
172.23.73.235;2023-10-23 10:21:57.248826;Erro;Erro;
172.23.73.235;2023-10-23 10:22:44.364587;Erro;Erro;
172.23.73.235;2023-10-23 10:23:27.364598;Erro;Erro;
172.23.73.235;2023-10-23 10:24:14.469158;Erro;Erro;
172.23.73.235;2023-10-23 10:24:30.741487;CTYPE html>
<html lang="en">
<head>
<meta charset="utf-8">
<title>Error</title>
</head>
<body>
<pre>Cannot GET /CACHEDIR3070837190/xml/dynamic/merge.xml</pre>
</body>
</html>;CTYPE html>
<html lang="en">
<head>
<meta charset="utf-8">
<title>Error</title>
</head>
<body>
<pre>Cannot GET /CACHEDIR3070837190/xml/dynamic/merge.xml</pre>
</body>
</html>
172.23.73.235;2023-10-23 10:24:37.052341;CTYPE html>
<html lang="en">
<head>
<meta charset="utf-8">
<title>Error</title>
</head>
<body>
<pre>Cannot GET /CACHEDIR3070837190/xml/dynamic/merge.xml</pre>
</body>
</html>;CTYPE html>
<html lang="en">
<head>
<meta charset="utf-8">
<title>Error</title>
</head>
<body>
<pre>Cannot GET /CACHEDIR3070837190/xml/dynamic/merge.xml</pre>
</body>
</html>
172.23.73.235;2023-10-23 10:24:57.476620;Erro;Erro;
172.23.73.235;2023-10-23 10:25:02.637111;CTYPE html>
<html lang="en">
<head>
<meta charset="utf-8">
<title>Error</title>
</head>
<body>
<pre>Cannot GET /CACHEDIR3070837190/xml/dynamic/merge.xml</pre>
</body>
</html>;CTYPE html>
<html lang="en">
<head>
<meta charset="utf-8">
<title>Error</title>
</head>
<body>
<pre>Cannot GET /CACHEDIR3070837190/xml/dynamic/merge.xml</pre>
</body>
</html>
172.23.73.235;2023-10-23 10:25:44.423463;CTYPE html>
<html lang="en">
<head>
<meta charset="utf-8">
<title>Error</title>
</head>
<body>
<pre>Cannot GET /CACHEDIR3070837190/xml/dynamic/merge.xml</pre>
</body>
</html>;CTYPE html>
<html lang="en">
<head>
<meta charset="utf-8">
<title>Error</title>
</head>
<body>
<pre>Cannot GET /CACHEDIR3070837190/xml/dynamic/merge.xml</pre>
</body>
</html>
172.23.73.235;2023-10-23 10:26:30.335411;CTYPE html>
<html lang="en">
<head>
<meta charset="utf-8">
<title>Error</title>
</head>
<body>
<pre>Cannot GET /CACHEDIR3070837190/xml/dynamic/merge.xml</pre>
</body>
</html>;CTYPE html>
<html lang="en">
<head>
<meta charset="utf-8">
<title>Error</title>
</head>
<body>
<pre>Cannot GET /CACHEDIR3070837190/xml/dynamic/merge.xml</pre>
</body>
</html>
172.23.73.235;2023-10-23 10:27:12.450747;CTYPE html>
<html lang="en">
<head>
<meta charset="utf-8">
<title>Error</title>
</head>
<body>
<pre>Cannot GET /CACHEDIR3070837190/xml/dynamic/merge.xml</pre>
</body>
</html>;CTYPE html>
<html lang="en">
<head>
<meta charset="utf-8">
<title>Error</title>
</head>
<body>
<pre>Cannot GET /CACHEDIR3070837190/xml/dynamic/merge.xml</pre>
</body>
</html>
172.23.73.235;2023-10-23 10:27:57.981046;CTYPE html>
<html lang="en">
<head>
<meta charset="utf-8">
<title>Error</title>
</head>
<body>
<pre>Cannot GET /CACHEDIR3070837190/xml/dynamic/merge.xml</pre>
</body>
</html>;CTYPE html>
<html lang="en">
<head>
<meta charset="utf-8">
<title>Error</title>
</head>
<body>
<pre>Cannot GET /CACHEDIR3070837190/xml/dynamic/merge.xml</pre>
</body>
</html>
172.23.73.235;2023-10-23 10:28:38.951193;CTYPE html>
<html lang="en">
<head>
<meta charset="utf-8">
<title>Error</title>
</head>
<body>
<pre>Cannot GET /CACHEDIR3070837190/xml/dynamic/merge.xml</pre>
</body>
</html>;CTYPE html>
<html lang="en">
<head>
<meta charset="utf-8">
<title>Error</title>
</head>
<body>
<pre>Cannot GET /CACHEDIR3070837190/xml/dynamic/merge.xml</pre>
</body>
</html>
172.23.73.235;2023-10-23 10:29:24.853096;CTYPE html>
<html lang="en">
<head>
<meta charset="utf-8">
<title>Error</title>
</head>
<body>
<pre>Cannot GET /CACHEDIR3070837190/xml/dynamic/merge.xml</pre>
</body>
</html>;CTYPE html>
<html lang="en">
<head>
<meta charset="utf-8">
<title>Error</title>
</head>
<body>
<pre>Cannot GET /CACHEDIR3070837190/xml/dynamic/merge.xml</pre>
</body>
</html>
172.23.73.235;2023-10-23 10:30:11.378560;CTYPE html>
<html lang="en">
<head>
<meta charset="utf-8">
<title>Error</title>
</head>
<body>
<pre>Cannot GET /CACHEDIR3070837190/xml/dynamic/merge.xml</pre>
</body>
</html>;CTYPE html>
<html lang="en">
<head>
<meta charset="utf-8">
<title>Error</title>
</head>
<body>
<pre>Cannot GET /CACHEDIR3070837190/xml/dynamic/merge.xml</pre>
</body>
</html>
172.23.73.235;2023-10-23 10:30:57.027975;CTYPE html>
<html lang="en">
<head>
<meta charset="utf-8">
<title>Error</title>
</head>
<body>
<pre>Cannot GET /CACHEDIR3070837190/xml/dynamic/merge.xml</pre>
</body>
</html>;CTYPE html>
<html lang="en">
<head>
<meta charset="utf-8">
<title>Error</title>
</head>
<body>
<pre>Cannot GET /CACHEDIR3070837190/xml/dynamic/merge.xml</pre>
</body>
</html>
