172.23.73.166;2023-08-30 11:15:59.222497;l version="1.0" encoding="iso-8859-1"?>
<!DOCTYPE html PUBLIC "-//W3C//DTD XHTML 1.0 Transitional//EN"
         "http://www.w3.org/TR/xhtml1/DTD/xhtml1-transitional.dtd">
<html xmlns="http://www.w3.org/1999/xhtml" xml:lang="en" lang="en">
 <head>
  <title>401 - Unauthorized</title>
 </head>
 <body>
  <h1>401 - Unauthorized</h1>
 </body>
</html>;l version="1.0" encoding="iso-8859-1"?>
<!DOCTYPE html PUBLIC "-//W3C//DTD XHTML 1.0 Transitional//EN"
         "http://www.w3.org/TR/xhtml1/DTD/xhtml1-transitional.dtd">
<html xmlns="http://www.w3.org/1999/xhtml" xml:lang="en" lang="en">
 <head>
  <title>401 - Unauthorized</title>
 </head>
 <body>
  <h1>401 - Unauthorized</h1>
 </body>
</html>
172.23.73.166;2023-08-31 11:38:25.318736;l version="1.0" encoding="iso-8859-1"?>
<!DOCTYPE html PUBLIC "-//W3C//DTD XHTML 1.0 Transitional//EN"
         "http://www.w3.org/TR/xhtml1/DTD/xhtml1-transitional.dtd">
<html xmlns="http://www.w3.org/1999/xhtml" xml:lang="en" lang="en">
 <head>
  <title>401 - Unauthorized</title>
 </head>
 <body>
  <h1>401 - Unauthorized</h1>
 </body>
</html>;l version="1.0" encoding="iso-8859-1"?>
<!DOCTYPE html PUBLIC "-//W3C//DTD XHTML 1.0 Transitional//EN"
         "http://www.w3.org/TR/xhtml1/DTD/xhtml1-transitional.dtd">
<html xmlns="http://www.w3.org/1999/xhtml" xml:lang="en" lang="en">
 <head>
  <title>401 - Unauthorized</title>
 </head>
 <body>
  <h1>401 - Unauthorized</h1>
 </body>
</html>
172.23.73.166;2023-08-31 11:42:51.580367;l version="1.0" encoding="iso-8859-1"?>
<!DOCTYPE html PUBLIC "-//W3C//DTD XHTML 1.0 Transitional//EN"
         "http://www.w3.org/TR/xhtml1/DTD/xhtml1-transitional.dtd">
<html xmlns="http://www.w3.org/1999/xhtml" xml:lang="en" lang="en">
 <head>
  <title>401 - Unauthorized</title>
 </head>
 <body>
  <h1>401 - Unauthorized</h1>
 </body>
</html>;l version="1.0" encoding="iso-8859-1"?>
<!DOCTYPE html PUBLIC "-//W3C//DTD XHTML 1.0 Transitional//EN"
         "http://www.w3.org/TR/xhtml1/DTD/xhtml1-transitional.dtd">
<html xmlns="http://www.w3.org/1999/xhtml" xml:lang="en" lang="en">
 <head>
  <title>401 - Unauthorized</title>
 </head>
 <body>
  <h1>401 - Unauthorized</h1>
 </body>
</html>
172.23.73.166;2023-08-31 11:43:10.889176;l version="1.0" encoding="iso-8859-1"?>
<!DOCTYPE html PUBLIC "-//W3C//DTD XHTML 1.0 Transitional//EN"
         "http://www.w3.org/TR/xhtml1/DTD/xhtml1-transitional.dtd">
<html xmlns="http://www.w3.org/1999/xhtml" xml:lang="en" lang="en">
 <head>
  <title>401 - Unauthorized</title>
 </head>
 <body>
  <h1>401 - Unauthorized</h1>
 </body>
</html>;l version="1.0" encoding="iso-8859-1"?>
<!DOCTYPE html PUBLIC "-//W3C//DTD XHTML 1.0 Transitional//EN"
         "http://www.w3.org/TR/xhtml1/DTD/xhtml1-transitional.dtd">
<html xmlns="http://www.w3.org/1999/xhtml" xml:lang="en" lang="en">
 <head>
  <title>401 - Unauthorized</title>
 </head>
 <body>
  <h1>401 - Unauthorized</h1>
 </body>
</html>
172.23.73.166;2023-08-31 11:47:16.330862;l version="1.0" encoding="iso-8859-1"?>
<!DOCTYPE html PUBLIC "-//W3C//DTD XHTML 1.0 Transitional//EN"
         "http://www.w3.org/TR/xhtml1/DTD/xhtml1-transitional.dtd">
<html xmlns="http://www.w3.org/1999/xhtml" xml:lang="en" lang="en">
 <head>
  <title>401 - Unauthorized</title>
 </head>
 <body>
  <h1>401 - Unauthorized</h1>
 </body>
</html>;l version="1.0" encoding="iso-8859-1"?>
<!DOCTYPE html PUBLIC "-//W3C//DTD XHTML 1.0 Transitional//EN"
         "http://www.w3.org/TR/xhtml1/DTD/xhtml1-transitional.dtd">
<html xmlns="http://www.w3.org/1999/xhtml" xml:lang="en" lang="en">
 <head>
  <title>401 - Unauthorized</title>
 </head>
 <body>
  <h1>401 - Unauthorized</h1>
 </body>
</html>
172.23.73.166;2023-08-31 15:02:20.759977;Erro;Erro;
172.23.73.166;2023-08-31 15:14:04.161013;Erro;Erro;
172.23.73.166;2023-10-09 10:24:36.519409;l version="1.0" encoding="iso-8859-1"?>
<!DOCTYPE html PUBLIC "-//W3C//DTD XHTML 1.0 Transitional//EN"
         "http://www.w3.org/TR/xhtml1/DTD/xhtml1-transitional.dtd">
<html xmlns="http://www.w3.org/1999/xhtml" xml:lang="en" lang="en">
 <head>
  <title>401 - Unauthorized</title>
 </head>
 <body>
  <h1>401 - Unauthorized</h1>
 </body>
</html>;l version="1.0" encoding="iso-8859-1"?>
<!DOCTYPE html PUBLIC "-//W3C//DTD XHTML 1.0 Transitional//EN"
         "http://www.w3.org/TR/xhtml1/DTD/xhtml1-transitional.dtd">
<html xmlns="http://www.w3.org/1999/xhtml" xml:lang="en" lang="en">
 <head>
  <title>401 - Unauthorized</title>
 </head>
 <body>
  <h1>401 - Unauthorized</h1>
 </body>
</html>
172.23.73.166;2023-10-09 10:25:17.876740;l version="1.0" encoding="iso-8859-1"?>
<!DOCTYPE html PUBLIC "-//W3C//DTD XHTML 1.0 Transitional//EN"
         "http://www.w3.org/TR/xhtml1/DTD/xhtml1-transitional.dtd">
<html xmlns="http://www.w3.org/1999/xhtml" xml:lang="en" lang="en">
 <head>
  <title>401 - Unauthorized</title>
 </head>
 <body>
  <h1>401 - Unauthorized</h1>
 </body>
</html>;l version="1.0" encoding="iso-8859-1"?>
<!DOCTYPE html PUBLIC "-//W3C//DTD XHTML 1.0 Transitional//EN"
         "http://www.w3.org/TR/xhtml1/DTD/xhtml1-transitional.dtd">
<html xmlns="http://www.w3.org/1999/xhtml" xml:lang="en" lang="en">
 <head>
  <title>401 - Unauthorized</title>
 </head>
 <body>
  <h1>401 - Unauthorized</h1>
 </body>
</html>
172.23.73.166;2023-10-09 10:26:00.468903;l version="1.0" encoding="iso-8859-1"?>
<!DOCTYPE html PUBLIC "-//W3C//DTD XHTML 1.0 Transitional//EN"
         "http://www.w3.org/TR/xhtml1/DTD/xhtml1-transitional.dtd">
<html xmlns="http://www.w3.org/1999/xhtml" xml:lang="en" lang="en">
 <head>
  <title>401 - Unauthorized</title>
 </head>
 <body>
  <h1>401 - Unauthorized</h1>
 </body>
</html>;l version="1.0" encoding="iso-8859-1"?>
<!DOCTYPE html PUBLIC "-//W3C//DTD XHTML 1.0 Transitional//EN"
         "http://www.w3.org/TR/xhtml1/DTD/xhtml1-transitional.dtd">
<html xmlns="http://www.w3.org/1999/xhtml" xml:lang="en" lang="en">
 <head>
  <title>401 - Unauthorized</title>
 </head>
 <body>
  <h1>401 - Unauthorized</h1>
 </body>
</html>
172.23.73.166;2023-10-09 10:26:42.668459;l version="1.0" encoding="iso-8859-1"?>
<!DOCTYPE html PUBLIC "-//W3C//DTD XHTML 1.0 Transitional//EN"
         "http://www.w3.org/TR/xhtml1/DTD/xhtml1-transitional.dtd">
<html xmlns="http://www.w3.org/1999/xhtml" xml:lang="en" lang="en">
 <head>
  <title>401 - Unauthorized</title>
 </head>
 <body>
  <h1>401 - Unauthorized</h1>
 </body>
</html>;l version="1.0" encoding="iso-8859-1"?>
<!DOCTYPE html PUBLIC "-//W3C//DTD XHTML 1.0 Transitional//EN"
         "http://www.w3.org/TR/xhtml1/DTD/xhtml1-transitional.dtd">
<html xmlns="http://www.w3.org/1999/xhtml" xml:lang="en" lang="en">
 <head>
  <title>401 - Unauthorized</title>
 </head>
 <body>
  <h1>401 - Unauthorized</h1>
 </body>
</html>
172.23.73.166;2023-10-09 10:27:24.593239;l version="1.0" encoding="iso-8859-1"?>
<!DOCTYPE html PUBLIC "-//W3C//DTD XHTML 1.0 Transitional//EN"
         "http://www.w3.org/TR/xhtml1/DTD/xhtml1-transitional.dtd">
<html xmlns="http://www.w3.org/1999/xhtml" xml:lang="en" lang="en">
 <head>
  <title>401 - Unauthorized</title>
 </head>
 <body>
  <h1>401 - Unauthorized</h1>
 </body>
</html>;l version="1.0" encoding="iso-8859-1"?>
<!DOCTYPE html PUBLIC "-//W3C//DTD XHTML 1.0 Transitional//EN"
         "http://www.w3.org/TR/xhtml1/DTD/xhtml1-transitional.dtd">
<html xmlns="http://www.w3.org/1999/xhtml" xml:lang="en" lang="en">
 <head>
  <title>401 - Unauthorized</title>
 </head>
 <body>
  <h1>401 - Unauthorized</h1>
 </body>
</html>
172.23.73.166;2023-10-09 10:28:12.982479;l version="1.0" encoding="iso-8859-1"?>
<!DOCTYPE html PUBLIC "-//W3C//DTD XHTML 1.0 Transitional//EN"
         "http://www.w3.org/TR/xhtml1/DTD/xhtml1-transitional.dtd">
<html xmlns="http://www.w3.org/1999/xhtml" xml:lang="en" lang="en">
 <head>
  <title>401 - Unauthorized</title>
 </head>
 <body>
  <h1>401 - Unauthorized</h1>
 </body>
</html>;l version="1.0" encoding="iso-8859-1"?>
<!DOCTYPE html PUBLIC "-//W3C//DTD XHTML 1.0 Transitional//EN"
         "http://www.w3.org/TR/xhtml1/DTD/xhtml1-transitional.dtd">
<html xmlns="http://www.w3.org/1999/xhtml" xml:lang="en" lang="en">
 <head>
  <title>401 - Unauthorized</title>
 </head>
 <body>
  <h1>401 - Unauthorized</h1>
 </body>
</html>
172.23.73.166;2023-10-09 10:28:54.635423;l version="1.0" encoding="iso-8859-1"?>
<!DOCTYPE html PUBLIC "-//W3C//DTD XHTML 1.0 Transitional//EN"
         "http://www.w3.org/TR/xhtml1/DTD/xhtml1-transitional.dtd">
<html xmlns="http://www.w3.org/1999/xhtml" xml:lang="en" lang="en">
 <head>
  <title>401 - Unauthorized</title>
 </head>
 <body>
  <h1>401 - Unauthorized</h1>
 </body>
</html>;l version="1.0" encoding="iso-8859-1"?>
<!DOCTYPE html PUBLIC "-//W3C//DTD XHTML 1.0 Transitional//EN"
         "http://www.w3.org/TR/xhtml1/DTD/xhtml1-transitional.dtd">
<html xmlns="http://www.w3.org/1999/xhtml" xml:lang="en" lang="en">
 <head>
  <title>401 - Unauthorized</title>
 </head>
 <body>
  <h1>401 - Unauthorized</h1>
 </body>
</html>
172.23.73.166;2023-10-09 10:29:42.551920;l version="1.0" encoding="iso-8859-1"?>
<!DOCTYPE html PUBLIC "-//W3C//DTD XHTML 1.0 Transitional//EN"
         "http://www.w3.org/TR/xhtml1/DTD/xhtml1-transitional.dtd">
<html xmlns="http://www.w3.org/1999/xhtml" xml:lang="en" lang="en">
 <head>
  <title>401 - Unauthorized</title>
 </head>
 <body>
  <h1>401 - Unauthorized</h1>
 </body>
</html>;l version="1.0" encoding="iso-8859-1"?>
<!DOCTYPE html PUBLIC "-//W3C//DTD XHTML 1.0 Transitional//EN"
         "http://www.w3.org/TR/xhtml1/DTD/xhtml1-transitional.dtd">
<html xmlns="http://www.w3.org/1999/xhtml" xml:lang="en" lang="en">
 <head>
  <title>401 - Unauthorized</title>
 </head>
 <body>
  <h1>401 - Unauthorized</h1>
 </body>
</html>
172.23.73.166;2023-10-09 10:30:25.452240;l version="1.0" encoding="iso-8859-1"?>
<!DOCTYPE html PUBLIC "-//W3C//DTD XHTML 1.0 Transitional//EN"
         "http://www.w3.org/TR/xhtml1/DTD/xhtml1-transitional.dtd">
<html xmlns="http://www.w3.org/1999/xhtml" xml:lang="en" lang="en">
 <head>
  <title>401 - Unauthorized</title>
 </head>
 <body>
  <h1>401 - Unauthorized</h1>
 </body>
</html>;l version="1.0" encoding="iso-8859-1"?>
<!DOCTYPE html PUBLIC "-//W3C//DTD XHTML 1.0 Transitional//EN"
         "http://www.w3.org/TR/xhtml1/DTD/xhtml1-transitional.dtd">
<html xmlns="http://www.w3.org/1999/xhtml" xml:lang="en" lang="en">
 <head>
  <title>401 - Unauthorized</title>
 </head>
 <body>
  <h1>401 - Unauthorized</h1>
 </body>
</html>
172.23.73.166;2023-10-09 10:31:12.053951;l version="1.0" encoding="iso-8859-1"?>
<!DOCTYPE html PUBLIC "-//W3C//DTD XHTML 1.0 Transitional//EN"
         "http://www.w3.org/TR/xhtml1/DTD/xhtml1-transitional.dtd">
<html xmlns="http://www.w3.org/1999/xhtml" xml:lang="en" lang="en">
 <head>
  <title>401 - Unauthorized</title>
 </head>
 <body>
  <h1>401 - Unauthorized</h1>
 </body>
</html>;l version="1.0" encoding="iso-8859-1"?>
<!DOCTYPE html PUBLIC "-//W3C//DTD XHTML 1.0 Transitional//EN"
         "http://www.w3.org/TR/xhtml1/DTD/xhtml1-transitional.dtd">
<html xmlns="http://www.w3.org/1999/xhtml" xml:lang="en" lang="en">
 <head>
  <title>401 - Unauthorized</title>
 </head>
 <body>
  <h1>401 - Unauthorized</h1>
 </body>
</html>
172.23.73.166;2023-10-09 10:31:54.711901;l version="1.0" encoding="iso-8859-1"?>
<!DOCTYPE html PUBLIC "-//W3C//DTD XHTML 1.0 Transitional//EN"
         "http://www.w3.org/TR/xhtml1/DTD/xhtml1-transitional.dtd">
<html xmlns="http://www.w3.org/1999/xhtml" xml:lang="en" lang="en">
 <head>
  <title>401 - Unauthorized</title>
 </head>
 <body>
  <h1>401 - Unauthorized</h1>
 </body>
</html>;l version="1.0" encoding="iso-8859-1"?>
<!DOCTYPE html PUBLIC "-//W3C//DTD XHTML 1.0 Transitional//EN"
         "http://www.w3.org/TR/xhtml1/DTD/xhtml1-transitional.dtd">
<html xmlns="http://www.w3.org/1999/xhtml" xml:lang="en" lang="en">
 <head>
  <title>401 - Unauthorized</title>
 </head>
 <body>
  <h1>401 - Unauthorized</h1>
 </body>
</html>
172.23.73.166;2023-10-09 10:32:42.661289;l version="1.0" encoding="iso-8859-1"?>
<!DOCTYPE html PUBLIC "-//W3C//DTD XHTML 1.0 Transitional//EN"
         "http://www.w3.org/TR/xhtml1/DTD/xhtml1-transitional.dtd">
<html xmlns="http://www.w3.org/1999/xhtml" xml:lang="en" lang="en">
 <head>
  <title>401 - Unauthorized</title>
 </head>
 <body>
  <h1>401 - Unauthorized</h1>
 </body>
</html>;l version="1.0" encoding="iso-8859-1"?>
<!DOCTYPE html PUBLIC "-//W3C//DTD XHTML 1.0 Transitional//EN"
         "http://www.w3.org/TR/xhtml1/DTD/xhtml1-transitional.dtd">
<html xmlns="http://www.w3.org/1999/xhtml" xml:lang="en" lang="en">
 <head>
  <title>401 - Unauthorized</title>
 </head>
 <body>
  <h1>401 - Unauthorized</h1>
 </body>
</html>
172.23.73.166;2023-10-09 10:33:25.233942;l version="1.0" encoding="iso-8859-1"?>
<!DOCTYPE html PUBLIC "-//W3C//DTD XHTML 1.0 Transitional//EN"
         "http://www.w3.org/TR/xhtml1/DTD/xhtml1-transitional.dtd">
<html xmlns="http://www.w3.org/1999/xhtml" xml:lang="en" lang="en">
 <head>
  <title>401 - Unauthorized</title>
 </head>
 <body>
  <h1>401 - Unauthorized</h1>
 </body>
</html>;l version="1.0" encoding="iso-8859-1"?>
<!DOCTYPE html PUBLIC "-//W3C//DTD XHTML 1.0 Transitional//EN"
         "http://www.w3.org/TR/xhtml1/DTD/xhtml1-transitional.dtd">
<html xmlns="http://www.w3.org/1999/xhtml" xml:lang="en" lang="en">
 <head>
  <title>401 - Unauthorized</title>
 </head>
 <body>
  <h1>401 - Unauthorized</h1>
 </body>
</html>
172.23.73.166;2023-10-09 10:34:12.932532;l version="1.0" encoding="iso-8859-1"?>
<!DOCTYPE html PUBLIC "-//W3C//DTD XHTML 1.0 Transitional//EN"
         "http://www.w3.org/TR/xhtml1/DTD/xhtml1-transitional.dtd">
<html xmlns="http://www.w3.org/1999/xhtml" xml:lang="en" lang="en">
 <head>
  <title>401 - Unauthorized</title>
 </head>
 <body>
  <h1>401 - Unauthorized</h1>
 </body>
</html>;l version="1.0" encoding="iso-8859-1"?>
<!DOCTYPE html PUBLIC "-//W3C//DTD XHTML 1.0 Transitional//EN"
         "http://www.w3.org/TR/xhtml1/DTD/xhtml1-transitional.dtd">
<html xmlns="http://www.w3.org/1999/xhtml" xml:lang="en" lang="en">
 <head>
  <title>401 - Unauthorized</title>
 </head>
 <body>
  <h1>401 - Unauthorized</h1>
 </body>
</html>
172.23.73.166;2023-10-09 10:34:54.813240;l version="1.0" encoding="iso-8859-1"?>
<!DOCTYPE html PUBLIC "-//W3C//DTD XHTML 1.0 Transitional//EN"
         "http://www.w3.org/TR/xhtml1/DTD/xhtml1-transitional.dtd">
<html xmlns="http://www.w3.org/1999/xhtml" xml:lang="en" lang="en">
 <head>
  <title>401 - Unauthorized</title>
 </head>
 <body>
  <h1>401 - Unauthorized</h1>
 </body>
</html>;l version="1.0" encoding="iso-8859-1"?>
<!DOCTYPE html PUBLIC "-//W3C//DTD XHTML 1.0 Transitional//EN"
         "http://www.w3.org/TR/xhtml1/DTD/xhtml1-transitional.dtd">
<html xmlns="http://www.w3.org/1999/xhtml" xml:lang="en" lang="en">
 <head>
  <title>401 - Unauthorized</title>
 </head>
 <body>
  <h1>401 - Unauthorized</h1>
 </body>
</html>
172.23.73.166;2023-10-09 10:35:42.571985;l version="1.0" encoding="iso-8859-1"?>
<!DOCTYPE html PUBLIC "-//W3C//DTD XHTML 1.0 Transitional//EN"
         "http://www.w3.org/TR/xhtml1/DTD/xhtml1-transitional.dtd">
<html xmlns="http://www.w3.org/1999/xhtml" xml:lang="en" lang="en">
 <head>
  <title>401 - Unauthorized</title>
 </head>
 <body>
  <h1>401 - Unauthorized</h1>
 </body>
</html>;l version="1.0" encoding="iso-8859-1"?>
<!DOCTYPE html PUBLIC "-//W3C//DTD XHTML 1.0 Transitional//EN"
         "http://www.w3.org/TR/xhtml1/DTD/xhtml1-transitional.dtd">
<html xmlns="http://www.w3.org/1999/xhtml" xml:lang="en" lang="en">
 <head>
  <title>401 - Unauthorized</title>
 </head>
 <body>
  <h1>401 - Unauthorized</h1>
 </body>
</html>
172.23.73.166;2023-10-09 10:36:26.287399;l version="1.0" encoding="iso-8859-1"?>
<!DOCTYPE html PUBLIC "-//W3C//DTD XHTML 1.0 Transitional//EN"
         "http://www.w3.org/TR/xhtml1/DTD/xhtml1-transitional.dtd">
<html xmlns="http://www.w3.org/1999/xhtml" xml:lang="en" lang="en">
 <head>
  <title>401 - Unauthorized</title>
 </head>
 <body>
  <h1>401 - Unauthorized</h1>
 </body>
</html>;l version="1.0" encoding="iso-8859-1"?>
<!DOCTYPE html PUBLIC "-//W3C//DTD XHTML 1.0 Transitional//EN"
         "http://www.w3.org/TR/xhtml1/DTD/xhtml1-transitional.dtd">
<html xmlns="http://www.w3.org/1999/xhtml" xml:lang="en" lang="en">
 <head>
  <title>401 - Unauthorized</title>
 </head>
 <body>
  <h1>401 - Unauthorized</h1>
 </body>
</html>
172.23.73.166;2023-10-09 10:37:12.093223;l version="1.0" encoding="iso-8859-1"?>
<!DOCTYPE html PUBLIC "-//W3C//DTD XHTML 1.0 Transitional//EN"
         "http://www.w3.org/TR/xhtml1/DTD/xhtml1-transitional.dtd">
<html xmlns="http://www.w3.org/1999/xhtml" xml:lang="en" lang="en">
 <head>
  <title>401 - Unauthorized</title>
 </head>
 <body>
  <h1>401 - Unauthorized</h1>
 </body>
</html>;l version="1.0" encoding="iso-8859-1"?>
<!DOCTYPE html PUBLIC "-//W3C//DTD XHTML 1.0 Transitional//EN"
         "http://www.w3.org/TR/xhtml1/DTD/xhtml1-transitional.dtd">
<html xmlns="http://www.w3.org/1999/xhtml" xml:lang="en" lang="en">
 <head>
  <title>401 - Unauthorized</title>
 </head>
 <body>
  <h1>401 - Unauthorized</h1>
 </body>
</html>
172.23.73.166;2023-10-09 10:37:55.799887;l version="1.0" encoding="iso-8859-1"?>
<!DOCTYPE html PUBLIC "-//W3C//DTD XHTML 1.0 Transitional//EN"
         "http://www.w3.org/TR/xhtml1/DTD/xhtml1-transitional.dtd">
<html xmlns="http://www.w3.org/1999/xhtml" xml:lang="en" lang="en">
 <head>
  <title>401 - Unauthorized</title>
 </head>
 <body>
  <h1>401 - Unauthorized</h1>
 </body>
</html>;l version="1.0" encoding="iso-8859-1"?>
<!DOCTYPE html PUBLIC "-//W3C//DTD XHTML 1.0 Transitional//EN"
         "http://www.w3.org/TR/xhtml1/DTD/xhtml1-transitional.dtd">
<html xmlns="http://www.w3.org/1999/xhtml" xml:lang="en" lang="en">
 <head>
  <title>401 - Unauthorized</title>
 </head>
 <body>
  <h1>401 - Unauthorized</h1>
 </body>
</html>
172.23.73.166;2023-10-09 10:38:41.888610;l version="1.0" encoding="iso-8859-1"?>
<!DOCTYPE html PUBLIC "-//W3C//DTD XHTML 1.0 Transitional//EN"
         "http://www.w3.org/TR/xhtml1/DTD/xhtml1-transitional.dtd">
<html xmlns="http://www.w3.org/1999/xhtml" xml:lang="en" lang="en">
 <head>
  <title>401 - Unauthorized</title>
 </head>
 <body>
  <h1>401 - Unauthorized</h1>
 </body>
</html>;l version="1.0" encoding="iso-8859-1"?>
<!DOCTYPE html PUBLIC "-//W3C//DTD XHTML 1.0 Transitional//EN"
         "http://www.w3.org/TR/xhtml1/DTD/xhtml1-transitional.dtd">
<html xmlns="http://www.w3.org/1999/xhtml" xml:lang="en" lang="en">
 <head>
  <title>401 - Unauthorized</title>
 </head>
 <body>
  <h1>401 - Unauthorized</h1>
 </body>
</html>
172.23.73.166;2023-10-09 10:39:25.088838;l version="1.0" encoding="iso-8859-1"?>
<!DOCTYPE html PUBLIC "-//W3C//DTD XHTML 1.0 Transitional//EN"
         "http://www.w3.org/TR/xhtml1/DTD/xhtml1-transitional.dtd">
<html xmlns="http://www.w3.org/1999/xhtml" xml:lang="en" lang="en">
 <head>
  <title>401 - Unauthorized</title>
 </head>
 <body>
  <h1>401 - Unauthorized</h1>
 </body>
</html>;l version="1.0" encoding="iso-8859-1"?>
<!DOCTYPE html PUBLIC "-//W3C//DTD XHTML 1.0 Transitional//EN"
         "http://www.w3.org/TR/xhtml1/DTD/xhtml1-transitional.dtd">
<html xmlns="http://www.w3.org/1999/xhtml" xml:lang="en" lang="en">
 <head>
  <title>401 - Unauthorized</title>
 </head>
 <body>
  <h1>401 - Unauthorized</h1>
 </body>
</html>
172.23.73.166;2023-10-09 10:40:12.745656;l version="1.0" encoding="iso-8859-1"?>
<!DOCTYPE html PUBLIC "-//W3C//DTD XHTML 1.0 Transitional//EN"
         "http://www.w3.org/TR/xhtml1/DTD/xhtml1-transitional.dtd">
<html xmlns="http://www.w3.org/1999/xhtml" xml:lang="en" lang="en">
 <head>
  <title>401 - Unauthorized</title>
 </head>
 <body>
  <h1>401 - Unauthorized</h1>
 </body>
</html>;l version="1.0" encoding="iso-8859-1"?>
<!DOCTYPE html PUBLIC "-//W3C//DTD XHTML 1.0 Transitional//EN"
         "http://www.w3.org/TR/xhtml1/DTD/xhtml1-transitional.dtd">
<html xmlns="http://www.w3.org/1999/xhtml" xml:lang="en" lang="en">
 <head>
  <title>401 - Unauthorized</title>
 </head>
 <body>
  <h1>401 - Unauthorized</h1>
 </body>
</html>
172.23.73.166;2023-10-09 10:40:55.194688;l version="1.0" encoding="iso-8859-1"?>
<!DOCTYPE html PUBLIC "-//W3C//DTD XHTML 1.0 Transitional//EN"
         "http://www.w3.org/TR/xhtml1/DTD/xhtml1-transitional.dtd">
<html xmlns="http://www.w3.org/1999/xhtml" xml:lang="en" lang="en">
 <head>
  <title>401 - Unauthorized</title>
 </head>
 <body>
  <h1>401 - Unauthorized</h1>
 </body>
</html>;l version="1.0" encoding="iso-8859-1"?>
<!DOCTYPE html PUBLIC "-//W3C//DTD XHTML 1.0 Transitional//EN"
         "http://www.w3.org/TR/xhtml1/DTD/xhtml1-transitional.dtd">
<html xmlns="http://www.w3.org/1999/xhtml" xml:lang="en" lang="en">
 <head>
  <title>401 - Unauthorized</title>
 </head>
 <body>
  <h1>401 - Unauthorized</h1>
 </body>
</html>
172.23.73.166;2023-10-09 10:41:42.675504;l version="1.0" encoding="iso-8859-1"?>
<!DOCTYPE html PUBLIC "-//W3C//DTD XHTML 1.0 Transitional//EN"
         "http://www.w3.org/TR/xhtml1/DTD/xhtml1-transitional.dtd">
<html xmlns="http://www.w3.org/1999/xhtml" xml:lang="en" lang="en">
 <head>
  <title>401 - Unauthorized</title>
 </head>
 <body>
  <h1>401 - Unauthorized</h1>
 </body>
</html>;l version="1.0" encoding="iso-8859-1"?>
<!DOCTYPE html PUBLIC "-//W3C//DTD XHTML 1.0 Transitional//EN"
         "http://www.w3.org/TR/xhtml1/DTD/xhtml1-transitional.dtd">
<html xmlns="http://www.w3.org/1999/xhtml" xml:lang="en" lang="en">
 <head>
  <title>401 - Unauthorized</title>
 </head>
 <body>
  <h1>401 - Unauthorized</h1>
 </body>
</html>
172.23.73.166;2023-10-09 10:42:25.098076;l version="1.0" encoding="iso-8859-1"?>
<!DOCTYPE html PUBLIC "-//W3C//DTD XHTML 1.0 Transitional//EN"
         "http://www.w3.org/TR/xhtml1/DTD/xhtml1-transitional.dtd">
<html xmlns="http://www.w3.org/1999/xhtml" xml:lang="en" lang="en">
 <head>
  <title>401 - Unauthorized</title>
 </head>
 <body>
  <h1>401 - Unauthorized</h1>
 </body>
</html>;l version="1.0" encoding="iso-8859-1"?>
<!DOCTYPE html PUBLIC "-//W3C//DTD XHTML 1.0 Transitional//EN"
         "http://www.w3.org/TR/xhtml1/DTD/xhtml1-transitional.dtd">
<html xmlns="http://www.w3.org/1999/xhtml" xml:lang="en" lang="en">
 <head>
  <title>401 - Unauthorized</title>
 </head>
 <body>
  <h1>401 - Unauthorized</h1>
 </body>
</html>
172.23.73.166;2023-10-09 10:43:12.200076;l version="1.0" encoding="iso-8859-1"?>
<!DOCTYPE html PUBLIC "-//W3C//DTD XHTML 1.0 Transitional//EN"
         "http://www.w3.org/TR/xhtml1/DTD/xhtml1-transitional.dtd">
<html xmlns="http://www.w3.org/1999/xhtml" xml:lang="en" lang="en">
 <head>
  <title>401 - Unauthorized</title>
 </head>
 <body>
  <h1>401 - Unauthorized</h1>
 </body>
</html>;l version="1.0" encoding="iso-8859-1"?>
<!DOCTYPE html PUBLIC "-//W3C//DTD XHTML 1.0 Transitional//EN"
         "http://www.w3.org/TR/xhtml1/DTD/xhtml1-transitional.dtd">
<html xmlns="http://www.w3.org/1999/xhtml" xml:lang="en" lang="en">
 <head>
  <title>401 - Unauthorized</title>
 </head>
 <body>
  <h1>401 - Unauthorized</h1>
 </body>
</html>
172.23.73.166;2023-10-09 10:43:54.364507;l version="1.0" encoding="iso-8859-1"?>
<!DOCTYPE html PUBLIC "-//W3C//DTD XHTML 1.0 Transitional//EN"
         "http://www.w3.org/TR/xhtml1/DTD/xhtml1-transitional.dtd">
<html xmlns="http://www.w3.org/1999/xhtml" xml:lang="en" lang="en">
 <head>
  <title>401 - Unauthorized</title>
 </head>
 <body>
  <h1>401 - Unauthorized</h1>
 </body>
</html>;l version="1.0" encoding="iso-8859-1"?>
<!DOCTYPE html PUBLIC "-//W3C//DTD XHTML 1.0 Transitional//EN"
         "http://www.w3.org/TR/xhtml1/DTD/xhtml1-transitional.dtd">
<html xmlns="http://www.w3.org/1999/xhtml" xml:lang="en" lang="en">
 <head>
  <title>401 - Unauthorized</title>
 </head>
 <body>
  <h1>401 - Unauthorized</h1>
 </body>
</html>
172.23.73.166;2023-10-09 10:44:40.425259;l version="1.0" encoding="iso-8859-1"?>
<!DOCTYPE html PUBLIC "-//W3C//DTD XHTML 1.0 Transitional//EN"
         "http://www.w3.org/TR/xhtml1/DTD/xhtml1-transitional.dtd">
<html xmlns="http://www.w3.org/1999/xhtml" xml:lang="en" lang="en">
 <head>
  <title>401 - Unauthorized</title>
 </head>
 <body>
  <h1>401 - Unauthorized</h1>
 </body>
</html>;l version="1.0" encoding="iso-8859-1"?>
<!DOCTYPE html PUBLIC "-//W3C//DTD XHTML 1.0 Transitional//EN"
         "http://www.w3.org/TR/xhtml1/DTD/xhtml1-transitional.dtd">
<html xmlns="http://www.w3.org/1999/xhtml" xml:lang="en" lang="en">
 <head>
  <title>401 - Unauthorized</title>
 </head>
 <body>
  <h1>401 - Unauthorized</h1>
 </body>
</html>
172.23.73.166;2023-10-09 10:45:23.645245;l version="1.0" encoding="iso-8859-1"?>
<!DOCTYPE html PUBLIC "-//W3C//DTD XHTML 1.0 Transitional//EN"
         "http://www.w3.org/TR/xhtml1/DTD/xhtml1-transitional.dtd">
<html xmlns="http://www.w3.org/1999/xhtml" xml:lang="en" lang="en">
 <head>
  <title>401 - Unauthorized</title>
 </head>
 <body>
  <h1>401 - Unauthorized</h1>
 </body>
</html>;l version="1.0" encoding="iso-8859-1"?>
<!DOCTYPE html PUBLIC "-//W3C//DTD XHTML 1.0 Transitional//EN"
         "http://www.w3.org/TR/xhtml1/DTD/xhtml1-transitional.dtd">
<html xmlns="http://www.w3.org/1999/xhtml" xml:lang="en" lang="en">
 <head>
  <title>401 - Unauthorized</title>
 </head>
 <body>
  <h1>401 - Unauthorized</h1>
 </body>
</html>
172.23.73.166;2023-10-09 10:46:10.709344;l version="1.0" encoding="iso-8859-1"?>
<!DOCTYPE html PUBLIC "-//W3C//DTD XHTML 1.0 Transitional//EN"
         "http://www.w3.org/TR/xhtml1/DTD/xhtml1-transitional.dtd">
<html xmlns="http://www.w3.org/1999/xhtml" xml:lang="en" lang="en">
 <head>
  <title>401 - Unauthorized</title>
 </head>
 <body>
  <h1>401 - Unauthorized</h1>
 </body>
</html>;l version="1.0" encoding="iso-8859-1"?>
<!DOCTYPE html PUBLIC "-//W3C//DTD XHTML 1.0 Transitional//EN"
         "http://www.w3.org/TR/xhtml1/DTD/xhtml1-transitional.dtd">
<html xmlns="http://www.w3.org/1999/xhtml" xml:lang="en" lang="en">
 <head>
  <title>401 - Unauthorized</title>
 </head>
 <body>
  <h1>401 - Unauthorized</h1>
 </body>
</html>
172.23.73.166;2023-10-09 10:46:53.385347;l version="1.0" encoding="iso-8859-1"?>
<!DOCTYPE html PUBLIC "-//W3C//DTD XHTML 1.0 Transitional//EN"
         "http://www.w3.org/TR/xhtml1/DTD/xhtml1-transitional.dtd">
<html xmlns="http://www.w3.org/1999/xhtml" xml:lang="en" lang="en">
 <head>
  <title>401 - Unauthorized</title>
 </head>
 <body>
  <h1>401 - Unauthorized</h1>
 </body>
</html>;l version="1.0" encoding="iso-8859-1"?>
<!DOCTYPE html PUBLIC "-//W3C//DTD XHTML 1.0 Transitional//EN"
         "http://www.w3.org/TR/xhtml1/DTD/xhtml1-transitional.dtd">
<html xmlns="http://www.w3.org/1999/xhtml" xml:lang="en" lang="en">
 <head>
  <title>401 - Unauthorized</title>
 </head>
 <body>
  <h1>401 - Unauthorized</h1>
 </body>
</html>
172.23.73.166;2023-10-09 10:47:39.945160;l version="1.0" encoding="iso-8859-1"?>
<!DOCTYPE html PUBLIC "-//W3C//DTD XHTML 1.0 Transitional//EN"
         "http://www.w3.org/TR/xhtml1/DTD/xhtml1-transitional.dtd">
<html xmlns="http://www.w3.org/1999/xhtml" xml:lang="en" lang="en">
 <head>
  <title>401 - Unauthorized</title>
 </head>
 <body>
  <h1>401 - Unauthorized</h1>
 </body>
</html>;l version="1.0" encoding="iso-8859-1"?>
<!DOCTYPE html PUBLIC "-//W3C//DTD XHTML 1.0 Transitional//EN"
         "http://www.w3.org/TR/xhtml1/DTD/xhtml1-transitional.dtd">
<html xmlns="http://www.w3.org/1999/xhtml" xml:lang="en" lang="en">
 <head>
  <title>401 - Unauthorized</title>
 </head>
 <body>
  <h1>401 - Unauthorized</h1>
 </body>
</html>
172.23.73.166;2023-10-09 10:48:23.105189;l version="1.0" encoding="iso-8859-1"?>
<!DOCTYPE html PUBLIC "-//W3C//DTD XHTML 1.0 Transitional//EN"
         "http://www.w3.org/TR/xhtml1/DTD/xhtml1-transitional.dtd">
<html xmlns="http://www.w3.org/1999/xhtml" xml:lang="en" lang="en">
 <head>
  <title>401 - Unauthorized</title>
 </head>
 <body>
  <h1>401 - Unauthorized</h1>
 </body>
</html>;l version="1.0" encoding="iso-8859-1"?>
<!DOCTYPE html PUBLIC "-//W3C//DTD XHTML 1.0 Transitional//EN"
         "http://www.w3.org/TR/xhtml1/DTD/xhtml1-transitional.dtd">
<html xmlns="http://www.w3.org/1999/xhtml" xml:lang="en" lang="en">
 <head>
  <title>401 - Unauthorized</title>
 </head>
 <body>
  <h1>401 - Unauthorized</h1>
 </body>
</html>
172.23.73.166;2023-10-09 10:49:10.002735;l version="1.0" encoding="iso-8859-1"?>
<!DOCTYPE html PUBLIC "-//W3C//DTD XHTML 1.0 Transitional//EN"
         "http://www.w3.org/TR/xhtml1/DTD/xhtml1-transitional.dtd">
<html xmlns="http://www.w3.org/1999/xhtml" xml:lang="en" lang="en">
 <head>
  <title>401 - Unauthorized</title>
 </head>
 <body>
  <h1>401 - Unauthorized</h1>
 </body>
</html>;l version="1.0" encoding="iso-8859-1"?>
<!DOCTYPE html PUBLIC "-//W3C//DTD XHTML 1.0 Transitional//EN"
         "http://www.w3.org/TR/xhtml1/DTD/xhtml1-transitional.dtd">
<html xmlns="http://www.w3.org/1999/xhtml" xml:lang="en" lang="en">
 <head>
  <title>401 - Unauthorized</title>
 </head>
 <body>
  <h1>401 - Unauthorized</h1>
 </body>
</html>
172.23.73.166;2023-10-09 10:49:53.164823;l version="1.0" encoding="iso-8859-1"?>
<!DOCTYPE html PUBLIC "-//W3C//DTD XHTML 1.0 Transitional//EN"
         "http://www.w3.org/TR/xhtml1/DTD/xhtml1-transitional.dtd">
<html xmlns="http://www.w3.org/1999/xhtml" xml:lang="en" lang="en">
 <head>
  <title>401 - Unauthorized</title>
 </head>
 <body>
  <h1>401 - Unauthorized</h1>
 </body>
</html>;l version="1.0" encoding="iso-8859-1"?>
<!DOCTYPE html PUBLIC "-//W3C//DTD XHTML 1.0 Transitional//EN"
         "http://www.w3.org/TR/xhtml1/DTD/xhtml1-transitional.dtd">
<html xmlns="http://www.w3.org/1999/xhtml" xml:lang="en" lang="en">
 <head>
  <title>401 - Unauthorized</title>
 </head>
 <body>
  <h1>401 - Unauthorized</h1>
 </body>
</html>
172.23.73.166;2023-10-09 10:50:39.325052;l version="1.0" encoding="iso-8859-1"?>
<!DOCTYPE html PUBLIC "-//W3C//DTD XHTML 1.0 Transitional//EN"
         "http://www.w3.org/TR/xhtml1/DTD/xhtml1-transitional.dtd">
<html xmlns="http://www.w3.org/1999/xhtml" xml:lang="en" lang="en">
 <head>
  <title>401 - Unauthorized</title>
 </head>
 <body>
  <h1>401 - Unauthorized</h1>
 </body>
</html>;l version="1.0" encoding="iso-8859-1"?>
<!DOCTYPE html PUBLIC "-//W3C//DTD XHTML 1.0 Transitional//EN"
         "http://www.w3.org/TR/xhtml1/DTD/xhtml1-transitional.dtd">
<html xmlns="http://www.w3.org/1999/xhtml" xml:lang="en" lang="en">
 <head>
  <title>401 - Unauthorized</title>
 </head>
 <body>
  <h1>401 - Unauthorized</h1>
 </body>
</html>
172.23.73.166;2023-10-09 10:51:23.469468;l version="1.0" encoding="iso-8859-1"?>
<!DOCTYPE html PUBLIC "-//W3C//DTD XHTML 1.0 Transitional//EN"
         "http://www.w3.org/TR/xhtml1/DTD/xhtml1-transitional.dtd">
<html xmlns="http://www.w3.org/1999/xhtml" xml:lang="en" lang="en">
 <head>
  <title>401 - Unauthorized</title>
 </head>
 <body>
  <h1>401 - Unauthorized</h1>
 </body>
</html>;l version="1.0" encoding="iso-8859-1"?>
<!DOCTYPE html PUBLIC "-//W3C//DTD XHTML 1.0 Transitional//EN"
         "http://www.w3.org/TR/xhtml1/DTD/xhtml1-transitional.dtd">
<html xmlns="http://www.w3.org/1999/xhtml" xml:lang="en" lang="en">
 <head>
  <title>401 - Unauthorized</title>
 </head>
 <body>
  <h1>401 - Unauthorized</h1>
 </body>
</html>
172.23.73.166;2023-10-09 10:52:08.953286;l version="1.0" encoding="iso-8859-1"?>
<!DOCTYPE html PUBLIC "-//W3C//DTD XHTML 1.0 Transitional//EN"
         "http://www.w3.org/TR/xhtml1/DTD/xhtml1-transitional.dtd">
<html xmlns="http://www.w3.org/1999/xhtml" xml:lang="en" lang="en">
 <head>
  <title>401 - Unauthorized</title>
 </head>
 <body>
  <h1>401 - Unauthorized</h1>
 </body>
</html>;l version="1.0" encoding="iso-8859-1"?>
<!DOCTYPE html PUBLIC "-//W3C//DTD XHTML 1.0 Transitional//EN"
         "http://www.w3.org/TR/xhtml1/DTD/xhtml1-transitional.dtd">
<html xmlns="http://www.w3.org/1999/xhtml" xml:lang="en" lang="en">
 <head>
  <title>401 - Unauthorized</title>
 </head>
 <body>
  <h1>401 - Unauthorized</h1>
 </body>
</html>
172.23.73.166;2023-10-09 10:52:52.069215;l version="1.0" encoding="iso-8859-1"?>
<!DOCTYPE html PUBLIC "-//W3C//DTD XHTML 1.0 Transitional//EN"
         "http://www.w3.org/TR/xhtml1/DTD/xhtml1-transitional.dtd">
<html xmlns="http://www.w3.org/1999/xhtml" xml:lang="en" lang="en">
 <head>
  <title>401 - Unauthorized</title>
 </head>
 <body>
  <h1>401 - Unauthorized</h1>
 </body>
</html>;l version="1.0" encoding="iso-8859-1"?>
<!DOCTYPE html PUBLIC "-//W3C//DTD XHTML 1.0 Transitional//EN"
         "http://www.w3.org/TR/xhtml1/DTD/xhtml1-transitional.dtd">
<html xmlns="http://www.w3.org/1999/xhtml" xml:lang="en" lang="en">
 <head>
  <title>401 - Unauthorized</title>
 </head>
 <body>
  <h1>401 - Unauthorized</h1>
 </body>
</html>
172.23.73.166;2023-10-09 10:53:38.561227;l version="1.0" encoding="iso-8859-1"?>
<!DOCTYPE html PUBLIC "-//W3C//DTD XHTML 1.0 Transitional//EN"
         "http://www.w3.org/TR/xhtml1/DTD/xhtml1-transitional.dtd">
<html xmlns="http://www.w3.org/1999/xhtml" xml:lang="en" lang="en">
 <head>
  <title>401 - Unauthorized</title>
 </head>
 <body>
  <h1>401 - Unauthorized</h1>
 </body>
</html>;l version="1.0" encoding="iso-8859-1"?>
<!DOCTYPE html PUBLIC "-//W3C//DTD XHTML 1.0 Transitional//EN"
         "http://www.w3.org/TR/xhtml1/DTD/xhtml1-transitional.dtd">
<html xmlns="http://www.w3.org/1999/xhtml" xml:lang="en" lang="en">
 <head>
  <title>401 - Unauthorized</title>
 </head>
 <body>
  <h1>401 - Unauthorized</h1>
 </body>
</html>
172.23.73.166;2023-10-09 10:54:22.552103;l version="1.0" encoding="iso-8859-1"?>
<!DOCTYPE html PUBLIC "-//W3C//DTD XHTML 1.0 Transitional//EN"
         "http://www.w3.org/TR/xhtml1/DTD/xhtml1-transitional.dtd">
<html xmlns="http://www.w3.org/1999/xhtml" xml:lang="en" lang="en">
 <head>
  <title>401 - Unauthorized</title>
 </head>
 <body>
  <h1>401 - Unauthorized</h1>
 </body>
</html>;l version="1.0" encoding="iso-8859-1"?>
<!DOCTYPE html PUBLIC "-//W3C//DTD XHTML 1.0 Transitional//EN"
         "http://www.w3.org/TR/xhtml1/DTD/xhtml1-transitional.dtd">
<html xmlns="http://www.w3.org/1999/xhtml" xml:lang="en" lang="en">
 <head>
  <title>401 - Unauthorized</title>
 </head>
 <body>
  <h1>401 - Unauthorized</h1>
 </body>
</html>
172.23.73.166;2023-10-09 10:55:09.442668;l version="1.0" encoding="iso-8859-1"?>
<!DOCTYPE html PUBLIC "-//W3C//DTD XHTML 1.0 Transitional//EN"
         "http://www.w3.org/TR/xhtml1/DTD/xhtml1-transitional.dtd">
<html xmlns="http://www.w3.org/1999/xhtml" xml:lang="en" lang="en">
 <head>
  <title>401 - Unauthorized</title>
 </head>
 <body>
  <h1>401 - Unauthorized</h1>
 </body>
</html>;l version="1.0" encoding="iso-8859-1"?>
<!DOCTYPE html PUBLIC "-//W3C//DTD XHTML 1.0 Transitional//EN"
         "http://www.w3.org/TR/xhtml1/DTD/xhtml1-transitional.dtd">
<html xmlns="http://www.w3.org/1999/xhtml" xml:lang="en" lang="en">
 <head>
  <title>401 - Unauthorized</title>
 </head>
 <body>
  <h1>401 - Unauthorized</h1>
 </body>
</html>
172.23.73.166;2023-10-09 10:55:51.781210;l version="1.0" encoding="iso-8859-1"?>
<!DOCTYPE html PUBLIC "-//W3C//DTD XHTML 1.0 Transitional//EN"
         "http://www.w3.org/TR/xhtml1/DTD/xhtml1-transitional.dtd">
<html xmlns="http://www.w3.org/1999/xhtml" xml:lang="en" lang="en">
 <head>
  <title>401 - Unauthorized</title>
 </head>
 <body>
  <h1>401 - Unauthorized</h1>
 </body>
</html>;l version="1.0" encoding="iso-8859-1"?>
<!DOCTYPE html PUBLIC "-//W3C//DTD XHTML 1.0 Transitional//EN"
         "http://www.w3.org/TR/xhtml1/DTD/xhtml1-transitional.dtd">
<html xmlns="http://www.w3.org/1999/xhtml" xml:lang="en" lang="en">
 <head>
  <title>401 - Unauthorized</title>
 </head>
 <body>
  <h1>401 - Unauthorized</h1>
 </body>
</html>
172.23.73.166;2023-10-09 10:56:38.269272;l version="1.0" encoding="iso-8859-1"?>
<!DOCTYPE html PUBLIC "-//W3C//DTD XHTML 1.0 Transitional//EN"
         "http://www.w3.org/TR/xhtml1/DTD/xhtml1-transitional.dtd">
<html xmlns="http://www.w3.org/1999/xhtml" xml:lang="en" lang="en">
 <head>
  <title>401 - Unauthorized</title>
 </head>
 <body>
  <h1>401 - Unauthorized</h1>
 </body>
</html>;l version="1.0" encoding="iso-8859-1"?>
<!DOCTYPE html PUBLIC "-//W3C//DTD XHTML 1.0 Transitional//EN"
         "http://www.w3.org/TR/xhtml1/DTD/xhtml1-transitional.dtd">
<html xmlns="http://www.w3.org/1999/xhtml" xml:lang="en" lang="en">
 <head>
  <title>401 - Unauthorized</title>
 </head>
 <body>
  <h1>401 - Unauthorized</h1>
 </body>
</html>
172.23.73.166;2023-10-09 10:57:22.082072;l version="1.0" encoding="iso-8859-1"?>
<!DOCTYPE html PUBLIC "-//W3C//DTD XHTML 1.0 Transitional//EN"
         "http://www.w3.org/TR/xhtml1/DTD/xhtml1-transitional.dtd">
<html xmlns="http://www.w3.org/1999/xhtml" xml:lang="en" lang="en">
 <head>
  <title>401 - Unauthorized</title>
 </head>
 <body>
  <h1>401 - Unauthorized</h1>
 </body>
</html>;l version="1.0" encoding="iso-8859-1"?>
<!DOCTYPE html PUBLIC "-//W3C//DTD XHTML 1.0 Transitional//EN"
         "http://www.w3.org/TR/xhtml1/DTD/xhtml1-transitional.dtd">
<html xmlns="http://www.w3.org/1999/xhtml" xml:lang="en" lang="en">
 <head>
  <title>401 - Unauthorized</title>
 </head>
 <body>
  <h1>401 - Unauthorized</h1>
 </body>
</html>
172.23.73.166;2023-10-09 10:58:08.636076;l version="1.0" encoding="iso-8859-1"?>
<!DOCTYPE html PUBLIC "-//W3C//DTD XHTML 1.0 Transitional//EN"
         "http://www.w3.org/TR/xhtml1/DTD/xhtml1-transitional.dtd">
<html xmlns="http://www.w3.org/1999/xhtml" xml:lang="en" lang="en">
 <head>
  <title>401 - Unauthorized</title>
 </head>
 <body>
  <h1>401 - Unauthorized</h1>
 </body>
</html>;l version="1.0" encoding="iso-8859-1"?>
<!DOCTYPE html PUBLIC "-//W3C//DTD XHTML 1.0 Transitional//EN"
         "http://www.w3.org/TR/xhtml1/DTD/xhtml1-transitional.dtd">
<html xmlns="http://www.w3.org/1999/xhtml" xml:lang="en" lang="en">
 <head>
  <title>401 - Unauthorized</title>
 </head>
 <body>
  <h1>401 - Unauthorized</h1>
 </body>
</html>
172.23.73.166;2023-10-09 10:58:51.617869;l version="1.0" encoding="iso-8859-1"?>
<!DOCTYPE html PUBLIC "-//W3C//DTD XHTML 1.0 Transitional//EN"
         "http://www.w3.org/TR/xhtml1/DTD/xhtml1-transitional.dtd">
<html xmlns="http://www.w3.org/1999/xhtml" xml:lang="en" lang="en">
 <head>
  <title>401 - Unauthorized</title>
 </head>
 <body>
  <h1>401 - Unauthorized</h1>
 </body>
</html>;l version="1.0" encoding="iso-8859-1"?>
<!DOCTYPE html PUBLIC "-//W3C//DTD XHTML 1.0 Transitional//EN"
         "http://www.w3.org/TR/xhtml1/DTD/xhtml1-transitional.dtd">
<html xmlns="http://www.w3.org/1999/xhtml" xml:lang="en" lang="en">
 <head>
  <title>401 - Unauthorized</title>
 </head>
 <body>
  <h1>401 - Unauthorized</h1>
 </body>
</html>
172.23.73.166;2023-10-09 10:59:37.161227;l version="1.0" encoding="iso-8859-1"?>
<!DOCTYPE html PUBLIC "-//W3C//DTD XHTML 1.0 Transitional//EN"
         "http://www.w3.org/TR/xhtml1/DTD/xhtml1-transitional.dtd">
<html xmlns="http://www.w3.org/1999/xhtml" xml:lang="en" lang="en">
 <head>
  <title>401 - Unauthorized</title>
 </head>
 <body>
  <h1>401 - Unauthorized</h1>
 </body>
</html>;l version="1.0" encoding="iso-8859-1"?>
<!DOCTYPE html PUBLIC "-//W3C//DTD XHTML 1.0 Transitional//EN"
         "http://www.w3.org/TR/xhtml1/DTD/xhtml1-transitional.dtd">
<html xmlns="http://www.w3.org/1999/xhtml" xml:lang="en" lang="en">
 <head>
  <title>401 - Unauthorized</title>
 </head>
 <body>
  <h1>401 - Unauthorized</h1>
 </body>
</html>
172.23.73.166;2023-10-09 11:00:21.646822;l version="1.0" encoding="iso-8859-1"?>
<!DOCTYPE html PUBLIC "-//W3C//DTD XHTML 1.0 Transitional//EN"
         "http://www.w3.org/TR/xhtml1/DTD/xhtml1-transitional.dtd">
<html xmlns="http://www.w3.org/1999/xhtml" xml:lang="en" lang="en">
 <head>
  <title>401 - Unauthorized</title>
 </head>
 <body>
  <h1>401 - Unauthorized</h1>
 </body>
</html>;l version="1.0" encoding="iso-8859-1"?>
<!DOCTYPE html PUBLIC "-//W3C//DTD XHTML 1.0 Transitional//EN"
         "http://www.w3.org/TR/xhtml1/DTD/xhtml1-transitional.dtd">
<html xmlns="http://www.w3.org/1999/xhtml" xml:lang="en" lang="en">
 <head>
  <title>401 - Unauthorized</title>
 </head>
 <body>
  <h1>401 - Unauthorized</h1>
 </body>
</html>
172.23.73.166;2023-10-09 11:01:07.461368;l version="1.0" encoding="iso-8859-1"?>
<!DOCTYPE html PUBLIC "-//W3C//DTD XHTML 1.0 Transitional//EN"
         "http://www.w3.org/TR/xhtml1/DTD/xhtml1-transitional.dtd">
<html xmlns="http://www.w3.org/1999/xhtml" xml:lang="en" lang="en">
 <head>
  <title>401 - Unauthorized</title>
 </head>
 <body>
  <h1>401 - Unauthorized</h1>
 </body>
</html>;l version="1.0" encoding="iso-8859-1"?>
<!DOCTYPE html PUBLIC "-//W3C//DTD XHTML 1.0 Transitional//EN"
         "http://www.w3.org/TR/xhtml1/DTD/xhtml1-transitional.dtd">
<html xmlns="http://www.w3.org/1999/xhtml" xml:lang="en" lang="en">
 <head>
  <title>401 - Unauthorized</title>
 </head>
 <body>
  <h1>401 - Unauthorized</h1>
 </body>
</html>
172.23.73.166;2023-10-09 11:01:52.214109;l version="1.0" encoding="iso-8859-1"?>
<!DOCTYPE html PUBLIC "-//W3C//DTD XHTML 1.0 Transitional//EN"
         "http://www.w3.org/TR/xhtml1/DTD/xhtml1-transitional.dtd">
<html xmlns="http://www.w3.org/1999/xhtml" xml:lang="en" lang="en">
 <head>
  <title>401 - Unauthorized</title>
 </head>
 <body>
  <h1>401 - Unauthorized</h1>
 </body>
</html>;l version="1.0" encoding="iso-8859-1"?>
<!DOCTYPE html PUBLIC "-//W3C//DTD XHTML 1.0 Transitional//EN"
         "http://www.w3.org/TR/xhtml1/DTD/xhtml1-transitional.dtd">
<html xmlns="http://www.w3.org/1999/xhtml" xml:lang="en" lang="en">
 <head>
  <title>401 - Unauthorized</title>
 </head>
 <body>
  <h1>401 - Unauthorized</h1>
 </body>
</html>
172.23.73.166;2023-10-09 11:02:38.069309;l version="1.0" encoding="iso-8859-1"?>
<!DOCTYPE html PUBLIC "-//W3C//DTD XHTML 1.0 Transitional//EN"
         "http://www.w3.org/TR/xhtml1/DTD/xhtml1-transitional.dtd">
<html xmlns="http://www.w3.org/1999/xhtml" xml:lang="en" lang="en">
 <head>
  <title>401 - Unauthorized</title>
 </head>
 <body>
  <h1>401 - Unauthorized</h1>
 </body>
</html>;l version="1.0" encoding="iso-8859-1"?>
<!DOCTYPE html PUBLIC "-//W3C//DTD XHTML 1.0 Transitional//EN"
         "http://www.w3.org/TR/xhtml1/DTD/xhtml1-transitional.dtd">
<html xmlns="http://www.w3.org/1999/xhtml" xml:lang="en" lang="en">
 <head>
  <title>401 - Unauthorized</title>
 </head>
 <body>
  <h1>401 - Unauthorized</h1>
 </body>
</html>
172.23.73.166;2023-10-09 11:03:21.226108;l version="1.0" encoding="iso-8859-1"?>
<!DOCTYPE html PUBLIC "-//W3C//DTD XHTML 1.0 Transitional//EN"
         "http://www.w3.org/TR/xhtml1/DTD/xhtml1-transitional.dtd">
<html xmlns="http://www.w3.org/1999/xhtml" xml:lang="en" lang="en">
 <head>
  <title>401 - Unauthorized</title>
 </head>
 <body>
  <h1>401 - Unauthorized</h1>
 </body>
</html>;l version="1.0" encoding="iso-8859-1"?>
<!DOCTYPE html PUBLIC "-//W3C//DTD XHTML 1.0 Transitional//EN"
         "http://www.w3.org/TR/xhtml1/DTD/xhtml1-transitional.dtd">
<html xmlns="http://www.w3.org/1999/xhtml" xml:lang="en" lang="en">
 <head>
  <title>401 - Unauthorized</title>
 </head>
 <body>
  <h1>401 - Unauthorized</h1>
 </body>
</html>
172.23.73.166;2023-10-09 11:04:08.295163;l version="1.0" encoding="iso-8859-1"?>
<!DOCTYPE html PUBLIC "-//W3C//DTD XHTML 1.0 Transitional//EN"
         "http://www.w3.org/TR/xhtml1/DTD/xhtml1-transitional.dtd">
<html xmlns="http://www.w3.org/1999/xhtml" xml:lang="en" lang="en">
 <head>
  <title>401 - Unauthorized</title>
 </head>
 <body>
  <h1>401 - Unauthorized</h1>
 </body>
</html>;l version="1.0" encoding="iso-8859-1"?>
<!DOCTYPE html PUBLIC "-//W3C//DTD XHTML 1.0 Transitional//EN"
         "http://www.w3.org/TR/xhtml1/DTD/xhtml1-transitional.dtd">
<html xmlns="http://www.w3.org/1999/xhtml" xml:lang="en" lang="en">
 <head>
  <title>401 - Unauthorized</title>
 </head>
 <body>
  <h1>401 - Unauthorized</h1>
 </body>
</html>
172.23.73.166;2023-10-09 11:04:50.937268;l version="1.0" encoding="iso-8859-1"?>
<!DOCTYPE html PUBLIC "-//W3C//DTD XHTML 1.0 Transitional//EN"
         "http://www.w3.org/TR/xhtml1/DTD/xhtml1-transitional.dtd">
<html xmlns="http://www.w3.org/1999/xhtml" xml:lang="en" lang="en">
 <head>
  <title>401 - Unauthorized</title>
 </head>
 <body>
  <h1>401 - Unauthorized</h1>
 </body>
</html>;l version="1.0" encoding="iso-8859-1"?>
<!DOCTYPE html PUBLIC "-//W3C//DTD XHTML 1.0 Transitional//EN"
         "http://www.w3.org/TR/xhtml1/DTD/xhtml1-transitional.dtd">
<html xmlns="http://www.w3.org/1999/xhtml" xml:lang="en" lang="en">
 <head>
  <title>401 - Unauthorized</title>
 </head>
 <body>
  <h1>401 - Unauthorized</h1>
 </body>
</html>
172.23.73.166;2023-10-09 11:05:38.221321;l version="1.0" encoding="iso-8859-1"?>
<!DOCTYPE html PUBLIC "-//W3C//DTD XHTML 1.0 Transitional//EN"
         "http://www.w3.org/TR/xhtml1/DTD/xhtml1-transitional.dtd">
<html xmlns="http://www.w3.org/1999/xhtml" xml:lang="en" lang="en">
 <head>
  <title>401 - Unauthorized</title>
 </head>
 <body>
  <h1>401 - Unauthorized</h1>
 </body>
</html>;l version="1.0" encoding="iso-8859-1"?>
<!DOCTYPE html PUBLIC "-//W3C//DTD XHTML 1.0 Transitional//EN"
         "http://www.w3.org/TR/xhtml1/DTD/xhtml1-transitional.dtd">
<html xmlns="http://www.w3.org/1999/xhtml" xml:lang="en" lang="en">
 <head>
  <title>401 - Unauthorized</title>
 </head>
 <body>
  <h1>401 - Unauthorized</h1>
 </body>
</html>
172.23.73.166;2023-10-09 11:06:21.021195;l version="1.0" encoding="iso-8859-1"?>
<!DOCTYPE html PUBLIC "-//W3C//DTD XHTML 1.0 Transitional//EN"
         "http://www.w3.org/TR/xhtml1/DTD/xhtml1-transitional.dtd">
<html xmlns="http://www.w3.org/1999/xhtml" xml:lang="en" lang="en">
 <head>
  <title>401 - Unauthorized</title>
 </head>
 <body>
  <h1>401 - Unauthorized</h1>
 </body>
</html>;l version="1.0" encoding="iso-8859-1"?>
<!DOCTYPE html PUBLIC "-//W3C//DTD XHTML 1.0 Transitional//EN"
         "http://www.w3.org/TR/xhtml1/DTD/xhtml1-transitional.dtd">
<html xmlns="http://www.w3.org/1999/xhtml" xml:lang="en" lang="en">
 <head>
  <title>401 - Unauthorized</title>
 </head>
 <body>
  <h1>401 - Unauthorized</h1>
 </body>
</html>
172.23.73.166;2023-10-09 11:07:07.552616;l version="1.0" encoding="iso-8859-1"?>
<!DOCTYPE html PUBLIC "-//W3C//DTD XHTML 1.0 Transitional//EN"
         "http://www.w3.org/TR/xhtml1/DTD/xhtml1-transitional.dtd">
<html xmlns="http://www.w3.org/1999/xhtml" xml:lang="en" lang="en">
 <head>
  <title>401 - Unauthorized</title>
 </head>
 <body>
  <h1>401 - Unauthorized</h1>
 </body>
</html>;l version="1.0" encoding="iso-8859-1"?>
<!DOCTYPE html PUBLIC "-//W3C//DTD XHTML 1.0 Transitional//EN"
         "http://www.w3.org/TR/xhtml1/DTD/xhtml1-transitional.dtd">
<html xmlns="http://www.w3.org/1999/xhtml" xml:lang="en" lang="en">
 <head>
  <title>401 - Unauthorized</title>
 </head>
 <body>
  <h1>401 - Unauthorized</h1>
 </body>
</html>
172.23.73.166;2023-10-09 11:07:50.405262;l version="1.0" encoding="iso-8859-1"?>
<!DOCTYPE html PUBLIC "-//W3C//DTD XHTML 1.0 Transitional//EN"
         "http://www.w3.org/TR/xhtml1/DTD/xhtml1-transitional.dtd">
<html xmlns="http://www.w3.org/1999/xhtml" xml:lang="en" lang="en">
 <head>
  <title>401 - Unauthorized</title>
 </head>
 <body>
  <h1>401 - Unauthorized</h1>
 </body>
</html>;l version="1.0" encoding="iso-8859-1"?>
<!DOCTYPE html PUBLIC "-//W3C//DTD XHTML 1.0 Transitional//EN"
         "http://www.w3.org/TR/xhtml1/DTD/xhtml1-transitional.dtd">
<html xmlns="http://www.w3.org/1999/xhtml" xml:lang="en" lang="en">
 <head>
  <title>401 - Unauthorized</title>
 </head>
 <body>
  <h1>401 - Unauthorized</h1>
 </body>
</html>
172.23.73.166;2023-10-09 11:08:35.864505;l version="1.0" encoding="iso-8859-1"?>
<!DOCTYPE html PUBLIC "-//W3C//DTD XHTML 1.0 Transitional//EN"
         "http://www.w3.org/TR/xhtml1/DTD/xhtml1-transitional.dtd">
<html xmlns="http://www.w3.org/1999/xhtml" xml:lang="en" lang="en">
 <head>
  <title>401 - Unauthorized</title>
 </head>
 <body>
  <h1>401 - Unauthorized</h1>
 </body>
</html>;l version="1.0" encoding="iso-8859-1"?>
<!DOCTYPE html PUBLIC "-//W3C//DTD XHTML 1.0 Transitional//EN"
         "http://www.w3.org/TR/xhtml1/DTD/xhtml1-transitional.dtd">
<html xmlns="http://www.w3.org/1999/xhtml" xml:lang="en" lang="en">
 <head>
  <title>401 - Unauthorized</title>
 </head>
 <body>
  <h1>401 - Unauthorized</h1>
 </body>
</html>
172.23.73.166;2023-10-09 11:09:20.473771;l version="1.0" encoding="iso-8859-1"?>
<!DOCTYPE html PUBLIC "-//W3C//DTD XHTML 1.0 Transitional//EN"
         "http://www.w3.org/TR/xhtml1/DTD/xhtml1-transitional.dtd">
<html xmlns="http://www.w3.org/1999/xhtml" xml:lang="en" lang="en">
 <head>
  <title>401 - Unauthorized</title>
 </head>
 <body>
  <h1>401 - Unauthorized</h1>
 </body>
</html>;l version="1.0" encoding="iso-8859-1"?>
<!DOCTYPE html PUBLIC "-//W3C//DTD XHTML 1.0 Transitional//EN"
         "http://www.w3.org/TR/xhtml1/DTD/xhtml1-transitional.dtd">
<html xmlns="http://www.w3.org/1999/xhtml" xml:lang="en" lang="en">
 <head>
  <title>401 - Unauthorized</title>
 </head>
 <body>
  <h1>401 - Unauthorized</h1>
 </body>
</html>
172.23.73.166;2023-10-09 11:10:06.449212;l version="1.0" encoding="iso-8859-1"?>
<!DOCTYPE html PUBLIC "-//W3C//DTD XHTML 1.0 Transitional//EN"
         "http://www.w3.org/TR/xhtml1/DTD/xhtml1-transitional.dtd">
<html xmlns="http://www.w3.org/1999/xhtml" xml:lang="en" lang="en">
 <head>
  <title>401 - Unauthorized</title>
 </head>
 <body>
  <h1>401 - Unauthorized</h1>
 </body>
</html>;l version="1.0" encoding="iso-8859-1"?>
<!DOCTYPE html PUBLIC "-//W3C//DTD XHTML 1.0 Transitional//EN"
         "http://www.w3.org/TR/xhtml1/DTD/xhtml1-transitional.dtd">
<html xmlns="http://www.w3.org/1999/xhtml" xml:lang="en" lang="en">
 <head>
  <title>401 - Unauthorized</title>
 </head>
 <body>
  <h1>401 - Unauthorized</h1>
 </body>
</html>
172.23.73.166;2023-10-09 11:10:49.711833;l version="1.0" encoding="iso-8859-1"?>
<!DOCTYPE html PUBLIC "-//W3C//DTD XHTML 1.0 Transitional//EN"
         "http://www.w3.org/TR/xhtml1/DTD/xhtml1-transitional.dtd">
<html xmlns="http://www.w3.org/1999/xhtml" xml:lang="en" lang="en">
 <head>
  <title>401 - Unauthorized</title>
 </head>
 <body>
  <h1>401 - Unauthorized</h1>
 </body>
</html>;l version="1.0" encoding="iso-8859-1"?>
<!DOCTYPE html PUBLIC "-//W3C//DTD XHTML 1.0 Transitional//EN"
         "http://www.w3.org/TR/xhtml1/DTD/xhtml1-transitional.dtd">
<html xmlns="http://www.w3.org/1999/xhtml" xml:lang="en" lang="en">
 <head>
  <title>401 - Unauthorized</title>
 </head>
 <body>
  <h1>401 - Unauthorized</h1>
 </body>
</html>
172.23.73.166;2023-10-09 11:11:36.973215;l version="1.0" encoding="iso-8859-1"?>
<!DOCTYPE html PUBLIC "-//W3C//DTD XHTML 1.0 Transitional//EN"
         "http://www.w3.org/TR/xhtml1/DTD/xhtml1-transitional.dtd">
<html xmlns="http://www.w3.org/1999/xhtml" xml:lang="en" lang="en">
 <head>
  <title>401 - Unauthorized</title>
 </head>
 <body>
  <h1>401 - Unauthorized</h1>
 </body>
</html>;l version="1.0" encoding="iso-8859-1"?>
<!DOCTYPE html PUBLIC "-//W3C//DTD XHTML 1.0 Transitional//EN"
         "http://www.w3.org/TR/xhtml1/DTD/xhtml1-transitional.dtd">
<html xmlns="http://www.w3.org/1999/xhtml" xml:lang="en" lang="en">
 <head>
  <title>401 - Unauthorized</title>
 </head>
 <body>
  <h1>401 - Unauthorized</h1>
 </body>
</html>
172.23.73.166;2023-10-09 11:12:20.124533;l version="1.0" encoding="iso-8859-1"?>
<!DOCTYPE html PUBLIC "-//W3C//DTD XHTML 1.0 Transitional//EN"
         "http://www.w3.org/TR/xhtml1/DTD/xhtml1-transitional.dtd">
<html xmlns="http://www.w3.org/1999/xhtml" xml:lang="en" lang="en">
 <head>
  <title>401 - Unauthorized</title>
 </head>
 <body>
  <h1>401 - Unauthorized</h1>
 </body>
</html>;l version="1.0" encoding="iso-8859-1"?>
<!DOCTYPE html PUBLIC "-//W3C//DTD XHTML 1.0 Transitional//EN"
         "http://www.w3.org/TR/xhtml1/DTD/xhtml1-transitional.dtd">
<html xmlns="http://www.w3.org/1999/xhtml" xml:lang="en" lang="en">
 <head>
  <title>401 - Unauthorized</title>
 </head>
 <body>
  <h1>401 - Unauthorized</h1>
 </body>
</html>
172.23.73.166;2023-10-09 11:13:06.120000;l version="1.0" encoding="iso-8859-1"?>
<!DOCTYPE html PUBLIC "-//W3C//DTD XHTML 1.0 Transitional//EN"
         "http://www.w3.org/TR/xhtml1/DTD/xhtml1-transitional.dtd">
<html xmlns="http://www.w3.org/1999/xhtml" xml:lang="en" lang="en">
 <head>
  <title>401 - Unauthorized</title>
 </head>
 <body>
  <h1>401 - Unauthorized</h1>
 </body>
</html>;l version="1.0" encoding="iso-8859-1"?>
<!DOCTYPE html PUBLIC "-//W3C//DTD XHTML 1.0 Transitional//EN"
         "http://www.w3.org/TR/xhtml1/DTD/xhtml1-transitional.dtd">
<html xmlns="http://www.w3.org/1999/xhtml" xml:lang="en" lang="en">
 <head>
  <title>401 - Unauthorized</title>
 </head>
 <body>
  <h1>401 - Unauthorized</h1>
 </body>
</html>
172.23.73.166;2023-10-09 11:13:49.592374;l version="1.0" encoding="iso-8859-1"?>
<!DOCTYPE html PUBLIC "-//W3C//DTD XHTML 1.0 Transitional//EN"
         "http://www.w3.org/TR/xhtml1/DTD/xhtml1-transitional.dtd">
<html xmlns="http://www.w3.org/1999/xhtml" xml:lang="en" lang="en">
 <head>
  <title>401 - Unauthorized</title>
 </head>
 <body>
  <h1>401 - Unauthorized</h1>
 </body>
</html>;l version="1.0" encoding="iso-8859-1"?>
<!DOCTYPE html PUBLIC "-//W3C//DTD XHTML 1.0 Transitional//EN"
         "http://www.w3.org/TR/xhtml1/DTD/xhtml1-transitional.dtd">
<html xmlns="http://www.w3.org/1999/xhtml" xml:lang="en" lang="en">
 <head>
  <title>401 - Unauthorized</title>
 </head>
 <body>
  <h1>401 - Unauthorized</h1>
 </body>
</html>
172.23.73.166;2023-10-09 11:14:32.832766;l version="1.0" encoding="iso-8859-1"?>
<!DOCTYPE html PUBLIC "-//W3C//DTD XHTML 1.0 Transitional//EN"
         "http://www.w3.org/TR/xhtml1/DTD/xhtml1-transitional.dtd">
<html xmlns="http://www.w3.org/1999/xhtml" xml:lang="en" lang="en">
 <head>
  <title>401 - Unauthorized</title>
 </head>
 <body>
  <h1>401 - Unauthorized</h1>
 </body>
</html>;l version="1.0" encoding="iso-8859-1"?>
<!DOCTYPE html PUBLIC "-//W3C//DTD XHTML 1.0 Transitional//EN"
         "http://www.w3.org/TR/xhtml1/DTD/xhtml1-transitional.dtd">
<html xmlns="http://www.w3.org/1999/xhtml" xml:lang="en" lang="en">
 <head>
  <title>401 - Unauthorized</title>
 </head>
 <body>
  <h1>401 - Unauthorized</h1>
 </body>
</html>
172.23.73.166;2023-10-09 11:15:17.277885;l version="1.0" encoding="iso-8859-1"?>
<!DOCTYPE html PUBLIC "-//W3C//DTD XHTML 1.0 Transitional//EN"
         "http://www.w3.org/TR/xhtml1/DTD/xhtml1-transitional.dtd">
<html xmlns="http://www.w3.org/1999/xhtml" xml:lang="en" lang="en">
 <head>
  <title>401 - Unauthorized</title>
 </head>
 <body>
  <h1>401 - Unauthorized</h1>
 </body>
</html>;l version="1.0" encoding="iso-8859-1"?>
<!DOCTYPE html PUBLIC "-//W3C//DTD XHTML 1.0 Transitional//EN"
         "http://www.w3.org/TR/xhtml1/DTD/xhtml1-transitional.dtd">
<html xmlns="http://www.w3.org/1999/xhtml" xml:lang="en" lang="en">
 <head>
  <title>401 - Unauthorized</title>
 </head>
 <body>
  <h1>401 - Unauthorized</h1>
 </body>
</html>
172.23.73.166;2023-10-09 11:16:02.753609;l version="1.0" encoding="iso-8859-1"?>
<!DOCTYPE html PUBLIC "-//W3C//DTD XHTML 1.0 Transitional//EN"
         "http://www.w3.org/TR/xhtml1/DTD/xhtml1-transitional.dtd">
<html xmlns="http://www.w3.org/1999/xhtml" xml:lang="en" lang="en">
 <head>
  <title>401 - Unauthorized</title>
 </head>
 <body>
  <h1>401 - Unauthorized</h1>
 </body>
</html>;l version="1.0" encoding="iso-8859-1"?>
<!DOCTYPE html PUBLIC "-//W3C//DTD XHTML 1.0 Transitional//EN"
         "http://www.w3.org/TR/xhtml1/DTD/xhtml1-transitional.dtd">
<html xmlns="http://www.w3.org/1999/xhtml" xml:lang="en" lang="en">
 <head>
  <title>401 - Unauthorized</title>
 </head>
 <body>
  <h1>401 - Unauthorized</h1>
 </body>
</html>
172.23.73.166;2023-10-09 11:16:47.765243;l version="1.0" encoding="iso-8859-1"?>
<!DOCTYPE html PUBLIC "-//W3C//DTD XHTML 1.0 Transitional//EN"
         "http://www.w3.org/TR/xhtml1/DTD/xhtml1-transitional.dtd">
<html xmlns="http://www.w3.org/1999/xhtml" xml:lang="en" lang="en">
 <head>
  <title>401 - Unauthorized</title>
 </head>
 <body>
  <h1>401 - Unauthorized</h1>
 </body>
</html>;l version="1.0" encoding="iso-8859-1"?>
<!DOCTYPE html PUBLIC "-//W3C//DTD XHTML 1.0 Transitional//EN"
         "http://www.w3.org/TR/xhtml1/DTD/xhtml1-transitional.dtd">
<html xmlns="http://www.w3.org/1999/xhtml" xml:lang="en" lang="en">
 <head>
  <title>401 - Unauthorized</title>
 </head>
 <body>
  <h1>401 - Unauthorized</h1>
 </body>
</html>
172.23.73.166;2023-10-09 11:17:33.561372;l version="1.0" encoding="iso-8859-1"?>
<!DOCTYPE html PUBLIC "-//W3C//DTD XHTML 1.0 Transitional//EN"
         "http://www.w3.org/TR/xhtml1/DTD/xhtml1-transitional.dtd">
<html xmlns="http://www.w3.org/1999/xhtml" xml:lang="en" lang="en">
 <head>
  <title>401 - Unauthorized</title>
 </head>
 <body>
  <h1>401 - Unauthorized</h1>
 </body>
</html>;l version="1.0" encoding="iso-8859-1"?>
<!DOCTYPE html PUBLIC "-//W3C//DTD XHTML 1.0 Transitional//EN"
         "http://www.w3.org/TR/xhtml1/DTD/xhtml1-transitional.dtd">
<html xmlns="http://www.w3.org/1999/xhtml" xml:lang="en" lang="en">
 <head>
  <title>401 - Unauthorized</title>
 </head>
 <body>
  <h1>401 - Unauthorized</h1>
 </body>
</html>
172.23.73.166;2023-10-09 11:18:17.756983;l version="1.0" encoding="iso-8859-1"?>
<!DOCTYPE html PUBLIC "-//W3C//DTD XHTML 1.0 Transitional//EN"
         "http://www.w3.org/TR/xhtml1/DTD/xhtml1-transitional.dtd">
<html xmlns="http://www.w3.org/1999/xhtml" xml:lang="en" lang="en">
 <head>
  <title>401 - Unauthorized</title>
 </head>
 <body>
  <h1>401 - Unauthorized</h1>
 </body>
</html>;l version="1.0" encoding="iso-8859-1"?>
<!DOCTYPE html PUBLIC "-//W3C//DTD XHTML 1.0 Transitional//EN"
         "http://www.w3.org/TR/xhtml1/DTD/xhtml1-transitional.dtd">
<html xmlns="http://www.w3.org/1999/xhtml" xml:lang="en" lang="en">
 <head>
  <title>401 - Unauthorized</title>
 </head>
 <body>
  <h1>401 - Unauthorized</h1>
 </body>
</html>
172.23.73.166;2023-10-09 11:19:02.936965;l version="1.0" encoding="iso-8859-1"?>
<!DOCTYPE html PUBLIC "-//W3C//DTD XHTML 1.0 Transitional//EN"
         "http://www.w3.org/TR/xhtml1/DTD/xhtml1-transitional.dtd">
<html xmlns="http://www.w3.org/1999/xhtml" xml:lang="en" lang="en">
 <head>
  <title>401 - Unauthorized</title>
 </head>
 <body>
  <h1>401 - Unauthorized</h1>
 </body>
</html>;l version="1.0" encoding="iso-8859-1"?>
<!DOCTYPE html PUBLIC "-//W3C//DTD XHTML 1.0 Transitional//EN"
         "http://www.w3.org/TR/xhtml1/DTD/xhtml1-transitional.dtd">
<html xmlns="http://www.w3.org/1999/xhtml" xml:lang="en" lang="en">
 <head>
  <title>401 - Unauthorized</title>
 </head>
 <body>
  <h1>401 - Unauthorized</h1>
 </body>
</html>
172.23.73.166;2023-10-09 11:19:48.985227;l version="1.0" encoding="iso-8859-1"?>
<!DOCTYPE html PUBLIC "-//W3C//DTD XHTML 1.0 Transitional//EN"
         "http://www.w3.org/TR/xhtml1/DTD/xhtml1-transitional.dtd">
<html xmlns="http://www.w3.org/1999/xhtml" xml:lang="en" lang="en">
 <head>
  <title>401 - Unauthorized</title>
 </head>
 <body>
  <h1>401 - Unauthorized</h1>
 </body>
</html>;l version="1.0" encoding="iso-8859-1"?>
<!DOCTYPE html PUBLIC "-//W3C//DTD XHTML 1.0 Transitional//EN"
         "http://www.w3.org/TR/xhtml1/DTD/xhtml1-transitional.dtd">
<html xmlns="http://www.w3.org/1999/xhtml" xml:lang="en" lang="en">
 <head>
  <title>401 - Unauthorized</title>
 </head>
 <body>
  <h1>401 - Unauthorized</h1>
 </body>
</html>
172.23.73.166;2023-10-09 11:20:32.658584;l version="1.0" encoding="iso-8859-1"?>
<!DOCTYPE html PUBLIC "-//W3C//DTD XHTML 1.0 Transitional//EN"
         "http://www.w3.org/TR/xhtml1/DTD/xhtml1-transitional.dtd">
<html xmlns="http://www.w3.org/1999/xhtml" xml:lang="en" lang="en">
 <head>
  <title>401 - Unauthorized</title>
 </head>
 <body>
  <h1>401 - Unauthorized</h1>
 </body>
</html>;l version="1.0" encoding="iso-8859-1"?>
<!DOCTYPE html PUBLIC "-//W3C//DTD XHTML 1.0 Transitional//EN"
         "http://www.w3.org/TR/xhtml1/DTD/xhtml1-transitional.dtd">
<html xmlns="http://www.w3.org/1999/xhtml" xml:lang="en" lang="en">
 <head>
  <title>401 - Unauthorized</title>
 </head>
 <body>
  <h1>401 - Unauthorized</h1>
 </body>
</html>
172.23.73.166;2023-10-09 11:21:16.541110;l version="1.0" encoding="iso-8859-1"?>
<!DOCTYPE html PUBLIC "-//W3C//DTD XHTML 1.0 Transitional//EN"
         "http://www.w3.org/TR/xhtml1/DTD/xhtml1-transitional.dtd">
<html xmlns="http://www.w3.org/1999/xhtml" xml:lang="en" lang="en">
 <head>
  <title>401 - Unauthorized</title>
 </head>
 <body>
  <h1>401 - Unauthorized</h1>
 </body>
</html>;l version="1.0" encoding="iso-8859-1"?>
<!DOCTYPE html PUBLIC "-//W3C//DTD XHTML 1.0 Transitional//EN"
         "http://www.w3.org/TR/xhtml1/DTD/xhtml1-transitional.dtd">
<html xmlns="http://www.w3.org/1999/xhtml" xml:lang="en" lang="en">
 <head>
  <title>401 - Unauthorized</title>
 </head>
 <body>
  <h1>401 - Unauthorized</h1>
 </body>
</html>
172.23.73.166;2023-10-09 11:22:00.884321;l version="1.0" encoding="iso-8859-1"?>
<!DOCTYPE html PUBLIC "-//W3C//DTD XHTML 1.0 Transitional//EN"
         "http://www.w3.org/TR/xhtml1/DTD/xhtml1-transitional.dtd">
<html xmlns="http://www.w3.org/1999/xhtml" xml:lang="en" lang="en">
 <head>
  <title>401 - Unauthorized</title>
 </head>
 <body>
  <h1>401 - Unauthorized</h1>
 </body>
</html>;l version="1.0" encoding="iso-8859-1"?>
<!DOCTYPE html PUBLIC "-//W3C//DTD XHTML 1.0 Transitional//EN"
         "http://www.w3.org/TR/xhtml1/DTD/xhtml1-transitional.dtd">
<html xmlns="http://www.w3.org/1999/xhtml" xml:lang="en" lang="en">
 <head>
  <title>401 - Unauthorized</title>
 </head>
 <body>
  <h1>401 - Unauthorized</h1>
 </body>
</html>
172.23.73.166;2023-10-09 11:22:46.085292;l version="1.0" encoding="iso-8859-1"?>
<!DOCTYPE html PUBLIC "-//W3C//DTD XHTML 1.0 Transitional//EN"
         "http://www.w3.org/TR/xhtml1/DTD/xhtml1-transitional.dtd">
<html xmlns="http://www.w3.org/1999/xhtml" xml:lang="en" lang="en">
 <head>
  <title>401 - Unauthorized</title>
 </head>
 <body>
  <h1>401 - Unauthorized</h1>
 </body>
</html>;l version="1.0" encoding="iso-8859-1"?>
<!DOCTYPE html PUBLIC "-//W3C//DTD XHTML 1.0 Transitional//EN"
         "http://www.w3.org/TR/xhtml1/DTD/xhtml1-transitional.dtd">
<html xmlns="http://www.w3.org/1999/xhtml" xml:lang="en" lang="en">
 <head>
  <title>401 - Unauthorized</title>
 </head>
 <body>
  <h1>401 - Unauthorized</h1>
 </body>
</html>
172.23.73.166;2023-10-09 11:23:30.369231;l version="1.0" encoding="iso-8859-1"?>
<!DOCTYPE html PUBLIC "-//W3C//DTD XHTML 1.0 Transitional//EN"
         "http://www.w3.org/TR/xhtml1/DTD/xhtml1-transitional.dtd">
<html xmlns="http://www.w3.org/1999/xhtml" xml:lang="en" lang="en">
 <head>
  <title>401 - Unauthorized</title>
 </head>
 <body>
  <h1>401 - Unauthorized</h1>
 </body>
</html>;l version="1.0" encoding="iso-8859-1"?>
<!DOCTYPE html PUBLIC "-//W3C//DTD XHTML 1.0 Transitional//EN"
         "http://www.w3.org/TR/xhtml1/DTD/xhtml1-transitional.dtd">
<html xmlns="http://www.w3.org/1999/xhtml" xml:lang="en" lang="en">
 <head>
  <title>401 - Unauthorized</title>
 </head>
 <body>
  <h1>401 - Unauthorized</h1>
 </body>
</html>
172.23.73.166;2023-10-10 11:57:07.924575;Erro;Erro;
172.23.73.166;2023-10-10 11:57:48.880545;Erro;Erro;
172.23.73.166;2023-10-10 11:58:29.833708;Erro;Erro;
172.23.73.166;2023-10-10 11:59:12.864548;Erro;Erro;
172.23.73.166;2023-10-10 11:59:53.832899;Erro;Erro;
172.23.73.166;2023-10-10 12:00:40.936543;Erro;Erro;
172.23.73.166;2023-10-10 12:01:23.924541;Erro;Erro;
172.23.73.166;2023-10-10 12:02:11.017851;Erro;Erro;
172.23.73.166;2023-10-10 12:02:52.024535;Erro;Erro;
172.23.73.166;2023-10-10 12:03:39.088884;Erro;Erro;
172.23.73.166;2023-10-10 12:04:22.091557;Erro;Erro;
172.23.73.166;2023-10-10 12:05:07.144553;Erro;Erro;
172.23.73.166;2023-10-10 12:05:48.120542;Erro;Erro;
172.23.73.166;2023-10-10 12:06:31.117098;Erro;Erro;
172.23.73.166;2023-10-10 12:07:16.180563;Erro;Erro;
172.23.73.166;2023-10-10 12:07:57.148566;Erro;Erro;
172.23.73.166;2023-10-10 12:08:42.196543;Erro;Erro;
172.23.73.166;2023-10-10 12:09:25.212532;Erro;Erro;
172.23.73.166;2023-10-10 12:10:12.296618;Erro;Erro;
172.23.73.166;2023-10-10 12:10:53.259555;Erro;Erro;
172.23.73.166;2023-10-10 12:11:40.396735;Erro;Erro;
172.23.73.166;2023-10-10 12:12:23.392536;Erro;Erro;
172.23.73.166;2023-10-10 12:13:10.484554;Erro;Erro;
172.23.73.166;2023-10-10 12:13:53.488549;Erro;Erro;
172.23.73.166;2023-10-10 12:14:38.548547;Erro;Erro;
172.23.73.166;2023-10-10 12:15:21.552544;Erro;Erro;
172.23.73.166;2023-10-10 12:16:06.616544;Erro;Erro;
172.23.73.166;2023-10-10 12:16:49.608575;Erro;Erro;
172.23.73.166;2023-10-10 12:17:32.617107;Erro;Erro;
172.23.73.166;2023-10-10 12:18:15.640541;Erro;Erro;
172.23.73.166;2023-10-10 12:18:58.644762;Erro;Erro;
172.23.73.166;2023-10-10 12:19:41.684512;Erro;Erro;
172.23.73.166;2023-10-10 12:20:24.650430;Erro;Erro;
172.23.73.166;2023-10-10 12:21:11.756596;Erro;Erro;
172.23.73.166;2023-10-10 12:21:54.764541;Erro;Erro;
172.23.73.166;2023-10-10 12:22:39.852602;Erro;Erro;
172.23.73.166;2023-10-10 12:23:24.876543;Erro;Erro;
172.23.73.166;2023-10-10 12:24:09.960561;Erro;Erro;
172.23.73.166;2023-10-10 12:24:52.948544;Erro;Erro;
172.23.73.166;2023-10-10 12:25:40.072593;Erro;Erro;
172.23.73.166;2023-10-10 12:26:23.080586;Erro;Erro;
172.23.73.166;2023-10-10 12:27:10.184549;Erro;Erro;
172.23.73.166;2023-10-10 12:27:53.168544;Erro;Erro;
172.23.73.166;2023-10-10 12:28:38.232765;Erro;Erro;
172.23.73.166;2023-10-10 12:29:23.276548;Erro;Erro;
172.23.73.166;2023-10-10 12:30:08.329280;Erro;Erro;
172.23.73.166;2023-10-10 12:30:51.348546;Erro;Erro;
172.23.73.166;2023-10-10 12:31:38.464574;Erro;Erro;
172.23.73.166;2023-10-10 12:32:21.484538;Erro;Erro;
172.23.73.166;2023-10-10 12:33:08.560564;Erro;Erro;
172.23.73.166;2023-10-10 12:33:51.568546;Erro;Erro;
172.23.73.166;2023-10-10 12:34:38.664580;Erro;Erro;
172.23.73.166;2023-10-10 12:35:21.684543;Erro;Erro;
172.23.73.166;2023-10-10 12:36:06.752562;Erro;Erro;
172.23.73.166;2023-10-10 12:36:49.776544;Erro;Erro;
172.23.73.166;2023-10-10 12:37:36.848544;Erro;Erro;
172.23.73.166;2023-10-10 12:38:19.860541;Erro;Erro;
172.23.73.166;2023-10-10 12:39:06.952611;Erro;Erro;
172.23.73.166;2023-10-10 12:39:49.968543;Erro;Erro;
                                                    172.23.73.166;2023-10-23 10:10:55.977308;l version="1.0" encoding="iso-8859-1"?>
<!DOCTYPE html PUBLIC "-//W3C//DTD XHTML 1.0 Transitional//EN"
         "http://www.w3.org/TR/xhtml1/DTD/xhtml1-transitional.dtd">
<html xmlns="http://www.w3.org/1999/xhtml" xml:lang="en" lang="en">
 <head>
  <title>401 - Unauthorized</title>
 </head>
 <body>
  <h1>401 - Unauthorized</h1>
 </body>
</html>;l version="1.0" encoding="iso-8859-1"?>
<!DOCTYPE html PUBLIC "-//W3C//DTD XHTML 1.0 Transitional//EN"
         "http://www.w3.org/TR/xhtml1/DTD/xhtml1-transitional.dtd">
<html xmlns="http://www.w3.org/1999/xhtml" xml:lang="en" lang="en">
 <head>
  <title>401 - Unauthorized</title>
 </head>
 <body>
  <h1>401 - Unauthorized</h1>
 </body>
</html>
172.23.73.166;2023-10-23 10:11:38.395300;l version="1.0" encoding="iso-8859-1"?>
<!DOCTYPE html PUBLIC "-//W3C//DTD XHTML 1.0 Transitional//EN"
         "http://www.w3.org/TR/xhtml1/DTD/xhtml1-transitional.dtd">
<html xmlns="http://www.w3.org/1999/xhtml" xml:lang="en" lang="en">
 <head>
  <title>401 - Unauthorized</title>
 </head>
 <body>
  <h1>401 - Unauthorized</h1>
 </body>
</html>;l version="1.0" encoding="iso-8859-1"?>
<!DOCTYPE html PUBLIC "-//W3C//DTD XHTML 1.0 Transitional//EN"
         "http://www.w3.org/TR/xhtml1/DTD/xhtml1-transitional.dtd">
<html xmlns="http://www.w3.org/1999/xhtml" xml:lang="en" lang="en">
 <head>
  <title>401 - Unauthorized</title>
 </head>
 <body>
  <h1>401 - Unauthorized</h1>
 </body>
</html>
172.23.73.166;2023-10-23 10:12:20.629273;l version="1.0" encoding="iso-8859-1"?>
<!DOCTYPE html PUBLIC "-//W3C//DTD XHTML 1.0 Transitional//EN"
         "http://www.w3.org/TR/xhtml1/DTD/xhtml1-transitional.dtd">
<html xmlns="http://www.w3.org/1999/xhtml" xml:lang="en" lang="en">
 <head>
  <title>401 - Unauthorized</title>
 </head>
 <body>
  <h1>401 - Unauthorized</h1>
 </body>
</html>;l version="1.0" encoding="iso-8859-1"?>
<!DOCTYPE html PUBLIC "-//W3C//DTD XHTML 1.0 Transitional//EN"
         "http://www.w3.org/TR/xhtml1/DTD/xhtml1-transitional.dtd">
<html xmlns="http://www.w3.org/1999/xhtml" xml:lang="en" lang="en">
 <head>
  <title>401 - Unauthorized</title>
 </head>
 <body>
  <h1>401 - Unauthorized</h1>
 </body>
</html>
172.23.73.166;2023-10-23 10:13:04.016021;l version="1.0" encoding="iso-8859-1"?>
<!DOCTYPE html PUBLIC "-//W3C//DTD XHTML 1.0 Transitional//EN"
         "http://www.w3.org/TR/xhtml1/DTD/xhtml1-transitional.dtd">
<html xmlns="http://www.w3.org/1999/xhtml" xml:lang="en" lang="en">
 <head>
  <title>401 - Unauthorized</title>
 </head>
 <body>
  <h1>401 - Unauthorized</h1>
 </body>
</html>;l version="1.0" encoding="iso-8859-1"?>
<!DOCTYPE html PUBLIC "-//W3C//DTD XHTML 1.0 Transitional//EN"
         "http://www.w3.org/TR/xhtml1/DTD/xhtml1-transitional.dtd">
<html xmlns="http://www.w3.org/1999/xhtml" xml:lang="en" lang="en">
 <head>
  <title>401 - Unauthorized</title>
 </head>
 <body>
  <h1>401 - Unauthorized</h1>
 </body>
</html>
172.23.73.166;2023-10-23 10:13:46.319499;l version="1.0" encoding="iso-8859-1"?>
<!DOCTYPE html PUBLIC "-//W3C//DTD XHTML 1.0 Transitional//EN"
         "http://www.w3.org/TR/xhtml1/DTD/xhtml1-transitional.dtd">
<html xmlns="http://www.w3.org/1999/xhtml" xml:lang="en" lang="en">
 <head>
  <title>401 - Unauthorized</title>
 </head>
 <body>
  <h1>401 - Unauthorized</h1>
 </body>
</html>;l version="1.0" encoding="iso-8859-1"?>
<!DOCTYPE html PUBLIC "-//W3C//DTD XHTML 1.0 Transitional//EN"
         "http://www.w3.org/TR/xhtml1/DTD/xhtml1-transitional.dtd">
<html xmlns="http://www.w3.org/1999/xhtml" xml:lang="en" lang="en">
 <head>
  <title>401 - Unauthorized</title>
 </head>
 <body>
  <h1>401 - Unauthorized</h1>
 </body>
</html>
172.23.73.166;2023-10-23 10:14:32.823176;l version="1.0" encoding="iso-8859-1"?>
<!DOCTYPE html PUBLIC "-//W3C//DTD XHTML 1.0 Transitional//EN"
         "http://www.w3.org/TR/xhtml1/DTD/xhtml1-transitional.dtd">
<html xmlns="http://www.w3.org/1999/xhtml" xml:lang="en" lang="en">
 <head>
  <title>401 - Unauthorized</title>
 </head>
 <body>
  <h1>401 - Unauthorized</h1>
 </body>
</html>;l version="1.0" encoding="iso-8859-1"?>
<!DOCTYPE html PUBLIC "-//W3C//DTD XHTML 1.0 Transitional//EN"
         "http://www.w3.org/TR/xhtml1/DTD/xhtml1-transitional.dtd">
<html xmlns="http://www.w3.org/1999/xhtml" xml:lang="en" lang="en">
 <head>
  <title>401 - Unauthorized</title>
 </head>
 <body>
  <h1>401 - Unauthorized</h1>
 </body>
</html>
172.23.73.166;2023-10-23 10:15:15.783683;l version="1.0" encoding="iso-8859-1"?>
<!DOCTYPE html PUBLIC "-//W3C//DTD XHTML 1.0 Transitional//EN"
         "http://www.w3.org/TR/xhtml1/DTD/xhtml1-transitional.dtd">
<html xmlns="http://www.w3.org/1999/xhtml" xml:lang="en" lang="en">
 <head>
  <title>401 - Unauthorized</title>
 </head>
 <body>
  <h1>401 - Unauthorized</h1>
 </body>
</html>;l version="1.0" encoding="iso-8859-1"?>
<!DOCTYPE html PUBLIC "-//W3C//DTD XHTML 1.0 Transitional//EN"
         "http://www.w3.org/TR/xhtml1/DTD/xhtml1-transitional.dtd">
<html xmlns="http://www.w3.org/1999/xhtml" xml:lang="en" lang="en">
 <head>
  <title>401 - Unauthorized</title>
 </head>
 <body>
  <h1>401 - Unauthorized</h1>
 </body>
</html>
172.23.73.166;2023-10-23 10:16:02.749267;l version="1.0" encoding="iso-8859-1"?>
<!DOCTYPE html PUBLIC "-//W3C//DTD XHTML 1.0 Transitional//EN"
         "http://www.w3.org/TR/xhtml1/DTD/xhtml1-transitional.dtd">
<html xmlns="http://www.w3.org/1999/xhtml" xml:lang="en" lang="en">
 <head>
  <title>401 - Unauthorized</title>
 </head>
 <body>
  <h1>401 - Unauthorized</h1>
 </body>
</html>;l version="1.0" encoding="iso-8859-1"?>
<!DOCTYPE html PUBLIC "-//W3C//DTD XHTML 1.0 Transitional//EN"
         "http://www.w3.org/TR/xhtml1/DTD/xhtml1-transitional.dtd">
<html xmlns="http://www.w3.org/1999/xhtml" xml:lang="en" lang="en">
 <head>
  <title>401 - Unauthorized</title>
 </head>
 <body>
  <h1>401 - Unauthorized</h1>
 </body>
</html>
172.23.73.166;2023-10-23 10:16:45.381268;l version="1.0" encoding="iso-8859-1"?>
<!DOCTYPE html PUBLIC "-//W3C//DTD XHTML 1.0 Transitional//EN"
         "http://www.w3.org/TR/xhtml1/DTD/xhtml1-transitional.dtd">
<html xmlns="http://www.w3.org/1999/xhtml" xml:lang="en" lang="en">
 <head>
  <title>401 - Unauthorized</title>
 </head>
 <body>
  <h1>401 - Unauthorized</h1>
 </body>
</html>;l version="1.0" encoding="iso-8859-1"?>
<!DOCTYPE html PUBLIC "-//W3C//DTD XHTML 1.0 Transitional//EN"
         "http://www.w3.org/TR/xhtml1/DTD/xhtml1-transitional.dtd">
<html xmlns="http://www.w3.org/1999/xhtml" xml:lang="en" lang="en">
 <head>
  <title>401 - Unauthorized</title>
 </head>
 <body>
  <h1>401 - Unauthorized</h1>
 </body>
</html>
172.23.73.166;2023-10-23 10:17:33.088333;l version="1.0" encoding="iso-8859-1"?>
<!DOCTYPE html PUBLIC "-//W3C//DTD XHTML 1.0 Transitional//EN"
         "http://www.w3.org/TR/xhtml1/DTD/xhtml1-transitional.dtd">
<html xmlns="http://www.w3.org/1999/xhtml" xml:lang="en" lang="en">
 <head>
  <title>401 - Unauthorized</title>
 </head>
 <body>
  <h1>401 - Unauthorized</h1>
 </body>
</html>;l version="1.0" encoding="iso-8859-1"?>
<!DOCTYPE html PUBLIC "-//W3C//DTD XHTML 1.0 Transitional//EN"
         "http://www.w3.org/TR/xhtml1/DTD/xhtml1-transitional.dtd">
<html xmlns="http://www.w3.org/1999/xhtml" xml:lang="en" lang="en">
 <head>
  <title>401 - Unauthorized</title>
 </head>
 <body>
  <h1>401 - Unauthorized</h1>
 </body>
</html>
172.23.73.166;2023-10-23 10:18:14.902835;l version="1.0" encoding="iso-8859-1"?>
<!DOCTYPE html PUBLIC "-//W3C//DTD XHTML 1.0 Transitional//EN"
         "http://www.w3.org/TR/xhtml1/DTD/xhtml1-transitional.dtd">
<html xmlns="http://www.w3.org/1999/xhtml" xml:lang="en" lang="en">
 <head>
  <title>401 - Unauthorized</title>
 </head>
 <body>
  <h1>401 - Unauthorized</h1>
 </body>
</html>;l version="1.0" encoding="iso-8859-1"?>
<!DOCTYPE html PUBLIC "-//W3C//DTD XHTML 1.0 Transitional//EN"
         "http://www.w3.org/TR/xhtml1/DTD/xhtml1-transitional.dtd">
<html xmlns="http://www.w3.org/1999/xhtml" xml:lang="en" lang="en">
 <head>
  <title>401 - Unauthorized</title>
 </head>
 <body>
  <h1>401 - Unauthorized</h1>
 </body>
</html>
172.23.73.166;2023-10-23 10:19:02.217301;l version="1.0" encoding="iso-8859-1"?>
<!DOCTYPE html PUBLIC "-//W3C//DTD XHTML 1.0 Transitional//EN"
         "http://www.w3.org/TR/xhtml1/DTD/xhtml1-transitional.dtd">
<html xmlns="http://www.w3.org/1999/xhtml" xml:lang="en" lang="en">
 <head>
  <title>401 - Unauthorized</title>
 </head>
 <body>
  <h1>401 - Unauthorized</h1>
 </body>
</html>;l version="1.0" encoding="iso-8859-1"?>
<!DOCTYPE html PUBLIC "-//W3C//DTD XHTML 1.0 Transitional//EN"
         "http://www.w3.org/TR/xhtml1/DTD/xhtml1-transitional.dtd">
<html xmlns="http://www.w3.org/1999/xhtml" xml:lang="en" lang="en">
 <head>
  <title>401 - Unauthorized</title>
 </head>
 <body>
  <h1>401 - Unauthorized</h1>
 </body>
</html>
172.23.73.166;2023-10-23 10:19:44.885276;l version="1.0" encoding="iso-8859-1"?>
<!DOCTYPE html PUBLIC "-//W3C//DTD XHTML 1.0 Transitional//EN"
         "http://www.w3.org/TR/xhtml1/DTD/xhtml1-transitional.dtd">
<html xmlns="http://www.w3.org/1999/xhtml" xml:lang="en" lang="en">
 <head>
  <title>401 - Unauthorized</title>
 </head>
 <body>
  <h1>401 - Unauthorized</h1>
 </body>
</html>;l version="1.0" encoding="iso-8859-1"?>
<!DOCTYPE html PUBLIC "-//W3C//DTD XHTML 1.0 Transitional//EN"
         "http://www.w3.org/TR/xhtml1/DTD/xhtml1-transitional.dtd">
<html xmlns="http://www.w3.org/1999/xhtml" xml:lang="en" lang="en">
 <head>
  <title>401 - Unauthorized</title>
 </head>
 <body>
  <h1>401 - Unauthorized</h1>
 </body>
</html>
172.23.73.166;2023-10-23 10:20:31.666469;l version="1.0" encoding="iso-8859-1"?>
<!DOCTYPE html PUBLIC "-//W3C//DTD XHTML 1.0 Transitional//EN"
         "http://www.w3.org/TR/xhtml1/DTD/xhtml1-transitional.dtd">
<html xmlns="http://www.w3.org/1999/xhtml" xml:lang="en" lang="en">
 <head>
  <title>401 - Unauthorized</title>
 </head>
 <body>
  <h1>401 - Unauthorized</h1>
 </body>
</html>;l version="1.0" encoding="iso-8859-1"?>
<!DOCTYPE html PUBLIC "-//W3C//DTD XHTML 1.0 Transitional//EN"
         "http://www.w3.org/TR/xhtml1/DTD/xhtml1-transitional.dtd">
<html xmlns="http://www.w3.org/1999/xhtml" xml:lang="en" lang="en">
 <head>
  <title>401 - Unauthorized</title>
 </head>
 <body>
  <h1>401 - Unauthorized</h1>
 </body>
</html>
172.23.73.166;2023-10-23 10:21:14.093301;l version="1.0" encoding="iso-8859-1"?>
<!DOCTYPE html PUBLIC "-//W3C//DTD XHTML 1.0 Transitional//EN"
         "http://www.w3.org/TR/xhtml1/DTD/xhtml1-transitional.dtd">
<html xmlns="http://www.w3.org/1999/xhtml" xml:lang="en" lang="en">
 <head>
  <title>401 - Unauthorized</title>
 </head>
 <body>
  <h1>401 - Unauthorized</h1>
 </body>
</html>;l version="1.0" encoding="iso-8859-1"?>
<!DOCTYPE html PUBLIC "-//W3C//DTD XHTML 1.0 Transitional//EN"
         "http://www.w3.org/TR/xhtml1/DTD/xhtml1-transitional.dtd">
<html xmlns="http://www.w3.org/1999/xhtml" xml:lang="en" lang="en">
 <head>
  <title>401 - Unauthorized</title>
 </head>
 <body>
  <h1>401 - Unauthorized</h1>
 </body>
</html>
172.23.73.166;2023-10-23 10:22:00.301325;l version="1.0" encoding="iso-8859-1"?>
<!DOCTYPE html PUBLIC "-//W3C//DTD XHTML 1.0 Transitional//EN"
         "http://www.w3.org/TR/xhtml1/DTD/xhtml1-transitional.dtd">
<html xmlns="http://www.w3.org/1999/xhtml" xml:lang="en" lang="en">
 <head>
  <title>401 - Unauthorized</title>
 </head>
 <body>
  <h1>401 - Unauthorized</h1>
 </body>
</html>;l version="1.0" encoding="iso-8859-1"?>
<!DOCTYPE html PUBLIC "-//W3C//DTD XHTML 1.0 Transitional//EN"
         "http://www.w3.org/TR/xhtml1/DTD/xhtml1-transitional.dtd">
<html xmlns="http://www.w3.org/1999/xhtml" xml:lang="en" lang="en">
 <head>
  <title>401 - Unauthorized</title>
 </head>
 <body>
  <h1>401 - Unauthorized</h1>
 </body>
</html>
172.23.73.166;2023-10-23 10:22:43.889197;l version="1.0" encoding="iso-8859-1"?>
<!DOCTYPE html PUBLIC "-//W3C//DTD XHTML 1.0 Transitional//EN"
         "http://www.w3.org/TR/xhtml1/DTD/xhtml1-transitional.dtd">
<html xmlns="http://www.w3.org/1999/xhtml" xml:lang="en" lang="en">
 <head>
  <title>401 - Unauthorized</title>
 </head>
 <body>
  <h1>401 - Unauthorized</h1>
 </body>
</html>;l version="1.0" encoding="iso-8859-1"?>
<!DOCTYPE html PUBLIC "-//W3C//DTD XHTML 1.0 Transitional//EN"
         "http://www.w3.org/TR/xhtml1/DTD/xhtml1-transitional.dtd">
<html xmlns="http://www.w3.org/1999/xhtml" xml:lang="en" lang="en">
 <head>
  <title>401 - Unauthorized</title>
 </head>
 <body>
  <h1>401 - Unauthorized</h1>
 </body>
</html>
172.23.73.166;2023-10-23 10:23:30.293283;l version="1.0" encoding="iso-8859-1"?>
<!DOCTYPE html PUBLIC "-//W3C//DTD XHTML 1.0 Transitional//EN"
         "http://www.w3.org/TR/xhtml1/DTD/xhtml1-transitional.dtd">
<html xmlns="http://www.w3.org/1999/xhtml" xml:lang="en" lang="en">
 <head>
  <title>401 - Unauthorized</title>
 </head>
 <body>
  <h1>401 - Unauthorized</h1>
 </body>
</html>;l version="1.0" encoding="iso-8859-1"?>
<!DOCTYPE html PUBLIC "-//W3C//DTD XHTML 1.0 Transitional//EN"
         "http://www.w3.org/TR/xhtml1/DTD/xhtml1-transitional.dtd">
<html xmlns="http://www.w3.org/1999/xhtml" xml:lang="en" lang="en">
 <head>
  <title>401 - Unauthorized</title>
 </head>
 <body>
  <h1>401 - Unauthorized</h1>
 </body>
</html>
172.23.73.166;2023-10-23 10:24:12.289262;l version="1.0" encoding="iso-8859-1"?>
<!DOCTYPE html PUBLIC "-//W3C//DTD XHTML 1.0 Transitional//EN"
         "http://www.w3.org/TR/xhtml1/DTD/xhtml1-transitional.dtd">
<html xmlns="http://www.w3.org/1999/xhtml" xml:lang="en" lang="en">
 <head>
  <title>401 - Unauthorized</title>
 </head>
 <body>
  <h1>401 - Unauthorized</h1>
 </body>
</html>;l version="1.0" encoding="iso-8859-1"?>
<!DOCTYPE html PUBLIC "-//W3C//DTD XHTML 1.0 Transitional//EN"
         "http://www.w3.org/TR/xhtml1/DTD/xhtml1-transitional.dtd">
<html xmlns="http://www.w3.org/1999/xhtml" xml:lang="en" lang="en">
 <head>
  <title>401 - Unauthorized</title>
 </head>
 <body>
  <h1>401 - Unauthorized</h1>
 </body>
</html>
172.23.73.166;2023-10-23 10:24:58.901341;l version="1.0" encoding="iso-8859-1"?>
<!DOCTYPE html PUBLIC "-//W3C//DTD XHTML 1.0 Transitional//EN"
         "http://www.w3.org/TR/xhtml1/DTD/xhtml1-transitional.dtd">
<html xmlns="http://www.w3.org/1999/xhtml" xml:lang="en" lang="en">
 <head>
  <title>401 - Unauthorized</title>
 </head>
 <body>
  <h1>401 - Unauthorized</h1>
 </body>
</html>;l version="1.0" encoding="iso-8859-1"?>
<!DOCTYPE html PUBLIC "-//W3C//DTD XHTML 1.0 Transitional//EN"
         "http://www.w3.org/TR/xhtml1/DTD/xhtml1-transitional.dtd">
<html xmlns="http://www.w3.org/1999/xhtml" xml:lang="en" lang="en">
 <head>
  <title>401 - Unauthorized</title>
 </head>
 <body>
  <h1>401 - Unauthorized</h1>
 </body>
</html>
172.23.73.166;2023-10-23 10:25:41.065281;l version="1.0" encoding="iso-8859-1"?>
<!DOCTYPE html PUBLIC "-//W3C//DTD XHTML 1.0 Transitional//EN"
         "http://www.w3.org/TR/xhtml1/DTD/xhtml1-transitional.dtd">
<html xmlns="http://www.w3.org/1999/xhtml" xml:lang="en" lang="en">
 <head>
  <title>401 - Unauthorized</title>
 </head>
 <body>
  <h1>401 - Unauthorized</h1>
 </body>
</html>;l version="1.0" encoding="iso-8859-1"?>
<!DOCTYPE html PUBLIC "-//W3C//DTD XHTML 1.0 Transitional//EN"
         "http://www.w3.org/TR/xhtml1/DTD/xhtml1-transitional.dtd">
<html xmlns="http://www.w3.org/1999/xhtml" xml:lang="en" lang="en">
 <head>
  <title>401 - Unauthorized</title>
 </head>
 <body>
  <h1>401 - Unauthorized</h1>
 </body>
</html>
172.23.73.166;2023-10-23 10:26:26.309334;l version="1.0" encoding="iso-8859-1"?>
<!DOCTYPE html PUBLIC "-//W3C//DTD XHTML 1.0 Transitional//EN"
         "http://www.w3.org/TR/xhtml1/DTD/xhtml1-transitional.dtd">
<html xmlns="http://www.w3.org/1999/xhtml" xml:lang="en" lang="en">
 <head>
  <title>401 - Unauthorized</title>
 </head>
 <body>
  <h1>401 - Unauthorized</h1>
 </body>
</html>;l version="1.0" encoding="iso-8859-1"?>
<!DOCTYPE html PUBLIC "-//W3C//DTD XHTML 1.0 Transitional//EN"
         "http://www.w3.org/TR/xhtml1/DTD/xhtml1-transitional.dtd">
<html xmlns="http://www.w3.org/1999/xhtml" xml:lang="en" lang="en">
 <head>
  <title>401 - Unauthorized</title>
 </head>
 <body>
  <h1>401 - Unauthorized</h1>
 </body>
</html>
172.23.73.166;2023-10-23 10:27:09.661302;l version="1.0" encoding="iso-8859-1"?>
<!DOCTYPE html PUBLIC "-//W3C//DTD XHTML 1.0 Transitional//EN"
         "http://www.w3.org/TR/xhtml1/DTD/xhtml1-transitional.dtd">
<html xmlns="http://www.w3.org/1999/xhtml" xml:lang="en" lang="en">
 <head>
  <title>401 - Unauthorized</title>
 </head>
 <body>
  <h1>401 - Unauthorized</h1>
 </body>
</html>;l version="1.0" encoding="iso-8859-1"?>
<!DOCTYPE html PUBLIC "-//W3C//DTD XHTML 1.0 Transitional//EN"
         "http://www.w3.org/TR/xhtml1/DTD/xhtml1-transitional.dtd">
<html xmlns="http://www.w3.org/1999/xhtml" xml:lang="en" lang="en">
 <head>
  <title>401 - Unauthorized</title>
 </head>
 <body>
  <h1>401 - Unauthorized</h1>
 </body>
</html>
172.23.73.166;2023-10-23 10:27:52.917346;l version="1.0" encoding="iso-8859-1"?>
<!DOCTYPE html PUBLIC "-//W3C//DTD XHTML 1.0 Transitional//EN"
         "http://www.w3.org/TR/xhtml1/DTD/xhtml1-transitional.dtd">
<html xmlns="http://www.w3.org/1999/xhtml" xml:lang="en" lang="en">
 <head>
  <title>401 - Unauthorized</title>
 </head>
 <body>
  <h1>401 - Unauthorized</h1>
 </body>
</html>;l version="1.0" encoding="iso-8859-1"?>
<!DOCTYPE html PUBLIC "-//W3C//DTD XHTML 1.0 Transitional//EN"
         "http://www.w3.org/TR/xhtml1/DTD/xhtml1-transitional.dtd">
<html xmlns="http://www.w3.org/1999/xhtml" xml:lang="en" lang="en">
 <head>
  <title>401 - Unauthorized</title>
 </head>
 <body>
  <h1>401 - Unauthorized</h1>
 </body>
</html>
172.23.73.166;2023-10-23 10:28:36.143716;l version="1.0" encoding="iso-8859-1"?>
<!DOCTYPE html PUBLIC "-//W3C//DTD XHTML 1.0 Transitional//EN"
         "http://www.w3.org/TR/xhtml1/DTD/xhtml1-transitional.dtd">
<html xmlns="http://www.w3.org/1999/xhtml" xml:lang="en" lang="en">
 <head>
  <title>401 - Unauthorized</title>
 </head>
 <body>
  <h1>401 - Unauthorized</h1>
 </body>
</html>;l version="1.0" encoding="iso-8859-1"?>
<!DOCTYPE html PUBLIC "-//W3C//DTD XHTML 1.0 Transitional//EN"
         "http://www.w3.org/TR/xhtml1/DTD/xhtml1-transitional.dtd">
<html xmlns="http://www.w3.org/1999/xhtml" xml:lang="en" lang="en">
 <head>
  <title>401 - Unauthorized</title>
 </head>
 <body>
  <h1>401 - Unauthorized</h1>
 </body>
</html>
172.23.73.166;2023-10-23 10:29:18.893257;l version="1.0" encoding="iso-8859-1"?>
<!DOCTYPE html PUBLIC "-//W3C//DTD XHTML 1.0 Transitional//EN"
         "http://www.w3.org/TR/xhtml1/DTD/xhtml1-transitional.dtd">
<html xmlns="http://www.w3.org/1999/xhtml" xml:lang="en" lang="en">
 <head>
  <title>401 - Unauthorized</title>
 </head>
 <body>
  <h1>401 - Unauthorized</h1>
 </body>
</html>;l version="1.0" encoding="iso-8859-1"?>
<!DOCTYPE html PUBLIC "-//W3C//DTD XHTML 1.0 Transitional//EN"
         "http://www.w3.org/TR/xhtml1/DTD/xhtml1-transitional.dtd">
<html xmlns="http://www.w3.org/1999/xhtml" xml:lang="en" lang="en">
 <head>
  <title>401 - Unauthorized</title>
 </head>
 <body>
  <h1>401 - Unauthorized</h1>
 </body>
</html>
172.23.73.166;2023-10-23 10:30:08.521290;l version="1.0" encoding="iso-8859-1"?>
<!DOCTYPE html PUBLIC "-//W3C//DTD XHTML 1.0 Transitional//EN"
         "http://www.w3.org/TR/xhtml1/DTD/xhtml1-transitional.dtd">
<html xmlns="http://www.w3.org/1999/xhtml" xml:lang="en" lang="en">
 <head>
  <title>401 - Unauthorized</title>
 </head>
 <body>
  <h1>401 - Unauthorized</h1>
 </body>
</html>;l version="1.0" encoding="iso-8859-1"?>
<!DOCTYPE html PUBLIC "-//W3C//DTD XHTML 1.0 Transitional//EN"
         "http://www.w3.org/TR/xhtml1/DTD/xhtml1-transitional.dtd">
<html xmlns="http://www.w3.org/1999/xhtml" xml:lang="en" lang="en">
 <head>
  <title>401 - Unauthorized</title>
 </head>
 <body>
  <h1>401 - Unauthorized</h1>
 </body>
</html>
172.23.73.166;2023-10-23 10:30:52.509298;l version="1.0" encoding="iso-8859-1"?>
<!DOCTYPE html PUBLIC "-//W3C//DTD XHTML 1.0 Transitional//EN"
         "http://www.w3.org/TR/xhtml1/DTD/xhtml1-transitional.dtd">
<html xmlns="http://www.w3.org/1999/xhtml" xml:lang="en" lang="en">
 <head>
  <title>401 - Unauthorized</title>
 </head>
 <body>
  <h1>401 - Unauthorized</h1>
 </body>
</html>;l version="1.0" encoding="iso-8859-1"?>
<!DOCTYPE html PUBLIC "-//W3C//DTD XHTML 1.0 Transitional//EN"
         "http://www.w3.org/TR/xhtml1/DTD/xhtml1-transitional.dtd">
<html xmlns="http://www.w3.org/1999/xhtml" xml:lang="en" lang="en">
 <head>
  <title>401 - Unauthorized</title>
 </head>
 <body>
  <h1>401 - Unauthorized</h1>
 </body>
</html>
